<testsuites id="" name="" tests="472" failures="358" skipped="0" errors="0" time="1162.543463">
<testsuite name="cart.spec.js" timestamp="2025-07-15T18:27:52.044Z" hostname="chromium" tests="10" failures="10" skipped="0" time="298.304" errors="0">
<testcase name="Shopping Cart Functionality › should display empty cart message when cart is empty" classname="cart.spec.js" time="16.601">
<failure message="cart.spec.js:19:3 should display empty cart message when cart is empty" type="FAILURE">
<![CDATA[  [chromium] › cart.spec.js:19:3 › Shopping Cart Functionality › should display empty cart message when cart is empty 

    Error: Timed out 5000ms waiting for expect(locator).toBeVisible()

    Locator: locator('.no-data')
    Expected: visible
    Received: <element(s) not found>
    Call log:
      - Expect "toBeVisible" with timeout 5000ms
      - waiting for locator('.no-data')


      19 |   test('should display empty cart message when cart is empty', async ({ page }) => {
      20 |     await homePage.navigateToCart();
    > 21 |     await expect(cartPage.emptyCartMessage).toBeVisible();
         |                                             ^
      22 |     await expect(page.locator('.no-data')).toContainText('Your Shopping Cart is empty!');
      23 |   });
      24 |
        at E:\Automate\tests\cart.spec.js:21:45

    attachment #1: screenshot (image/png) ──────────────────────────────────────────────────────────
    ..\test-results\cart-Shopping-Cart-Functio-a66d9--message-when-cart-is-empty-chromium\test-failed-1.png
    ────────────────────────────────────────────────────────────────────────────────────────────────

    attachment #2: video (video/webm) ──────────────────────────────────────────────────────────────
    ..\test-results\cart-Shopping-Cart-Functio-a66d9--message-when-cart-is-empty-chromium\video.webm
    ────────────────────────────────────────────────────────────────────────────────────────────────

    Error Context: ..\test-results\cart-Shopping-Cart-Functio-a66d9--message-when-cart-is-empty-chromium\error-context.md
]]>
</failure>
<system-out>
<![CDATA[
[[ATTACHMENT|test-results\cart-Shopping-Cart-Functio-a66d9--message-when-cart-is-empty-chromium\test-failed-1.png]]

[[ATTACHMENT|test-results\cart-Shopping-Cart-Functio-a66d9--message-when-cart-is-empty-chromium\video.webm]]

[[ATTACHMENT|test-results\cart-Shopping-Cart-Functio-a66d9--message-when-cart-is-empty-chromium\error-context.md]]
]]>
</system-out>
</testcase>
<testcase name="Shopping Cart Functionality › should add product to cart and display correctly" classname="cart.spec.js" time="31.135">
<failure message="cart.spec.js:25:3 should add product to cart and display correctly" type="FAILURE">
<![CDATA[  [chromium] › cart.spec.js:25:3 › Shopping Cart Functionality › should add product to cart and display correctly 

    Test timeout of 30000ms exceeded.

    Error: locator.click: Test timeout of 30000ms exceeded.
    Call log:
      - waiting for locator('.product-title a').first()


      26 |     // Add a product to cart
      27 |     await homePage.search(testData.products.laptop);
    > 28 |     await page.locator('.product-title a').first().click();
         |                                                    ^
      29 |     const productName = await productPage.getProductTitle();
      30 |     
      31 |     await productPage.addToCart();
        at E:\Automate\tests\cart.spec.js:28:52

    attachment #1: screenshot (image/png) ──────────────────────────────────────────────────────────
    ..\test-results\cart-Shopping-Cart-Functio-a2cb6--cart-and-display-correctly-chromium\test-failed-1.png
    ────────────────────────────────────────────────────────────────────────────────────────────────

    attachment #2: video (video/webm) ──────────────────────────────────────────────────────────────
    ..\test-results\cart-Shopping-Cart-Functio-a2cb6--cart-and-display-correctly-chromium\video.webm
    ────────────────────────────────────────────────────────────────────────────────────────────────

    Error Context: ..\test-results\cart-Shopping-Cart-Functio-a2cb6--cart-and-display-correctly-chromium\error-context.md
]]>
</failure>
<system-out>
<![CDATA[
[[ATTACHMENT|test-results\cart-Shopping-Cart-Functio-a2cb6--cart-and-display-correctly-chromium\test-failed-1.png]]

[[ATTACHMENT|test-results\cart-Shopping-Cart-Functio-a2cb6--cart-and-display-correctly-chromium\video.webm]]

[[ATTACHMENT|test-results\cart-Shopping-Cart-Functio-a2cb6--cart-and-display-correctly-chromium\error-context.md]]
]]>
</system-out>
</testcase>
<testcase name="Shopping Cart Functionality › should update product quantity in cart" classname="cart.spec.js" time="32.1">
<failure message="cart.spec.js:44:3 should update product quantity in cart" type="FAILURE">
<![CDATA[  [chromium] › cart.spec.js:44:3 › Shopping Cart Functionality › should update product quantity in cart 

    Test timeout of 30000ms exceeded.

    Error: locator.click: Test timeout of 30000ms exceeded.
    Call log:
      - waiting for locator('#add-to-cart-button-27')


       at ..\page-objects\ProductPage.js:26

      24 |       await this.quantityInput.fill(quantity.toString());
      25 |     }
    > 26 |     await this.addToCartButton.click();
         |                                ^
      27 |   }
      28 |
      29 |   async addToWishlist() {
        at ProductPage.addToCart (E:\Automate\page-objects\ProductPage.js:26:32)
        at E:\Automate\tests\cart.spec.js:49:23

    attachment #1: screenshot (image/png) ──────────────────────────────────────────────────────────
    ..\test-results\cart-Shopping-Cart-Functio-7feae-te-product-quantity-in-cart-chromium\test-failed-1.png
    ────────────────────────────────────────────────────────────────────────────────────────────────

    attachment #2: video (video/webm) ──────────────────────────────────────────────────────────────
    ..\test-results\cart-Shopping-Cart-Functio-7feae-te-product-quantity-in-cart-chromium\video.webm
    ────────────────────────────────────────────────────────────────────────────────────────────────

    Error Context: ..\test-results\cart-Shopping-Cart-Functio-7feae-te-product-quantity-in-cart-chromium\error-context.md
]]>
</failure>
<system-out>
<![CDATA[
[[ATTACHMENT|test-results\cart-Shopping-Cart-Functio-7feae-te-product-quantity-in-cart-chromium\test-failed-1.png]]

[[ATTACHMENT|test-results\cart-Shopping-Cart-Functio-7feae-te-product-quantity-in-cart-chromium\video.webm]]

[[ATTACHMENT|test-results\cart-Shopping-Cart-Functio-7feae-te-product-quantity-in-cart-chromium\error-context.md]]
]]>
</system-out>
</testcase>
<testcase name="Shopping Cart Functionality › should remove product from cart" classname="cart.spec.js" time="32.176">
<failure message="cart.spec.js:62:3 should remove product from cart" type="FAILURE">
<![CDATA[  [chromium] › cart.spec.js:62:3 › Shopping Cart Functionality › should remove product from cart ───

    Test timeout of 30000ms exceeded.

    Error: locator.click: Test timeout of 30000ms exceeded.
    Call log:
      - waiting for locator('#add-to-cart-button-27')


       at ..\page-objects\ProductPage.js:26

      24 |       await this.quantityInput.fill(quantity.toString());
      25 |     }
    > 26 |     await this.addToCartButton.click();
         |                                ^
      27 |   }
      28 |
      29 |   async addToWishlist() {
        at ProductPage.addToCart (E:\Automate\page-objects\ProductPage.js:26:32)
        at E:\Automate\tests\cart.spec.js:67:23

    attachment #1: screenshot (image/png) ──────────────────────────────────────────────────────────
    ..\test-results\cart-Shopping-Cart-Functio-67d61-ld-remove-product-from-cart-chromium\test-failed-1.png
    ────────────────────────────────────────────────────────────────────────────────────────────────

    attachment #2: video (video/webm) ──────────────────────────────────────────────────────────────
    ..\test-results\cart-Shopping-Cart-Functio-67d61-ld-remove-product-from-cart-chromium\video.webm
    ────────────────────────────────────────────────────────────────────────────────────────────────

    Error Context: ..\test-results\cart-Shopping-Cart-Functio-67d61-ld-remove-product-from-cart-chromium\error-context.md
]]>
</failure>
<system-out>
<![CDATA[
[[ATTACHMENT|test-results\cart-Shopping-Cart-Functio-67d61-ld-remove-product-from-cart-chromium\test-failed-1.png]]

[[ATTACHMENT|test-results\cart-Shopping-Cart-Functio-67d61-ld-remove-product-from-cart-chromium\video.webm]]

[[ATTACHMENT|test-results\cart-Shopping-Cart-Functio-67d61-ld-remove-product-from-cart-chromium\error-context.md]]
]]>
</system-out>
</testcase>
<testcase name="Shopping Cart Functionality › should calculate total correctly with multiple products" classname="cart.spec.js" time="30.883">
<failure message="cart.spec.js:80:3 should calculate total correctly with multiple products" type="FAILURE">
<![CDATA[  [chromium] › cart.spec.js:80:3 › Shopping Cart Functionality › should calculate total correctly with multiple products 

    Test timeout of 30000ms exceeded.

    Error: locator.click: Test timeout of 30000ms exceeded.
    Call log:
      - waiting for locator('.product-title a').first()


      81 |     // Add first product
      82 |     await homePage.search(testData.products.laptop);
    > 83 |     await page.locator('.product-title a').first().click();
         |                                                    ^
      84 |     await productPage.addToCart();
      85 |     await productPage.closeNotification();
      86 |     
        at E:\Automate\tests\cart.spec.js:83:52

    attachment #1: screenshot (image/png) ──────────────────────────────────────────────────────────
    ..\test-results\cart-Shopping-Cart-Functio-fc71c-ctly-with-multiple-products-chromium\test-failed-1.png
    ────────────────────────────────────────────────────────────────────────────────────────────────

    attachment #2: video (video/webm) ──────────────────────────────────────────────────────────────
    ..\test-results\cart-Shopping-Cart-Functio-fc71c-ctly-with-multiple-products-chromium\video.webm
    ────────────────────────────────────────────────────────────────────────────────────────────────

    Error Context: ..\test-results\cart-Shopping-Cart-Functio-fc71c-ctly-with-multiple-products-chromium\error-context.md
]]>
</failure>
<system-out>
<![CDATA[
[[ATTACHMENT|test-results\cart-Shopping-Cart-Functio-fc71c-ctly-with-multiple-products-chromium\test-failed-1.png]]

[[ATTACHMENT|test-results\cart-Shopping-Cart-Functio-fc71c-ctly-with-multiple-products-chromium\video.webm]]

[[ATTACHMENT|test-results\cart-Shopping-Cart-Functio-fc71c-ctly-with-multiple-products-chromium\error-context.md]]
]]>
</system-out>
</testcase>
<testcase name="Shopping Cart Functionality › should continue shopping from cart" classname="cart.spec.js" time="30.765">
<failure message="cart.spec.js:103:3 should continue shopping from cart" type="FAILURE">
<![CDATA[  [chromium] › cart.spec.js:103:3 › Shopping Cart Functionality › should continue shopping from cart 

    Test timeout of 30000ms exceeded.

    Error: locator.click: Test timeout of 30000ms exceeded.
    Call log:
      - waiting for locator('.product-title a').first()


      104 |     // Add a product to cart
      105 |     await homePage.search(testData.products.laptop);
    > 106 |     await page.locator('.product-title a').first().click();
          |                                                    ^
      107 |     await productPage.addToCart();
      108 |     await productPage.closeNotification();
      109 |     
        at E:\Automate\tests\cart.spec.js:106:52

    attachment #1: screenshot (image/png) ──────────────────────────────────────────────────────────
    ..\test-results\cart-Shopping-Cart-Functio-8602d-continue-shopping-from-cart-chromium\test-failed-1.png
    ────────────────────────────────────────────────────────────────────────────────────────────────

    attachment #2: video (video/webm) ──────────────────────────────────────────────────────────────
    ..\test-results\cart-Shopping-Cart-Functio-8602d-continue-shopping-from-cart-chromium\video.webm
    ────────────────────────────────────────────────────────────────────────────────────────────────

    Error Context: ..\test-results\cart-Shopping-Cart-Functio-8602d-continue-shopping-from-cart-chromium\error-context.md
]]>
</failure>
<system-out>
<![CDATA[
[[ATTACHMENT|test-results\cart-Shopping-Cart-Functio-8602d-continue-shopping-from-cart-chromium\test-failed-1.png]]

[[ATTACHMENT|test-results\cart-Shopping-Cart-Functio-8602d-continue-shopping-from-cart-chromium\video.webm]]

[[ATTACHMENT|test-results\cart-Shopping-Cart-Functio-8602d-continue-shopping-from-cart-chromium\error-context.md]]
]]>
</system-out>
</testcase>
<testcase name="Shopping Cart Functionality › should require terms acceptance for checkout" classname="cart.spec.js" time="30.676">
<failure message="cart.spec.js:120:3 should require terms acceptance for checkout" type="FAILURE">
<![CDATA[  [chromium] › cart.spec.js:120:3 › Shopping Cart Functionality › should require terms acceptance for checkout 

    Test timeout of 30000ms exceeded.

    Error: locator.click: Test timeout of 30000ms exceeded.
    Call log:
      - waiting for locator('#add-to-cart-button-27')


       at ..\page-objects\ProductPage.js:26

      24 |       await this.quantityInput.fill(quantity.toString());
      25 |     }
    > 26 |     await this.addToCartButton.click();
         |                                ^
      27 |   }
      28 |
      29 |   async addToWishlist() {
        at ProductPage.addToCart (E:\Automate\page-objects\ProductPage.js:26:32)
        at E:\Automate\tests\cart.spec.js:124:23

    attachment #1: screenshot (image/png) ──────────────────────────────────────────────────────────
    ..\test-results\cart-Shopping-Cart-Functio-d7ce2-rms-acceptance-for-checkout-chromium\test-failed-1.png
    ────────────────────────────────────────────────────────────────────────────────────────────────

    attachment #2: video (video/webm) ──────────────────────────────────────────────────────────────
    ..\test-results\cart-Shopping-Cart-Functio-d7ce2-rms-acceptance-for-checkout-chromium\video.webm
    ────────────────────────────────────────────────────────────────────────────────────────────────

    Error Context: ..\test-results\cart-Shopping-Cart-Functio-d7ce2-rms-acceptance-for-checkout-chromium\error-context.md
]]>
</failure>
<system-out>
<![CDATA[
[[ATTACHMENT|test-results\cart-Shopping-Cart-Functio-d7ce2-rms-acceptance-for-checkout-chromium\test-failed-1.png]]

[[ATTACHMENT|test-results\cart-Shopping-Cart-Functio-d7ce2-rms-acceptance-for-checkout-chromium\video.webm]]

[[ATTACHMENT|test-results\cart-Shopping-Cart-Functio-d7ce2-rms-acceptance-for-checkout-chromium\error-context.md]]
]]>
</system-out>
</testcase>
<testcase name="Shopping Cart Functionality › should apply discount code" classname="cart.spec.js" time="30.826">
<failure message="cart.spec.js:137:3 should apply discount code" type="FAILURE">
<![CDATA[  [chromium] › cart.spec.js:137:3 › Shopping Cart Functionality › should apply discount code ───────

    Test timeout of 30000ms exceeded.

    Error: locator.click: Test timeout of 30000ms exceeded.
    Call log:
      - waiting for locator('#add-to-cart-button-27')


       at ..\page-objects\ProductPage.js:26

      24 |       await this.quantityInput.fill(quantity.toString());
      25 |     }
    > 26 |     await this.addToCartButton.click();
         |                                ^
      27 |   }
      28 |
      29 |   async addToWishlist() {
        at ProductPage.addToCart (E:\Automate\page-objects\ProductPage.js:26:32)
        at E:\Automate\tests\cart.spec.js:141:23

    attachment #1: screenshot (image/png) ──────────────────────────────────────────────────────────
    ..\test-results\cart-Shopping-Cart-Functionality-should-apply-discount-code-chromium\test-failed-1.png
    ────────────────────────────────────────────────────────────────────────────────────────────────

    attachment #2: video (video/webm) ──────────────────────────────────────────────────────────────
    ..\test-results\cart-Shopping-Cart-Functionality-should-apply-discount-code-chromium\video.webm
    ────────────────────────────────────────────────────────────────────────────────────────────────

    Error Context: ..\test-results\cart-Shopping-Cart-Functionality-should-apply-discount-code-chromium\error-context.md
]]>
</failure>
<system-out>
<![CDATA[
[[ATTACHMENT|test-results\cart-Shopping-Cart-Functionality-should-apply-discount-code-chromium\test-failed-1.png]]

[[ATTACHMENT|test-results\cart-Shopping-Cart-Functionality-should-apply-discount-code-chromium\video.webm]]

[[ATTACHMENT|test-results\cart-Shopping-Cart-Functionality-should-apply-discount-code-chromium\error-context.md]]
]]>
</system-out>
</testcase>
<testcase name="Shopping Cart Functionality › should apply gift card code" classname="cart.spec.js" time="31.635">
<failure message="cart.spec.js:154:3 should apply gift card code" type="FAILURE">
<![CDATA[  [chromium] › cart.spec.js:154:3 › Shopping Cart Functionality › should apply gift card code ──────

    Test timeout of 30000ms exceeded.

    Error: locator.click: Test timeout of 30000ms exceeded.
    Call log:
      - waiting for locator('.product-title a').first()


      155 |     // Add a product to cart
      156 |     await homePage.search(testData.products.laptop);
    > 157 |     await page.locator('.product-title a').first().click();
          |                                                    ^
      158 |     await productPage.addToCart();
      159 |     await productPage.closeNotification();
      160 |     
        at E:\Automate\tests\cart.spec.js:157:52

    attachment #1: screenshot (image/png) ──────────────────────────────────────────────────────────
    ..\test-results\cart-Shopping-Cart-Functionality-should-apply-gift-card-code-chromium\test-failed-1.png
    ────────────────────────────────────────────────────────────────────────────────────────────────

    attachment #2: video (video/webm) ──────────────────────────────────────────────────────────────
    ..\test-results\cart-Shopping-Cart-Functionality-should-apply-gift-card-code-chromium\video.webm
    ────────────────────────────────────────────────────────────────────────────────────────────────

    Error Context: ..\test-results\cart-Shopping-Cart-Functionality-should-apply-gift-card-code-chromium\error-context.md
]]>
</failure>
<system-out>
<![CDATA[
[[ATTACHMENT|test-results\cart-Shopping-Cart-Functionality-should-apply-gift-card-code-chromium\test-failed-1.png]]

[[ATTACHMENT|test-results\cart-Shopping-Cart-Functionality-should-apply-gift-card-code-chromium\video.webm]]

[[ATTACHMENT|test-results\cart-Shopping-Cart-Functionality-should-apply-gift-card-code-chromium\error-context.md]]
]]>
</system-out>
</testcase>
<testcase name="Shopping Cart Functionality › should select gift wrapping option" classname="cart.spec.js" time="31.507">
<failure message="cart.spec.js:171:3 should select gift wrapping option" type="FAILURE">
<![CDATA[  [chromium] › cart.spec.js:171:3 › Shopping Cart Functionality › should select gift wrapping option 

    Test timeout of 30000ms exceeded.

    Error: locator.click: Test timeout of 30000ms exceeded.
    Call log:
      - waiting for locator('#add-to-cart-button-27')


       at ..\page-objects\ProductPage.js:26

      24 |       await this.quantityInput.fill(quantity.toString());
      25 |     }
    > 26 |     await this.addToCartButton.click();
         |                                ^
      27 |   }
      28 |
      29 |   async addToWishlist() {
        at ProductPage.addToCart (E:\Automate\page-objects\ProductPage.js:26:32)
        at E:\Automate\tests\cart.spec.js:175:23

    attachment #1: screenshot (image/png) ──────────────────────────────────────────────────────────
    ..\test-results\cart-Shopping-Cart-Functio-3f424-select-gift-wrapping-option-chromium\test-failed-1.png
    ────────────────────────────────────────────────────────────────────────────────────────────────

    attachment #2: video (video/webm) ──────────────────────────────────────────────────────────────
    ..\test-results\cart-Shopping-Cart-Functio-3f424-select-gift-wrapping-option-chromium\video.webm
    ────────────────────────────────────────────────────────────────────────────────────────────────

    Error Context: ..\test-results\cart-Shopping-Cart-Functio-3f424-select-gift-wrapping-option-chromium\error-context.md
]]>
</failure>
<system-out>
<![CDATA[
[[ATTACHMENT|test-results\cart-Shopping-Cart-Functio-3f424-select-gift-wrapping-option-chromium\test-failed-1.png]]

[[ATTACHMENT|test-results\cart-Shopping-Cart-Functio-3f424-select-gift-wrapping-option-chromium\video.webm]]

[[ATTACHMENT|test-results\cart-Shopping-Cart-Functio-3f424-select-gift-wrapping-option-chromium\error-context.md]]
]]>
</system-out>
</testcase>
</testsuite>
<testsuite name="category.spec.js" timestamp="2025-07-15T18:27:52.044Z" hostname="chromium" tests="13" failures="13" skipped="0" time="36.866" errors="0">
<testcase name="Category and Navigation › should navigate to category pages" classname="category.spec.js" time="3.194">
<failure message="category.spec.js:16:3 should navigate to category pages" type="FAILURE">
<![CDATA[  [chromium] › category.spec.js:16:3 › Category and Navigation › should navigate to category pages ─

    Error: locator.click: Error: strict mode violation: locator('.top-menu a').filter({ hasText: 'Computers' }) resolved to 2 elements:
        1) <a href="/computers">Computers </a> aka getByRole('link', { name: 'Computers' })
        2) <a href="/computers">Computers </a> aka getByText('Computers').nth(1)

    Call log:
      - waiting for locator('.top-menu a').filter({ hasText: 'Computers' })


       at ..\page-objects\HomePage.js:24

      22 |
      23 |   async clickCategory(categoryName) {
    > 24 |     await this.categories.filter({ hasText: categoryName }).click();
         |                                                             ^
      25 |   }
      26 |
      27 |   async clickFeaturedProduct(index = 0) {
        at HomePage.clickCategory (E:\Automate\page-objects\HomePage.js:24:61)
        at E:\Automate\tests\category.spec.js:18:22

    attachment #1: screenshot (image/png) ──────────────────────────────────────────────────────────
    ..\test-results\category-Category-and-Navi-3362e--navigate-to-category-pages-chromium\test-failed-1.png
    ────────────────────────────────────────────────────────────────────────────────────────────────

    attachment #2: video (video/webm) ──────────────────────────────────────────────────────────────
    ..\test-results\category-Category-and-Navi-3362e--navigate-to-category-pages-chromium\video.webm
    ────────────────────────────────────────────────────────────────────────────────────────────────

    Error Context: ..\test-results\category-Category-and-Navi-3362e--navigate-to-category-pages-chromium\error-context.md
]]>
</failure>
<system-out>
<![CDATA[
[[ATTACHMENT|test-results\category-Category-and-Navi-3362e--navigate-to-category-pages-chromium\test-failed-1.png]]

[[ATTACHMENT|test-results\category-Category-and-Navi-3362e--navigate-to-category-pages-chromium\video.webm]]

[[ATTACHMENT|test-results\category-Category-and-Navi-3362e--navigate-to-category-pages-chromium\error-context.md]]
]]>
</system-out>
</testcase>
<testcase name="Category and Navigation › should display category products" classname="category.spec.js" time="3.954">
<failure message="category.spec.js:25:3 should display category products" type="FAILURE">
<![CDATA[  [chromium] › category.spec.js:25:3 › Category and Navigation › should display category products ──

    Error: locator.click: Error: strict mode violation: locator('.top-menu a').filter({ hasText: 'Computers' }) resolved to 2 elements:
        1) <a href="/computers">Computers </a> aka getByRole('link', { name: 'Computers' })
        2) <a href="/computers">Computers </a> aka getByText('Computers').nth(1)

    Call log:
      - waiting for locator('.top-menu a').filter({ hasText: 'Computers' })


       at ..\page-objects\HomePage.js:24

      22 |
      23 |   async clickCategory(categoryName) {
    > 24 |     await this.categories.filter({ hasText: categoryName }).click();
         |                                                             ^
      25 |   }
      26 |
      27 |   async clickFeaturedProduct(index = 0) {
        at HomePage.clickCategory (E:\Automate\page-objects\HomePage.js:24:61)
        at E:\Automate\tests\category.spec.js:26:20

    attachment #1: screenshot (image/png) ──────────────────────────────────────────────────────────
    ..\test-results\category-Category-and-Navi-f780c-d-display-category-products-chromium\test-failed-1.png
    ────────────────────────────────────────────────────────────────────────────────────────────────

    attachment #2: video (video/webm) ──────────────────────────────────────────────────────────────
    ..\test-results\category-Category-and-Navi-f780c-d-display-category-products-chromium\video.webm
    ────────────────────────────────────────────────────────────────────────────────────────────────

    Error Context: ..\test-results\category-Category-and-Navi-f780c-d-display-category-products-chromium\error-context.md
]]>
</failure>
<system-out>
<![CDATA[
[[ATTACHMENT|test-results\category-Category-and-Navi-f780c-d-display-category-products-chromium\test-failed-1.png]]

[[ATTACHMENT|test-results\category-Category-and-Navi-f780c-d-display-category-products-chromium\video.webm]]

[[ATTACHMENT|test-results\category-Category-and-Navi-f780c-d-display-category-products-chromium\error-context.md]]
]]>
</system-out>
</testcase>
<testcase name="Category and Navigation › should sort products by different criteria" classname="category.spec.js" time="3.747">
<failure message="category.spec.js:37:3 should sort products by different criteria" type="FAILURE">
<![CDATA[  [chromium] › category.spec.js:37:3 › Category and Navigation › should sort products by different criteria 

    Error: locator.click: Error: strict mode violation: locator('.top-menu a').filter({ hasText: 'Computers' }) resolved to 2 elements:
        1) <a href="/computers">Computers </a> aka getByRole('link', { name: 'Computers' })
        2) <a href="/computers">Computers </a> aka getByText('Computers').nth(1)

    Call log:
      - waiting for locator('.top-menu a').filter({ hasText: 'Computers' })


       at ..\page-objects\HomePage.js:24

      22 |
      23 |   async clickCategory(categoryName) {
    > 24 |     await this.categories.filter({ hasText: categoryName }).click();
         |                                                             ^
      25 |   }
      26 |
      27 |   async clickFeaturedProduct(index = 0) {
        at HomePage.clickCategory (E:\Automate\page-objects\HomePage.js:24:61)
        at E:\Automate\tests\category.spec.js:38:20

    attachment #1: screenshot (image/png) ──────────────────────────────────────────────────────────
    ..\test-results\category-Category-and-Navi-7c936-ducts-by-different-criteria-chromium\test-failed-1.png
    ────────────────────────────────────────────────────────────────────────────────────────────────

    attachment #2: video (video/webm) ──────────────────────────────────────────────────────────────
    ..\test-results\category-Category-and-Navi-7c936-ducts-by-different-criteria-chromium\video.webm
    ────────────────────────────────────────────────────────────────────────────────────────────────

    Error Context: ..\test-results\category-Category-and-Navi-7c936-ducts-by-different-criteria-chromium\error-context.md
]]>
</failure>
<system-out>
<![CDATA[
[[ATTACHMENT|test-results\category-Category-and-Navi-7c936-ducts-by-different-criteria-chromium\test-failed-1.png]]

[[ATTACHMENT|test-results\category-Category-and-Navi-7c936-ducts-by-different-criteria-chromium\video.webm]]

[[ATTACHMENT|test-results\category-Category-and-Navi-7c936-ducts-by-different-criteria-chromium\error-context.md]]
]]>
</system-out>
</testcase>
<testcase name="Category and Navigation › should change products per page display" classname="category.spec.js" time="3.796">
<failure message="category.spec.js:54:3 should change products per page display" type="FAILURE">
<![CDATA[  [chromium] › category.spec.js:54:3 › Category and Navigation › should change products per page display 

    Error: locator.click: Error: strict mode violation: locator('.top-menu a').filter({ hasText: 'Computers' }) resolved to 2 elements:
        1) <a href="/computers">Computers </a> aka getByRole('link', { name: 'Computers' })
        2) <a href="/computers">Computers </a> aka getByText('Computers').nth(1)

    Call log:
      - waiting for locator('.top-menu a').filter({ hasText: 'Computers' })


       at ..\page-objects\HomePage.js:24

      22 |
      23 |   async clickCategory(categoryName) {
    > 24 |     await this.categories.filter({ hasText: categoryName }).click();
         |                                                             ^
      25 |   }
      26 |
      27 |   async clickFeaturedProduct(index = 0) {
        at HomePage.clickCategory (E:\Automate\page-objects\HomePage.js:24:61)
        at E:\Automate\tests\category.spec.js:55:20

    attachment #1: screenshot (image/png) ──────────────────────────────────────────────────────────
    ..\test-results\category-Category-and-Navi-76189-e-products-per-page-display-chromium\test-failed-1.png
    ────────────────────────────────────────────────────────────────────────────────────────────────

    attachment #2: video (video/webm) ──────────────────────────────────────────────────────────────
    ..\test-results\category-Category-and-Navi-76189-e-products-per-page-display-chromium\video.webm
    ────────────────────────────────────────────────────────────────────────────────────────────────

    Error Context: ..\test-results\category-Category-and-Navi-76189-e-products-per-page-display-chromium\error-context.md
]]>
</failure>
<system-out>
<![CDATA[
[[ATTACHMENT|test-results\category-Category-and-Navi-76189-e-products-per-page-display-chromium\test-failed-1.png]]

[[ATTACHMENT|test-results\category-Category-and-Navi-76189-e-products-per-page-display-chromium\video.webm]]

[[ATTACHMENT|test-results\category-Category-and-Navi-76189-e-products-per-page-display-chromium\error-context.md]]
]]>
</system-out>
</testcase>
<testcase name="Category and Navigation › should switch between grid and list view" classname="category.spec.js" time="3.939">
<failure message="category.spec.js:65:3 should switch between grid and list view" type="FAILURE">
<![CDATA[  [chromium] › category.spec.js:65:3 › Category and Navigation › should switch between grid and list view 

    Error: locator.click: Error: strict mode violation: locator('.top-menu a').filter({ hasText: 'Computers' }) resolved to 2 elements:
        1) <a href="/computers">Computers </a> aka getByRole('link', { name: 'Computers' })
        2) <a href="/computers">Computers </a> aka getByText('Computers').nth(1)

    Call log:
      - waiting for locator('.top-menu a').filter({ hasText: 'Computers' })


       at ..\page-objects\HomePage.js:24

      22 |
      23 |   async clickCategory(categoryName) {
    > 24 |     await this.categories.filter({ hasText: categoryName }).click();
         |                                                             ^
      25 |   }
      26 |
      27 |   async clickFeaturedProduct(index = 0) {
        at HomePage.clickCategory (E:\Automate\page-objects\HomePage.js:24:61)
        at E:\Automate\tests\category.spec.js:66:20

    attachment #1: screenshot (image/png) ──────────────────────────────────────────────────────────
    ..\test-results\category-Category-and-Navi-b94fe--between-grid-and-list-view-chromium\test-failed-1.png
    ────────────────────────────────────────────────────────────────────────────────────────────────

    attachment #2: video (video/webm) ──────────────────────────────────────────────────────────────
    ..\test-results\category-Category-and-Navi-b94fe--between-grid-and-list-view-chromium\video.webm
    ────────────────────────────────────────────────────────────────────────────────────────────────

    Error Context: ..\test-results\category-Category-and-Navi-b94fe--between-grid-and-list-view-chromium\error-context.md
]]>
</failure>
<system-out>
<![CDATA[
[[ATTACHMENT|test-results\category-Category-and-Navi-b94fe--between-grid-and-list-view-chromium\test-failed-1.png]]

[[ATTACHMENT|test-results\category-Category-and-Navi-b94fe--between-grid-and-list-view-chromium\video.webm]]

[[ATTACHMENT|test-results\category-Category-and-Navi-b94fe--between-grid-and-list-view-chromium\error-context.md]]
]]>
</system-out>
</testcase>
<testcase name="Category and Navigation › should navigate through pagination" classname="category.spec.js" time="4.997">
<failure message="category.spec.js:82:3 should navigate through pagination" type="FAILURE">
<![CDATA[  [chromium] › category.spec.js:82:3 › Category and Navigation › should navigate through pagination 

    Error: locator.click: Error: strict mode violation: locator('.top-menu a').filter({ hasText: 'Computers' }) resolved to 2 elements:
        1) <a href="/computers">Computers </a> aka getByRole('link', { name: 'Computers' })
        2) <a href="/computers">Computers </a> aka getByText('Computers').nth(1)

    Call log:
      - waiting for locator('.top-menu a').filter({ hasText: 'Computers' })


       at ..\page-objects\HomePage.js:24

      22 |
      23 |   async clickCategory(categoryName) {
    > 24 |     await this.categories.filter({ hasText: categoryName }).click();
         |                                                             ^
      25 |   }
      26 |
      27 |   async clickFeaturedProduct(index = 0) {
        at HomePage.clickCategory (E:\Automate\page-objects\HomePage.js:24:61)
        at E:\Automate\tests\category.spec.js:83:20

    attachment #1: screenshot (image/png) ──────────────────────────────────────────────────────────
    ..\test-results\category-Category-and-Navi-b1125-navigate-through-pagination-chromium\test-failed-1.png
    ────────────────────────────────────────────────────────────────────────────────────────────────

    attachment #2: video (video/webm) ──────────────────────────────────────────────────────────────
    ..\test-results\category-Category-and-Navi-b1125-navigate-through-pagination-chromium\video.webm
    ────────────────────────────────────────────────────────────────────────────────────────────────

    Error Context: ..\test-results\category-Category-and-Navi-b1125-navigate-through-pagination-chromium\error-context.md
]]>
</failure>
<system-out>
<![CDATA[
[[ATTACHMENT|test-results\category-Category-and-Navi-b1125-navigate-through-pagination-chromium\test-failed-1.png]]

[[ATTACHMENT|test-results\category-Category-and-Navi-b1125-navigate-through-pagination-chromium\video.webm]]

[[ATTACHMENT|test-results\category-Category-and-Navi-b1125-navigate-through-pagination-chromium\error-context.md]]
]]>
</system-out>
</testcase>
<testcase name="Category and Navigation › should display breadcrumb navigation" classname="category.spec.js" time="2.214">
<failure message="category.spec.js:104:3 should display breadcrumb navigation" type="FAILURE">
<![CDATA[  [chromium] › category.spec.js:104:3 › Category and Navigation › should display breadcrumb navigation 

    Error: locator.click: Error: strict mode violation: locator('.top-menu a').filter({ hasText: 'Computers' }) resolved to 2 elements:
        1) <a href="/computers">Computers </a> aka getByRole('link', { name: 'Computers' })
        2) <a href="/computers">Computers </a> aka getByText('Computers').nth(1)

    Call log:
      - waiting for locator('.top-menu a').filter({ hasText: 'Computers' })


       at ..\page-objects\HomePage.js:24

      22 |
      23 |   async clickCategory(categoryName) {
    > 24 |     await this.categories.filter({ hasText: categoryName }).click();
         |                                                             ^
      25 |   }
      26 |
      27 |   async clickFeaturedProduct(index = 0) {
        at HomePage.clickCategory (E:\Automate\page-objects\HomePage.js:24:61)
        at E:\Automate\tests\category.spec.js:105:20

    attachment #1: screenshot (image/png) ──────────────────────────────────────────────────────────
    ..\test-results\category-Category-and-Navi-69479-splay-breadcrumb-navigation-chromium\test-failed-1.png
    ────────────────────────────────────────────────────────────────────────────────────────────────

    attachment #2: video (video/webm) ──────────────────────────────────────────────────────────────
    ..\test-results\category-Category-and-Navi-69479-splay-breadcrumb-navigation-chromium\video.webm
    ────────────────────────────────────────────────────────────────────────────────────────────────

    Error Context: ..\test-results\category-Category-and-Navi-69479-splay-breadcrumb-navigation-chromium\error-context.md
]]>
</failure>
<system-out>
<![CDATA[
[[ATTACHMENT|test-results\category-Category-and-Navi-69479-splay-breadcrumb-navigation-chromium\test-failed-1.png]]

[[ATTACHMENT|test-results\category-Category-and-Navi-69479-splay-breadcrumb-navigation-chromium\video.webm]]

[[ATTACHMENT|test-results\category-Category-and-Navi-69479-splay-breadcrumb-navigation-chromium\error-context.md]]
]]>
</system-out>
</testcase>
<testcase name="Category and Navigation › should add products to cart from category page" classname="category.spec.js" time="1.537">
<failure message="category.spec.js:115:3 should add products to cart from category page" type="FAILURE">
<![CDATA[  [chromium] › category.spec.js:115:3 › Category and Navigation › should add products to cart from category page 

    Error: locator.click: Error: strict mode violation: locator('.top-menu a').filter({ hasText: 'Computers' }) resolved to 2 elements:
        1) <a href="/computers">Computers </a> aka getByRole('link', { name: 'Computers' })
        2) <a href="/computers">Computers </a> aka getByText('Computers').nth(1)

    Call log:
      - waiting for locator('.top-menu a').filter({ hasText: 'Computers' })


       at ..\page-objects\HomePage.js:24

      22 |
      23 |   async clickCategory(categoryName) {
    > 24 |     await this.categories.filter({ hasText: categoryName }).click();
         |                                                             ^
      25 |   }
      26 |
      27 |   async clickFeaturedProduct(index = 0) {
        at HomePage.clickCategory (E:\Automate\page-objects\HomePage.js:24:61)
        at E:\Automate\tests\category.spec.js:116:20

    attachment #1: screenshot (image/png) ──────────────────────────────────────────────────────────
    ..\test-results\category-Category-and-Navi-340bf--to-cart-from-category-page-chromium\test-failed-1.png
    ────────────────────────────────────────────────────────────────────────────────────────────────

    attachment #2: video (video/webm) ──────────────────────────────────────────────────────────────
    ..\test-results\category-Category-and-Navi-340bf--to-cart-from-category-page-chromium\video.webm
    ────────────────────────────────────────────────────────────────────────────────────────────────

    Error Context: ..\test-results\category-Category-and-Navi-340bf--to-cart-from-category-page-chromium\error-context.md
]]>
</failure>
<system-out>
<![CDATA[
[[ATTACHMENT|test-results\category-Category-and-Navi-340bf--to-cart-from-category-page-chromium\test-failed-1.png]]

[[ATTACHMENT|test-results\category-Category-and-Navi-340bf--to-cart-from-category-page-chromium\video.webm]]

[[ATTACHMENT|test-results\category-Category-and-Navi-340bf--to-cart-from-category-page-chromium\error-context.md]]
]]>
</system-out>
</testcase>
<testcase name="Category and Navigation › should add products to wishlist from category page" classname="category.spec.js" time="2.381">
<failure message="category.spec.js:125:3 should add products to wishlist from category page" type="FAILURE">
<![CDATA[  [chromium] › category.spec.js:125:3 › Category and Navigation › should add products to wishlist from category page 

    Error: locator.click: Error: strict mode violation: locator('.top-menu a').filter({ hasText: 'Computers' }) resolved to 2 elements:
        1) <a href="/computers">Computers </a> aka getByRole('link', { name: 'Computers' })
        2) <a href="/computers">Computers </a> aka getByText('Computers').nth(1)

    Call log:
      - waiting for locator('.top-menu a').filter({ hasText: 'Computers' })


       at ..\page-objects\HomePage.js:24

      22 |
      23 |   async clickCategory(categoryName) {
    > 24 |     await this.categories.filter({ hasText: categoryName }).click();
         |                                                             ^
      25 |   }
      26 |
      27 |   async clickFeaturedProduct(index = 0) {
        at HomePage.clickCategory (E:\Automate\page-objects\HomePage.js:24:61)
        at E:\Automate\tests\category.spec.js:126:20

    attachment #1: screenshot (image/png) ──────────────────────────────────────────────────────────
    ..\test-results\category-Category-and-Navi-4fa26-wishlist-from-category-page-chromium\test-failed-1.png
    ────────────────────────────────────────────────────────────────────────────────────────────────

    attachment #2: video (video/webm) ──────────────────────────────────────────────────────────────
    ..\test-results\category-Category-and-Navi-4fa26-wishlist-from-category-page-chromium\video.webm
    ────────────────────────────────────────────────────────────────────────────────────────────────

    Error Context: ..\test-results\category-Category-and-Navi-4fa26-wishlist-from-category-page-chromium\error-context.md
]]>
</failure>
<system-out>
<![CDATA[
[[ATTACHMENT|test-results\category-Category-and-Navi-4fa26-wishlist-from-category-page-chromium\test-failed-1.png]]

[[ATTACHMENT|test-results\category-Category-and-Navi-4fa26-wishlist-from-category-page-chromium\video.webm]]

[[ATTACHMENT|test-results\category-Category-and-Navi-4fa26-wishlist-from-category-page-chromium\error-context.md]]
]]>
</system-out>
</testcase>
<testcase name="Category and Navigation › should add products to compare from category page" classname="category.spec.js" time="1.467">
<failure message="category.spec.js:135:3 should add products to compare from category page" type="FAILURE">
<![CDATA[  [chromium] › category.spec.js:135:3 › Category and Navigation › should add products to compare from category page 

    Error: locator.click: Error: strict mode violation: locator('.top-menu a').filter({ hasText: 'Computers' }) resolved to 2 elements:
        1) <a href="/computers">Computers </a> aka getByRole('link', { name: 'Computers' })
        2) <a href="/computers">Computers </a> aka getByText('Computers').nth(1)

    Call log:
      - waiting for locator('.top-menu a').filter({ hasText: 'Computers' })


       at ..\page-objects\HomePage.js:24

      22 |
      23 |   async clickCategory(categoryName) {
    > 24 |     await this.categories.filter({ hasText: categoryName }).click();
         |                                                             ^
      25 |   }
      26 |
      27 |   async clickFeaturedProduct(index = 0) {
        at HomePage.clickCategory (E:\Automate\page-objects\HomePage.js:24:61)
        at E:\Automate\tests\category.spec.js:136:20

    attachment #1: screenshot (image/png) ──────────────────────────────────────────────────────────
    ..\test-results\category-Category-and-Navi-a85f8--compare-from-category-page-chromium\test-failed-1.png
    ────────────────────────────────────────────────────────────────────────────────────────────────

    attachment #2: video (video/webm) ──────────────────────────────────────────────────────────────
    ..\test-results\category-Category-and-Navi-a85f8--compare-from-category-page-chromium\video.webm
    ────────────────────────────────────────────────────────────────────────────────────────────────

    Error Context: ..\test-results\category-Category-and-Navi-a85f8--compare-from-category-page-chromium\error-context.md
]]>
</failure>
<system-out>
<![CDATA[
[[ATTACHMENT|test-results\category-Category-and-Navi-a85f8--compare-from-category-page-chromium\test-failed-1.png]]

[[ATTACHMENT|test-results\category-Category-and-Navi-a85f8--compare-from-category-page-chromium\video.webm]]

[[ATTACHMENT|test-results\category-Category-and-Navi-a85f8--compare-from-category-page-chromium\error-context.md]]
]]>
</system-out>
</testcase>
<testcase name="Category and Navigation › should navigate to subcategories" classname="category.spec.js" time="2.048">
<failure message="category.spec.js:145:3 should navigate to subcategories" type="FAILURE">
<![CDATA[  [chromium] › category.spec.js:145:3 › Category and Navigation › should navigate to subcategories ─

    Error: locator.click: Error: strict mode violation: locator('.top-menu a').filter({ hasText: 'Computers' }) resolved to 2 elements:
        1) <a href="/computers">Computers </a> aka getByRole('link', { name: 'Computers' })
        2) <a href="/computers">Computers </a> aka getByText('Computers').nth(1)

    Call log:
      - waiting for locator('.top-menu a').filter({ hasText: 'Computers' })


       at ..\page-objects\HomePage.js:24

      22 |
      23 |   async clickCategory(categoryName) {
    > 24 |     await this.categories.filter({ hasText: categoryName }).click();
         |                                                             ^
      25 |   }
      26 |
      27 |   async clickFeaturedProduct(index = 0) {
        at HomePage.clickCategory (E:\Automate\page-objects\HomePage.js:24:61)
        at E:\Automate\tests\category.spec.js:146:20

    attachment #1: screenshot (image/png) ──────────────────────────────────────────────────────────
    ..\test-results\category-Category-and-Navi-d1fa3-d-navigate-to-subcategories-chromium\test-failed-1.png
    ────────────────────────────────────────────────────────────────────────────────────────────────

    attachment #2: video (video/webm) ──────────────────────────────────────────────────────────────
    ..\test-results\category-Category-and-Navi-d1fa3-d-navigate-to-subcategories-chromium\video.webm
    ────────────────────────────────────────────────────────────────────────────────────────────────

    Error Context: ..\test-results\category-Category-and-Navi-d1fa3-d-navigate-to-subcategories-chromium\error-context.md
]]>
</failure>
<system-out>
<![CDATA[
[[ATTACHMENT|test-results\category-Category-and-Navi-d1fa3-d-navigate-to-subcategories-chromium\test-failed-1.png]]

[[ATTACHMENT|test-results\category-Category-and-Navi-d1fa3-d-navigate-to-subcategories-chromium\video.webm]]

[[ATTACHMENT|test-results\category-Category-and-Navi-d1fa3-d-navigate-to-subcategories-chromium\error-context.md]]
]]>
</system-out>
</testcase>
<testcase name="Category and Navigation › should display category description" classname="category.spec.js" time="2.22">
<failure message="category.spec.js:160:3 should display category description" type="FAILURE">
<![CDATA[  [chromium] › category.spec.js:160:3 › Category and Navigation › should display category description 

    Error: locator.click: Error: strict mode violation: locator('.top-menu a').filter({ hasText: 'Computers' }) resolved to 2 elements:
        1) <a href="/computers">Computers </a> aka getByRole('link', { name: 'Computers' })
        2) <a href="/computers">Computers </a> aka getByText('Computers').nth(1)

    Call log:
      - waiting for locator('.top-menu a').filter({ hasText: 'Computers' })


       at ..\page-objects\HomePage.js:24

      22 |
      23 |   async clickCategory(categoryName) {
    > 24 |     await this.categories.filter({ hasText: categoryName }).click();
         |                                                             ^
      25 |   }
      26 |
      27 |   async clickFeaturedProduct(index = 0) {
        at HomePage.clickCategory (E:\Automate\page-objects\HomePage.js:24:61)
        at E:\Automate\tests\category.spec.js:161:20

    attachment #1: screenshot (image/png) ──────────────────────────────────────────────────────────
    ..\test-results\category-Category-and-Navi-4229c-isplay-category-description-chromium\test-failed-1.png
    ────────────────────────────────────────────────────────────────────────────────────────────────

    attachment #2: video (video/webm) ──────────────────────────────────────────────────────────────
    ..\test-results\category-Category-and-Navi-4229c-isplay-category-description-chromium\video.webm
    ────────────────────────────────────────────────────────────────────────────────────────────────

    Error Context: ..\test-results\category-Category-and-Navi-4229c-isplay-category-description-chromium\error-context.md
]]>
</failure>
<system-out>
<![CDATA[
[[ATTACHMENT|test-results\category-Category-and-Navi-4229c-isplay-category-description-chromium\test-failed-1.png]]

[[ATTACHMENT|test-results\category-Category-and-Navi-4229c-isplay-category-description-chromium\video.webm]]

[[ATTACHMENT|test-results\category-Category-and-Navi-4229c-isplay-category-description-chromium\error-context.md]]
]]>
</system-out>
</testcase>
<testcase name="Category and Navigation › should handle empty categories" classname="category.spec.js" time="1.372">
<failure message="category.spec.js:171:3 should handle empty categories" type="FAILURE">
<![CDATA[  [chromium] › category.spec.js:171:3 › Category and Navigation › should handle empty categories ───

    Error: locator.click: Error: strict mode violation: locator('.top-menu a').filter({ hasText: 'Gift Cards' }) resolved to 2 elements:
        1) <a href="/gift-cards">Gift Cards </a> aka getByRole('link', { name: 'Gift Cards' })
        2) <a href="/gift-cards">Gift Cards </a> aka getByText('Gift Cards').nth(1)

    Call log:
      - waiting for locator('.top-menu a').filter({ hasText: 'Gift Cards' })


       at ..\page-objects\HomePage.js:24

      22 |
      23 |   async clickCategory(categoryName) {
    > 24 |     await this.categories.filter({ hasText: categoryName }).click();
         |                                                             ^
      25 |   }
      26 |
      27 |   async clickFeaturedProduct(index = 0) {
        at HomePage.clickCategory (E:\Automate\page-objects\HomePage.js:24:61)
        at E:\Automate\tests\category.spec.js:174:20

    attachment #1: screenshot (image/png) ──────────────────────────────────────────────────────────
    ..\test-results\category-Category-and-Navi-8629b-uld-handle-empty-categories-chromium\test-failed-1.png
    ────────────────────────────────────────────────────────────────────────────────────────────────

    attachment #2: video (video/webm) ──────────────────────────────────────────────────────────────
    ..\test-results\category-Category-and-Navi-8629b-uld-handle-empty-categories-chromium\video.webm
    ────────────────────────────────────────────────────────────────────────────────────────────────

    Error Context: ..\test-results\category-Category-and-Navi-8629b-uld-handle-empty-categories-chromium\error-context.md
]]>
</failure>
<system-out>
<![CDATA[
[[ATTACHMENT|test-results\category-Category-and-Navi-8629b-uld-handle-empty-categories-chromium\test-failed-1.png]]

[[ATTACHMENT|test-results\category-Category-and-Navi-8629b-uld-handle-empty-categories-chromium\video.webm]]

[[ATTACHMENT|test-results\category-Category-and-Navi-8629b-uld-handle-empty-categories-chromium\error-context.md]]
]]>
</system-out>
</testcase>
</testsuite>
<testsuite name="checkout.spec.js" timestamp="2025-07-15T18:27:52.044Z" hostname="chromium" tests="12" failures="12" skipped="0" time="379.126" errors="0">
<testcase name="Checkout Process › should navigate to checkout from cart" classname="checkout.spec.js" time="30.794">
<failure message="checkout.spec.js:22:3 should navigate to checkout from cart" type="FAILURE">
<![CDATA[  [chromium] › checkout.spec.js:22:3 › Checkout Process › should navigate to checkout from cart ────

    Test timeout of 30000ms exceeded.

    Error: locator.click: Test timeout of 30000ms exceeded.
    Call log:
      - waiting for locator('#add-to-cart-button-27')


       at ..\page-objects\ProductPage.js:26

      24 |       await this.quantityInput.fill(quantity.toString());
      25 |     }
    > 26 |     await this.addToCartButton.click();
         |                                ^
      27 |   }
      28 |
      29 |   async addToWishlist() {
        at ProductPage.addToCart (E:\Automate\page-objects\ProductPage.js:26:32)
        at E:\Automate\tests\checkout.spec.js:26:23

    attachment #1: screenshot (image/png) ──────────────────────────────────────────────────────────
    ..\test-results\checkout-Checkout-Process--5264f-igate-to-checkout-from-cart-chromium\test-failed-1.png
    ────────────────────────────────────────────────────────────────────────────────────────────────

    attachment #2: video (video/webm) ──────────────────────────────────────────────────────────────
    ..\test-results\checkout-Checkout-Process--5264f-igate-to-checkout-from-cart-chromium\video.webm
    ────────────────────────────────────────────────────────────────────────────────────────────────

    Error Context: ..\test-results\checkout-Checkout-Process--5264f-igate-to-checkout-from-cart-chromium\error-context.md
]]>
</failure>
<system-out>
<![CDATA[
[[ATTACHMENT|test-results\checkout-Checkout-Process--5264f-igate-to-checkout-from-cart-chromium\test-failed-1.png]]

[[ATTACHMENT|test-results\checkout-Checkout-Process--5264f-igate-to-checkout-from-cart-chromium\video.webm]]

[[ATTACHMENT|test-results\checkout-Checkout-Process--5264f-igate-to-checkout-from-cart-chromium\error-context.md]]
]]>
</system-out>
</testcase>
<testcase name="Checkout Process › should require terms acceptance for checkout" classname="checkout.spec.js" time="31.721">
<failure message="checkout.spec.js:40:3 should require terms acceptance for checkout" type="FAILURE">
<![CDATA[  [chromium] › checkout.spec.js:40:3 › Checkout Process › should require terms acceptance for checkout 

    Test timeout of 30000ms exceeded.

    Error: locator.click: Test timeout of 30000ms exceeded.
    Call log:
      - waiting for locator('#add-to-cart-button-27')


       at ..\page-objects\ProductPage.js:26

      24 |       await this.quantityInput.fill(quantity.toString());
      25 |     }
    > 26 |     await this.addToCartButton.click();
         |                                ^
      27 |   }
      28 |
      29 |   async addToWishlist() {
        at ProductPage.addToCart (E:\Automate\page-objects\ProductPage.js:26:32)
        at E:\Automate\tests\checkout.spec.js:44:23

    attachment #1: screenshot (image/png) ──────────────────────────────────────────────────────────
    ..\test-results\checkout-Checkout-Process--9c1fa-rms-acceptance-for-checkout-chromium\test-failed-1.png
    ────────────────────────────────────────────────────────────────────────────────────────────────

    attachment #2: video (video/webm) ──────────────────────────────────────────────────────────────
    ..\test-results\checkout-Checkout-Process--9c1fa-rms-acceptance-for-checkout-chromium\video.webm
    ────────────────────────────────────────────────────────────────────────────────────────────────

    Error Context: ..\test-results\checkout-Checkout-Process--9c1fa-rms-acceptance-for-checkout-chromium\error-context.md
]]>
</failure>
<system-out>
<![CDATA[
[[ATTACHMENT|test-results\checkout-Checkout-Process--9c1fa-rms-acceptance-for-checkout-chromium\test-failed-1.png]]

[[ATTACHMENT|test-results\checkout-Checkout-Process--9c1fa-rms-acceptance-for-checkout-chromium\video.webm]]

[[ATTACHMENT|test-results\checkout-Checkout-Process--9c1fa-rms-acceptance-for-checkout-chromium\error-context.md]]
]]>
</system-out>
</testcase>
<testcase name="Checkout Process › should display checkout steps" classname="checkout.spec.js" time="31.819">
<failure message="checkout.spec.js:57:3 should display checkout steps" type="FAILURE">
<![CDATA[  [chromium] › checkout.spec.js:57:3 › Checkout Process › should display checkout steps ────────────

    Test timeout of 30000ms exceeded.

    Error: locator.click: Test timeout of 30000ms exceeded.
    Call log:
      - waiting for locator('#add-to-cart-button-27')


       at ..\page-objects\ProductPage.js:26

      24 |       await this.quantityInput.fill(quantity.toString());
      25 |     }
    > 26 |     await this.addToCartButton.click();
         |                                ^
      27 |   }
      28 |
      29 |   async addToWishlist() {
        at ProductPage.addToCart (E:\Automate\page-objects\ProductPage.js:26:32)
        at E:\Automate\tests\checkout.spec.js:61:23

    attachment #1: screenshot (image/png) ──────────────────────────────────────────────────────────
    ..\test-results\checkout-Checkout-Process-should-display-checkout-steps-chromium\test-failed-1.png
    ────────────────────────────────────────────────────────────────────────────────────────────────

    attachment #2: video (video/webm) ──────────────────────────────────────────────────────────────
    ..\test-results\checkout-Checkout-Process-should-display-checkout-steps-chromium\video.webm
    ────────────────────────────────────────────────────────────────────────────────────────────────

    Error Context: ..\test-results\checkout-Checkout-Process-should-display-checkout-steps-chromium\error-context.md
]]>
</failure>
<system-out>
<![CDATA[
[[ATTACHMENT|test-results\checkout-Checkout-Process-should-display-checkout-steps-chromium\test-failed-1.png]]

[[ATTACHMENT|test-results\checkout-Checkout-Process-should-display-checkout-steps-chromium\video.webm]]

[[ATTACHMENT|test-results\checkout-Checkout-Process-should-display-checkout-steps-chromium\error-context.md]]
]]>
</system-out>
</testcase>
<testcase name="Checkout Process › should handle guest checkout" classname="checkout.spec.js" time="31.672">
<failure message="checkout.spec.js:72:3 should handle guest checkout" type="FAILURE">
<![CDATA[  [chromium] › checkout.spec.js:72:3 › Checkout Process › should handle guest checkout ─────────────

    Test timeout of 30000ms exceeded.

    Error: locator.click: Test timeout of 30000ms exceeded.
    Call log:
      - waiting for locator('#add-to-cart-button-27')


       at ..\page-objects\ProductPage.js:26

      24 |       await this.quantityInput.fill(quantity.toString());
      25 |     }
    > 26 |     await this.addToCartButton.click();
         |                                ^
      27 |   }
      28 |
      29 |   async addToWishlist() {
        at ProductPage.addToCart (E:\Automate\page-objects\ProductPage.js:26:32)
        at E:\Automate\tests\checkout.spec.js:76:23

    attachment #1: screenshot (image/png) ──────────────────────────────────────────────────────────
    ..\test-results\checkout-Checkout-Process-should-handle-guest-checkout-chromium\test-failed-1.png
    ────────────────────────────────────────────────────────────────────────────────────────────────

    attachment #2: video (video/webm) ──────────────────────────────────────────────────────────────
    ..\test-results\checkout-Checkout-Process-should-handle-guest-checkout-chromium\video.webm
    ────────────────────────────────────────────────────────────────────────────────────────────────

    Error Context: ..\test-results\checkout-Checkout-Process-should-handle-guest-checkout-chromium\error-context.md
]]>
</failure>
<system-out>
<![CDATA[
[[ATTACHMENT|test-results\checkout-Checkout-Process-should-handle-guest-checkout-chromium\test-failed-1.png]]

[[ATTACHMENT|test-results\checkout-Checkout-Process-should-handle-guest-checkout-chromium\video.webm]]

[[ATTACHMENT|test-results\checkout-Checkout-Process-should-handle-guest-checkout-chromium\error-context.md]]
]]>
</system-out>
</testcase>
<testcase name="Checkout Process › should fill billing address form" classname="checkout.spec.js" time="30.805">
<failure message="checkout.spec.js:93:3 should fill billing address form" type="FAILURE">
<![CDATA[  [chromium] › checkout.spec.js:93:3 › Checkout Process › should fill billing address form ─────────

    Test timeout of 30000ms exceeded.

    Error: locator.click: Test timeout of 30000ms exceeded.
    Call log:
      - waiting for locator('#add-to-cart-button-27')


       at ..\page-objects\ProductPage.js:26

      24 |       await this.quantityInput.fill(quantity.toString());
      25 |     }
    > 26 |     await this.addToCartButton.click();
         |                                ^
      27 |   }
      28 |
      29 |   async addToWishlist() {
        at ProductPage.addToCart (E:\Automate\page-objects\ProductPage.js:26:32)
        at E:\Automate\tests\checkout.spec.js:97:23

    attachment #1: screenshot (image/png) ──────────────────────────────────────────────────────────
    ..\test-results\checkout-Checkout-Process-should-fill-billing-address-form-chromium\test-failed-1.png
    ────────────────────────────────────────────────────────────────────────────────────────────────

    attachment #2: video (video/webm) ──────────────────────────────────────────────────────────────
    ..\test-results\checkout-Checkout-Process-should-fill-billing-address-form-chromium\video.webm
    ────────────────────────────────────────────────────────────────────────────────────────────────

    Error Context: ..\test-results\checkout-Checkout-Process-should-fill-billing-address-form-chromium\error-context.md
]]>
</failure>
<system-out>
<![CDATA[
[[ATTACHMENT|test-results\checkout-Checkout-Process-should-fill-billing-address-form-chromium\test-failed-1.png]]

[[ATTACHMENT|test-results\checkout-Checkout-Process-should-fill-billing-address-form-chromium\video.webm]]

[[ATTACHMENT|test-results\checkout-Checkout-Process-should-fill-billing-address-form-chromium\error-context.md]]
]]>
</system-out>
</testcase>
<testcase name="Checkout Process › should handle shipping address same as billing" classname="checkout.spec.js" time="32.417">
<failure message="checkout.spec.js:129:3 should handle shipping address same as billing" type="FAILURE">
<![CDATA[  [chromium] › checkout.spec.js:129:3 › Checkout Process › should handle shipping address same as billing 

    Test timeout of 30000ms exceeded.

    Error: locator.click: Test timeout of 30000ms exceeded.
    Call log:
      - waiting for locator('.product-title a').first()


      130 |     // Add product to cart
      131 |     await homePage.search(testData.products.laptop);
    > 132 |     await page.locator('.product-title a').first().click();
          |                                                    ^
      133 |     await productPage.addToCart();
      134 |     await productPage.closeNotification();
      135 |     
        at E:\Automate\tests\checkout.spec.js:132:52

    attachment #1: screenshot (image/png) ──────────────────────────────────────────────────────────
    ..\test-results\checkout-Checkout-Process--97ae5-ing-address-same-as-billing-chromium\test-failed-1.png
    ────────────────────────────────────────────────────────────────────────────────────────────────

    attachment #2: video (video/webm) ──────────────────────────────────────────────────────────────
    ..\test-results\checkout-Checkout-Process--97ae5-ing-address-same-as-billing-chromium\video.webm
    ────────────────────────────────────────────────────────────────────────────────────────────────

    Error Context: ..\test-results\checkout-Checkout-Process--97ae5-ing-address-same-as-billing-chromium\error-context.md
]]>
</failure>
<system-out>
<![CDATA[
[[ATTACHMENT|test-results\checkout-Checkout-Process--97ae5-ing-address-same-as-billing-chromium\test-failed-1.png]]

[[ATTACHMENT|test-results\checkout-Checkout-Process--97ae5-ing-address-same-as-billing-chromium\video.webm]]

[[ATTACHMENT|test-results\checkout-Checkout-Process--97ae5-ing-address-same-as-billing-chromium\error-context.md]]
]]>
</system-out>
</testcase>
<testcase name="Checkout Process › should select shipping method" classname="checkout.spec.js" time="31.475">
<failure message="checkout.spec.js:154:3 should select shipping method" type="FAILURE">
<![CDATA[  [chromium] › checkout.spec.js:154:3 › Checkout Process › should select shipping method ───────────

    Test timeout of 30000ms exceeded.

    Error: locator.click: Test timeout of 30000ms exceeded.
    Call log:
      - waiting for locator('#add-to-cart-button-27')


       at ..\page-objects\ProductPage.js:26

      24 |       await this.quantityInput.fill(quantity.toString());
      25 |     }
    > 26 |     await this.addToCartButton.click();
         |                                ^
      27 |   }
      28 |
      29 |   async addToWishlist() {
        at ProductPage.addToCart (E:\Automate\page-objects\ProductPage.js:26:32)
        at E:\Automate\tests\checkout.spec.js:158:23

    attachment #1: screenshot (image/png) ──────────────────────────────────────────────────────────
    ..\test-results\checkout-Checkout-Process-should-select-shipping-method-chromium\test-failed-1.png
    ────────────────────────────────────────────────────────────────────────────────────────────────

    attachment #2: video (video/webm) ──────────────────────────────────────────────────────────────
    ..\test-results\checkout-Checkout-Process-should-select-shipping-method-chromium\video.webm
    ────────────────────────────────────────────────────────────────────────────────────────────────

    Error Context: ..\test-results\checkout-Checkout-Process-should-select-shipping-method-chromium\error-context.md
]]>
</failure>
<system-out>
<![CDATA[
[[ATTACHMENT|test-results\checkout-Checkout-Process-should-select-shipping-method-chromium\test-failed-1.png]]

[[ATTACHMENT|test-results\checkout-Checkout-Process-should-select-shipping-method-chromium\video.webm]]

[[ATTACHMENT|test-results\checkout-Checkout-Process-should-select-shipping-method-chromium\error-context.md]]
]]>
</system-out>
</testcase>
<testcase name="Checkout Process › should select payment method" classname="checkout.spec.js" time="32.02">
<failure message="checkout.spec.js:176:3 should select payment method" type="FAILURE">
<![CDATA[  [chromium] › checkout.spec.js:176:3 › Checkout Process › should select payment method ────────────

    Test timeout of 30000ms exceeded.

    Error: locator.click: Test timeout of 30000ms exceeded.
    Call log:
      - waiting for locator('.product-title a').first()


      177 |     // Add product to cart
      178 |     await homePage.search(testData.products.laptop);
    > 179 |     await page.locator('.product-title a').first().click();
          |                                                    ^
      180 |     await productPage.addToCart();
      181 |     await productPage.closeNotification();
      182 |     
        at E:\Automate\tests\checkout.spec.js:179:52

    attachment #1: screenshot (image/png) ──────────────────────────────────────────────────────────
    ..\test-results\checkout-Checkout-Process-should-select-payment-method-chromium\test-failed-1.png
    ────────────────────────────────────────────────────────────────────────────────────────────────

    attachment #2: video (video/webm) ──────────────────────────────────────────────────────────────
    ..\test-results\checkout-Checkout-Process-should-select-payment-method-chromium\video.webm
    ────────────────────────────────────────────────────────────────────────────────────────────────

    Error Context: ..\test-results\checkout-Checkout-Process-should-select-payment-method-chromium\error-context.md
]]>
</failure>
<system-out>
<![CDATA[
[[ATTACHMENT|test-results\checkout-Checkout-Process-should-select-payment-method-chromium\test-failed-1.png]]

[[ATTACHMENT|test-results\checkout-Checkout-Process-should-select-payment-method-chromium\video.webm]]

[[ATTACHMENT|test-results\checkout-Checkout-Process-should-select-payment-method-chromium\error-context.md]]
]]>
</system-out>
</testcase>
<testcase name="Checkout Process › should display order summary" classname="checkout.spec.js" time="31.393">
<failure message="checkout.spec.js:195:3 should display order summary" type="FAILURE">
<![CDATA[  [chromium] › checkout.spec.js:195:3 › Checkout Process › should display order summary ────────────

    Test timeout of 30000ms exceeded.

    Error: locator.click: Test timeout of 30000ms exceeded.
    Call log:
      - waiting for locator('#add-to-cart-button-27')


       at ..\page-objects\ProductPage.js:26

      24 |       await this.quantityInput.fill(quantity.toString());
      25 |     }
    > 26 |     await this.addToCartButton.click();
         |                                ^
      27 |   }
      28 |
      29 |   async addToWishlist() {
        at ProductPage.addToCart (E:\Automate\page-objects\ProductPage.js:26:32)
        at E:\Automate\tests\checkout.spec.js:199:23

    attachment #1: screenshot (image/png) ──────────────────────────────────────────────────────────
    ..\test-results\checkout-Checkout-Process-should-display-order-summary-chromium\test-failed-1.png
    ────────────────────────────────────────────────────────────────────────────────────────────────

    attachment #2: video (video/webm) ──────────────────────────────────────────────────────────────
    ..\test-results\checkout-Checkout-Process-should-display-order-summary-chromium\video.webm
    ────────────────────────────────────────────────────────────────────────────────────────────────

    Error Context: ..\test-results\checkout-Checkout-Process-should-display-order-summary-chromium\error-context.md
]]>
</failure>
<system-out>
<![CDATA[
[[ATTACHMENT|test-results\checkout-Checkout-Process-should-display-order-summary-chromium\test-failed-1.png]]

[[ATTACHMENT|test-results\checkout-Checkout-Process-should-display-order-summary-chromium\video.webm]]

[[ATTACHMENT|test-results\checkout-Checkout-Process-should-display-order-summary-chromium\error-context.md]]
]]>
</system-out>
</testcase>
<testcase name="Checkout Process › should handle checkout validation errors" classname="checkout.spec.js" time="31.523">
<failure message="checkout.spec.js:214:3 should handle checkout validation errors" type="FAILURE">
<![CDATA[  [chromium] › checkout.spec.js:214:3 › Checkout Process › should handle checkout validation errors 

    Test timeout of 30000ms exceeded.

    Error: locator.click: Test timeout of 30000ms exceeded.
    Call log:
      - waiting for locator('#add-to-cart-button-27')


       at ..\page-objects\ProductPage.js:26

      24 |       await this.quantityInput.fill(quantity.toString());
      25 |     }
    > 26 |     await this.addToCartButton.click();
         |                                ^
      27 |   }
      28 |
      29 |   async addToWishlist() {
        at ProductPage.addToCart (E:\Automate\page-objects\ProductPage.js:26:32)
        at E:\Automate\tests\checkout.spec.js:218:23

    attachment #1: screenshot (image/png) ──────────────────────────────────────────────────────────
    ..\test-results\checkout-Checkout-Process--8f556--checkout-validation-errors-chromium\test-failed-1.png
    ────────────────────────────────────────────────────────────────────────────────────────────────

    attachment #2: video (video/webm) ──────────────────────────────────────────────────────────────
    ..\test-results\checkout-Checkout-Process--8f556--checkout-validation-errors-chromium\video.webm
    ────────────────────────────────────────────────────────────────────────────────────────────────

    Error Context: ..\test-results\checkout-Checkout-Process--8f556--checkout-validation-errors-chromium\error-context.md
]]>
</failure>
<system-out>
<![CDATA[
[[ATTACHMENT|test-results\checkout-Checkout-Process--8f556--checkout-validation-errors-chromium\test-failed-1.png]]

[[ATTACHMENT|test-results\checkout-Checkout-Process--8f556--checkout-validation-errors-chromium\video.webm]]

[[ATTACHMENT|test-results\checkout-Checkout-Process--8f556--checkout-validation-errors-chromium\error-context.md]]
]]>
</system-out>
</testcase>
<testcase name="Checkout Process › should handle different country selection" classname="checkout.spec.js" time="31.816">
<failure message="checkout.spec.js:235:3 should handle different country selection" type="FAILURE">
<![CDATA[  [chromium] › checkout.spec.js:235:3 › Checkout Process › should handle different country selection 

    Test timeout of 30000ms exceeded.

    Error: locator.click: Test timeout of 30000ms exceeded.
    Call log:
      - waiting for locator('#add-to-cart-button-27')


       at ..\page-objects\ProductPage.js:26

      24 |       await this.quantityInput.fill(quantity.toString());
      25 |     }
    > 26 |     await this.addToCartButton.click();
         |                                ^
      27 |   }
      28 |
      29 |   async addToWishlist() {
        at ProductPage.addToCart (E:\Automate\page-objects\ProductPage.js:26:32)
        at E:\Automate\tests\checkout.spec.js:239:23

    attachment #1: screenshot (image/png) ──────────────────────────────────────────────────────────
    ..\test-results\checkout-Checkout-Process--055c3-different-country-selection-chromium\test-failed-1.png
    ────────────────────────────────────────────────────────────────────────────────────────────────

    attachment #2: video (video/webm) ──────────────────────────────────────────────────────────────
    ..\test-results\checkout-Checkout-Process--055c3-different-country-selection-chromium\video.webm
    ────────────────────────────────────────────────────────────────────────────────────────────────

    Error Context: ..\test-results\checkout-Checkout-Process--055c3-different-country-selection-chromium\error-context.md
]]>
</failure>
<system-out>
<![CDATA[
[[ATTACHMENT|test-results\checkout-Checkout-Process--055c3-different-country-selection-chromium\test-failed-1.png]]

[[ATTACHMENT|test-results\checkout-Checkout-Process--055c3-different-country-selection-chromium\video.webm]]

[[ATTACHMENT|test-results\checkout-Checkout-Process--055c3-different-country-selection-chromium\error-context.md]]
]]>
</system-out>
</testcase>
<testcase name="Checkout Process › should calculate tax and shipping costs" classname="checkout.spec.js" time="31.671">
<failure message="checkout.spec.js:260:3 should calculate tax and shipping costs" type="FAILURE">
<![CDATA[  [chromium] › checkout.spec.js:260:3 › Checkout Process › should calculate tax and shipping costs ─

    Test timeout of 30000ms exceeded.

    Error: locator.click: Test timeout of 30000ms exceeded.
    Call log:
      - waiting for locator('#add-to-cart-button-27')


       at ..\page-objects\ProductPage.js:26

      24 |       await this.quantityInput.fill(quantity.toString());
      25 |     }
    > 26 |     await this.addToCartButton.click();
         |                                ^
      27 |   }
      28 |
      29 |   async addToWishlist() {
        at ProductPage.addToCart (E:\Automate\page-objects\ProductPage.js:26:32)
        at E:\Automate\tests\checkout.spec.js:264:23

    attachment #1: screenshot (image/png) ──────────────────────────────────────────────────────────
    ..\test-results\checkout-Checkout-Process--eddf6-late-tax-and-shipping-costs-chromium\test-failed-1.png
    ────────────────────────────────────────────────────────────────────────────────────────────────

    attachment #2: video (video/webm) ──────────────────────────────────────────────────────────────
    ..\test-results\checkout-Checkout-Process--eddf6-late-tax-and-shipping-costs-chromium\video.webm
    ────────────────────────────────────────────────────────────────────────────────────────────────

    Error Context: ..\test-results\checkout-Checkout-Process--eddf6-late-tax-and-shipping-costs-chromium\error-context.md
]]>
</failure>
<system-out>
<![CDATA[
[[ATTACHMENT|test-results\checkout-Checkout-Process--eddf6-late-tax-and-shipping-costs-chromium\test-failed-1.png]]

[[ATTACHMENT|test-results\checkout-Checkout-Process--eddf6-late-tax-and-shipping-costs-chromium\video.webm]]

[[ATTACHMENT|test-results\checkout-Checkout-Process--eddf6-late-tax-and-shipping-costs-chromium\error-context.md]]
]]>
</system-out>
</testcase>
</testsuite>
<testsuite name="contact.spec.js" timestamp="2025-07-15T18:27:52.044Z" hostname="chromium" tests="17" failures="12" skipped="0" time="172.468" errors="0">
<testcase name="Contact and Information Pages › should display contact us page" classname="contact.spec.js" time="8.397">
<failure message="contact.spec.js:13:3 should display contact us page" type="FAILURE">
<![CDATA[  [chromium] › contact.spec.js:13:3 › Contact and Information Pages › should display contact us page 

    Error: Timed out 5000ms waiting for expect(locator).toContainText(expected)

    Locator: locator('.page-title')
    Expected string: "Contact us"
    Received: <element(s) not found>
    Call log:
      - Expect "toContainText" with timeout 5000ms
      - waiting for locator('.page-title')


      17 |     // Verify contact us page elements
      18 |     await expect(page).toHaveURL(/.*contactus/);
    > 19 |     await expect(page.locator('.page-title')).toContainText('Contact us');
         |                                               ^
      20 |     await expect(page.locator('#FullName')).toBeVisible();
      21 |     await expect(page.locator('#Email')).toBeVisible();
      22 |     await expect(page.locator('#Subject')).toBeVisible();
        at E:\Automate\tests\contact.spec.js:19:47

    attachment #1: screenshot (image/png) ──────────────────────────────────────────────────────────
    ..\test-results\contact-Contact-and-Inform-c169c-uld-display-contact-us-page-chromium\test-failed-1.png
    ────────────────────────────────────────────────────────────────────────────────────────────────

    attachment #2: video (video/webm) ──────────────────────────────────────────────────────────────
    ..\test-results\contact-Contact-and-Inform-c169c-uld-display-contact-us-page-chromium\video.webm
    ────────────────────────────────────────────────────────────────────────────────────────────────

    Error Context: ..\test-results\contact-Contact-and-Inform-c169c-uld-display-contact-us-page-chromium\error-context.md
]]>
</failure>
<system-out>
<![CDATA[
[[ATTACHMENT|test-results\contact-Contact-and-Inform-c169c-uld-display-contact-us-page-chromium\test-failed-1.png]]

[[ATTACHMENT|test-results\contact-Contact-and-Inform-c169c-uld-display-contact-us-page-chromium\video.webm]]

[[ATTACHMENT|test-results\contact-Contact-and-Inform-c169c-uld-display-contact-us-page-chromium\error-context.md]]
]]>
</system-out>
</testcase>
<testcase name="Contact and Information Pages › should submit contact form successfully" classname="contact.spec.js" time="30.176">
<failure message="contact.spec.js:27:3 should submit contact form successfully" type="FAILURE">
<![CDATA[  [chromium] › contact.spec.js:27:3 › Contact and Information Pages › should submit contact form successfully 

    Test timeout of 30000ms exceeded.

    Error: locator.fill: Test timeout of 30000ms exceeded.
    Call log:
      - waiting for locator('#Subject')


      32 |     await page.locator('#FullName').fill(`${testData.newUser.firstName} ${testData.newUser.lastName}`);
      33 |     await page.locator('#Email').fill(testData.newUser.email);
    > 34 |     await page.locator('#Subject').fill('Test Subject');
         |                                    ^
      35 |     await page.locator('#Enquiry').fill('This is a test enquiry message for automated testing.');
      36 |     
      37 |     // Submit form
        at E:\Automate\tests\contact.spec.js:34:36

    attachment #1: screenshot (image/png) ──────────────────────────────────────────────────────────
    ..\test-results\contact-Contact-and-Inform-894d9-t-contact-form-successfully-chromium\test-failed-1.png
    ────────────────────────────────────────────────────────────────────────────────────────────────

    attachment #2: video (video/webm) ──────────────────────────────────────────────────────────────
    ..\test-results\contact-Contact-and-Inform-894d9-t-contact-form-successfully-chromium\video.webm
    ────────────────────────────────────────────────────────────────────────────────────────────────

    Error Context: ..\test-results\contact-Contact-and-Inform-894d9-t-contact-form-successfully-chromium\error-context.md
]]>
</failure>
<system-out>
<![CDATA[
[[ATTACHMENT|test-results\contact-Contact-and-Inform-894d9-t-contact-form-successfully-chromium\test-failed-1.png]]

[[ATTACHMENT|test-results\contact-Contact-and-Inform-894d9-t-contact-form-successfully-chromium\video.webm]]

[[ATTACHMENT|test-results\contact-Contact-and-Inform-894d9-t-contact-form-successfully-chromium\error-context.md]]
]]>
</system-out>
</testcase>
<testcase name="Contact and Information Pages › should validate contact form fields" classname="contact.spec.js" time="31.849">
<failure message="contact.spec.js:44:3 should validate contact form fields" type="FAILURE">
<![CDATA[  [chromium] › contact.spec.js:44:3 › Contact and Information Pages › should validate contact form fields 

    Test timeout of 30000ms exceeded.

    Error: locator.click: Test timeout of 30000ms exceeded.
    Call log:
      - waiting for locator('input[type="submit"]')


      47 |     
      48 |     // Submit empty form
    > 49 |     await page.locator('input[type="submit"]').click();
         |                                                ^
      50 |     
      51 |     // Check for validation errors
      52 |     await expect(page.locator('.field-validation-error')).toHaveCount({ min: 1 });
        at E:\Automate\tests\contact.spec.js:49:48

    attachment #1: screenshot (image/png) ──────────────────────────────────────────────────────────
    ..\test-results\contact-Contact-and-Inform-f5008-alidate-contact-form-fields-chromium\test-failed-1.png
    ────────────────────────────────────────────────────────────────────────────────────────────────

    attachment #2: video (video/webm) ──────────────────────────────────────────────────────────────
    ..\test-results\contact-Contact-and-Inform-f5008-alidate-contact-form-fields-chromium\video.webm
    ────────────────────────────────────────────────────────────────────────────────────────────────

    Error Context: ..\test-results\contact-Contact-and-Inform-f5008-alidate-contact-form-fields-chromium\error-context.md
]]>
</failure>
<system-out>
<![CDATA[
[[ATTACHMENT|test-results\contact-Contact-and-Inform-f5008-alidate-contact-form-fields-chromium\test-failed-1.png]]

[[ATTACHMENT|test-results\contact-Contact-and-Inform-f5008-alidate-contact-form-fields-chromium\video.webm]]

[[ATTACHMENT|test-results\contact-Contact-and-Inform-f5008-alidate-contact-form-fields-chromium\error-context.md]]
]]>
</system-out>
</testcase>
<testcase name="Contact and Information Pages › should validate email format in contact form" classname="contact.spec.js" time="35.477">
<failure message="contact.spec.js:55:3 should validate email format in contact form" type="FAILURE">
<![CDATA[  [chromium] › contact.spec.js:55:3 › Contact and Information Pages › should validate email format in contact form 

    Test timeout of 30000ms exceeded.

    Error: locator.fill: Test timeout of 30000ms exceeded.
    Call log:
      - waiting for locator('#FullName')


      58 |     
      59 |     // Fill form with invalid email
    > 60 |     await page.locator('#FullName').fill(`${testData.newUser.firstName} ${testData.newUser.lastName}`);
         |                                     ^
      61 |     await page.locator('#Email').fill('invalid-email');
      62 |     await page.locator('#Subject').fill('Test Subject');
      63 |     await page.locator('#Enquiry').fill('Test message');
        at E:\Automate\tests\contact.spec.js:60:37

    attachment #1: screenshot (image/png) ──────────────────────────────────────────────────────────
    ..\test-results\contact-Contact-and-Inform-a7af3-mail-format-in-contact-form-chromium\test-failed-1.png
    ────────────────────────────────────────────────────────────────────────────────────────────────

    attachment #2: video (video/webm) ──────────────────────────────────────────────────────────────
    ..\test-results\contact-Contact-and-Inform-a7af3-mail-format-in-contact-form-chromium\video.webm
    ────────────────────────────────────────────────────────────────────────────────────────────────

    Error Context: ..\test-results\contact-Contact-and-Inform-a7af3-mail-format-in-contact-form-chromium\error-context.md
]]>
</failure>
<system-out>
<![CDATA[
[[ATTACHMENT|test-results\contact-Contact-and-Inform-a7af3-mail-format-in-contact-form-chromium\test-failed-1.png]]

[[ATTACHMENT|test-results\contact-Contact-and-Inform-a7af3-mail-format-in-contact-form-chromium\video.webm]]

[[ATTACHMENT|test-results\contact-Contact-and-Inform-a7af3-mail-format-in-contact-form-chromium\error-context.md]]
]]>
</system-out>
</testcase>
<testcase name="Contact and Information Pages › should display about us page" classname="contact.spec.js" time="12.895">
<failure message="contact.spec.js:72:3 should display about us page" type="FAILURE">
<![CDATA[  [chromium] › contact.spec.js:72:3 › Contact and Information Pages › should display about us page ─

    Error: Timed out 5000ms waiting for expect(locator).toContainText(expected)

    Locator: locator('.page-title')
    Expected string: "About us"
    Received: <element(s) not found>
    Call log:
      - Expect "toContainText" with timeout 5000ms
      - waiting for locator('.page-title')


      80 |       // Verify about us page
      81 |       await expect(page).toHaveURL(/.*about-us/);
    > 82 |       await expect(page.locator('.page-title')).toContainText('About us');
         |                                                 ^
      83 |       await expect(page.locator('.page-body')).toBeVisible();
      84 |     }
      85 |   });
        at E:\Automate\tests\contact.spec.js:82:49

    attachment #1: screenshot (image/png) ──────────────────────────────────────────────────────────
    ..\test-results\contact-Contact-and-Inform-6f855-hould-display-about-us-page-chromium\test-failed-1.png
    ────────────────────────────────────────────────────────────────────────────────────────────────

    attachment #2: video (video/webm) ──────────────────────────────────────────────────────────────
    ..\test-results\contact-Contact-and-Inform-6f855-hould-display-about-us-page-chromium\video.webm
    ────────────────────────────────────────────────────────────────────────────────────────────────

    Error Context: ..\test-results\contact-Contact-and-Inform-6f855-hould-display-about-us-page-chromium\error-context.md
]]>
</failure>
<system-out>
<![CDATA[
[[ATTACHMENT|test-results\contact-Contact-and-Inform-6f855-hould-display-about-us-page-chromium\test-failed-1.png]]

[[ATTACHMENT|test-results\contact-Contact-and-Inform-6f855-hould-display-about-us-page-chromium\video.webm]]

[[ATTACHMENT|test-results\contact-Contact-and-Inform-6f855-hould-display-about-us-page-chromium\error-context.md]]
]]>
</system-out>
</testcase>
<testcase name="Contact and Information Pages › should display sitemap page" classname="contact.spec.js" time="6.779">
<failure message="contact.spec.js:87:3 should display sitemap page" type="FAILURE">
<![CDATA[  [chromium] › contact.spec.js:87:3 › Contact and Information Pages › should display sitemap page ──

    Error: Timed out 5000ms waiting for expect(locator).toBeVisible()

    Locator: locator('.sitemap')
    Expected: visible
    Received: <element(s) not found>
    Call log:
      - Expect "toBeVisible" with timeout 5000ms
      - waiting for locator('.sitemap')


       96 |       await expect(page).toHaveURL(/.*sitemap/);
       97 |       await expect(page.locator('.page-title')).toContainText('Sitemap');
    >  98 |       await expect(page.locator('.sitemap')).toBeVisible();
          |                                              ^
       99 |     }
      100 |   });
      101 |
        at E:\Automate\tests\contact.spec.js:98:46

    attachment #1: screenshot (image/png) ──────────────────────────────────────────────────────────
    ..\test-results\contact-Contact-and-Inform-563bd-should-display-sitemap-page-chromium\test-failed-1.png
    ────────────────────────────────────────────────────────────────────────────────────────────────

    attachment #2: video (video/webm) ──────────────────────────────────────────────────────────────
    ..\test-results\contact-Contact-and-Inform-563bd-should-display-sitemap-page-chromium\video.webm
    ────────────────────────────────────────────────────────────────────────────────────────────────

    Error Context: ..\test-results\contact-Contact-and-Inform-563bd-should-display-sitemap-page-chromium\error-context.md
]]>
</failure>
<system-out>
<![CDATA[
[[ATTACHMENT|test-results\contact-Contact-and-Inform-563bd-should-display-sitemap-page-chromium\test-failed-1.png]]

[[ATTACHMENT|test-results\contact-Contact-and-Inform-563bd-should-display-sitemap-page-chromium\video.webm]]

[[ATTACHMENT|test-results\contact-Contact-and-Inform-563bd-should-display-sitemap-page-chromium\error-context.md]]
]]>
</system-out>
</testcase>
<testcase name="Contact and Information Pages › should display news page" classname="contact.spec.js" time="1.436">
<failure message="contact.spec.js:102:3 should display news page" type="FAILURE">
<![CDATA[  [chromium] › contact.spec.js:102:3 › Contact and Information Pages › should display news page ────

    Error: locator.isVisible: Error: strict mode violation: locator('text=News') resolved to 4 elements:
        1) <strong>News</strong> aka locator('#main').getByText('News', { exact: true })
        2) <a href="/news">View News Archive</a> aka getByRole('link', { name: 'View News Archive' })
        3) <a href="/news">News</a> aka getByRole('link', { name: 'News', exact: true })
        4) <strong>Newsletter</strong> aka getByText('Newsletter')

    Call log:
        - checking visibility of locator('text=News')


      103 |     // Navigate to news page
      104 |     const newsLink = page.locator('text=News');
    > 105 |     const newsExists = await newsLink.isVisible();
          |                                       ^
      106 |     
      107 |     if (newsExists) {
      108 |       await newsLink.click();
        at E:\Automate\tests\contact.spec.js:105:39

    attachment #1: screenshot (image/png) ──────────────────────────────────────────────────────────
    ..\test-results\contact-Contact-and-Inform-2662a-es-should-display-news-page-chromium\test-failed-1.png
    ────────────────────────────────────────────────────────────────────────────────────────────────

    attachment #2: video (video/webm) ──────────────────────────────────────────────────────────────
    ..\test-results\contact-Contact-and-Inform-2662a-es-should-display-news-page-chromium\video.webm
    ────────────────────────────────────────────────────────────────────────────────────────────────

    Error Context: ..\test-results\contact-Contact-and-Inform-2662a-es-should-display-news-page-chromium\error-context.md
]]>
</failure>
<system-out>
<![CDATA[
[[ATTACHMENT|test-results\contact-Contact-and-Inform-2662a-es-should-display-news-page-chromium\test-failed-1.png]]

[[ATTACHMENT|test-results\contact-Contact-and-Inform-2662a-es-should-display-news-page-chromium\video.webm]]

[[ATTACHMENT|test-results\contact-Contact-and-Inform-2662a-es-should-display-news-page-chromium\error-context.md]]
]]>
</system-out>
</testcase>
<testcase name="Contact and Information Pages › should display privacy policy page" classname="contact.spec.js" time="7.567">
<failure message="contact.spec.js:117:3 should display privacy policy page" type="FAILURE">
<![CDATA[  [chromium] › contact.spec.js:117:3 › Contact and Information Pages › should display privacy policy page 

    Error: Timed out 5000ms waiting for expect(page).toHaveURL(expected)

    Expected pattern: /.*privacyinfo/
    Received string:  "https://demo.nopcommerce.com/privacy-notice"
    Call log:
      - Expect "toHaveURL" with timeout 5000ms
        9 × unexpected value "https://demo.nopcommerce.com/privacy-notice"


      124 |       
      125 |       // Verify privacy policy page
    > 126 |       await expect(page).toHaveURL(/.*privacyinfo/);
          |                          ^
      127 |       await expect(page.locator('.page-title')).toContainText('Privacy notice');
      128 |       await expect(page.locator('.page-body')).toBeVisible();
      129 |     }
        at E:\Automate\tests\contact.spec.js:126:26

    attachment #1: screenshot (image/png) ──────────────────────────────────────────────────────────
    ..\test-results\contact-Contact-and-Inform-d004c-display-privacy-policy-page-chromium\test-failed-1.png
    ────────────────────────────────────────────────────────────────────────────────────────────────

    attachment #2: video (video/webm) ──────────────────────────────────────────────────────────────
    ..\test-results\contact-Contact-and-Inform-d004c-display-privacy-policy-page-chromium\video.webm
    ────────────────────────────────────────────────────────────────────────────────────────────────

    Error Context: ..\test-results\contact-Contact-and-Inform-d004c-display-privacy-policy-page-chromium\error-context.md
]]>
</failure>
<system-out>
<![CDATA[
[[ATTACHMENT|test-results\contact-Contact-and-Inform-d004c-display-privacy-policy-page-chromium\test-failed-1.png]]

[[ATTACHMENT|test-results\contact-Contact-and-Inform-d004c-display-privacy-policy-page-chromium\video.webm]]

[[ATTACHMENT|test-results\contact-Contact-and-Inform-d004c-display-privacy-policy-page-chromium\error-context.md]]
]]>
</system-out>
</testcase>
<testcase name="Contact and Information Pages › should display terms and conditions page" classname="contact.spec.js" time="6.889">
<failure message="contact.spec.js:132:3 should display terms and conditions page" type="FAILURE">
<![CDATA[  [chromium] › contact.spec.js:132:3 › Contact and Information Pages › should display terms and conditions page 

    Error: Timed out 5000ms waiting for expect(page).toHaveURL(expected)

    Expected pattern: /.*conditionsofuse/
    Received string:  "https://demo.nopcommerce.com/conditions-of-use"
    Call log:
      - Expect "toHaveURL" with timeout 5000ms
        9 × unexpected value "https://demo.nopcommerce.com/conditions-of-use"


      139 |       
      140 |       // Verify terms and conditions page
    > 141 |       await expect(page).toHaveURL(/.*conditionsofuse/);
          |                          ^
      142 |       await expect(page.locator('.page-title')).toContainText('Conditions of Use');
      143 |       await expect(page.locator('.page-body')).toBeVisible();
      144 |     }
        at E:\Automate\tests\contact.spec.js:141:26

    attachment #1: screenshot (image/png) ──────────────────────────────────────────────────────────
    ..\test-results\contact-Contact-and-Inform-f58a9-y-terms-and-conditions-page-chromium\test-failed-1.png
    ────────────────────────────────────────────────────────────────────────────────────────────────

    attachment #2: video (video/webm) ──────────────────────────────────────────────────────────────
    ..\test-results\contact-Contact-and-Inform-f58a9-y-terms-and-conditions-page-chromium\video.webm
    ────────────────────────────────────────────────────────────────────────────────────────────────

    Error Context: ..\test-results\contact-Contact-and-Inform-f58a9-y-terms-and-conditions-page-chromium\error-context.md
]]>
</failure>
<system-out>
<![CDATA[
[[ATTACHMENT|test-results\contact-Contact-and-Inform-f58a9-y-terms-and-conditions-page-chromium\test-failed-1.png]]

[[ATTACHMENT|test-results\contact-Contact-and-Inform-f58a9-y-terms-and-conditions-page-chromium\video.webm]]

[[ATTACHMENT|test-results\contact-Contact-and-Inform-f58a9-y-terms-and-conditions-page-chromium\error-context.md]]
]]>
</system-out>
</testcase>
<testcase name="Contact and Information Pages › should display shipping and returns page" classname="contact.spec.js" time="7.715">
<failure message="contact.spec.js:147:3 should display shipping and returns page" type="FAILURE">
<![CDATA[  [chromium] › contact.spec.js:147:3 › Contact and Information Pages › should display shipping and returns page 

    Error: Timed out 5000ms waiting for expect(page).toHaveURL(expected)

    Expected pattern: /.*shippinginfo/
    Received string:  "https://demo.nopcommerce.com/shipping-returns"
    Call log:
      - Expect "toHaveURL" with timeout 5000ms
        2 × unexpected value "https://demo.nopcommerce.com/shipping-returns?__cf_chl_rt_tk=pRAa177rSmqQs4_QqUyJted.R6qDWv0jnCtL1rA1fDo-1752604187-1.0.1.1-OyNRsOO31Bzo4.NcBMX6mValYQiIk.62b3XMLTN2aPY"
        6 × unexpected value "https://demo.nopcommerce.com/shipping-returns"


      154 |       
      155 |       // Verify shipping and returns page
    > 156 |       await expect(page).toHaveURL(/.*shippinginfo/);
          |                          ^
      157 |       await expect(page.locator('.page-title')).toContainText('Shipping & returns');
      158 |       await expect(page.locator('.page-body')).toBeVisible();
      159 |     }
        at E:\Automate\tests\contact.spec.js:156:26

    attachment #1: screenshot (image/png) ──────────────────────────────────────────────────────────
    ..\test-results\contact-Contact-and-Inform-484e9-y-shipping-and-returns-page-chromium\test-failed-1.png
    ────────────────────────────────────────────────────────────────────────────────────────────────

    attachment #2: video (video/webm) ──────────────────────────────────────────────────────────────
    ..\test-results\contact-Contact-and-Inform-484e9-y-shipping-and-returns-page-chromium\video.webm
    ────────────────────────────────────────────────────────────────────────────────────────────────

    Error Context: ..\test-results\contact-Contact-and-Inform-484e9-y-shipping-and-returns-page-chromium\error-context.md
]]>
</failure>
<system-out>
<![CDATA[
[[ATTACHMENT|test-results\contact-Contact-and-Inform-484e9-y-shipping-and-returns-page-chromium\test-failed-1.png]]

[[ATTACHMENT|test-results\contact-Contact-and-Inform-484e9-y-shipping-and-returns-page-chromium\video.webm]]

[[ATTACHMENT|test-results\contact-Contact-and-Inform-484e9-y-shipping-and-returns-page-chromium\error-context.md]]
]]>
</system-out>
</testcase>
<testcase name="Contact and Information Pages › should handle newsletter subscription" classname="contact.spec.js" time="6.581">
<failure message="contact.spec.js:162:3 should handle newsletter subscription" type="FAILURE">
<![CDATA[  [chromium] › contact.spec.js:162:3 › Contact and Information Pages › should handle newsletter subscription 

    Error: Timed out 5000ms waiting for expect(locator).toBeVisible()

    Locator: locator('#newsletter-result-block')
    Expected: visible
    Received: hidden
    Call log:
      - Expect "toBeVisible" with timeout 5000ms
      - waiting for locator('#newsletter-result-block')
        8 × locator resolved to <div class="newsletter-result" id="newsletter-result-block"></div>
          - unexpected value "hidden"


      173 |       
      174 |       // Check for success message
    > 175 |       await expect(page.locator('#newsletter-result-block')).toBeVisible();
          |                                                              ^
      176 |     }
      177 |   });
      178 |
        at E:\Automate\tests\contact.spec.js:175:62

    attachment #1: screenshot (image/png) ──────────────────────────────────────────────────────────
    ..\test-results\contact-Contact-and-Inform-d80b3-dle-newsletter-subscription-chromium\test-failed-1.png
    ────────────────────────────────────────────────────────────────────────────────────────────────

    attachment #2: video (video/webm) ──────────────────────────────────────────────────────────────
    ..\test-results\contact-Contact-and-Inform-d80b3-dle-newsletter-subscription-chromium\video.webm
    ────────────────────────────────────────────────────────────────────────────────────────────────

    Error Context: ..\test-results\contact-Contact-and-Inform-d80b3-dle-newsletter-subscription-chromium\error-context.md
]]>
</failure>
<system-out>
<![CDATA[
[[ATTACHMENT|test-results\contact-Contact-and-Inform-d80b3-dle-newsletter-subscription-chromium\test-failed-1.png]]

[[ATTACHMENT|test-results\contact-Contact-and-Inform-d80b3-dle-newsletter-subscription-chromium\video.webm]]

[[ATTACHMENT|test-results\contact-Contact-and-Inform-d80b3-dle-newsletter-subscription-chromium\error-context.md]]
]]>
</system-out>
</testcase>
<testcase name="Contact and Information Pages › should validate newsletter email format" classname="contact.spec.js" time="6.598">
<failure message="contact.spec.js:179:3 should validate newsletter email format" type="FAILURE">
<![CDATA[  [chromium] › contact.spec.js:179:3 › Contact and Information Pages › should validate newsletter email format 

    Error: Timed out 5000ms waiting for expect(locator).toBeVisible()

    Locator: locator('#newsletter-result-block')
    Expected: visible
    Received: hidden
    Call log:
      - Expect "toBeVisible" with timeout 5000ms
      - waiting for locator('#newsletter-result-block')
        9 × locator resolved to <div class="newsletter-result" id="newsletter-result-block"></div>
          - unexpected value "hidden"


      190 |       
      191 |       // Check for validation error
    > 192 |       await expect(page.locator('#newsletter-result-block')).toBeVisible();
          |                                                              ^
      193 |     }
      194 |   });
      195 |
        at E:\Automate\tests\contact.spec.js:192:62

    attachment #1: screenshot (image/png) ──────────────────────────────────────────────────────────
    ..\test-results\contact-Contact-and-Inform-de977-ate-newsletter-email-format-chromium\test-failed-1.png
    ────────────────────────────────────────────────────────────────────────────────────────────────

    attachment #2: video (video/webm) ──────────────────────────────────────────────────────────────
    ..\test-results\contact-Contact-and-Inform-de977-ate-newsletter-email-format-chromium\video.webm
    ────────────────────────────────────────────────────────────────────────────────────────────────

    Error Context: ..\test-results\contact-Contact-and-Inform-de977-ate-newsletter-email-format-chromium\error-context.md
]]>
</failure>
<system-out>
<![CDATA[
[[ATTACHMENT|test-results\contact-Contact-and-Inform-de977-ate-newsletter-email-format-chromium\test-failed-1.png]]

[[ATTACHMENT|test-results\contact-Contact-and-Inform-de977-ate-newsletter-email-format-chromium\video.webm]]

[[ATTACHMENT|test-results\contact-Contact-and-Inform-de977-ate-newsletter-email-format-chromium\error-context.md]]
]]>
</system-out>
</testcase>
<testcase name="Contact and Information Pages › should display social media links" classname="contact.spec.js" time="1.604">
</testcase>
<testcase name="Contact and Information Pages › should display company information" classname="contact.spec.js" time="1.068">
</testcase>
<testcase name="Contact and Information Pages › should handle search from information pages" classname="contact.spec.js" time="2.946">
</testcase>
<testcase name="Contact and Information Pages › should display page loading correctly" classname="contact.spec.js" time="2.765">
</testcase>
<testcase name="Contact and Information Pages › should handle breadcrumb navigation on information pages" classname="contact.spec.js" time="1.726">
</testcase>
</testsuite>
<testsuite name="login.spec.js" timestamp="2025-07-15T18:27:52.044Z" hostname="chromium" tests="12" failures="7" skipped="0" time="128.126" errors="0">
<testcase name="Login Functionality › should display login page elements" classname="login.spec.js" time="2.085">
</testcase>
<testcase name="Login Functionality › should show error for invalid credentials" classname="login.spec.js" time="3.88">
</testcase>
<testcase name="Login Functionality › should show error for empty fields" classname="login.spec.js" time="31.141">
<failure message="login.spec.js:34:3 should show error for empty fields" type="FAILURE">
<![CDATA[  [chromium] › login.spec.js:34:3 › Login Functionality › should show error for empty fields ───────

    Test timeout of 30000ms exceeded.

    Error: locator.click: Test timeout of 30000ms exceeded.
    Call log:
      - waiting for locator('button[type="submit"]').filter({ hasText: 'Log in' })


      34 |   test('should show error for empty fields', async ({ page }) => {
      35 |     await loginPage.navigateToLogin();
    > 36 |     await loginPage.loginButton.click();
         |                                 ^
      37 |     
      38 |     // Check for validation messages
      39 |     await expect(page.locator('.field-validation-error')).toHaveCount({ min: 1 });
        at E:\Automate\tests\login.spec.js:36:33

    attachment #1: screenshot (image/png) ──────────────────────────────────────────────────────────
    ..\test-results\login-Login-Functionality-should-show-error-for-empty-fields-chromium\test-failed-1.png
    ────────────────────────────────────────────────────────────────────────────────────────────────

    attachment #2: video (video/webm) ──────────────────────────────────────────────────────────────
    ..\test-results\login-Login-Functionality-should-show-error-for-empty-fields-chromium\video.webm
    ────────────────────────────────────────────────────────────────────────────────────────────────

    Error Context: ..\test-results\login-Login-Functionality-should-show-error-for-empty-fields-chromium\error-context.md
]]>
</failure>
<system-out>
<![CDATA[
[[ATTACHMENT|test-results\login-Login-Functionality-should-show-error-for-empty-fields-chromium\test-failed-1.png]]

[[ATTACHMENT|test-results\login-Login-Functionality-should-show-error-for-empty-fields-chromium\video.webm]]

[[ATTACHMENT|test-results\login-Login-Functionality-should-show-error-for-empty-fields-chromium\error-context.md]]
]]>
</system-out>
</testcase>
<testcase name="Login Functionality › should handle remember me functionality" classname="login.spec.js" time="9.291">
<failure message="login.spec.js:42:3 should handle remember me functionality" type="FAILURE">
<![CDATA[  [chromium] › login.spec.js:42:3 › Login Functionality › should handle remember me functionality ──

    Error: Timed out 5000ms waiting for expect(locator).toBeChecked()

    Locator: locator('#RememberMe')
    Expected: checked
    Received: <element(s) not found>
    Call log:
      - Expect "toBeChecked" with timeout 5000ms
      - waiting for locator('#RememberMe')


      45 |     
      46 |     // Check if remember me checkbox is checked
    > 47 |     await expect(loginPage.rememberMeCheckbox).toBeChecked();
         |                                                ^
      48 |   });
      49 |
      50 |   test('should navigate to forgot password page', async ({ page }) => {
        at E:\Automate\tests\login.spec.js:47:48

    attachment #1: screenshot (image/png) ──────────────────────────────────────────────────────────
    ..\test-results\login-Login-Functionality--732b6-e-remember-me-functionality-chromium\test-failed-1.png
    ────────────────────────────────────────────────────────────────────────────────────────────────

    attachment #2: video (video/webm) ──────────────────────────────────────────────────────────────
    ..\test-results\login-Login-Functionality--732b6-e-remember-me-functionality-chromium\video.webm
    ────────────────────────────────────────────────────────────────────────────────────────────────

    Error Context: ..\test-results\login-Login-Functionality--732b6-e-remember-me-functionality-chromium\error-context.md
]]>
</failure>
<system-out>
<![CDATA[
[[ATTACHMENT|test-results\login-Login-Functionality--732b6-e-remember-me-functionality-chromium\test-failed-1.png]]

[[ATTACHMENT|test-results\login-Login-Functionality--732b6-e-remember-me-functionality-chromium\video.webm]]

[[ATTACHMENT|test-results\login-Login-Functionality--732b6-e-remember-me-functionality-chromium\error-context.md]]
]]>
</system-out>
</testcase>
<testcase name="Login Functionality › should navigate to forgot password page" classname="login.spec.js" time="3.364">
</testcase>
<testcase name="Login Functionality › should show validation for invalid email format" classname="login.spec.js" time="31.409">
<failure message="login.spec.js:61:3 should show validation for invalid email format" type="FAILURE">
<![CDATA[  [chromium] › login.spec.js:61:3 › Login Functionality › should show validation for invalid email format 

    Test timeout of 30000ms exceeded.

    Error: locator.fill: Test timeout of 30000ms exceeded.
    Call log:
      - waiting for locator('#Email')


       at ..\page-objects\LoginPage.js:19

      17 |
      18 |   async login(email, password, rememberMe = false) {
    > 19 |     await this.emailInput.fill(email);
         |                           ^
      20 |     await this.passwordInput.fill(password);
      21 |     
      22 |     if (rememberMe) {
        at LoginPage.login (E:\Automate\page-objects\LoginPage.js:19:27)
        at E:\Automate\tests\login.spec.js:63:21

    attachment #1: screenshot (image/png) ──────────────────────────────────────────────────────────
    ..\test-results\login-Login-Functionality--9261b-on-for-invalid-email-format-chromium\test-failed-1.png
    ────────────────────────────────────────────────────────────────────────────────────────────────

    attachment #2: video (video/webm) ──────────────────────────────────────────────────────────────
    ..\test-results\login-Login-Functionality--9261b-on-for-invalid-email-format-chromium\video.webm
    ────────────────────────────────────────────────────────────────────────────────────────────────

    Error Context: ..\test-results\login-Login-Functionality--9261b-on-for-invalid-email-format-chromium\error-context.md
]]>
</failure>
<system-out>
<![CDATA[
[[ATTACHMENT|test-results\login-Login-Functionality--9261b-on-for-invalid-email-format-chromium\test-failed-1.png]]

[[ATTACHMENT|test-results\login-Login-Functionality--9261b-on-for-invalid-email-format-chromium\video.webm]]

[[ATTACHMENT|test-results\login-Login-Functionality--9261b-on-for-invalid-email-format-chromium\error-context.md]]
]]>
</system-out>
</testcase>
<testcase name="Login Functionality › should maintain login state after page refresh" classname="login.spec.js" time="2.732">
</testcase>
<testcase name="Login Functionality › should handle SQL injection attempts" classname="login.spec.js" time="8.342">
<failure message="login.spec.js:85:3 should handle SQL injection attempts" type="FAILURE">
<![CDATA[  [chromium] › login.spec.js:85:3 › Login Functionality › should handle SQL injection attempts ─────

    Error: Timed out 5000ms waiting for expect(locator).toBeVisible()

    Locator: locator('.validation-summary-errors')
    Expected: visible
    Received: <element(s) not found>
    Call log:
      - Expect "toBeVisible" with timeout 5000ms
      - waiting for locator('.validation-summary-errors')


      90 |     
      91 |     // Should show error, not allow login
    > 92 |     await expect(loginPage.errorMessage).toBeVisible();
         |                                          ^
      93 |   });
      94 |
      95 |   test('should handle XSS attempts in login form', async ({ page }) => {
        at E:\Automate\tests\login.spec.js:92:42

    attachment #1: screenshot (image/png) ──────────────────────────────────────────────────────────
    ..\test-results\login-Login-Functionality--7769e-ndle-SQL-injection-attempts-chromium\test-failed-1.png
    ────────────────────────────────────────────────────────────────────────────────────────────────

    attachment #2: video (video/webm) ──────────────────────────────────────────────────────────────
    ..\test-results\login-Login-Functionality--7769e-ndle-SQL-injection-attempts-chromium\video.webm
    ────────────────────────────────────────────────────────────────────────────────────────────────

    Error Context: ..\test-results\login-Login-Functionality--7769e-ndle-SQL-injection-attempts-chromium\error-context.md
]]>
</failure>
<system-out>
<![CDATA[
[[ATTACHMENT|test-results\login-Login-Functionality--7769e-ndle-SQL-injection-attempts-chromium\test-failed-1.png]]

[[ATTACHMENT|test-results\login-Login-Functionality--7769e-ndle-SQL-injection-attempts-chromium\video.webm]]

[[ATTACHMENT|test-results\login-Login-Functionality--7769e-ndle-SQL-injection-attempts-chromium\error-context.md]]
]]>
</system-out>
</testcase>
<testcase name="Login Functionality › should handle XSS attempts in login form" classname="login.spec.js" time="9.996">
<failure message="login.spec.js:95:3 should handle XSS attempts in login form" type="FAILURE">
<![CDATA[  [chromium] › login.spec.js:95:3 › Login Functionality › should handle XSS attempts in login form ─

    Error: Timed out 5000ms waiting for expect(locator).toBeVisible()

    Locator: locator('.validation-summary-errors')
    Expected: visible
    Received: <element(s) not found>
    Call log:
      - Expect "toBeVisible" with timeout 5000ms
      - waiting for locator('.validation-summary-errors')


      100 |     
      101 |     // Should show error, not execute script
    > 102 |     await expect(loginPage.errorMessage).toBeVisible();
          |                                          ^
      103 |   });
      104 |
      105 |   test('should show proper error for non-existent user', async ({ page }) => {
        at E:\Automate\tests\login.spec.js:102:42

    attachment #1: screenshot (image/png) ──────────────────────────────────────────────────────────
    ..\test-results\login-Login-Functionality--448bc--XSS-attempts-in-login-form-chromium\test-failed-1.png
    ────────────────────────────────────────────────────────────────────────────────────────────────

    attachment #2: video (video/webm) ──────────────────────────────────────────────────────────────
    ..\test-results\login-Login-Functionality--448bc--XSS-attempts-in-login-form-chromium\video.webm
    ────────────────────────────────────────────────────────────────────────────────────────────────

    Error Context: ..\test-results\login-Login-Functionality--448bc--XSS-attempts-in-login-form-chromium\error-context.md
]]>
</failure>
<system-out>
<![CDATA[
[[ATTACHMENT|test-results\login-Login-Functionality--448bc--XSS-attempts-in-login-form-chromium\test-failed-1.png]]

[[ATTACHMENT|test-results\login-Login-Functionality--448bc--XSS-attempts-in-login-form-chromium\video.webm]]

[[ATTACHMENT|test-results\login-Login-Functionality--448bc--XSS-attempts-in-login-form-chromium\error-context.md]]
]]>
</system-out>
</testcase>
<testcase name="Login Functionality › should show proper error for non-existent user" classname="login.spec.js" time="11.165">
<failure message="login.spec.js:105:3 should show proper error for non-existent user" type="FAILURE">
<![CDATA[  [chromium] › login.spec.js:105:3 › Login Functionality › should show proper error for non-existent user 

    Error: Timed out 5000ms waiting for expect(locator).toBeVisible()

    Locator: locator('.validation-summary-errors')
    Expected: visible
    Received: <element(s) not found>
    Call log:
      - Expect "toBeVisible" with timeout 5000ms
      - waiting for locator('.validation-summary-errors')


      108 |     
      109 |     // Should show appropriate error message
    > 110 |     await expect(loginPage.errorMessage).toBeVisible();
          |                                          ^
      111 |   });
      112 |
      113 |   test('should handle multiple login attempts', async ({ page }) => {
        at E:\Automate\tests\login.spec.js:110:42

    attachment #1: screenshot (image/png) ──────────────────────────────────────────────────────────
    ..\test-results\login-Login-Functionality--0fa46-error-for-non-existent-user-chromium\test-failed-1.png
    ────────────────────────────────────────────────────────────────────────────────────────────────

    attachment #2: video (video/webm) ──────────────────────────────────────────────────────────────
    ..\test-results\login-Login-Functionality--0fa46-error-for-non-existent-user-chromium\video.webm
    ────────────────────────────────────────────────────────────────────────────────────────────────

    Error Context: ..\test-results\login-Login-Functionality--0fa46-error-for-non-existent-user-chromium\error-context.md
]]>
</failure>
<system-out>
<![CDATA[
[[ATTACHMENT|test-results\login-Login-Functionality--0fa46-error-for-non-existent-user-chromium\test-failed-1.png]]

[[ATTACHMENT|test-results\login-Login-Functionality--0fa46-error-for-non-existent-user-chromium\video.webm]]

[[ATTACHMENT|test-results\login-Login-Functionality--0fa46-error-for-non-existent-user-chromium\error-context.md]]
]]>
</system-out>
</testcase>
<testcase name="Login Functionality › should handle multiple login attempts" classname="login.spec.js" time="10.489">
<failure message="login.spec.js:113:3 should handle multiple login attempts" type="FAILURE">
<![CDATA[  [chromium] › login.spec.js:113:3 › Login Functionality › should handle multiple login attempts ───

    Error: Timed out 5000ms waiting for expect(locator).toBeVisible()

    Locator: locator('.validation-summary-errors')
    Expected: visible
    Received: <element(s) not found>
    Call log:
      - Expect "toBeVisible" with timeout 5000ms
      - waiting for locator('.validation-summary-errors')


      117 |     for (let i = 0; i < 3; i++) {
      118 |       await loginPage.login(testData.invalidUser.email, testData.invalidUser.password);
    > 119 |       await expect(loginPage.errorMessage).toBeVisible();
          |                                            ^
      120 |       await page.waitForTimeout(1000);
      121 |     }
      122 |   });
        at E:\Automate\tests\login.spec.js:119:44

    attachment #1: screenshot (image/png) ──────────────────────────────────────────────────────────
    ..\test-results\login-Login-Functionality--ed6b7-dle-multiple-login-attempts-chromium\test-failed-1.png
    ────────────────────────────────────────────────────────────────────────────────────────────────

    attachment #2: video (video/webm) ──────────────────────────────────────────────────────────────
    ..\test-results\login-Login-Functionality--ed6b7-dle-multiple-login-attempts-chromium\video.webm
    ────────────────────────────────────────────────────────────────────────────────────────────────

    Error Context: ..\test-results\login-Login-Functionality--ed6b7-dle-multiple-login-attempts-chromium\error-context.md
]]>
</failure>
<system-out>
<![CDATA[
[[ATTACHMENT|test-results\login-Login-Functionality--ed6b7-dle-multiple-login-attempts-chromium\test-failed-1.png]]

[[ATTACHMENT|test-results\login-Login-Functionality--ed6b7-dle-multiple-login-attempts-chromium\video.webm]]

[[ATTACHMENT|test-results\login-Login-Functionality--ed6b7-dle-multiple-login-attempts-chromium\error-context.md]]
]]>
</system-out>
</testcase>
<testcase name="Login Functionality › should redirect to intended page after login" classname="login.spec.js" time="4.232">
</testcase>
</testsuite>
<testsuite name="navigation.spec.js" timestamp="2025-07-15T18:27:52.044Z" hostname="chromium" tests="16" failures="9" skipped="0" time="114.868" errors="0">
<testcase name="Navigation and UI Elements › should display all main navigation elements" classname="navigation.spec.js" time="7.277">
<failure message="navigation.spec.js:13:3 should display all main navigation elements" type="FAILURE">
<![CDATA[  [chromium] › navigation.spec.js:13:3 › Navigation and UI Elements › should display all main navigation elements 

    Error: Timed out 5000ms waiting for expect(locator).toBeVisible()

    Locator: locator('.logo')
    Expected: visible
    Received: <element(s) not found>
    Call log:
      - Expect "toBeVisible" with timeout 5000ms
      - waiting for locator('.logo')


      13 |   test('should display all main navigation elements', async ({ page }) => {
      14 |     // Check header elements
    > 15 |     await expect(homePage.logo).toBeVisible();
         |                                 ^
      16 |     await expect(homePage.searchBox).toBeVisible();
      17 |     await expect(homePage.searchButton).toBeVisible();
      18 |     await expect(homePage.registerLink).toBeVisible();
        at E:\Automate\tests\navigation.spec.js:15:33

    attachment #1: screenshot (image/png) ──────────────────────────────────────────────────────────
    ..\test-results\navigation-Navigation-and--070aa-ll-main-navigation-elements-chromium\test-failed-1.png
    ────────────────────────────────────────────────────────────────────────────────────────────────

    attachment #2: video (video/webm) ──────────────────────────────────────────────────────────────
    ..\test-results\navigation-Navigation-and--070aa-ll-main-navigation-elements-chromium\video.webm
    ────────────────────────────────────────────────────────────────────────────────────────────────

    Error Context: ..\test-results\navigation-Navigation-and--070aa-ll-main-navigation-elements-chromium\error-context.md
]]>
</failure>
<system-out>
<![CDATA[
[[ATTACHMENT|test-results\navigation-Navigation-and--070aa-ll-main-navigation-elements-chromium\test-failed-1.png]]

[[ATTACHMENT|test-results\navigation-Navigation-and--070aa-ll-main-navigation-elements-chromium\video.webm]]

[[ATTACHMENT|test-results\navigation-Navigation-and--070aa-ll-main-navigation-elements-chromium\error-context.md]]
]]>
</system-out>
</testcase>
<testcase name="Navigation and UI Elements › should navigate to all main categories" classname="navigation.spec.js" time="7.534">
<failure message="navigation.spec.js:26:3 should navigate to all main categories" type="FAILURE">
<![CDATA[  [chromium] › navigation.spec.js:26:3 › Navigation and UI Elements › should navigate to all main categories 

    Error: Timed out 5000ms waiting for expect(locator).toBeVisible()

    Locator: locator('.category-title, .page-title')
    Expected: visible
    Received: <element(s) not found>
    Call log:
      - Expect "toBeVisible" with timeout 5000ms
      - waiting for locator('.category-title, .page-title')


      32 |       
      33 |       // Verify navigation
    > 34 |       await expect(page.locator('.category-title, .page-title')).toBeVisible();
         |                                                                  ^
      35 |       
      36 |       // Go back to home
      37 |       await homePage.goto();
        at E:\Automate\tests\navigation.spec.js:34:66

    attachment #1: screenshot (image/png) ──────────────────────────────────────────────────────────
    ..\test-results\navigation-Navigation-and--7ef3f-gate-to-all-main-categories-chromium\test-failed-1.png
    ────────────────────────────────────────────────────────────────────────────────────────────────

    attachment #2: video (video/webm) ──────────────────────────────────────────────────────────────
    ..\test-results\navigation-Navigation-and--7ef3f-gate-to-all-main-categories-chromium\video.webm
    ────────────────────────────────────────────────────────────────────────────────────────────────

    Error Context: ..\test-results\navigation-Navigation-and--7ef3f-gate-to-all-main-categories-chromium\error-context.md
]]>
</failure>
<system-out>
<![CDATA[
[[ATTACHMENT|test-results\navigation-Navigation-and--7ef3f-gate-to-all-main-categories-chromium\test-failed-1.png]]

[[ATTACHMENT|test-results\navigation-Navigation-and--7ef3f-gate-to-all-main-categories-chromium\video.webm]]

[[ATTACHMENT|test-results\navigation-Navigation-and--7ef3f-gate-to-all-main-categories-chromium\error-context.md]]
]]>
</system-out>
</testcase>
<testcase name="Navigation and UI Elements › should display footer information" classname="navigation.spec.js" time="6.574">
</testcase>
<testcase name="Navigation and UI Elements › should navigate to information pages" classname="navigation.spec.js" time="3.835">
</testcase>
<testcase name="Navigation and UI Elements › should display currency selector" classname="navigation.spec.js" time="12.743">
<failure message="navigation.spec.js:70:3 should display currency selector" type="FAILURE">
<![CDATA[  [chromium] › navigation.spec.js:70:3 › Navigation and UI Elements › should display currency selector 

    Error: Timed out 5000ms waiting for expect(locator).toBeVisible()

    Locator: locator('.currency-dropdown')
    Expected: visible
    Received: <element(s) not found>
    Call log:
      - Expect "toBeVisible" with timeout 5000ms
      - waiting for locator('.currency-dropdown')


      77 |       // Test currency selection
      78 |       await currencySelector.click();
    > 79 |       await expect(page.locator('.currency-dropdown')).toBeVisible();
         |                                                        ^
      80 |     }
      81 |   });
      82 |
        at E:\Automate\tests\navigation.spec.js:79:56

    attachment #1: screenshot (image/png) ──────────────────────────────────────────────────────────
    ..\test-results\navigation-Navigation-and--7a783-d-display-currency-selector-chromium\test-failed-1.png
    ────────────────────────────────────────────────────────────────────────────────────────────────

    attachment #2: video (video/webm) ──────────────────────────────────────────────────────────────
    ..\test-results\navigation-Navigation-and--7a783-d-display-currency-selector-chromium\video.webm
    ────────────────────────────────────────────────────────────────────────────────────────────────

    Error Context: ..\test-results\navigation-Navigation-and--7a783-d-display-currency-selector-chromium\error-context.md
]]>
</failure>
<system-out>
<![CDATA[
[[ATTACHMENT|test-results\navigation-Navigation-and--7a783-d-display-currency-selector-chromium\test-failed-1.png]]

[[ATTACHMENT|test-results\navigation-Navigation-and--7a783-d-display-currency-selector-chromium\video.webm]]

[[ATTACHMENT|test-results\navigation-Navigation-and--7a783-d-display-currency-selector-chromium\error-context.md]]
]]>
</system-out>
</testcase>
<testcase name="Navigation and UI Elements › should display language selector" classname="navigation.spec.js" time="1.067">
</testcase>
<testcase name="Navigation and UI Elements › should display recently viewed products" classname="navigation.spec.js" time="31.254">
<failure message="navigation.spec.js:92:3 should display recently viewed products" type="FAILURE">
<![CDATA[  [chromium] › navigation.spec.js:92:3 › Navigation and UI Elements › should display recently viewed products 

    Test timeout of 30000ms exceeded.

    Error: page.waitForLoadState: Test timeout of 30000ms exceeded.
    =========================== logs ===========================
      "domcontentloaded" event fired
      "load" event fired
    ============================================================

      94 |     await homePage.search(testData.products.laptop);
      95 |     await page.locator('.product-title a').first().click();
    > 96 |     await page.waitForLoadState('networkidle');
         |                ^
      97 |     
      98 |     // Go back to home
      99 |     await homePage.goto();
        at E:\Automate\tests\navigation.spec.js:96:16

    attachment #1: screenshot (image/png) ──────────────────────────────────────────────────────────
    ..\test-results\navigation-Navigation-and--d8305-ay-recently-viewed-products-chromium\test-failed-1.png
    ────────────────────────────────────────────────────────────────────────────────────────────────

    attachment #2: video (video/webm) ──────────────────────────────────────────────────────────────
    ..\test-results\navigation-Navigation-and--d8305-ay-recently-viewed-products-chromium\video.webm
    ────────────────────────────────────────────────────────────────────────────────────────────────

    Error Context: ..\test-results\navigation-Navigation-and--d8305-ay-recently-viewed-products-chromium\error-context.md
]]>
</failure>
<system-out>
<![CDATA[
[[ATTACHMENT|test-results\navigation-Navigation-and--d8305-ay-recently-viewed-products-chromium\test-failed-1.png]]

[[ATTACHMENT|test-results\navigation-Navigation-and--d8305-ay-recently-viewed-products-chromium\video.webm]]

[[ATTACHMENT|test-results\navigation-Navigation-and--d8305-ay-recently-viewed-products-chromium\error-context.md]]
]]>
</system-out>
</testcase>
<testcase name="Navigation and UI Elements › should display featured products on homepage" classname="navigation.spec.js" time="1.746">
<failure message="navigation.spec.js:110:3 should display featured products on homepage" type="FAILURE">
<![CDATA[  [chromium] › navigation.spec.js:110:3 › Navigation and UI Elements › should display featured products on homepage 

    Error: locator._expect: expectedNumber: expected number, got object

      109 |
      110 |   test('should display featured products on homepage', async ({ page }) => {
    > 111 |     await expect(homePage.featuredProducts).toHaveCount({ min: 1 });
          |                                             ^
      112 |     
      113 |     // Check first featured product
      114 |     const firstProduct = homePage.featuredProducts.first();
        at E:\Automate\tests\navigation.spec.js:111:45

    attachment #1: screenshot (image/png) ──────────────────────────────────────────────────────────
    ..\test-results\navigation-Navigation-and--19699-atured-products-on-homepage-chromium\test-failed-1.png
    ────────────────────────────────────────────────────────────────────────────────────────────────

    attachment #2: video (video/webm) ──────────────────────────────────────────────────────────────
    ..\test-results\navigation-Navigation-and--19699-atured-products-on-homepage-chromium\video.webm
    ────────────────────────────────────────────────────────────────────────────────────────────────

    Error Context: ..\test-results\navigation-Navigation-and--19699-atured-products-on-homepage-chromium\error-context.md
]]>
</failure>
<system-out>
<![CDATA[
[[ATTACHMENT|test-results\navigation-Navigation-and--19699-atured-products-on-homepage-chromium\test-failed-1.png]]

[[ATTACHMENT|test-results\navigation-Navigation-and--19699-atured-products-on-homepage-chromium\video.webm]]

[[ATTACHMENT|test-results\navigation-Navigation-and--19699-atured-products-on-homepage-chromium\error-context.md]]
]]>
</system-out>
</testcase>
<testcase name="Navigation and UI Elements › should handle responsive design elements" classname="navigation.spec.js" time="1.063">
</testcase>
<testcase name="Navigation and UI Elements › should display social media links" classname="navigation.spec.js" time="1.451">
</testcase>
<testcase name="Navigation and UI Elements › should display newsletter signup" classname="navigation.spec.js" time="1.736">
</testcase>
<testcase name="Navigation and UI Elements › should handle breadcrumb navigation" classname="navigation.spec.js" time="1.668">
<failure message="navigation.spec.js:157:3 should handle breadcrumb navigation" type="FAILURE">
<![CDATA[  [chromium] › navigation.spec.js:157:3 › Navigation and UI Elements › should handle breadcrumb navigation 

    Error: locator.click: Error: strict mode violation: locator('.top-menu a').filter({ hasText: 'Computers' }) resolved to 2 elements:
        1) <a href="/computers">Computers </a> aka getByRole('link', { name: 'Computers' })
        2) <a href="/computers">Computers </a> aka getByText('Computers').nth(1)

    Call log:
      - waiting for locator('.top-menu a').filter({ hasText: 'Computers' })


       at ..\page-objects\HomePage.js:24

      22 |
      23 |   async clickCategory(categoryName) {
    > 24 |     await this.categories.filter({ hasText: categoryName }).click();
         |                                                             ^
      25 |   }
      26 |
      27 |   async clickFeaturedProduct(index = 0) {
        at HomePage.clickCategory (E:\Automate\page-objects\HomePage.js:24:61)
        at E:\Automate\tests\navigation.spec.js:159:20

    attachment #1: screenshot (image/png) ──────────────────────────────────────────────────────────
    ..\test-results\navigation-Navigation-and--d9c4e-andle-breadcrumb-navigation-chromium\test-failed-1.png
    ────────────────────────────────────────────────────────────────────────────────────────────────

    attachment #2: video (video/webm) ──────────────────────────────────────────────────────────────
    ..\test-results\navigation-Navigation-and--d9c4e-andle-breadcrumb-navigation-chromium\video.webm
    ────────────────────────────────────────────────────────────────────────────────────────────────

    Error Context: ..\test-results\navigation-Navigation-and--d9c4e-andle-breadcrumb-navigation-chromium\error-context.md
]]>
</failure>
<system-out>
<![CDATA[
[[ATTACHMENT|test-results\navigation-Navigation-and--d9c4e-andle-breadcrumb-navigation-chromium\test-failed-1.png]]

[[ATTACHMENT|test-results\navigation-Navigation-and--d9c4e-andle-breadcrumb-navigation-chromium\video.webm]]

[[ATTACHMENT|test-results\navigation-Navigation-and--d9c4e-andle-breadcrumb-navigation-chromium\error-context.md]]
]]>
</system-out>
</testcase>
<testcase name="Navigation and UI Elements › should display page loading indicators" classname="navigation.spec.js" time="1.608">
<failure message="navigation.spec.js:174:3 should display page loading indicators" type="FAILURE">
<![CDATA[  [chromium] › navigation.spec.js:174:3 › Navigation and UI Elements › should display page loading indicators 

    Error: locator.click: Error: strict mode violation: locator('.top-menu a').filter({ hasText: 'Computers' }) resolved to 2 elements:
        1) <a href="/computers">Computers </a> aka getByRole('link', { name: 'Computers' })
        2) <a href="/computers">Computers </a> aka getByText('Computers').nth(1)

    Call log:
      - waiting for locator('.top-menu a').filter({ hasText: 'Computers' })


       at ..\page-objects\HomePage.js:24

      22 |
      23 |   async clickCategory(categoryName) {
    > 24 |     await this.categories.filter({ hasText: categoryName }).click();
         |                                                             ^
      25 |   }
      26 |
      27 |   async clickFeaturedProduct(index = 0) {
        at HomePage.clickCategory (E:\Automate\page-objects\HomePage.js:24:61)
        at E:\Automate\tests\navigation.spec.js:176:20

    attachment #1: screenshot (image/png) ──────────────────────────────────────────────────────────
    ..\test-results\navigation-Navigation-and--8b733-lay-page-loading-indicators-chromium\test-failed-1.png
    ────────────────────────────────────────────────────────────────────────────────────────────────

    attachment #2: video (video/webm) ──────────────────────────────────────────────────────────────
    ..\test-results\navigation-Navigation-and--8b733-lay-page-loading-indicators-chromium\video.webm
    ────────────────────────────────────────────────────────────────────────────────────────────────

    Error Context: ..\test-results\navigation-Navigation-and--8b733-lay-page-loading-indicators-chromium\error-context.md
]]>
</failure>
<system-out>
<![CDATA[
[[ATTACHMENT|test-results\navigation-Navigation-and--8b733-lay-page-loading-indicators-chromium\test-failed-1.png]]

[[ATTACHMENT|test-results\navigation-Navigation-and--8b733-lay-page-loading-indicators-chromium\video.webm]]

[[ATTACHMENT|test-results\navigation-Navigation-and--8b733-lay-page-loading-indicators-chromium\error-context.md]]
]]>
</system-out>
</testcase>
<testcase name="Navigation and UI Elements › should handle search box autocomplete" classname="navigation.spec.js" time="2.253">
</testcase>
<testcase name="Navigation and UI Elements › should display mini shopping cart" classname="navigation.spec.js" time="31.632">
<failure message="navigation.spec.js:203:3 should display mini shopping cart" type="FAILURE">
<![CDATA[  [chromium] › navigation.spec.js:203:3 › Navigation and UI Elements › should display mini shopping cart 

    Test timeout of 30000ms exceeded.

    Error: locator.click: Test timeout of 30000ms exceeded.
    Call log:
      - waiting for locator('#add-to-cart-button-27')


      205 |     await homePage.search(testData.products.laptop);
      206 |     await page.locator('.product-title a').first().click();
    > 207 |     await page.locator('#add-to-cart-button-27').click();
          |                                                  ^
      208 |     
      209 |     // Check mini cart
      210 |     const miniCart = page.locator('.mini-shopping-cart');
        at E:\Automate\tests\navigation.spec.js:207:50

    attachment #1: screenshot (image/png) ──────────────────────────────────────────────────────────
    ..\test-results\navigation-Navigation-and--a9659--display-mini-shopping-cart-chromium\test-failed-1.png
    ────────────────────────────────────────────────────────────────────────────────────────────────

    attachment #2: video (video/webm) ──────────────────────────────────────────────────────────────
    ..\test-results\navigation-Navigation-and--a9659--display-mini-shopping-cart-chromium\video.webm
    ────────────────────────────────────────────────────────────────────────────────────────────────

    Error Context: ..\test-results\navigation-Navigation-and--a9659--display-mini-shopping-cart-chromium\error-context.md
]]>
</failure>
<system-out>
<![CDATA[
[[ATTACHMENT|test-results\navigation-Navigation-and--a9659--display-mini-shopping-cart-chromium\test-failed-1.png]]

[[ATTACHMENT|test-results\navigation-Navigation-and--a9659--display-mini-shopping-cart-chromium\video.webm]]

[[ATTACHMENT|test-results\navigation-Navigation-and--a9659--display-mini-shopping-cart-chromium\error-context.md]]
]]>
</system-out>
</testcase>
<testcase name="Navigation and UI Elements › should display page title correctly" classname="navigation.spec.js" time="1.427">
<failure message="navigation.spec.js:218:3 should display page title correctly" type="FAILURE">
<![CDATA[  [chromium] › navigation.spec.js:218:3 › Navigation and UI Elements › should display page title correctly 

    Error: locator.click: Error: strict mode violation: locator('.top-menu a').filter({ hasText: 'Computers' }) resolved to 2 elements:
        1) <a href="/computers">Computers </a> aka getByRole('link', { name: 'Computers' })
        2) <a href="/computers">Computers </a> aka getByText('Computers').nth(1)

    Call log:
      - waiting for locator('.top-menu a').filter({ hasText: 'Computers' })


       at ..\page-objects\HomePage.js:24

      22 |
      23 |   async clickCategory(categoryName) {
    > 24 |     await this.categories.filter({ hasText: categoryName }).click();
         |                                                             ^
      25 |   }
      26 |
      27 |   async clickFeaturedProduct(index = 0) {
        at HomePage.clickCategory (E:\Automate\page-objects\HomePage.js:24:61)
        at E:\Automate\tests\navigation.spec.js:223:20

    attachment #1: screenshot (image/png) ──────────────────────────────────────────────────────────
    ..\test-results\navigation-Navigation-and--b34ad-isplay-page-title-correctly-chromium\test-failed-1.png
    ────────────────────────────────────────────────────────────────────────────────────────────────

    attachment #2: video (video/webm) ──────────────────────────────────────────────────────────────
    ..\test-results\navigation-Navigation-and--b34ad-isplay-page-title-correctly-chromium\video.webm
    ────────────────────────────────────────────────────────────────────────────────────────────────

    Error Context: ..\test-results\navigation-Navigation-and--b34ad-isplay-page-title-correctly-chromium\error-context.md
]]>
</failure>
<system-out>
<![CDATA[
[[ATTACHMENT|test-results\navigation-Navigation-and--b34ad-isplay-page-title-correctly-chromium\test-failed-1.png]]

[[ATTACHMENT|test-results\navigation-Navigation-and--b34ad-isplay-page-title-correctly-chromium\video.webm]]

[[ATTACHMENT|test-results\navigation-Navigation-and--b34ad-isplay-page-title-correctly-chromium\error-context.md]]
]]>
</system-out>
</testcase>
</testsuite>
<testsuite name="product.spec.js" timestamp="2025-07-15T18:27:52.044Z" hostname="chromium" tests="9" failures="8" skipped="0" time="228.655" errors="0">
<testcase name="Product Management › should display product details correctly" classname="product.spec.js" time="30.742">
<failure message="product.spec.js:19:3 should display product details correctly" type="FAILURE">
<![CDATA[  [chromium] › product.spec.js:19:3 › Product Management › should display product details correctly 

    Test timeout of 30000ms exceeded.

    Error: locator.click: Test timeout of 30000ms exceeded.
    Call log:
      - waiting for locator('.product-title a').first()


      22 |     
      23 |     // Click on first product
    > 24 |     await page.locator('.product-title a').first().click();
         |                                                    ^
      25 |     
      26 |     // Verify product page elements
      27 |     await expect(productPage.productTitle).toBeVisible();
        at E:\Automate\tests\product.spec.js:24:52

    attachment #1: screenshot (image/png) ──────────────────────────────────────────────────────────
    ..\test-results\product-Product-Management-d14b8-y-product-details-correctly-chromium\test-failed-1.png
    ────────────────────────────────────────────────────────────────────────────────────────────────

    attachment #2: video (video/webm) ──────────────────────────────────────────────────────────────
    ..\test-results\product-Product-Management-d14b8-y-product-details-correctly-chromium\video.webm
    ────────────────────────────────────────────────────────────────────────────────────────────────

    Error Context: ..\test-results\product-Product-Management-d14b8-y-product-details-correctly-chromium\error-context.md
]]>
</failure>
<system-out>
<![CDATA[
[[ATTACHMENT|test-results\product-Product-Management-d14b8-y-product-details-correctly-chromium\test-failed-1.png]]

[[ATTACHMENT|test-results\product-Product-Management-d14b8-y-product-details-correctly-chromium\video.webm]]

[[ATTACHMENT|test-results\product-Product-Management-d14b8-y-product-details-correctly-chromium\error-context.md]]
]]>
</system-out>
</testcase>
<testcase name="Product Management › should add single product to cart" classname="product.spec.js" time="30.856">
<failure message="product.spec.js:34:3 should add single product to cart" type="FAILURE">
<![CDATA[  [chromium] › product.spec.js:34:3 › Product Management › should add single product to cart ───────

    Test timeout of 30000ms exceeded.

    Error: locator.click: Test timeout of 30000ms exceeded.
    Call log:
      - waiting for locator('#add-to-cart-button-27')


       at ..\page-objects\ProductPage.js:26

      24 |       await this.quantityInput.fill(quantity.toString());
      25 |     }
    > 26 |     await this.addToCartButton.click();
         |                                ^
      27 |   }
      28 |
      29 |   async addToWishlist() {
        at ProductPage.addToCart (E:\Automate\page-objects\ProductPage.js:26:32)
        at E:\Automate\tests\product.spec.js:38:23

    attachment #1: screenshot (image/png) ──────────────────────────────────────────────────────────
    ..\test-results\product-Product-Management-should-add-single-product-to-cart-chromium\test-failed-1.png
    ────────────────────────────────────────────────────────────────────────────────────────────────

    attachment #2: video (video/webm) ──────────────────────────────────────────────────────────────
    ..\test-results\product-Product-Management-should-add-single-product-to-cart-chromium\video.webm
    ────────────────────────────────────────────────────────────────────────────────────────────────

    Error Context: ..\test-results\product-Product-Management-should-add-single-product-to-cart-chromium\error-context.md
]]>
</failure>
<system-out>
<![CDATA[
[[ATTACHMENT|test-results\product-Product-Management-should-add-single-product-to-cart-chromium\test-failed-1.png]]

[[ATTACHMENT|test-results\product-Product-Management-should-add-single-product-to-cart-chromium\video.webm]]

[[ATTACHMENT|test-results\product-Product-Management-should-add-single-product-to-cart-chromium\error-context.md]]
]]>
</system-out>
</testcase>
<testcase name="Product Management › should add multiple quantities to cart" classname="product.spec.js" time="31.063">
<failure message="product.spec.js:49:3 should add multiple quantities to cart" type="FAILURE">
<![CDATA[  [chromium] › product.spec.js:49:3 › Product Management › should add multiple quantities to cart ──

    Test timeout of 30000ms exceeded.

    Error: locator.click: Test timeout of 30000ms exceeded.
    Call log:
      - waiting for locator('.product-title a').first()


      49 |   test('should add multiple quantities to cart', async ({ page }) => {
      50 |     await homePage.search(testData.products.laptop);
    > 51 |     await page.locator('.product-title a').first().click();
         |                                                    ^
      52 |     
      53 |     await productPage.addToCart(3);
      54 |     
        at E:\Automate\tests\product.spec.js:51:52

    attachment #1: screenshot (image/png) ──────────────────────────────────────────────────────────
    ..\test-results\product-Product-Management-74488-multiple-quantities-to-cart-chromium\test-failed-1.png
    ────────────────────────────────────────────────────────────────────────────────────────────────

    attachment #2: video (video/webm) ──────────────────────────────────────────────────────────────
    ..\test-results\product-Product-Management-74488-multiple-quantities-to-cart-chromium\video.webm
    ────────────────────────────────────────────────────────────────────────────────────────────────

    Error Context: ..\test-results\product-Product-Management-74488-multiple-quantities-to-cart-chromium\error-context.md
]]>
</failure>
<system-out>
<![CDATA[
[[ATTACHMENT|test-results\product-Product-Management-74488-multiple-quantities-to-cart-chromium\test-failed-1.png]]

[[ATTACHMENT|test-results\product-Product-Management-74488-multiple-quantities-to-cart-chromium\video.webm]]

[[ATTACHMENT|test-results\product-Product-Management-74488-multiple-quantities-to-cart-chromium\error-context.md]]
]]>
</system-out>
</testcase>
<testcase name="Product Management › should add product to wishlist" classname="product.spec.js" time="31.509">
<failure message="product.spec.js:63:3 should add product to wishlist" type="FAILURE">
<![CDATA[  [chromium] › product.spec.js:63:3 › Product Management › should add product to wishlist ──────────

    Test timeout of 30000ms exceeded.

    Error: locator.click: Test timeout of 30000ms exceeded.
    Call log:
      - waiting for locator('#add-to-wishlist-button-27')


       at ..\page-objects\ProductPage.js:30

      28 |
      29 |   async addToWishlist() {
    > 30 |     await this.addToWishlistButton.click();
         |                                    ^
      31 |   }
      32 |
      33 |   async addToCompare() {
        at ProductPage.addToWishlist (E:\Automate\page-objects\ProductPage.js:30:36)
        at E:\Automate\tests\product.spec.js:67:23

    attachment #1: screenshot (image/png) ──────────────────────────────────────────────────────────
    ..\test-results\product-Product-Management-should-add-product-to-wishlist-chromium\test-failed-1.png
    ────────────────────────────────────────────────────────────────────────────────────────────────

    attachment #2: video (video/webm) ──────────────────────────────────────────────────────────────
    ..\test-results\product-Product-Management-should-add-product-to-wishlist-chromium\video.webm
    ────────────────────────────────────────────────────────────────────────────────────────────────

    Error Context: ..\test-results\product-Product-Management-should-add-product-to-wishlist-chromium\error-context.md
]]>
</failure>
<system-out>
<![CDATA[
[[ATTACHMENT|test-results\product-Product-Management-should-add-product-to-wishlist-chromium\test-failed-1.png]]

[[ATTACHMENT|test-results\product-Product-Management-should-add-product-to-wishlist-chromium\video.webm]]

[[ATTACHMENT|test-results\product-Product-Management-should-add-product-to-wishlist-chromium\error-context.md]]
]]>
</system-out>
</testcase>
<testcase name="Product Management › should add product to compare list" classname="product.spec.js" time="31.991">
<failure message="product.spec.js:74:3 should add product to compare list" type="FAILURE">
<![CDATA[  [chromium] › product.spec.js:74:3 › Product Management › should add product to compare list ──────

    Test timeout of 30000ms exceeded.

    Error: locator.click: Test timeout of 30000ms exceeded.
    Call log:
      - waiting for locator('.product-title a').first()


      74 |   test('should add product to compare list', async ({ page }) => {
      75 |     await homePage.search(testData.products.laptop);
    > 76 |     await page.locator('.product-title a').first().click();
         |                                                    ^
      77 |     
      78 |     await productPage.addToCompare();
      79 |     
        at E:\Automate\tests\product.spec.js:76:52

    attachment #1: screenshot (image/png) ──────────────────────────────────────────────────────────
    ..\test-results\product-Product-Management-2a233-add-product-to-compare-list-chromium\test-failed-1.png
    ────────────────────────────────────────────────────────────────────────────────────────────────

    attachment #2: video (video/webm) ──────────────────────────────────────────────────────────────
    ..\test-results\product-Product-Management-2a233-add-product-to-compare-list-chromium\video.webm
    ────────────────────────────────────────────────────────────────────────────────────────────────

    Error Context: ..\test-results\product-Product-Management-2a233-add-product-to-compare-list-chromium\error-context.md
]]>
</failure>
<system-out>
<![CDATA[
[[ATTACHMENT|test-results\product-Product-Management-2a233-add-product-to-compare-list-chromium\test-failed-1.png]]

[[ATTACHMENT|test-results\product-Product-Management-2a233-add-product-to-compare-list-chromium\video.webm]]

[[ATTACHMENT|test-results\product-Product-Management-2a233-add-product-to-compare-list-chromium\error-context.md]]
]]>
</system-out>
</testcase>
<testcase name="Product Management › should display product reviews section" classname="product.spec.js" time="5.026">
<failure message="product.spec.js:85:3 should display product reviews section" type="FAILURE">
<![CDATA[  [chromium] › product.spec.js:85:3 › Product Management › should display product reviews section ──

    Error: locator.click: Error: strict mode violation: locator('text=Reviews') resolved to 2 elements:
        1) <strong>Existing reviews</strong> aka getByText('Existing reviews')
        2) <div class="result review-already-added">Only registered users can write reviews</div> aka getByText('Only registered users can')

    Call log:
      - waiting for locator('text=Reviews')


       at ..\page-objects\ProductPage.js:62

      60 |
      61 |   async clickReviewsTab() {
    > 62 |     await this.reviewsTab.click();
         |                           ^
      63 |   }
      64 |
      65 |   async clickWriteReview() {
        at ProductPage.clickReviewsTab (E:\Automate\page-objects\ProductPage.js:62:27)
        at E:\Automate\tests\product.spec.js:89:23

    attachment #1: screenshot (image/png) ──────────────────────────────────────────────────────────
    ..\test-results\product-Product-Management-6d03a-lay-product-reviews-section-chromium\test-failed-1.png
    ────────────────────────────────────────────────────────────────────────────────────────────────

    attachment #2: video (video/webm) ──────────────────────────────────────────────────────────────
    ..\test-results\product-Product-Management-6d03a-lay-product-reviews-section-chromium\video.webm
    ────────────────────────────────────────────────────────────────────────────────────────────────

    Error Context: ..\test-results\product-Product-Management-6d03a-lay-product-reviews-section-chromium\error-context.md
]]>
</failure>
<system-out>
<![CDATA[
[[ATTACHMENT|test-results\product-Product-Management-6d03a-lay-product-reviews-section-chromium\test-failed-1.png]]

[[ATTACHMENT|test-results\product-Product-Management-6d03a-lay-product-reviews-section-chromium\video.webm]]

[[ATTACHMENT|test-results\product-Product-Management-6d03a-lay-product-reviews-section-chromium\error-context.md]]
]]>
</system-out>
</testcase>
<testcase name="Product Management › should handle email to friend functionality" classname="product.spec.js" time="33.001">
<failure message="product.spec.js:93:3 should handle email to friend functionality" type="FAILURE">
<![CDATA[  [chromium] › product.spec.js:93:3 › Product Management › should handle email to friend functionality 

    Test timeout of 30000ms exceeded.

    Error: locator.click: Test timeout of 30000ms exceeded.
    Call log:
      - waiting for locator('.email-a-friend-button')


       at ..\page-objects\ProductPage.js:38

      36 |
      37 |   async emailToFriend() {
    > 38 |     await this.emailFriendButton.click();
         |                                  ^
      39 |   }
      40 |
      41 |   async closeNotification() {
        at ProductPage.emailToFriend (E:\Automate\page-objects\ProductPage.js:38:34)
        at E:\Automate\tests\product.spec.js:97:23

    attachment #1: screenshot (image/png) ──────────────────────────────────────────────────────────
    ..\test-results\product-Product-Management-49f55-ail-to-friend-functionality-chromium\test-failed-1.png
    ────────────────────────────────────────────────────────────────────────────────────────────────

    attachment #2: video (video/webm) ──────────────────────────────────────────────────────────────
    ..\test-results\product-Product-Management-49f55-ail-to-friend-functionality-chromium\video.webm
    ────────────────────────────────────────────────────────────────────────────────────────────────

    Error Context: ..\test-results\product-Product-Management-49f55-ail-to-friend-functionality-chromium\error-context.md
]]>
</failure>
<system-out>
<![CDATA[
[[ATTACHMENT|test-results\product-Product-Management-49f55-ail-to-friend-functionality-chromium\test-failed-1.png]]

[[ATTACHMENT|test-results\product-Product-Management-49f55-ail-to-friend-functionality-chromium\video.webm]]

[[ATTACHMENT|test-results\product-Product-Management-49f55-ail-to-friend-functionality-chromium\error-context.md]]
]]>
</system-out>
</testcase>
<testcase name="Product Management › should display product specifications" classname="product.spec.js" time="2.175">
</testcase>
<testcase name="Product Management › should handle out of stock products" classname="product.spec.js" time="32.292">
<failure message="product.spec.js:114:3 should handle out of stock products" type="FAILURE">
<![CDATA[  [chromium] › product.spec.js:114:3 › Product Management › should handle out of stock products ────

    Test timeout of 30000ms exceeded.

    Error: locator.click: Test timeout of 30000ms exceeded.
    Call log:
      - waiting for locator('.product-title a').first()


      116 |     // For demo purposes, we'll check if the add to cart button changes
      117 |     await homePage.search('gift card');
    > 118 |     await page.locator('.product-title a').first().click();
          |                                                    ^
      119 |     
      120 |     // Check if add to cart button is available
      121 |     const addToCartVisible = await productPage.isAddToCartButtonVisible();
        at E:\Automate\tests\product.spec.js:118:52

    attachment #1: screenshot (image/png) ──────────────────────────────────────────────────────────
    ..\test-results\product-Product-Management-49a2b-andle-out-of-stock-products-chromium\test-failed-1.png
    ────────────────────────────────────────────────────────────────────────────────────────────────

    attachment #2: video (video/webm) ──────────────────────────────────────────────────────────────
    ..\test-results\product-Product-Management-49a2b-andle-out-of-stock-products-chromium\video.webm
    ────────────────────────────────────────────────────────────────────────────────────────────────

    Error Context: ..\test-results\product-Product-Management-49a2b-andle-out-of-stock-products-chromium\error-context.md
]]>
</failure>
<system-out>
<![CDATA[
[[ATTACHMENT|test-results\product-Product-Management-49a2b-andle-out-of-stock-products-chromium\test-failed-1.png]]

[[ATTACHMENT|test-results\product-Product-Management-49a2b-andle-out-of-stock-products-chromium\video.webm]]

[[ATTACHMENT|test-results\product-Product-Management-49a2b-andle-out-of-stock-products-chromium\error-context.md]]
]]>
</system-out>
</testcase>
</testsuite>
<testsuite name="registration.spec.js" timestamp="2025-07-15T18:27:52.044Z" hostname="chromium" tests="11" failures="4" skipped="0" time="40.542" errors="0">
<testcase name="User Registration › should display registration page elements" classname="registration.spec.js" time="1.842">
</testcase>
<testcase name="User Registration › should show validation errors for empty fields" classname="registration.spec.js" time="2.611">
<failure message="registration.spec.js:25:3 should show validation errors for empty fields" type="FAILURE">
<![CDATA[  [chromium] › registration.spec.js:25:3 › User Registration › should show validation errors for empty fields 

    Error: locator._expect: expectedNumber: expected number, got object

      28 |     
      29 |     // Check for validation errors
    > 30 |     await expect(page.locator('.field-validation-error')).toHaveCount({ min: 1 });
         |                                                           ^
      31 |   });
      32 |
      33 |   test('should complete successful registration', async ({ page }) => {
        at E:\Automate\tests\registration.spec.js:30:59

    attachment #1: screenshot (image/png) ──────────────────────────────────────────────────────────
    ..\test-results\registration-User-Registra-b47b0-ion-errors-for-empty-fields-chromium\test-failed-1.png
    ────────────────────────────────────────────────────────────────────────────────────────────────

    attachment #2: video (video/webm) ──────────────────────────────────────────────────────────────
    ..\test-results\registration-User-Registra-b47b0-ion-errors-for-empty-fields-chromium\video.webm
    ────────────────────────────────────────────────────────────────────────────────────────────────

    Error Context: ..\test-results\registration-User-Registra-b47b0-ion-errors-for-empty-fields-chromium\error-context.md
]]>
</failure>
<system-out>
<![CDATA[
[[ATTACHMENT|test-results\registration-User-Registra-b47b0-ion-errors-for-empty-fields-chromium\test-failed-1.png]]

[[ATTACHMENT|test-results\registration-User-Registra-b47b0-ion-errors-for-empty-fields-chromium\video.webm]]

[[ATTACHMENT|test-results\registration-User-Registra-b47b0-ion-errors-for-empty-fields-chromium\error-context.md]]
]]>
</system-out>
</testcase>
<testcase name="User Registration › should complete successful registration" classname="registration.spec.js" time="2.678">
</testcase>
<testcase name="User Registration › should validate password confirmation" classname="registration.spec.js" time="2.119">
</testcase>
<testcase name="User Registration › should validate email format" classname="registration.spec.js" time="2.181">
</testcase>
<testcase name="User Registration › should validate password strength" classname="registration.spec.js" time="2.073">
</testcase>
<testcase name="User Registration › should handle existing email registration" classname="registration.spec.js" time="9.196">
<failure message="registration.spec.js:95:3 should handle existing email registration" type="FAILURE">
<![CDATA[  [chromium] › registration.spec.js:95:3 › User Registration › should handle existing email registration 

    Error: Timed out 5000ms waiting for expect(locator).toBeVisible()

    Locator: locator('.validation-summary-errors, .field-validation-error')
    Expected: visible
    Received: <element(s) not found>
    Call log:
      - Expect "toBeVisible" with timeout 5000ms
      - waiting for locator('.validation-summary-errors, .field-validation-error')


      106 |     
      107 |     // Check for duplicate email error
    > 108 |     await expect(page.locator('.validation-summary-errors, .field-validation-error')).toBeVisible();
          |                                                                                       ^
      109 |   });
      110 |
      111 |   test('should handle optional fields', async ({ page }) => {
        at E:\Automate\tests\registration.spec.js:108:87

    attachment #1: screenshot (image/png) ──────────────────────────────────────────────────────────
    ..\test-results\registration-User-Registra-68ac2-existing-email-registration-chromium\test-failed-1.png
    ────────────────────────────────────────────────────────────────────────────────────────────────

    attachment #2: video (video/webm) ──────────────────────────────────────────────────────────────
    ..\test-results\registration-User-Registra-68ac2-existing-email-registration-chromium\video.webm
    ────────────────────────────────────────────────────────────────────────────────────────────────

    Error Context: ..\test-results\registration-User-Registra-68ac2-existing-email-registration-chromium\error-context.md
]]>
</failure>
<system-out>
<![CDATA[
[[ATTACHMENT|test-results\registration-User-Registra-68ac2-existing-email-registration-chromium\test-failed-1.png]]

[[ATTACHMENT|test-results\registration-User-Registra-68ac2-existing-email-registration-chromium\video.webm]]

[[ATTACHMENT|test-results\registration-User-Registra-68ac2-existing-email-registration-chromium\error-context.md]]
]]>
</system-out>
</testcase>
<testcase name="User Registration › should handle optional fields" classname="registration.spec.js" time="7.296">
<failure message="registration.spec.js:111:3 should handle optional fields" type="FAILURE">
<![CDATA[  [chromium] › registration.spec.js:111:3 › User Registration › should handle optional fields ──────

    Error: Timed out 5000ms waiting for expect(locator).toBeVisible()

    Locator: locator('.result, .registration-result')
    Expected: visible
    Received: <element(s) not found>
    Call log:
      - Expect "toBeVisible" with timeout 5000ms
      - waiting for locator('.result, .registration-result')


      145 |     
      146 |     // Check for successful registration
    > 147 |     await expect(page.locator('.result, .registration-result')).toBeVisible();
          |                                                                 ^
      148 |   });
      149 |
      150 |   test('should validate required field marking', async ({ page }) => {
        at E:\Automate\tests\registration.spec.js:147:65

    attachment #1: screenshot (image/png) ──────────────────────────────────────────────────────────
    ..\test-results\registration-User-Registration-should-handle-optional-fields-chromium\test-failed-1.png
    ────────────────────────────────────────────────────────────────────────────────────────────────

    attachment #2: video (video/webm) ──────────────────────────────────────────────────────────────
    ..\test-results\registration-User-Registration-should-handle-optional-fields-chromium\video.webm
    ────────────────────────────────────────────────────────────────────────────────────────────────

    Error Context: ..\test-results\registration-User-Registration-should-handle-optional-fields-chromium\error-context.md
]]>
</failure>
<system-out>
<![CDATA[
[[ATTACHMENT|test-results\registration-User-Registration-should-handle-optional-fields-chromium\test-failed-1.png]]

[[ATTACHMENT|test-results\registration-User-Registration-should-handle-optional-fields-chromium\video.webm]]

[[ATTACHMENT|test-results\registration-User-Registration-should-handle-optional-fields-chromium\error-context.md]]
]]>
</system-out>
</testcase>
<testcase name="User Registration › should validate required field marking" classname="registration.spec.js" time="6.923">
<failure message="registration.spec.js:150:3 should validate required field marking" type="FAILURE">
<![CDATA[  [chromium] › registration.spec.js:150:3 › User Registration › should validate required field marking 

    Error: Timed out 5000ms waiting for expect(locator).toContainText(expected)

    Locator: locator('label[for="FirstName"]')
    Expected string: "*"
    Received string: "First name:"
    Call log:
      - Expect "toContainText" with timeout 5000ms
      - waiting for locator('label[for="FirstName"]')
        9 × locator resolved to <label for="FirstName">First name:</label>
          - unexpected value "First name:"


      152 |     
      153 |     // Check if required fields are marked with asterisk
    > 154 |     await expect(page.locator('label[for="FirstName"]')).toContainText('*');
          |                                                          ^
      155 |     await expect(page.locator('label[for="LastName"]')).toContainText('*');
      156 |     await expect(page.locator('label[for="Email"]')).toContainText('*');
      157 |     await expect(page.locator('label[for="Password"]')).toContainText('*');
        at E:\Automate\tests\registration.spec.js:154:58

    attachment #1: screenshot (image/png) ──────────────────────────────────────────────────────────
    ..\test-results\registration-User-Registra-f8790-date-required-field-marking-chromium\test-failed-1.png
    ────────────────────────────────────────────────────────────────────────────────────────────────

    attachment #2: video (video/webm) ──────────────────────────────────────────────────────────────
    ..\test-results\registration-User-Registra-f8790-date-required-field-marking-chromium\video.webm
    ────────────────────────────────────────────────────────────────────────────────────────────────

    Error Context: ..\test-results\registration-User-Registra-f8790-date-required-field-marking-chromium\error-context.md
]]>
</failure>
<system-out>
<![CDATA[
[[ATTACHMENT|test-results\registration-User-Registra-f8790-date-required-field-marking-chromium\test-failed-1.png]]

[[ATTACHMENT|test-results\registration-User-Registra-f8790-date-required-field-marking-chromium\video.webm]]

[[ATTACHMENT|test-results\registration-User-Registra-f8790-date-required-field-marking-chromium\error-context.md]]
]]>
</system-out>
</testcase>
<testcase name="User Registration › should handle terms and conditions" classname="registration.spec.js" time="1.842">
</testcase>
<testcase name="User Registration › should handle privacy policy link" classname="registration.spec.js" time="1.781">
</testcase>
</testsuite>
<testsuite name="search-enhanced.spec.js" timestamp="2025-07-15T18:27:52.044Z" hostname="chromium" tests="15" failures="8" skipped="0" time="167.775" errors="0">
<testcase name="Enhanced Search Functionality › should search with multiple valid terms" classname="search-enhanced.spec.js" time="8.046">
<failure message="search-enhanced.spec.js:13:3 should search with multiple valid terms" type="FAILURE">
<![CDATA[  [chromium] › search-enhanced.spec.js:13:3 › Enhanced Search Functionality › should search with multiple valid terms 

    Error: Timed out 5000ms waiting for expect(locator).toBeVisible()

    Locator: locator('.search-results')
    Expected: visible
    Received: <element(s) not found>
    Call log:
      - Expect "toBeVisible" with timeout 5000ms
      - waiting for locator('.search-results')


      15 |       await homePage.search(term);
      16 |       await expect(page).toHaveURL(/.*search/);
    > 17 |       await expect(page.locator('.search-results')).toBeVisible();
         |                                                     ^
      18 |       await homePage.goto();
      19 |     }
      20 |   });
        at E:\Automate\tests\search-enhanced.spec.js:17:53

    attachment #1: screenshot (image/png) ──────────────────────────────────────────────────────────
    ..\test-results\search-enhanced-Enhanced-S-c4837-h-with-multiple-valid-terms-chromium\test-failed-1.png
    ────────────────────────────────────────────────────────────────────────────────────────────────

    attachment #2: video (video/webm) ──────────────────────────────────────────────────────────────
    ..\test-results\search-enhanced-Enhanced-S-c4837-h-with-multiple-valid-terms-chromium\video.webm
    ────────────────────────────────────────────────────────────────────────────────────────────────

    Error Context: ..\test-results\search-enhanced-Enhanced-S-c4837-h-with-multiple-valid-terms-chromium\error-context.md
]]>
</failure>
<system-out>
<![CDATA[
[[ATTACHMENT|test-results\search-enhanced-Enhanced-S-c4837-h-with-multiple-valid-terms-chromium\test-failed-1.png]]

[[ATTACHMENT|test-results\search-enhanced-Enhanced-S-c4837-h-with-multiple-valid-terms-chromium\video.webm]]

[[ATTACHMENT|test-results\search-enhanced-Enhanced-S-c4837-h-with-multiple-valid-terms-chromium\error-context.md]]
]]>
</system-out>
</testcase>
<testcase name="Enhanced Search Functionality › should handle case-insensitive search" classname="search-enhanced.spec.js" time="2.898">
</testcase>
<testcase name="Enhanced Search Functionality › should search with special characters" classname="search-enhanced.spec.js" time="31.639">
<failure message="search-enhanced.spec.js:35:3 should search with special characters" type="FAILURE">
<![CDATA[  [chromium] › search-enhanced.spec.js:35:3 › Enhanced Search Functionality › should search with special characters 

    Test timeout of 30000ms exceeded.

    Error: locator.fill: Test timeout of 30000ms exceeded.
    Call log:
      - waiting for locator('#small-searchterms')


       at ..\page-objects\HomePage.js:19

      17 |
      18 |   async search(searchTerm) {
    > 19 |     await this.searchBox.fill(searchTerm);
         |                          ^
      20 |     await this.searchButton.click();
      21 |   }
      22 |
        at HomePage.search (E:\Automate\page-objects\HomePage.js:19:26)
        at E:\Automate\tests\search-enhanced.spec.js:39:22

    attachment #1: screenshot (image/png) ──────────────────────────────────────────────────────────
    ..\test-results\search-enhanced-Enhanced-S-f1630-rch-with-special-characters-chromium\test-failed-1.png
    ────────────────────────────────────────────────────────────────────────────────────────────────

    attachment #2: video (video/webm) ──────────────────────────────────────────────────────────────
    ..\test-results\search-enhanced-Enhanced-S-f1630-rch-with-special-characters-chromium\video.webm
    ────────────────────────────────────────────────────────────────────────────────────────────────

    Error Context: ..\test-results\search-enhanced-Enhanced-S-f1630-rch-with-special-characters-chromium\error-context.md
]]>
</failure>
<system-out>
<![CDATA[
[[ATTACHMENT|test-results\search-enhanced-Enhanced-S-f1630-rch-with-special-characters-chromium\test-failed-1.png]]

[[ATTACHMENT|test-results\search-enhanced-Enhanced-S-f1630-rch-with-special-characters-chromium\video.webm]]

[[ATTACHMENT|test-results\search-enhanced-Enhanced-S-f1630-rch-with-special-characters-chromium\error-context.md]]
]]>
</system-out>
</testcase>
<testcase name="Enhanced Search Functionality › should handle very long search terms" classname="search-enhanced.spec.js" time="1.825">
</testcase>
<testcase name="Enhanced Search Functionality › should handle search with numbers" classname="search-enhanced.spec.js" time="32.065">
<failure message="search-enhanced.spec.js:51:3 should handle search with numbers" type="FAILURE">
<![CDATA[  [chromium] › search-enhanced.spec.js:51:3 › Enhanced Search Functionality › should handle search with numbers 

    Test timeout of 30000ms exceeded.

    Error: locator.fill: Test timeout of 30000ms exceeded.
    Call log:
      - waiting for locator('#small-searchterms')


       at ..\page-objects\HomePage.js:19

      17 |
      18 |   async search(searchTerm) {
    > 19 |     await this.searchBox.fill(searchTerm);
         |                          ^
      20 |     await this.searchButton.click();
      21 |   }
      22 |
        at HomePage.search (E:\Automate\page-objects\HomePage.js:19:26)
        at E:\Automate\tests\search-enhanced.spec.js:55:22

    attachment #1: screenshot (image/png) ──────────────────────────────────────────────────────────
    ..\test-results\search-enhanced-Enhanced-S-33391--handle-search-with-numbers-chromium\test-failed-1.png
    ────────────────────────────────────────────────────────────────────────────────────────────────

    attachment #2: video (video/webm) ──────────────────────────────────────────────────────────────
    ..\test-results\search-enhanced-Enhanced-S-33391--handle-search-with-numbers-chromium\video.webm
    ────────────────────────────────────────────────────────────────────────────────────────────────

    Error Context: ..\test-results\search-enhanced-Enhanced-S-33391--handle-search-with-numbers-chromium\error-context.md
]]>
</failure>
<system-out>
<![CDATA[
[[ATTACHMENT|test-results\search-enhanced-Enhanced-S-33391--handle-search-with-numbers-chromium\test-failed-1.png]]

[[ATTACHMENT|test-results\search-enhanced-Enhanced-S-33391--handle-search-with-numbers-chromium\video.webm]]

[[ATTACHMENT|test-results\search-enhanced-Enhanced-S-33391--handle-search-with-numbers-chromium\error-context.md]]
]]>
</system-out>
</testcase>
<testcase name="Enhanced Search Functionality › should display search results count" classname="search-enhanced.spec.js" time="7.485">
<failure message="search-enhanced.spec.js:61:3 should display search results count" type="FAILURE">
<![CDATA[  [chromium] › search-enhanced.spec.js:61:3 › Enhanced Search Functionality › should display search results count 

    Error: Timed out 5000ms waiting for expect(locator).toBeVisible()

    Locator: locator('.search-results-info, .pager-info')
    Expected: visible
    Received: <element(s) not found>
    Call log:
      - Expect "toBeVisible" with timeout 5000ms
      - waiting for locator('.search-results-info, .pager-info')


      64 |     // Check if search results count is displayed
      65 |     const resultsInfo = page.locator('.search-results-info, .pager-info');
    > 66 |     await expect(resultsInfo).toBeVisible();
         |                               ^
      67 |   });
      68 |
      69 |   test('should search using Enter key', async ({ page }) => {
        at E:\Automate\tests\search-enhanced.spec.js:66:31

    attachment #1: screenshot (image/png) ──────────────────────────────────────────────────────────
    ..\test-results\search-enhanced-Enhanced-S-ba60d-isplay-search-results-count-chromium\test-failed-1.png
    ────────────────────────────────────────────────────────────────────────────────────────────────

    attachment #2: video (video/webm) ──────────────────────────────────────────────────────────────
    ..\test-results\search-enhanced-Enhanced-S-ba60d-isplay-search-results-count-chromium\video.webm
    ────────────────────────────────────────────────────────────────────────────────────────────────

    Error Context: ..\test-results\search-enhanced-Enhanced-S-ba60d-isplay-search-results-count-chromium\error-context.md
]]>
</failure>
<system-out>
<![CDATA[
[[ATTACHMENT|test-results\search-enhanced-Enhanced-S-ba60d-isplay-search-results-count-chromium\test-failed-1.png]]

[[ATTACHMENT|test-results\search-enhanced-Enhanced-S-ba60d-isplay-search-results-count-chromium\video.webm]]

[[ATTACHMENT|test-results\search-enhanced-Enhanced-S-ba60d-isplay-search-results-count-chromium\error-context.md]]
]]>
</system-out>
</testcase>
<testcase name="Enhanced Search Functionality › should search using Enter key" classname="search-enhanced.spec.js" time="2.472">
</testcase>
<testcase name="Enhanced Search Functionality › should maintain search term in search box after search" classname="search-enhanced.spec.js" time="7.079">
<failure message="search-enhanced.spec.js:76:3 should maintain search term in search box after search" type="FAILURE">
<![CDATA[  [chromium] › search-enhanced.spec.js:76:3 › Enhanced Search Functionality › should maintain search term in search box after search 

    Error: Timed out 5000ms waiting for expect(locator).toHaveValue(expected)

    Locator: locator('#small-searchterms')
    Expected string: "laptop"
    Received string: ""
    Call log:
      - Expect "toHaveValue" with timeout 5000ms
      - waiting for locator('#small-searchterms')
        5 × locator resolved to <input name="q" type="text" autocomplete="off" id="small-searchterms" class="search-box-text" aria-label="Search store" placeholder="Search store"/>
          - unexpected value ""
        4 × locator resolved to <input name="q" type="text" autocomplete="off" id="small-searchterms" aria-label="Search store" placeholder="Search store" class="search-box-text ui-autocomplete-input"/>
          - unexpected value ""


      79 |     
      80 |     // Verify search term is still in search box
    > 81 |     await expect(page.locator('#small-searchterms')).toHaveValue(searchTerm);
         |                                                      ^
      82 |   });
      83 |
      84 |   test('should handle empty search gracefully', async ({ page }) => {
        at E:\Automate\tests\search-enhanced.spec.js:81:54

    attachment #1: screenshot (image/png) ──────────────────────────────────────────────────────────
    ..\test-results\search-enhanced-Enhanced-S-8849e--in-search-box-after-search-chromium\test-failed-1.png
    ────────────────────────────────────────────────────────────────────────────────────────────────

    attachment #2: video (video/webm) ──────────────────────────────────────────────────────────────
    ..\test-results\search-enhanced-Enhanced-S-8849e--in-search-box-after-search-chromium\video.webm
    ────────────────────────────────────────────────────────────────────────────────────────────────

    Error Context: ..\test-results\search-enhanced-Enhanced-S-8849e--in-search-box-after-search-chromium\error-context.md
]]>
</failure>
<system-out>
<![CDATA[
[[ATTACHMENT|test-results\search-enhanced-Enhanced-S-8849e--in-search-box-after-search-chromium\test-failed-1.png]]

[[ATTACHMENT|test-results\search-enhanced-Enhanced-S-8849e--in-search-box-after-search-chromium\video.webm]]

[[ATTACHMENT|test-results\search-enhanced-Enhanced-S-8849e--in-search-box-after-search-chromium\error-context.md]]
]]>
</system-out>
</testcase>
<testcase name="Enhanced Search Functionality › should handle empty search gracefully" classname="search-enhanced.spec.js" time="2.015">
</testcase>
<testcase name="Enhanced Search Functionality › should search from different pages" classname="search-enhanced.spec.js" time="32.1">
<failure message="search-enhanced.spec.js:91:3 should search from different pages" type="FAILURE">
<![CDATA[  [chromium] › search-enhanced.spec.js:91:3 › Enhanced Search Functionality › should search from different pages 

    Test timeout of 30000ms exceeded.

    Error: locator.click: Test timeout of 30000ms exceeded.
    Call log:
      - waiting for locator('.ico-register')


       99 |     // Navigate to register page
      100 |     await homePage.goto();
    > 101 |     await page.locator('.ico-register').click();
          |                                         ^
      102 |     
      103 |     // Search from register page
      104 |     await homePage.search(testData.searchTerms.valid[1]);
        at E:\Automate\tests\search-enhanced.spec.js:101:41

    attachment #1: screenshot (image/png) ──────────────────────────────────────────────────────────
    ..\test-results\search-enhanced-Enhanced-S-e1be5-search-from-different-pages-chromium\test-failed-1.png
    ────────────────────────────────────────────────────────────────────────────────────────────────

    attachment #2: video (video/webm) ──────────────────────────────────────────────────────────────
    ..\test-results\search-enhanced-Enhanced-S-e1be5-search-from-different-pages-chromium\video.webm
    ────────────────────────────────────────────────────────────────────────────────────────────────

    Error Context: ..\test-results\search-enhanced-Enhanced-S-e1be5-search-from-different-pages-chromium\error-context.md
]]>
</failure>
<system-out>
<![CDATA[
[[ATTACHMENT|test-results\search-enhanced-Enhanced-S-e1be5-search-from-different-pages-chromium\test-failed-1.png]]

[[ATTACHMENT|test-results\search-enhanced-Enhanced-S-e1be5-search-from-different-pages-chromium\video.webm]]

[[ATTACHMENT|test-results\search-enhanced-Enhanced-S-e1be5-search-from-different-pages-chromium\error-context.md]]
]]>
</system-out>
</testcase>
<testcase name="Enhanced Search Functionality › should sort search results" classname="search-enhanced.spec.js" time="2.76">
<failure message="search-enhanced.spec.js:108:3 should sort search results" type="FAILURE">
<![CDATA[  [chromium] › search-enhanced.spec.js:108:3 › Enhanced Search Functionality › should sort search results 

    Error: locator._expect: expectedNumber: expected number, got object

      118 |       
      119 |       // Verify products are still displayed
    > 120 |       await expect(page.locator('.product-item')).toHaveCount({ min: 1 });
          |                                                   ^
      121 |     }
      122 |   });
      123 |
        at E:\Automate\tests\search-enhanced.spec.js:120:51

    attachment #1: screenshot (image/png) ──────────────────────────────────────────────────────────
    ..\test-results\search-enhanced-Enhanced-S-7f2e4--should-sort-search-results-chromium\test-failed-1.png
    ────────────────────────────────────────────────────────────────────────────────────────────────

    attachment #2: video (video/webm) ──────────────────────────────────────────────────────────────
    ..\test-results\search-enhanced-Enhanced-S-7f2e4--should-sort-search-results-chromium\video.webm
    ────────────────────────────────────────────────────────────────────────────────────────────────

    Error Context: ..\test-results\search-enhanced-Enhanced-S-7f2e4--should-sort-search-results-chromium\error-context.md
]]>
</failure>
<system-out>
<![CDATA[
[[ATTACHMENT|test-results\search-enhanced-Enhanced-S-7f2e4--should-sort-search-results-chromium\test-failed-1.png]]

[[ATTACHMENT|test-results\search-enhanced-Enhanced-S-7f2e4--should-sort-search-results-chromium\video.webm]]

[[ATTACHMENT|test-results\search-enhanced-Enhanced-S-7f2e4--should-sort-search-results-chromium\error-context.md]]
]]>
</system-out>
</testcase>
<testcase name="Enhanced Search Functionality › should filter search results" classname="search-enhanced.spec.js" time="32.24">
<failure message="search-enhanced.spec.js:124:3 should filter search results" type="FAILURE">
<![CDATA[  [chromium] › search-enhanced.spec.js:124:3 › Enhanced Search Functionality › should filter search results 

    Test timeout of 30000ms exceeded.

    Error: locator.check: Test timeout of 30000ms exceeded.
    Call log:
      - waiting for locator('.price-range-filter').locator('input[type="checkbox"]').first()


      131 |     if (await priceFilter.isVisible()) {
      132 |       // Test price filtering
    > 133 |       await priceFilter.locator('input[type="checkbox"]').first().check();
          |                                                                   ^
      134 |       await page.waitForLoadState('networkidle');
      135 |     }
      136 |     
        at E:\Automate\tests\search-enhanced.spec.js:133:67

    attachment #1: screenshot (image/png) ──────────────────────────────────────────────────────────
    ..\test-results\search-enhanced-Enhanced-S-733ad-hould-filter-search-results-chromium\test-failed-1.png
    ────────────────────────────────────────────────────────────────────────────────────────────────

    attachment #2: video (video/webm) ──────────────────────────────────────────────────────────────
    ..\test-results\search-enhanced-Enhanced-S-733ad-hould-filter-search-results-chromium\video.webm
    ────────────────────────────────────────────────────────────────────────────────────────────────

    Error Context: ..\test-results\search-enhanced-Enhanced-S-733ad-hould-filter-search-results-chromium\error-context.md
]]>
</failure>
<system-out>
<![CDATA[
[[ATTACHMENT|test-results\search-enhanced-Enhanced-S-733ad-hould-filter-search-results-chromium\test-failed-1.png]]

[[ATTACHMENT|test-results\search-enhanced-Enhanced-S-733ad-hould-filter-search-results-chromium\video.webm]]

[[ATTACHMENT|test-results\search-enhanced-Enhanced-S-733ad-hould-filter-search-results-chromium\error-context.md]]
]]>
</system-out>
</testcase>
<testcase name="Enhanced Search Functionality › should paginate through search results" classname="search-enhanced.spec.js" time="2.142">
</testcase>
<testcase name="Enhanced Search Functionality › should search for products in specific categories" classname="search-enhanced.spec.js" time="1.988">
</testcase>
<testcase name="Enhanced Search Functionality › should handle search suggestions/autocomplete" classname="search-enhanced.spec.js" time="1.021">
</testcase>
</testsuite>
<testsuite name="search.spec.js" timestamp="2025-07-15T18:27:52.044Z" hostname="chromium" tests="3" failures="0" skipped="0" time="5.083" errors="0">
<testcase name="Search Functionality › should display search elements" classname="search.spec.js" time="1.419">
</testcase>
<testcase name="Search Functionality › should search with valid term" classname="search.spec.js" time="1.67">
</testcase>
<testcase name="Search Functionality › should handle search with no results" classname="search.spec.js" time="1.994">
</testcase>
</testsuite>
<testsuite name="cart.spec.js" timestamp="2025-07-15T18:27:52.044Z" hostname="firefox" tests="10" failures="10" skipped="0" time="280.282" errors="0">
<testcase name="Shopping Cart Functionality › should display empty cart message when cart is empty" classname="cart.spec.js" time="8.731">
<failure message="cart.spec.js:19:3 should display empty cart message when cart is empty" type="FAILURE">
<![CDATA[  [firefox] › cart.spec.js:19:3 › Shopping Cart Functionality › should display empty cart message when cart is empty 

    Error: Timed out 5000ms waiting for expect(locator).toBeVisible()

    Locator: locator('.no-data')
    Expected: visible
    Received: <element(s) not found>
    Call log:
      - Expect "toBeVisible" with timeout 5000ms
      - waiting for locator('.no-data')


      19 |   test('should display empty cart message when cart is empty', async ({ page }) => {
      20 |     await homePage.navigateToCart();
    > 21 |     await expect(cartPage.emptyCartMessage).toBeVisible();
         |                                             ^
      22 |     await expect(page.locator('.no-data')).toContainText('Your Shopping Cart is empty!');
      23 |   });
      24 |
        at E:\Automate\tests\cart.spec.js:21:45

    attachment #1: screenshot (image/png) ──────────────────────────────────────────────────────────
    ..\test-results\cart-Shopping-Cart-Functio-a66d9--message-when-cart-is-empty-firefox\test-failed-1.png
    ────────────────────────────────────────────────────────────────────────────────────────────────

    attachment #2: video (video/webm) ──────────────────────────────────────────────────────────────
    ..\test-results\cart-Shopping-Cart-Functio-a66d9--message-when-cart-is-empty-firefox\video.webm
    ────────────────────────────────────────────────────────────────────────────────────────────────

    Error Context: ..\test-results\cart-Shopping-Cart-Functio-a66d9--message-when-cart-is-empty-firefox\error-context.md
]]>
</failure>
<system-out>
<![CDATA[
[[ATTACHMENT|test-results\cart-Shopping-Cart-Functio-a66d9--message-when-cart-is-empty-firefox\test-failed-1.png]]

[[ATTACHMENT|test-results\cart-Shopping-Cart-Functio-a66d9--message-when-cart-is-empty-firefox\video.webm]]

[[ATTACHMENT|test-results\cart-Shopping-Cart-Functio-a66d9--message-when-cart-is-empty-firefox\error-context.md]]
]]>
</system-out>
</testcase>
<testcase name="Shopping Cart Functionality › should add product to cart and display correctly" classname="cart.spec.js" time="30.115">
<failure message="cart.spec.js:25:3 should add product to cart and display correctly" type="FAILURE">
<![CDATA[  [firefox] › cart.spec.js:25:3 › Shopping Cart Functionality › should add product to cart and display correctly 

    Test timeout of 30000ms exceeded.

    Error: locator.click: Test timeout of 30000ms exceeded.
    Call log:
      - waiting for locator('.product-title a').first()


      26 |     // Add a product to cart
      27 |     await homePage.search(testData.products.laptop);
    > 28 |     await page.locator('.product-title a').first().click();
         |                                                    ^
      29 |     const productName = await productPage.getProductTitle();
      30 |     
      31 |     await productPage.addToCart();
        at E:\Automate\tests\cart.spec.js:28:52

    attachment #1: screenshot (image/png) ──────────────────────────────────────────────────────────
    ..\test-results\cart-Shopping-Cart-Functio-a2cb6--cart-and-display-correctly-firefox\test-failed-1.png
    ────────────────────────────────────────────────────────────────────────────────────────────────

    attachment #2: video (video/webm) ──────────────────────────────────────────────────────────────
    ..\test-results\cart-Shopping-Cart-Functio-a2cb6--cart-and-display-correctly-firefox\video.webm
    ────────────────────────────────────────────────────────────────────────────────────────────────

    Error Context: ..\test-results\cart-Shopping-Cart-Functio-a2cb6--cart-and-display-correctly-firefox\error-context.md
]]>
</failure>
<system-out>
<![CDATA[
[[ATTACHMENT|test-results\cart-Shopping-Cart-Functio-a2cb6--cart-and-display-correctly-firefox\test-failed-1.png]]

[[ATTACHMENT|test-results\cart-Shopping-Cart-Functio-a2cb6--cart-and-display-correctly-firefox\video.webm]]

[[ATTACHMENT|test-results\cart-Shopping-Cart-Functio-a2cb6--cart-and-display-correctly-firefox\error-context.md]]
]]>
</system-out>
</testcase>
<testcase name="Shopping Cart Functionality › should update product quantity in cart" classname="cart.spec.js" time="30.137">
<failure message="cart.spec.js:44:3 should update product quantity in cart" type="FAILURE">
<![CDATA[  [firefox] › cart.spec.js:44:3 › Shopping Cart Functionality › should update product quantity in cart 

    Test timeout of 30000ms exceeded.

    Error: locator.click: Test timeout of 30000ms exceeded.
    Call log:
      - waiting for locator('.product-title a').first()


      45 |     // Add a product to cart
      46 |     await homePage.search(testData.products.phone);
    > 47 |     await page.locator('.product-title a').first().click();
         |                                                    ^
      48 |     
      49 |     await productPage.addToCart();
      50 |     await productPage.closeNotification();
        at E:\Automate\tests\cart.spec.js:47:52

    attachment #1: screenshot (image/png) ──────────────────────────────────────────────────────────
    ..\test-results\cart-Shopping-Cart-Functio-7feae-te-product-quantity-in-cart-firefox\test-failed-1.png
    ────────────────────────────────────────────────────────────────────────────────────────────────

    attachment #2: video (video/webm) ──────────────────────────────────────────────────────────────
    ..\test-results\cart-Shopping-Cart-Functio-7feae-te-product-quantity-in-cart-firefox\video.webm
    ────────────────────────────────────────────────────────────────────────────────────────────────

    Error Context: ..\test-results\cart-Shopping-Cart-Functio-7feae-te-product-quantity-in-cart-firefox\error-context.md
]]>
</failure>
<system-out>
<![CDATA[
[[ATTACHMENT|test-results\cart-Shopping-Cart-Functio-7feae-te-product-quantity-in-cart-firefox\test-failed-1.png]]

[[ATTACHMENT|test-results\cart-Shopping-Cart-Functio-7feae-te-product-quantity-in-cart-firefox\video.webm]]

[[ATTACHMENT|test-results\cart-Shopping-Cart-Functio-7feae-te-product-quantity-in-cart-firefox\error-context.md]]
]]>
</system-out>
</testcase>
<testcase name="Shopping Cart Functionality › should remove product from cart" classname="cart.spec.js" time="30.113">
<failure message="cart.spec.js:62:3 should remove product from cart" type="FAILURE">
<![CDATA[  [firefox] › cart.spec.js:62:3 › Shopping Cart Functionality › should remove product from cart ────

    Test timeout of 30000ms exceeded.

    Error: locator.click: Test timeout of 30000ms exceeded.
    Call log:
      - waiting for locator('.product-title a').first()


      63 |     // Add a product to cart
      64 |     await homePage.search(testData.products.laptop);
    > 65 |     await page.locator('.product-title a').first().click();
         |                                                    ^
      66 |     
      67 |     await productPage.addToCart();
      68 |     await productPage.closeNotification();
        at E:\Automate\tests\cart.spec.js:65:52

    attachment #1: screenshot (image/png) ──────────────────────────────────────────────────────────
    ..\test-results\cart-Shopping-Cart-Functio-67d61-ld-remove-product-from-cart-firefox\test-failed-1.png
    ────────────────────────────────────────────────────────────────────────────────────────────────

    attachment #2: video (video/webm) ──────────────────────────────────────────────────────────────
    ..\test-results\cart-Shopping-Cart-Functio-67d61-ld-remove-product-from-cart-firefox\video.webm
    ────────────────────────────────────────────────────────────────────────────────────────────────

    Error Context: ..\test-results\cart-Shopping-Cart-Functio-67d61-ld-remove-product-from-cart-firefox\error-context.md
]]>
</failure>
<system-out>
<![CDATA[
[[ATTACHMENT|test-results\cart-Shopping-Cart-Functio-67d61-ld-remove-product-from-cart-firefox\test-failed-1.png]]

[[ATTACHMENT|test-results\cart-Shopping-Cart-Functio-67d61-ld-remove-product-from-cart-firefox\video.webm]]

[[ATTACHMENT|test-results\cart-Shopping-Cart-Functio-67d61-ld-remove-product-from-cart-firefox\error-context.md]]
]]>
</system-out>
</testcase>
<testcase name="Shopping Cart Functionality › should calculate total correctly with multiple products" classname="cart.spec.js" time="30.139">
<failure message="cart.spec.js:80:3 should calculate total correctly with multiple products" type="FAILURE">
<![CDATA[  [firefox] › cart.spec.js:80:3 › Shopping Cart Functionality › should calculate total correctly with multiple products 

    Test timeout of 30000ms exceeded.

    Error: locator.click: Test timeout of 30000ms exceeded.
    Call log:
      - waiting for locator('.product-title a').first()


      81 |     // Add first product
      82 |     await homePage.search(testData.products.laptop);
    > 83 |     await page.locator('.product-title a').first().click();
         |                                                    ^
      84 |     await productPage.addToCart();
      85 |     await productPage.closeNotification();
      86 |     
        at E:\Automate\tests\cart.spec.js:83:52

    attachment #1: screenshot (image/png) ──────────────────────────────────────────────────────────
    ..\test-results\cart-Shopping-Cart-Functio-fc71c-ctly-with-multiple-products-firefox\test-failed-1.png
    ────────────────────────────────────────────────────────────────────────────────────────────────

    attachment #2: video (video/webm) ──────────────────────────────────────────────────────────────
    ..\test-results\cart-Shopping-Cart-Functio-fc71c-ctly-with-multiple-products-firefox\video.webm
    ────────────────────────────────────────────────────────────────────────────────────────────────

    Error Context: ..\test-results\cart-Shopping-Cart-Functio-fc71c-ctly-with-multiple-products-firefox\error-context.md
]]>
</failure>
<system-out>
<![CDATA[
[[ATTACHMENT|test-results\cart-Shopping-Cart-Functio-fc71c-ctly-with-multiple-products-firefox\test-failed-1.png]]

[[ATTACHMENT|test-results\cart-Shopping-Cart-Functio-fc71c-ctly-with-multiple-products-firefox\video.webm]]

[[ATTACHMENT|test-results\cart-Shopping-Cart-Functio-fc71c-ctly-with-multiple-products-firefox\error-context.md]]
]]>
</system-out>
</testcase>
<testcase name="Shopping Cart Functionality › should continue shopping from cart" classname="cart.spec.js" time="30.182">
<failure message="cart.spec.js:103:3 should continue shopping from cart" type="FAILURE">
<![CDATA[  [firefox] › cart.spec.js:103:3 › Shopping Cart Functionality › should continue shopping from cart 

    Test timeout of 30000ms exceeded.

    Error: locator.click: Test timeout of 30000ms exceeded.
    Call log:
      - waiting for locator('.product-title a').first()


      104 |     // Add a product to cart
      105 |     await homePage.search(testData.products.laptop);
    > 106 |     await page.locator('.product-title a').first().click();
          |                                                    ^
      107 |     await productPage.addToCart();
      108 |     await productPage.closeNotification();
      109 |     
        at E:\Automate\tests\cart.spec.js:106:52

    attachment #1: screenshot (image/png) ──────────────────────────────────────────────────────────
    ..\test-results\cart-Shopping-Cart-Functio-8602d-continue-shopping-from-cart-firefox\test-failed-1.png
    ────────────────────────────────────────────────────────────────────────────────────────────────

    attachment #2: video (video/webm) ──────────────────────────────────────────────────────────────
    ..\test-results\cart-Shopping-Cart-Functio-8602d-continue-shopping-from-cart-firefox\video.webm
    ────────────────────────────────────────────────────────────────────────────────────────────────

    Error Context: ..\test-results\cart-Shopping-Cart-Functio-8602d-continue-shopping-from-cart-firefox\error-context.md
]]>
</failure>
<system-out>
<![CDATA[
[[ATTACHMENT|test-results\cart-Shopping-Cart-Functio-8602d-continue-shopping-from-cart-firefox\test-failed-1.png]]

[[ATTACHMENT|test-results\cart-Shopping-Cart-Functio-8602d-continue-shopping-from-cart-firefox\video.webm]]

[[ATTACHMENT|test-results\cart-Shopping-Cart-Functio-8602d-continue-shopping-from-cart-firefox\error-context.md]]
]]>
</system-out>
</testcase>
<testcase name="Shopping Cart Functionality › should require terms acceptance for checkout" classname="cart.spec.js" time="30.317">
<failure message="cart.spec.js:120:3 should require terms acceptance for checkout" type="FAILURE">
<![CDATA[  [firefox] › cart.spec.js:120:3 › Shopping Cart Functionality › should require terms acceptance for checkout 

    Test timeout of 30000ms exceeded.

    Error: locator.click: Test timeout of 30000ms exceeded.
    Call log:
      - waiting for locator('.product-title a').first()


      121 |     // Add a product to cart
      122 |     await homePage.search(testData.products.laptop);
    > 123 |     await page.locator('.product-title a').first().click();
          |                                                    ^
      124 |     await productPage.addToCart();
      125 |     await productPage.closeNotification();
      126 |     
        at E:\Automate\tests\cart.spec.js:123:52

    attachment #1: screenshot (image/png) ──────────────────────────────────────────────────────────
    ..\test-results\cart-Shopping-Cart-Functio-d7ce2-rms-acceptance-for-checkout-firefox\test-failed-1.png
    ────────────────────────────────────────────────────────────────────────────────────────────────

    attachment #2: video (video/webm) ──────────────────────────────────────────────────────────────
    ..\test-results\cart-Shopping-Cart-Functio-d7ce2-rms-acceptance-for-checkout-firefox\video.webm
    ────────────────────────────────────────────────────────────────────────────────────────────────

    Error Context: ..\test-results\cart-Shopping-Cart-Functio-d7ce2-rms-acceptance-for-checkout-firefox\error-context.md
]]>
</failure>
<system-out>
<![CDATA[
[[ATTACHMENT|test-results\cart-Shopping-Cart-Functio-d7ce2-rms-acceptance-for-checkout-firefox\test-failed-1.png]]

[[ATTACHMENT|test-results\cart-Shopping-Cart-Functio-d7ce2-rms-acceptance-for-checkout-firefox\video.webm]]

[[ATTACHMENT|test-results\cart-Shopping-Cart-Functio-d7ce2-rms-acceptance-for-checkout-firefox\error-context.md]]
]]>
</system-out>
</testcase>
<testcase name="Shopping Cart Functionality › should apply discount code" classname="cart.spec.js" time="30.184">
<failure message="cart.spec.js:137:3 should apply discount code" type="FAILURE">
<![CDATA[  [firefox] › cart.spec.js:137:3 › Shopping Cart Functionality › should apply discount code ────────

    Test timeout of 30000ms exceeded.

    Error: locator.click: Test timeout of 30000ms exceeded.
    Call log:
      - waiting for locator('.product-title a').first()


      138 |     // Add a product to cart
      139 |     await homePage.search(testData.products.laptop);
    > 140 |     await page.locator('.product-title a').first().click();
          |                                                    ^
      141 |     await productPage.addToCart();
      142 |     await productPage.closeNotification();
      143 |     
        at E:\Automate\tests\cart.spec.js:140:52

    attachment #1: screenshot (image/png) ──────────────────────────────────────────────────────────
    ..\test-results\cart-Shopping-Cart-Functionality-should-apply-discount-code-firefox\test-failed-1.png
    ────────────────────────────────────────────────────────────────────────────────────────────────

    attachment #2: video (video/webm) ──────────────────────────────────────────────────────────────
    ..\test-results\cart-Shopping-Cart-Functionality-should-apply-discount-code-firefox\video.webm
    ────────────────────────────────────────────────────────────────────────────────────────────────

    Error Context: ..\test-results\cart-Shopping-Cart-Functionality-should-apply-discount-code-firefox\error-context.md
]]>
</failure>
<system-out>
<![CDATA[
[[ATTACHMENT|test-results\cart-Shopping-Cart-Functionality-should-apply-discount-code-firefox\test-failed-1.png]]

[[ATTACHMENT|test-results\cart-Shopping-Cart-Functionality-should-apply-discount-code-firefox\video.webm]]

[[ATTACHMENT|test-results\cart-Shopping-Cart-Functionality-should-apply-discount-code-firefox\error-context.md]]
]]>
</system-out>
</testcase>
<testcase name="Shopping Cart Functionality › should apply gift card code" classname="cart.spec.js" time="30.182">
<failure message="cart.spec.js:154:3 should apply gift card code" type="FAILURE">
<![CDATA[  [firefox] › cart.spec.js:154:3 › Shopping Cart Functionality › should apply gift card code ───────

    Test timeout of 30000ms exceeded.

    Error: locator.click: Test timeout of 30000ms exceeded.
    Call log:
      - waiting for locator('.product-title a').first()


      155 |     // Add a product to cart
      156 |     await homePage.search(testData.products.laptop);
    > 157 |     await page.locator('.product-title a').first().click();
          |                                                    ^
      158 |     await productPage.addToCart();
      159 |     await productPage.closeNotification();
      160 |     
        at E:\Automate\tests\cart.spec.js:157:52

    attachment #1: screenshot (image/png) ──────────────────────────────────────────────────────────
    ..\test-results\cart-Shopping-Cart-Functionality-should-apply-gift-card-code-firefox\test-failed-1.png
    ────────────────────────────────────────────────────────────────────────────────────────────────

    attachment #2: video (video/webm) ──────────────────────────────────────────────────────────────
    ..\test-results\cart-Shopping-Cart-Functionality-should-apply-gift-card-code-firefox\video.webm
    ────────────────────────────────────────────────────────────────────────────────────────────────

    Error Context: ..\test-results\cart-Shopping-Cart-Functionality-should-apply-gift-card-code-firefox\error-context.md
]]>
</failure>
<system-out>
<![CDATA[
[[ATTACHMENT|test-results\cart-Shopping-Cart-Functionality-should-apply-gift-card-code-firefox\test-failed-1.png]]

[[ATTACHMENT|test-results\cart-Shopping-Cart-Functionality-should-apply-gift-card-code-firefox\video.webm]]

[[ATTACHMENT|test-results\cart-Shopping-Cart-Functionality-should-apply-gift-card-code-firefox\error-context.md]]
]]>
</system-out>
</testcase>
<testcase name="Shopping Cart Functionality › should select gift wrapping option" classname="cart.spec.js" time="30.182">
<failure message="cart.spec.js:171:3 should select gift wrapping option" type="FAILURE">
<![CDATA[  [firefox] › cart.spec.js:171:3 › Shopping Cart Functionality › should select gift wrapping option 

    Test timeout of 30000ms exceeded.

    Error: locator.click: Test timeout of 30000ms exceeded.
    Call log:
      - waiting for locator('.product-title a').first()


      172 |     // Add a product to cart
      173 |     await homePage.search(testData.products.laptop);
    > 174 |     await page.locator('.product-title a').first().click();
          |                                                    ^
      175 |     await productPage.addToCart();
      176 |     await productPage.closeNotification();
      177 |     
        at E:\Automate\tests\cart.spec.js:174:52

    attachment #1: screenshot (image/png) ──────────────────────────────────────────────────────────
    ..\test-results\cart-Shopping-Cart-Functio-3f424-select-gift-wrapping-option-firefox\test-failed-1.png
    ────────────────────────────────────────────────────────────────────────────────────────────────

    attachment #2: video (video/webm) ──────────────────────────────────────────────────────────────
    ..\test-results\cart-Shopping-Cart-Functio-3f424-select-gift-wrapping-option-firefox\video.webm
    ────────────────────────────────────────────────────────────────────────────────────────────────

    Error Context: ..\test-results\cart-Shopping-Cart-Functio-3f424-select-gift-wrapping-option-firefox\error-context.md
]]>
</failure>
<system-out>
<![CDATA[
[[ATTACHMENT|test-results\cart-Shopping-Cart-Functio-3f424-select-gift-wrapping-option-firefox\test-failed-1.png]]

[[ATTACHMENT|test-results\cart-Shopping-Cart-Functio-3f424-select-gift-wrapping-option-firefox\video.webm]]

[[ATTACHMENT|test-results\cart-Shopping-Cart-Functio-3f424-select-gift-wrapping-option-firefox\error-context.md]]
]]>
</system-out>
</testcase>
</testsuite>
<testsuite name="category.spec.js" timestamp="2025-07-15T18:27:52.044Z" hostname="firefox" tests="13" failures="13" skipped="0" time="58.224" errors="0">
<testcase name="Category and Navigation › should navigate to category pages" classname="category.spec.js" time="4.198">
<failure message="category.spec.js:16:3 should navigate to category pages" type="FAILURE">
<![CDATA[  [firefox] › category.spec.js:16:3 › Category and Navigation › should navigate to category pages ──

    Error: locator.click: Error: strict mode violation: locator('.top-menu a').filter({ hasText: 'Computers' }) resolved to 2 elements:
        1) <a href="/computers">Computers </a> aka getByRole('link', { name: 'Computers' })
        2) <a href="/computers">Computers </a> aka getByText('Computers').nth(1)

    Call log:
      - waiting for locator('.top-menu a').filter({ hasText: 'Computers' })


       at ..\page-objects\HomePage.js:24

      22 |
      23 |   async clickCategory(categoryName) {
    > 24 |     await this.categories.filter({ hasText: categoryName }).click();
         |                                                             ^
      25 |   }
      26 |
      27 |   async clickFeaturedProduct(index = 0) {
        at HomePage.clickCategory (E:\Automate\page-objects\HomePage.js:24:61)
        at E:\Automate\tests\category.spec.js:18:22

    attachment #1: screenshot (image/png) ──────────────────────────────────────────────────────────
    ..\test-results\category-Category-and-Navi-3362e--navigate-to-category-pages-firefox\test-failed-1.png
    ────────────────────────────────────────────────────────────────────────────────────────────────

    attachment #2: video (video/webm) ──────────────────────────────────────────────────────────────
    ..\test-results\category-Category-and-Navi-3362e--navigate-to-category-pages-firefox\video.webm
    ────────────────────────────────────────────────────────────────────────────────────────────────

    Error Context: ..\test-results\category-Category-and-Navi-3362e--navigate-to-category-pages-firefox\error-context.md
]]>
</failure>
<system-out>
<![CDATA[
[[ATTACHMENT|test-results\category-Category-and-Navi-3362e--navigate-to-category-pages-firefox\test-failed-1.png]]

[[ATTACHMENT|test-results\category-Category-and-Navi-3362e--navigate-to-category-pages-firefox\video.webm]]

[[ATTACHMENT|test-results\category-Category-and-Navi-3362e--navigate-to-category-pages-firefox\error-context.md]]
]]>
</system-out>
</testcase>
<testcase name="Category and Navigation › should display category products" classname="category.spec.js" time="3.96">
<failure message="category.spec.js:25:3 should display category products" type="FAILURE">
<![CDATA[  [firefox] › category.spec.js:25:3 › Category and Navigation › should display category products ───

    Error: locator.click: Error: strict mode violation: locator('.top-menu a').filter({ hasText: 'Computers' }) resolved to 2 elements:
        1) <a href="/computers">Computers </a> aka getByRole('link', { name: 'Computers' })
        2) <a href="/computers">Computers </a> aka getByText('Computers').nth(1)

    Call log:
      - waiting for locator('.top-menu a').filter({ hasText: 'Computers' })


       at ..\page-objects\HomePage.js:24

      22 |
      23 |   async clickCategory(categoryName) {
    > 24 |     await this.categories.filter({ hasText: categoryName }).click();
         |                                                             ^
      25 |   }
      26 |
      27 |   async clickFeaturedProduct(index = 0) {
        at HomePage.clickCategory (E:\Automate\page-objects\HomePage.js:24:61)
        at E:\Automate\tests\category.spec.js:26:20

    attachment #1: screenshot (image/png) ──────────────────────────────────────────────────────────
    ..\test-results\category-Category-and-Navi-f780c-d-display-category-products-firefox\test-failed-1.png
    ────────────────────────────────────────────────────────────────────────────────────────────────

    attachment #2: video (video/webm) ──────────────────────────────────────────────────────────────
    ..\test-results\category-Category-and-Navi-f780c-d-display-category-products-firefox\video.webm
    ────────────────────────────────────────────────────────────────────────────────────────────────

    Error Context: ..\test-results\category-Category-and-Navi-f780c-d-display-category-products-firefox\error-context.md
]]>
</failure>
<system-out>
<![CDATA[
[[ATTACHMENT|test-results\category-Category-and-Navi-f780c-d-display-category-products-firefox\test-failed-1.png]]

[[ATTACHMENT|test-results\category-Category-and-Navi-f780c-d-display-category-products-firefox\video.webm]]

[[ATTACHMENT|test-results\category-Category-and-Navi-f780c-d-display-category-products-firefox\error-context.md]]
]]>
</system-out>
</testcase>
<testcase name="Category and Navigation › should sort products by different criteria" classname="category.spec.js" time="3.801">
<failure message="category.spec.js:37:3 should sort products by different criteria" type="FAILURE">
<![CDATA[  [firefox] › category.spec.js:37:3 › Category and Navigation › should sort products by different criteria 

    Error: locator.click: Error: strict mode violation: locator('.top-menu a').filter({ hasText: 'Computers' }) resolved to 2 elements:
        1) <a href="/computers">Computers </a> aka getByRole('link', { name: 'Computers' })
        2) <a href="/computers">Computers </a> aka getByText('Computers').nth(1)

    Call log:
      - waiting for locator('.top-menu a').filter({ hasText: 'Computers' })


       at ..\page-objects\HomePage.js:24

      22 |
      23 |   async clickCategory(categoryName) {
    > 24 |     await this.categories.filter({ hasText: categoryName }).click();
         |                                                             ^
      25 |   }
      26 |
      27 |   async clickFeaturedProduct(index = 0) {
        at HomePage.clickCategory (E:\Automate\page-objects\HomePage.js:24:61)
        at E:\Automate\tests\category.spec.js:38:20

    attachment #1: screenshot (image/png) ──────────────────────────────────────────────────────────
    ..\test-results\category-Category-and-Navi-7c936-ducts-by-different-criteria-firefox\test-failed-1.png
    ────────────────────────────────────────────────────────────────────────────────────────────────

    attachment #2: video (video/webm) ──────────────────────────────────────────────────────────────
    ..\test-results\category-Category-and-Navi-7c936-ducts-by-different-criteria-firefox\video.webm
    ────────────────────────────────────────────────────────────────────────────────────────────────

    Error Context: ..\test-results\category-Category-and-Navi-7c936-ducts-by-different-criteria-firefox\error-context.md
]]>
</failure>
<system-out>
<![CDATA[
[[ATTACHMENT|test-results\category-Category-and-Navi-7c936-ducts-by-different-criteria-firefox\test-failed-1.png]]

[[ATTACHMENT|test-results\category-Category-and-Navi-7c936-ducts-by-different-criteria-firefox\video.webm]]

[[ATTACHMENT|test-results\category-Category-and-Navi-7c936-ducts-by-different-criteria-firefox\error-context.md]]
]]>
</system-out>
</testcase>
<testcase name="Category and Navigation › should change products per page display" classname="category.spec.js" time="3.448">
<failure message="category.spec.js:54:3 should change products per page display" type="FAILURE">
<![CDATA[  [firefox] › category.spec.js:54:3 › Category and Navigation › should change products per page display 

    Error: locator.click: Error: strict mode violation: locator('.top-menu a').filter({ hasText: 'Computers' }) resolved to 2 elements:
        1) <a href="/computers">Computers </a> aka getByRole('link', { name: 'Computers' })
        2) <a href="/computers">Computers </a> aka getByText('Computers').nth(1)

    Call log:
      - waiting for locator('.top-menu a').filter({ hasText: 'Computers' })


       at ..\page-objects\HomePage.js:24

      22 |
      23 |   async clickCategory(categoryName) {
    > 24 |     await this.categories.filter({ hasText: categoryName }).click();
         |                                                             ^
      25 |   }
      26 |
      27 |   async clickFeaturedProduct(index = 0) {
        at HomePage.clickCategory (E:\Automate\page-objects\HomePage.js:24:61)
        at E:\Automate\tests\category.spec.js:55:20

    attachment #1: screenshot (image/png) ──────────────────────────────────────────────────────────
    ..\test-results\category-Category-and-Navi-76189-e-products-per-page-display-firefox\test-failed-1.png
    ────────────────────────────────────────────────────────────────────────────────────────────────

    attachment #2: video (video/webm) ──────────────────────────────────────────────────────────────
    ..\test-results\category-Category-and-Navi-76189-e-products-per-page-display-firefox\video.webm
    ────────────────────────────────────────────────────────────────────────────────────────────────

    Error Context: ..\test-results\category-Category-and-Navi-76189-e-products-per-page-display-firefox\error-context.md
]]>
</failure>
<system-out>
<![CDATA[
[[ATTACHMENT|test-results\category-Category-and-Navi-76189-e-products-per-page-display-firefox\test-failed-1.png]]

[[ATTACHMENT|test-results\category-Category-and-Navi-76189-e-products-per-page-display-firefox\video.webm]]

[[ATTACHMENT|test-results\category-Category-and-Navi-76189-e-products-per-page-display-firefox\error-context.md]]
]]>
</system-out>
</testcase>
<testcase name="Category and Navigation › should switch between grid and list view" classname="category.spec.js" time="3.715">
<failure message="category.spec.js:65:3 should switch between grid and list view" type="FAILURE">
<![CDATA[  [firefox] › category.spec.js:65:3 › Category and Navigation › should switch between grid and list view 

    Error: locator.click: Error: strict mode violation: locator('.top-menu a').filter({ hasText: 'Computers' }) resolved to 2 elements:
        1) <a href="/computers">Computers </a> aka getByRole('link', { name: 'Computers' })
        2) <a href="/computers">Computers </a> aka getByText('Computers').nth(1)

    Call log:
      - waiting for locator('.top-menu a').filter({ hasText: 'Computers' })


       at ..\page-objects\HomePage.js:24

      22 |
      23 |   async clickCategory(categoryName) {
    > 24 |     await this.categories.filter({ hasText: categoryName }).click();
         |                                                             ^
      25 |   }
      26 |
      27 |   async clickFeaturedProduct(index = 0) {
        at HomePage.clickCategory (E:\Automate\page-objects\HomePage.js:24:61)
        at E:\Automate\tests\category.spec.js:66:20

    attachment #1: screenshot (image/png) ──────────────────────────────────────────────────────────
    ..\test-results\category-Category-and-Navi-b94fe--between-grid-and-list-view-firefox\test-failed-1.png
    ────────────────────────────────────────────────────────────────────────────────────────────────

    attachment #2: video (video/webm) ──────────────────────────────────────────────────────────────
    ..\test-results\category-Category-and-Navi-b94fe--between-grid-and-list-view-firefox\video.webm
    ────────────────────────────────────────────────────────────────────────────────────────────────

    Error Context: ..\test-results\category-Category-and-Navi-b94fe--between-grid-and-list-view-firefox\error-context.md
]]>
</failure>
<system-out>
<![CDATA[
[[ATTACHMENT|test-results\category-Category-and-Navi-b94fe--between-grid-and-list-view-firefox\test-failed-1.png]]

[[ATTACHMENT|test-results\category-Category-and-Navi-b94fe--between-grid-and-list-view-firefox\video.webm]]

[[ATTACHMENT|test-results\category-Category-and-Navi-b94fe--between-grid-and-list-view-firefox\error-context.md]]
]]>
</system-out>
</testcase>
<testcase name="Category and Navigation › should navigate through pagination" classname="category.spec.js" time="5.178">
<failure message="category.spec.js:82:3 should navigate through pagination" type="FAILURE">
<![CDATA[  [firefox] › category.spec.js:82:3 › Category and Navigation › should navigate through pagination ─

    Error: locator.click: Error: strict mode violation: locator('.top-menu a').filter({ hasText: 'Computers' }) resolved to 2 elements:
        1) <a href="/computers">Computers </a> aka getByRole('link', { name: 'Computers' })
        2) <a href="/computers">Computers </a> aka getByText('Computers').nth(1)

    Call log:
      - waiting for locator('.top-menu a').filter({ hasText: 'Computers' })


       at ..\page-objects\HomePage.js:24

      22 |
      23 |   async clickCategory(categoryName) {
    > 24 |     await this.categories.filter({ hasText: categoryName }).click();
         |                                                             ^
      25 |   }
      26 |
      27 |   async clickFeaturedProduct(index = 0) {
        at HomePage.clickCategory (E:\Automate\page-objects\HomePage.js:24:61)
        at E:\Automate\tests\category.spec.js:83:20

    attachment #1: screenshot (image/png) ──────────────────────────────────────────────────────────
    ..\test-results\category-Category-and-Navi-b1125-navigate-through-pagination-firefox\test-failed-1.png
    ────────────────────────────────────────────────────────────────────────────────────────────────

    attachment #2: video (video/webm) ──────────────────────────────────────────────────────────────
    ..\test-results\category-Category-and-Navi-b1125-navigate-through-pagination-firefox\video.webm
    ────────────────────────────────────────────────────────────────────────────────────────────────

    Error Context: ..\test-results\category-Category-and-Navi-b1125-navigate-through-pagination-firefox\error-context.md
]]>
</failure>
<system-out>
<![CDATA[
[[ATTACHMENT|test-results\category-Category-and-Navi-b1125-navigate-through-pagination-firefox\test-failed-1.png]]

[[ATTACHMENT|test-results\category-Category-and-Navi-b1125-navigate-through-pagination-firefox\video.webm]]

[[ATTACHMENT|test-results\category-Category-and-Navi-b1125-navigate-through-pagination-firefox\error-context.md]]
]]>
</system-out>
</testcase>
<testcase name="Category and Navigation › should display breadcrumb navigation" classname="category.spec.js" time="4.249">
<failure message="category.spec.js:104:3 should display breadcrumb navigation" type="FAILURE">
<![CDATA[  [firefox] › category.spec.js:104:3 › Category and Navigation › should display breadcrumb navigation 

    Error: locator.click: Error: strict mode violation: locator('.top-menu a').filter({ hasText: 'Computers' }) resolved to 2 elements:
        1) <a href="/computers">Computers </a> aka getByRole('link', { name: 'Computers' })
        2) <a href="/computers">Computers </a> aka getByText('Computers').nth(1)

    Call log:
      - waiting for locator('.top-menu a').filter({ hasText: 'Computers' })


       at ..\page-objects\HomePage.js:24

      22 |
      23 |   async clickCategory(categoryName) {
    > 24 |     await this.categories.filter({ hasText: categoryName }).click();
         |                                                             ^
      25 |   }
      26 |
      27 |   async clickFeaturedProduct(index = 0) {
        at HomePage.clickCategory (E:\Automate\page-objects\HomePage.js:24:61)
        at E:\Automate\tests\category.spec.js:105:20

    attachment #1: screenshot (image/png) ──────────────────────────────────────────────────────────
    ..\test-results\category-Category-and-Navi-69479-splay-breadcrumb-navigation-firefox\test-failed-1.png
    ────────────────────────────────────────────────────────────────────────────────────────────────

    attachment #2: video (video/webm) ──────────────────────────────────────────────────────────────
    ..\test-results\category-Category-and-Navi-69479-splay-breadcrumb-navigation-firefox\video.webm
    ────────────────────────────────────────────────────────────────────────────────────────────────

    Error Context: ..\test-results\category-Category-and-Navi-69479-splay-breadcrumb-navigation-firefox\error-context.md
]]>
</failure>
<system-out>
<![CDATA[
[[ATTACHMENT|test-results\category-Category-and-Navi-69479-splay-breadcrumb-navigation-firefox\test-failed-1.png]]

[[ATTACHMENT|test-results\category-Category-and-Navi-69479-splay-breadcrumb-navigation-firefox\video.webm]]

[[ATTACHMENT|test-results\category-Category-and-Navi-69479-splay-breadcrumb-navigation-firefox\error-context.md]]
]]>
</system-out>
</testcase>
<testcase name="Category and Navigation › should add products to cart from category page" classname="category.spec.js" time="4.226">
<failure message="category.spec.js:115:3 should add products to cart from category page" type="FAILURE">
<![CDATA[  [firefox] › category.spec.js:115:3 › Category and Navigation › should add products to cart from category page 

    Error: locator.click: Error: strict mode violation: locator('.top-menu a').filter({ hasText: 'Computers' }) resolved to 2 elements:
        1) <a href="/computers">Computers </a> aka getByRole('link', { name: 'Computers' })
        2) <a href="/computers">Computers </a> aka getByText('Computers').nth(1)

    Call log:
      - waiting for locator('.top-menu a').filter({ hasText: 'Computers' })


       at ..\page-objects\HomePage.js:24

      22 |
      23 |   async clickCategory(categoryName) {
    > 24 |     await this.categories.filter({ hasText: categoryName }).click();
         |                                                             ^
      25 |   }
      26 |
      27 |   async clickFeaturedProduct(index = 0) {
        at HomePage.clickCategory (E:\Automate\page-objects\HomePage.js:24:61)
        at E:\Automate\tests\category.spec.js:116:20

    attachment #1: screenshot (image/png) ──────────────────────────────────────────────────────────
    ..\test-results\category-Category-and-Navi-340bf--to-cart-from-category-page-firefox\test-failed-1.png
    ────────────────────────────────────────────────────────────────────────────────────────────────

    attachment #2: video (video/webm) ──────────────────────────────────────────────────────────────
    ..\test-results\category-Category-and-Navi-340bf--to-cart-from-category-page-firefox\video.webm
    ────────────────────────────────────────────────────────────────────────────────────────────────

    Error Context: ..\test-results\category-Category-and-Navi-340bf--to-cart-from-category-page-firefox\error-context.md
]]>
</failure>
<system-out>
<![CDATA[
[[ATTACHMENT|test-results\category-Category-and-Navi-340bf--to-cart-from-category-page-firefox\test-failed-1.png]]

[[ATTACHMENT|test-results\category-Category-and-Navi-340bf--to-cart-from-category-page-firefox\video.webm]]

[[ATTACHMENT|test-results\category-Category-and-Navi-340bf--to-cart-from-category-page-firefox\error-context.md]]
]]>
</system-out>
</testcase>
<testcase name="Category and Navigation › should add products to wishlist from category page" classname="category.spec.js" time="5.255">
<failure message="category.spec.js:125:3 should add products to wishlist from category page" type="FAILURE">
<![CDATA[  [firefox] › category.spec.js:125:3 › Category and Navigation › should add products to wishlist from category page 

    Error: locator.click: Error: strict mode violation: locator('.top-menu a').filter({ hasText: 'Computers' }) resolved to 2 elements:
        1) <a href="/computers">Computers </a> aka getByRole('link', { name: 'Computers' })
        2) <a href="/computers">Computers </a> aka getByText('Computers').nth(1)

    Call log:
      - waiting for locator('.top-menu a').filter({ hasText: 'Computers' })


       at ..\page-objects\HomePage.js:24

      22 |
      23 |   async clickCategory(categoryName) {
    > 24 |     await this.categories.filter({ hasText: categoryName }).click();
         |                                                             ^
      25 |   }
      26 |
      27 |   async clickFeaturedProduct(index = 0) {
        at HomePage.clickCategory (E:\Automate\page-objects\HomePage.js:24:61)
        at E:\Automate\tests\category.spec.js:126:20

    attachment #1: screenshot (image/png) ──────────────────────────────────────────────────────────
    ..\test-results\category-Category-and-Navi-4fa26-wishlist-from-category-page-firefox\test-failed-1.png
    ────────────────────────────────────────────────────────────────────────────────────────────────

    attachment #2: video (video/webm) ──────────────────────────────────────────────────────────────
    ..\test-results\category-Category-and-Navi-4fa26-wishlist-from-category-page-firefox\video.webm
    ────────────────────────────────────────────────────────────────────────────────────────────────

    Error Context: ..\test-results\category-Category-and-Navi-4fa26-wishlist-from-category-page-firefox\error-context.md
]]>
</failure>
<system-out>
<![CDATA[
[[ATTACHMENT|test-results\category-Category-and-Navi-4fa26-wishlist-from-category-page-firefox\test-failed-1.png]]

[[ATTACHMENT|test-results\category-Category-and-Navi-4fa26-wishlist-from-category-page-firefox\video.webm]]

[[ATTACHMENT|test-results\category-Category-and-Navi-4fa26-wishlist-from-category-page-firefox\error-context.md]]
]]>
</system-out>
</testcase>
<testcase name="Category and Navigation › should add products to compare from category page" classname="category.spec.js" time="4.456">
<failure message="category.spec.js:135:3 should add products to compare from category page" type="FAILURE">
<![CDATA[  [firefox] › category.spec.js:135:3 › Category and Navigation › should add products to compare from category page 

    Error: locator.click: Error: strict mode violation: locator('.top-menu a').filter({ hasText: 'Computers' }) resolved to 2 elements:
        1) <a href="/computers">Computers </a> aka getByRole('link', { name: 'Computers' })
        2) <a href="/computers">Computers </a> aka getByText('Computers').nth(1)

    Call log:
      - waiting for locator('.top-menu a').filter({ hasText: 'Computers' })


       at ..\page-objects\HomePage.js:24

      22 |
      23 |   async clickCategory(categoryName) {
    > 24 |     await this.categories.filter({ hasText: categoryName }).click();
         |                                                             ^
      25 |   }
      26 |
      27 |   async clickFeaturedProduct(index = 0) {
        at HomePage.clickCategory (E:\Automate\page-objects\HomePage.js:24:61)
        at E:\Automate\tests\category.spec.js:136:20

    attachment #1: screenshot (image/png) ──────────────────────────────────────────────────────────
    ..\test-results\category-Category-and-Navi-a85f8--compare-from-category-page-firefox\test-failed-1.png
    ────────────────────────────────────────────────────────────────────────────────────────────────

    attachment #2: video (video/webm) ──────────────────────────────────────────────────────────────
    ..\test-results\category-Category-and-Navi-a85f8--compare-from-category-page-firefox\video.webm
    ────────────────────────────────────────────────────────────────────────────────────────────────

    Error Context: ..\test-results\category-Category-and-Navi-a85f8--compare-from-category-page-firefox\error-context.md
]]>
</failure>
<system-out>
<![CDATA[
[[ATTACHMENT|test-results\category-Category-and-Navi-a85f8--compare-from-category-page-firefox\test-failed-1.png]]

[[ATTACHMENT|test-results\category-Category-and-Navi-a85f8--compare-from-category-page-firefox\video.webm]]

[[ATTACHMENT|test-results\category-Category-and-Navi-a85f8--compare-from-category-page-firefox\error-context.md]]
]]>
</system-out>
</testcase>
<testcase name="Category and Navigation › should navigate to subcategories" classname="category.spec.js" time="5.389">
<failure message="category.spec.js:145:3 should navigate to subcategories" type="FAILURE">
<![CDATA[  [firefox] › category.spec.js:145:3 › Category and Navigation › should navigate to subcategories ──

    Error: locator.click: Error: strict mode violation: locator('.top-menu a').filter({ hasText: 'Computers' }) resolved to 2 elements:
        1) <a href="/computers">Computers </a> aka getByRole('link', { name: 'Computers' })
        2) <a href="/computers">Computers </a> aka getByText('Computers').nth(1)

    Call log:
      - waiting for locator('.top-menu a').filter({ hasText: 'Computers' })


       at ..\page-objects\HomePage.js:24

      22 |
      23 |   async clickCategory(categoryName) {
    > 24 |     await this.categories.filter({ hasText: categoryName }).click();
         |                                                             ^
      25 |   }
      26 |
      27 |   async clickFeaturedProduct(index = 0) {
        at HomePage.clickCategory (E:\Automate\page-objects\HomePage.js:24:61)
        at E:\Automate\tests\category.spec.js:146:20

    attachment #1: screenshot (image/png) ──────────────────────────────────────────────────────────
    ..\test-results\category-Category-and-Navi-d1fa3-d-navigate-to-subcategories-firefox\test-failed-1.png
    ────────────────────────────────────────────────────────────────────────────────────────────────

    attachment #2: video (video/webm) ──────────────────────────────────────────────────────────────
    ..\test-results\category-Category-and-Navi-d1fa3-d-navigate-to-subcategories-firefox\video.webm
    ────────────────────────────────────────────────────────────────────────────────────────────────

    Error Context: ..\test-results\category-Category-and-Navi-d1fa3-d-navigate-to-subcategories-firefox\error-context.md
]]>
</failure>
<system-out>
<![CDATA[
[[ATTACHMENT|test-results\category-Category-and-Navi-d1fa3-d-navigate-to-subcategories-firefox\test-failed-1.png]]

[[ATTACHMENT|test-results\category-Category-and-Navi-d1fa3-d-navigate-to-subcategories-firefox\video.webm]]

[[ATTACHMENT|test-results\category-Category-and-Navi-d1fa3-d-navigate-to-subcategories-firefox\error-context.md]]
]]>
</system-out>
</testcase>
<testcase name="Category and Navigation › should display category description" classname="category.spec.js" time="5.078">
<failure message="category.spec.js:160:3 should display category description" type="FAILURE">
<![CDATA[  [firefox] › category.spec.js:160:3 › Category and Navigation › should display category description 

    Error: locator.click: Error: strict mode violation: locator('.top-menu a').filter({ hasText: 'Computers' }) resolved to 2 elements:
        1) <a href="/computers">Computers </a> aka getByRole('link', { name: 'Computers' })
        2) <a href="/computers">Computers </a> aka getByText('Computers').nth(1)

    Call log:
      - waiting for locator('.top-menu a').filter({ hasText: 'Computers' })


       at ..\page-objects\HomePage.js:24

      22 |
      23 |   async clickCategory(categoryName) {
    > 24 |     await this.categories.filter({ hasText: categoryName }).click();
         |                                                             ^
      25 |   }
      26 |
      27 |   async clickFeaturedProduct(index = 0) {
        at HomePage.clickCategory (E:\Automate\page-objects\HomePage.js:24:61)
        at E:\Automate\tests\category.spec.js:161:20

    attachment #1: screenshot (image/png) ──────────────────────────────────────────────────────────
    ..\test-results\category-Category-and-Navi-4229c-isplay-category-description-firefox\test-failed-1.png
    ────────────────────────────────────────────────────────────────────────────────────────────────

    attachment #2: video (video/webm) ──────────────────────────────────────────────────────────────
    ..\test-results\category-Category-and-Navi-4229c-isplay-category-description-firefox\video.webm
    ────────────────────────────────────────────────────────────────────────────────────────────────

    Error Context: ..\test-results\category-Category-and-Navi-4229c-isplay-category-description-firefox\error-context.md
]]>
</failure>
<system-out>
<![CDATA[
[[ATTACHMENT|test-results\category-Category-and-Navi-4229c-isplay-category-description-firefox\test-failed-1.png]]

[[ATTACHMENT|test-results\category-Category-and-Navi-4229c-isplay-category-description-firefox\video.webm]]

[[ATTACHMENT|test-results\category-Category-and-Navi-4229c-isplay-category-description-firefox\error-context.md]]
]]>
</system-out>
</testcase>
<testcase name="Category and Navigation › should handle empty categories" classname="category.spec.js" time="5.271">
<failure message="category.spec.js:171:3 should handle empty categories" type="FAILURE">
<![CDATA[  [firefox] › category.spec.js:171:3 › Category and Navigation › should handle empty categories ────

    Error: locator.click: Error: strict mode violation: locator('.top-menu a').filter({ hasText: 'Gift Cards' }) resolved to 2 elements:
        1) <a href="/gift-cards">Gift Cards </a> aka getByRole('link', { name: 'Gift Cards' })
        2) <a href="/gift-cards">Gift Cards </a> aka getByText('Gift Cards').nth(1)

    Call log:
      - waiting for locator('.top-menu a').filter({ hasText: 'Gift Cards' })


       at ..\page-objects\HomePage.js:24

      22 |
      23 |   async clickCategory(categoryName) {
    > 24 |     await this.categories.filter({ hasText: categoryName }).click();
         |                                                             ^
      25 |   }
      26 |
      27 |   async clickFeaturedProduct(index = 0) {
        at HomePage.clickCategory (E:\Automate\page-objects\HomePage.js:24:61)
        at E:\Automate\tests\category.spec.js:174:20

    attachment #1: screenshot (image/png) ──────────────────────────────────────────────────────────
    ..\test-results\category-Category-and-Navi-8629b-uld-handle-empty-categories-firefox\test-failed-1.png
    ────────────────────────────────────────────────────────────────────────────────────────────────

    attachment #2: video (video/webm) ──────────────────────────────────────────────────────────────
    ..\test-results\category-Category-and-Navi-8629b-uld-handle-empty-categories-firefox\video.webm
    ────────────────────────────────────────────────────────────────────────────────────────────────

    Error Context: ..\test-results\category-Category-and-Navi-8629b-uld-handle-empty-categories-firefox\error-context.md
]]>
</failure>
<system-out>
<![CDATA[
[[ATTACHMENT|test-results\category-Category-and-Navi-8629b-uld-handle-empty-categories-firefox\test-failed-1.png]]

[[ATTACHMENT|test-results\category-Category-and-Navi-8629b-uld-handle-empty-categories-firefox\video.webm]]

[[ATTACHMENT|test-results\category-Category-and-Navi-8629b-uld-handle-empty-categories-firefox\error-context.md]]
]]>
</system-out>
</testcase>
</testsuite>
<testsuite name="checkout.spec.js" timestamp="2025-07-15T18:27:52.044Z" hostname="firefox" tests="12" failures="12" skipped="0" time="362.088" errors="0">
<testcase name="Checkout Process › should navigate to checkout from cart" classname="checkout.spec.js" time="30.102">
<failure message="checkout.spec.js:22:3 should navigate to checkout from cart" type="FAILURE">
<![CDATA[  [firefox] › checkout.spec.js:22:3 › Checkout Process › should navigate to checkout from cart ─────

    Test timeout of 30000ms exceeded.

    Error: locator.click: Test timeout of 30000ms exceeded.
    Call log:
      - waiting for locator('.product-title a').first()


      23 |     // Add product to cart
      24 |     await homePage.search(testData.products.laptop);
    > 25 |     await page.locator('.product-title a').first().click();
         |                                                    ^
      26 |     await productPage.addToCart();
      27 |     await productPage.closeNotification();
      28 |     
        at E:\Automate\tests\checkout.spec.js:25:52

    attachment #1: screenshot (image/png) ──────────────────────────────────────────────────────────
    ..\test-results\checkout-Checkout-Process--5264f-igate-to-checkout-from-cart-firefox\test-failed-1.png
    ────────────────────────────────────────────────────────────────────────────────────────────────

    attachment #2: video (video/webm) ──────────────────────────────────────────────────────────────
    ..\test-results\checkout-Checkout-Process--5264f-igate-to-checkout-from-cart-firefox\video.webm
    ────────────────────────────────────────────────────────────────────────────────────────────────

    Error Context: ..\test-results\checkout-Checkout-Process--5264f-igate-to-checkout-from-cart-firefox\error-context.md
]]>
</failure>
<system-out>
<![CDATA[
[[ATTACHMENT|test-results\checkout-Checkout-Process--5264f-igate-to-checkout-from-cart-firefox\test-failed-1.png]]

[[ATTACHMENT|test-results\checkout-Checkout-Process--5264f-igate-to-checkout-from-cart-firefox\video.webm]]

[[ATTACHMENT|test-results\checkout-Checkout-Process--5264f-igate-to-checkout-from-cart-firefox\error-context.md]]
]]>
</system-out>
</testcase>
<testcase name="Checkout Process › should require terms acceptance for checkout" classname="checkout.spec.js" time="30.102">
<failure message="checkout.spec.js:40:3 should require terms acceptance for checkout" type="FAILURE">
<![CDATA[  [firefox] › checkout.spec.js:40:3 › Checkout Process › should require terms acceptance for checkout 

    Test timeout of 30000ms exceeded.

    Error: locator.click: Test timeout of 30000ms exceeded.
    Call log:
      - waiting for locator('.product-title a').first()


      41 |     // Add product to cart
      42 |     await homePage.search(testData.products.laptop);
    > 43 |     await page.locator('.product-title a').first().click();
         |                                                    ^
      44 |     await productPage.addToCart();
      45 |     await productPage.closeNotification();
      46 |     
        at E:\Automate\tests\checkout.spec.js:43:52

    attachment #1: screenshot (image/png) ──────────────────────────────────────────────────────────
    ..\test-results\checkout-Checkout-Process--9c1fa-rms-acceptance-for-checkout-firefox\test-failed-1.png
    ────────────────────────────────────────────────────────────────────────────────────────────────

    attachment #2: video (video/webm) ──────────────────────────────────────────────────────────────
    ..\test-results\checkout-Checkout-Process--9c1fa-rms-acceptance-for-checkout-firefox\video.webm
    ────────────────────────────────────────────────────────────────────────────────────────────────

    Error Context: ..\test-results\checkout-Checkout-Process--9c1fa-rms-acceptance-for-checkout-firefox\error-context.md
]]>
</failure>
<system-out>
<![CDATA[
[[ATTACHMENT|test-results\checkout-Checkout-Process--9c1fa-rms-acceptance-for-checkout-firefox\test-failed-1.png]]

[[ATTACHMENT|test-results\checkout-Checkout-Process--9c1fa-rms-acceptance-for-checkout-firefox\video.webm]]

[[ATTACHMENT|test-results\checkout-Checkout-Process--9c1fa-rms-acceptance-for-checkout-firefox\error-context.md]]
]]>
</system-out>
</testcase>
<testcase name="Checkout Process › should display checkout steps" classname="checkout.spec.js" time="30.115">
<failure message="checkout.spec.js:57:3 should display checkout steps" type="FAILURE">
<![CDATA[  [firefox] › checkout.spec.js:57:3 › Checkout Process › should display checkout steps ─────────────

    Test timeout of 30000ms exceeded.

    Error: locator.click: Test timeout of 30000ms exceeded.
    Call log:
      - waiting for locator('.product-title a').first()


      58 |     // Add product to cart
      59 |     await homePage.search(testData.products.laptop);
    > 60 |     await page.locator('.product-title a').first().click();
         |                                                    ^
      61 |     await productPage.addToCart();
      62 |     await productPage.closeNotification();
      63 |     
        at E:\Automate\tests\checkout.spec.js:60:52

    attachment #1: screenshot (image/png) ──────────────────────────────────────────────────────────
    ..\test-results\checkout-Checkout-Process-should-display-checkout-steps-firefox\test-failed-1.png
    ────────────────────────────────────────────────────────────────────────────────────────────────

    attachment #2: video (video/webm) ──────────────────────────────────────────────────────────────
    ..\test-results\checkout-Checkout-Process-should-display-checkout-steps-firefox\video.webm
    ────────────────────────────────────────────────────────────────────────────────────────────────

    Error Context: ..\test-results\checkout-Checkout-Process-should-display-checkout-steps-firefox\error-context.md
]]>
</failure>
<system-out>
<![CDATA[
[[ATTACHMENT|test-results\checkout-Checkout-Process-should-display-checkout-steps-firefox\test-failed-1.png]]

[[ATTACHMENT|test-results\checkout-Checkout-Process-should-display-checkout-steps-firefox\video.webm]]

[[ATTACHMENT|test-results\checkout-Checkout-Process-should-display-checkout-steps-firefox\error-context.md]]
]]>
</system-out>
</testcase>
<testcase name="Checkout Process › should handle guest checkout" classname="checkout.spec.js" time="30.141">
<failure message="checkout.spec.js:72:3 should handle guest checkout" type="FAILURE">
<![CDATA[  [firefox] › checkout.spec.js:72:3 › Checkout Process › should handle guest checkout ──────────────

    Test timeout of 30000ms exceeded.

    Error: locator.click: Test timeout of 30000ms exceeded.
    Call log:
      - waiting for locator('.product-title a').first()


      73 |     // Add product to cart
      74 |     await homePage.search(testData.products.laptop);
    > 75 |     await page.locator('.product-title a').first().click();
         |                                                    ^
      76 |     await productPage.addToCart();
      77 |     await productPage.closeNotification();
      78 |     
        at E:\Automate\tests\checkout.spec.js:75:52

    attachment #1: screenshot (image/png) ──────────────────────────────────────────────────────────
    ..\test-results\checkout-Checkout-Process-should-handle-guest-checkout-firefox\test-failed-1.png
    ────────────────────────────────────────────────────────────────────────────────────────────────

    attachment #2: video (video/webm) ──────────────────────────────────────────────────────────────
    ..\test-results\checkout-Checkout-Process-should-handle-guest-checkout-firefox\video.webm
    ────────────────────────────────────────────────────────────────────────────────────────────────

    Error Context: ..\test-results\checkout-Checkout-Process-should-handle-guest-checkout-firefox\error-context.md
]]>
</failure>
<system-out>
<![CDATA[
[[ATTACHMENT|test-results\checkout-Checkout-Process-should-handle-guest-checkout-firefox\test-failed-1.png]]

[[ATTACHMENT|test-results\checkout-Checkout-Process-should-handle-guest-checkout-firefox\video.webm]]

[[ATTACHMENT|test-results\checkout-Checkout-Process-should-handle-guest-checkout-firefox\error-context.md]]
]]>
</system-out>
</testcase>
<testcase name="Checkout Process › should fill billing address form" classname="checkout.spec.js" time="30.181">
<failure message="checkout.spec.js:93:3 should fill billing address form" type="FAILURE">
<![CDATA[  [firefox] › checkout.spec.js:93:3 › Checkout Process › should fill billing address form ──────────

    Test timeout of 30000ms exceeded.

    Error: locator.click: Test timeout of 30000ms exceeded.
    Call log:
      - waiting for locator('.product-title a').first()


      94 |     // Add product to cart
      95 |     await homePage.search(testData.products.laptop);
    > 96 |     await page.locator('.product-title a').first().click();
         |                                                    ^
      97 |     await productPage.addToCart();
      98 |     await productPage.closeNotification();
      99 |     
        at E:\Automate\tests\checkout.spec.js:96:52

    attachment #1: screenshot (image/png) ──────────────────────────────────────────────────────────
    ..\test-results\checkout-Checkout-Process-should-fill-billing-address-form-firefox\test-failed-1.png
    ────────────────────────────────────────────────────────────────────────────────────────────────

    attachment #2: video (video/webm) ──────────────────────────────────────────────────────────────
    ..\test-results\checkout-Checkout-Process-should-fill-billing-address-form-firefox\video.webm
    ────────────────────────────────────────────────────────────────────────────────────────────────

    Error Context: ..\test-results\checkout-Checkout-Process-should-fill-billing-address-form-firefox\error-context.md
]]>
</failure>
<system-out>
<![CDATA[
[[ATTACHMENT|test-results\checkout-Checkout-Process-should-fill-billing-address-form-firefox\test-failed-1.png]]

[[ATTACHMENT|test-results\checkout-Checkout-Process-should-fill-billing-address-form-firefox\video.webm]]

[[ATTACHMENT|test-results\checkout-Checkout-Process-should-fill-billing-address-form-firefox\error-context.md]]
]]>
</system-out>
</testcase>
<testcase name="Checkout Process › should handle shipping address same as billing" classname="checkout.spec.js" time="30.231">
<failure message="checkout.spec.js:129:3 should handle shipping address same as billing" type="FAILURE">
<![CDATA[  [firefox] › checkout.spec.js:129:3 › Checkout Process › should handle shipping address same as billing 

    Test timeout of 30000ms exceeded.

    Error: locator.click: Test timeout of 30000ms exceeded.
    Call log:
      - waiting for locator('.product-title a').first()


      130 |     // Add product to cart
      131 |     await homePage.search(testData.products.laptop);
    > 132 |     await page.locator('.product-title a').first().click();
          |                                                    ^
      133 |     await productPage.addToCart();
      134 |     await productPage.closeNotification();
      135 |     
        at E:\Automate\tests\checkout.spec.js:132:52

    attachment #1: screenshot (image/png) ──────────────────────────────────────────────────────────
    ..\test-results\checkout-Checkout-Process--97ae5-ing-address-same-as-billing-firefox\test-failed-1.png
    ────────────────────────────────────────────────────────────────────────────────────────────────

    attachment #2: video (video/webm) ──────────────────────────────────────────────────────────────
    ..\test-results\checkout-Checkout-Process--97ae5-ing-address-same-as-billing-firefox\video.webm
    ────────────────────────────────────────────────────────────────────────────────────────────────

    Error Context: ..\test-results\checkout-Checkout-Process--97ae5-ing-address-same-as-billing-firefox\error-context.md
]]>
</failure>
<system-out>
<![CDATA[
[[ATTACHMENT|test-results\checkout-Checkout-Process--97ae5-ing-address-same-as-billing-firefox\test-failed-1.png]]

[[ATTACHMENT|test-results\checkout-Checkout-Process--97ae5-ing-address-same-as-billing-firefox\video.webm]]

[[ATTACHMENT|test-results\checkout-Checkout-Process--97ae5-ing-address-same-as-billing-firefox\error-context.md]]
]]>
</system-out>
</testcase>
<testcase name="Checkout Process › should select shipping method" classname="checkout.spec.js" time="30.271">
<failure message="checkout.spec.js:154:3 should select shipping method" type="FAILURE">
<![CDATA[  [firefox] › checkout.spec.js:154:3 › Checkout Process › should select shipping method ────────────

    Test timeout of 30000ms exceeded.

    Error: locator.click: Test timeout of 30000ms exceeded.
    Call log:
      - waiting for locator('.product-title a').first()


      155 |     // Add product to cart
      156 |     await homePage.search(testData.products.laptop);
    > 157 |     await page.locator('.product-title a').first().click();
          |                                                    ^
      158 |     await productPage.addToCart();
      159 |     await productPage.closeNotification();
      160 |     
        at E:\Automate\tests\checkout.spec.js:157:52

    attachment #1: screenshot (image/png) ──────────────────────────────────────────────────────────
    ..\test-results\checkout-Checkout-Process-should-select-shipping-method-firefox\test-failed-1.png
    ────────────────────────────────────────────────────────────────────────────────────────────────

    attachment #2: video (video/webm) ──────────────────────────────────────────────────────────────
    ..\test-results\checkout-Checkout-Process-should-select-shipping-method-firefox\video.webm
    ────────────────────────────────────────────────────────────────────────────────────────────────

    Error Context: ..\test-results\checkout-Checkout-Process-should-select-shipping-method-firefox\error-context.md
]]>
</failure>
<system-out>
<![CDATA[
[[ATTACHMENT|test-results\checkout-Checkout-Process-should-select-shipping-method-firefox\test-failed-1.png]]

[[ATTACHMENT|test-results\checkout-Checkout-Process-should-select-shipping-method-firefox\video.webm]]

[[ATTACHMENT|test-results\checkout-Checkout-Process-should-select-shipping-method-firefox\error-context.md]]
]]>
</system-out>
</testcase>
<testcase name="Checkout Process › should select payment method" classname="checkout.spec.js" time="30.212">
<failure message="checkout.spec.js:176:3 should select payment method" type="FAILURE">
<![CDATA[  [firefox] › checkout.spec.js:176:3 › Checkout Process › should select payment method ─────────────

    Test timeout of 30000ms exceeded.

    Error: locator.click: Test timeout of 30000ms exceeded.
    Call log:
      - waiting for locator('.product-title a').first()


      177 |     // Add product to cart
      178 |     await homePage.search(testData.products.laptop);
    > 179 |     await page.locator('.product-title a').first().click();
          |                                                    ^
      180 |     await productPage.addToCart();
      181 |     await productPage.closeNotification();
      182 |     
        at E:\Automate\tests\checkout.spec.js:179:52

    attachment #1: screenshot (image/png) ──────────────────────────────────────────────────────────
    ..\test-results\checkout-Checkout-Process-should-select-payment-method-firefox\test-failed-1.png
    ────────────────────────────────────────────────────────────────────────────────────────────────

    attachment #2: video (video/webm) ──────────────────────────────────────────────────────────────
    ..\test-results\checkout-Checkout-Process-should-select-payment-method-firefox\video.webm
    ────────────────────────────────────────────────────────────────────────────────────────────────

    Error Context: ..\test-results\checkout-Checkout-Process-should-select-payment-method-firefox\error-context.md
]]>
</failure>
<system-out>
<![CDATA[
[[ATTACHMENT|test-results\checkout-Checkout-Process-should-select-payment-method-firefox\test-failed-1.png]]

[[ATTACHMENT|test-results\checkout-Checkout-Process-should-select-payment-method-firefox\video.webm]]

[[ATTACHMENT|test-results\checkout-Checkout-Process-should-select-payment-method-firefox\error-context.md]]
]]>
</system-out>
</testcase>
<testcase name="Checkout Process › should display order summary" classname="checkout.spec.js" time="30.105">
<failure message="checkout.spec.js:195:3 should display order summary" type="FAILURE">
<![CDATA[  [firefox] › checkout.spec.js:195:3 › Checkout Process › should display order summary ─────────────

    Test timeout of 30000ms exceeded.

    Error: locator.click: Test timeout of 30000ms exceeded.
    Call log:
      - waiting for locator('.product-title a').first()


      196 |     // Add product to cart
      197 |     await homePage.search(testData.products.laptop);
    > 198 |     await page.locator('.product-title a').first().click();
          |                                                    ^
      199 |     await productPage.addToCart();
      200 |     await productPage.closeNotification();
      201 |     
        at E:\Automate\tests\checkout.spec.js:198:52

    attachment #1: screenshot (image/png) ──────────────────────────────────────────────────────────
    ..\test-results\checkout-Checkout-Process-should-display-order-summary-firefox\test-failed-1.png
    ────────────────────────────────────────────────────────────────────────────────────────────────

    attachment #2: video (video/webm) ──────────────────────────────────────────────────────────────
    ..\test-results\checkout-Checkout-Process-should-display-order-summary-firefox\video.webm
    ────────────────────────────────────────────────────────────────────────────────────────────────

    Error Context: ..\test-results\checkout-Checkout-Process-should-display-order-summary-firefox\error-context.md
]]>
</failure>
<system-out>
<![CDATA[
[[ATTACHMENT|test-results\checkout-Checkout-Process-should-display-order-summary-firefox\test-failed-1.png]]

[[ATTACHMENT|test-results\checkout-Checkout-Process-should-display-order-summary-firefox\video.webm]]

[[ATTACHMENT|test-results\checkout-Checkout-Process-should-display-order-summary-firefox\error-context.md]]
]]>
</system-out>
</testcase>
<testcase name="Checkout Process › should handle checkout validation errors" classname="checkout.spec.js" time="30.101">
<failure message="checkout.spec.js:214:3 should handle checkout validation errors" type="FAILURE">
<![CDATA[  [firefox] › checkout.spec.js:214:3 › Checkout Process › should handle checkout validation errors ─

    Test timeout of 30000ms exceeded.

    Error: locator.click: Test timeout of 30000ms exceeded.
    Call log:
      - waiting for locator('.product-title a').first()


      215 |     // Add product to cart
      216 |     await homePage.search(testData.products.laptop);
    > 217 |     await page.locator('.product-title a').first().click();
          |                                                    ^
      218 |     await productPage.addToCart();
      219 |     await productPage.closeNotification();
      220 |     
        at E:\Automate\tests\checkout.spec.js:217:52

    attachment #1: screenshot (image/png) ──────────────────────────────────────────────────────────
    ..\test-results\checkout-Checkout-Process--8f556--checkout-validation-errors-firefox\test-failed-1.png
    ────────────────────────────────────────────────────────────────────────────────────────────────

    attachment #2: video (video/webm) ──────────────────────────────────────────────────────────────
    ..\test-results\checkout-Checkout-Process--8f556--checkout-validation-errors-firefox\video.webm
    ────────────────────────────────────────────────────────────────────────────────────────────────

    Error Context: ..\test-results\checkout-Checkout-Process--8f556--checkout-validation-errors-firefox\error-context.md
]]>
</failure>
<system-out>
<![CDATA[
[[ATTACHMENT|test-results\checkout-Checkout-Process--8f556--checkout-validation-errors-firefox\test-failed-1.png]]

[[ATTACHMENT|test-results\checkout-Checkout-Process--8f556--checkout-validation-errors-firefox\video.webm]]

[[ATTACHMENT|test-results\checkout-Checkout-Process--8f556--checkout-validation-errors-firefox\error-context.md]]
]]>
</system-out>
</testcase>
<testcase name="Checkout Process › should handle different country selection" classname="checkout.spec.js" time="30.169">
<failure message="checkout.spec.js:235:3 should handle different country selection" type="FAILURE">
<![CDATA[  [firefox] › checkout.spec.js:235:3 › Checkout Process › should handle different country selection 

    Test timeout of 30000ms exceeded.

    Error: locator.click: Test timeout of 30000ms exceeded.
    Call log:
      - waiting for locator('.product-title a').first()


      236 |     // Add product to cart
      237 |     await homePage.search(testData.products.laptop);
    > 238 |     await page.locator('.product-title a').first().click();
          |                                                    ^
      239 |     await productPage.addToCart();
      240 |     await productPage.closeNotification();
      241 |     
        at E:\Automate\tests\checkout.spec.js:238:52

    attachment #1: screenshot (image/png) ──────────────────────────────────────────────────────────
    ..\test-results\checkout-Checkout-Process--055c3-different-country-selection-firefox\test-failed-1.png
    ────────────────────────────────────────────────────────────────────────────────────────────────

    attachment #2: video (video/webm) ──────────────────────────────────────────────────────────────
    ..\test-results\checkout-Checkout-Process--055c3-different-country-selection-firefox\video.webm
    ────────────────────────────────────────────────────────────────────────────────────────────────

    Error Context: ..\test-results\checkout-Checkout-Process--055c3-different-country-selection-firefox\error-context.md
]]>
</failure>
<system-out>
<![CDATA[
[[ATTACHMENT|test-results\checkout-Checkout-Process--055c3-different-country-selection-firefox\test-failed-1.png]]

[[ATTACHMENT|test-results\checkout-Checkout-Process--055c3-different-country-selection-firefox\video.webm]]

[[ATTACHMENT|test-results\checkout-Checkout-Process--055c3-different-country-selection-firefox\error-context.md]]
]]>
</system-out>
</testcase>
<testcase name="Checkout Process › should calculate tax and shipping costs" classname="checkout.spec.js" time="30.358">
<failure message="checkout.spec.js:260:3 should calculate tax and shipping costs" type="FAILURE">
<![CDATA[  [firefox] › checkout.spec.js:260:3 › Checkout Process › should calculate tax and shipping costs ──

    Test timeout of 30000ms exceeded.

    Error: locator.click: Test timeout of 30000ms exceeded.
    Call log:
      - waiting for locator('.product-title a').first()


      261 |     // Add product to cart
      262 |     await homePage.search(testData.products.laptop);
    > 263 |     await page.locator('.product-title a').first().click();
          |                                                    ^
      264 |     await productPage.addToCart();
      265 |     await productPage.closeNotification();
      266 |     
        at E:\Automate\tests\checkout.spec.js:263:52

    attachment #1: screenshot (image/png) ──────────────────────────────────────────────────────────
    ..\test-results\checkout-Checkout-Process--eddf6-late-tax-and-shipping-costs-firefox\test-failed-1.png
    ────────────────────────────────────────────────────────────────────────────────────────────────

    attachment #2: video (video/webm) ──────────────────────────────────────────────────────────────
    ..\test-results\checkout-Checkout-Process--eddf6-late-tax-and-shipping-costs-firefox\video.webm
    ────────────────────────────────────────────────────────────────────────────────────────────────

    Error Context: ..\test-results\checkout-Checkout-Process--eddf6-late-tax-and-shipping-costs-firefox\error-context.md
]]>
</failure>
<system-out>
<![CDATA[
[[ATTACHMENT|test-results\checkout-Checkout-Process--eddf6-late-tax-and-shipping-costs-firefox\test-failed-1.png]]

[[ATTACHMENT|test-results\checkout-Checkout-Process--eddf6-late-tax-and-shipping-costs-firefox\video.webm]]

[[ATTACHMENT|test-results\checkout-Checkout-Process--eddf6-late-tax-and-shipping-costs-firefox\error-context.md]]
]]>
</system-out>
</testcase>
</testsuite>
<testsuite name="contact.spec.js" timestamp="2025-07-15T18:27:52.044Z" hostname="firefox" tests="17" failures="12" skipped="0" time="246.17" errors="0">
<testcase name="Contact and Information Pages › should display contact us page" classname="contact.spec.js" time="10.107">
<failure message="contact.spec.js:13:3 should display contact us page" type="FAILURE">
<![CDATA[  [firefox] › contact.spec.js:13:3 › Contact and Information Pages › should display contact us page 

    Error: Timed out 5000ms waiting for expect(locator).toContainText(expected)

    Locator: locator('.page-title')
    Expected string: "Contact us"
    Received: <element(s) not found>
    Call log:
      - Expect "toContainText" with timeout 5000ms
      - waiting for locator('.page-title')


      17 |     // Verify contact us page elements
      18 |     await expect(page).toHaveURL(/.*contactus/);
    > 19 |     await expect(page.locator('.page-title')).toContainText('Contact us');
         |                                               ^
      20 |     await expect(page.locator('#FullName')).toBeVisible();
      21 |     await expect(page.locator('#Email')).toBeVisible();
      22 |     await expect(page.locator('#Subject')).toBeVisible();
        at E:\Automate\tests\contact.spec.js:19:47

    attachment #1: screenshot (image/png) ──────────────────────────────────────────────────────────
    ..\test-results\contact-Contact-and-Inform-c169c-uld-display-contact-us-page-firefox\test-failed-1.png
    ────────────────────────────────────────────────────────────────────────────────────────────────

    attachment #2: video (video/webm) ──────────────────────────────────────────────────────────────
    ..\test-results\contact-Contact-and-Inform-c169c-uld-display-contact-us-page-firefox\video.webm
    ────────────────────────────────────────────────────────────────────────────────────────────────

    Error Context: ..\test-results\contact-Contact-and-Inform-c169c-uld-display-contact-us-page-firefox\error-context.md
]]>
</failure>
<system-out>
<![CDATA[
[[ATTACHMENT|test-results\contact-Contact-and-Inform-c169c-uld-display-contact-us-page-firefox\test-failed-1.png]]

[[ATTACHMENT|test-results\contact-Contact-and-Inform-c169c-uld-display-contact-us-page-firefox\video.webm]]

[[ATTACHMENT|test-results\contact-Contact-and-Inform-c169c-uld-display-contact-us-page-firefox\error-context.md]]
]]>
</system-out>
</testcase>
<testcase name="Contact and Information Pages › should submit contact form successfully" classname="contact.spec.js" time="30.176">
<failure message="contact.spec.js:27:3 should submit contact form successfully" type="FAILURE">
<![CDATA[  [firefox] › contact.spec.js:27:3 › Contact and Information Pages › should submit contact form successfully 

    Test timeout of 30000ms exceeded.

    Error: locator.fill: Test timeout of 30000ms exceeded.
    Call log:
      - waiting for locator('#FullName')


      30 |     
      31 |     // Fill contact form
    > 32 |     await page.locator('#FullName').fill(`${testData.newUser.firstName} ${testData.newUser.lastName}`);
         |                                     ^
      33 |     await page.locator('#Email').fill(testData.newUser.email);
      34 |     await page.locator('#Subject').fill('Test Subject');
      35 |     await page.locator('#Enquiry').fill('This is a test enquiry message for automated testing.');
        at E:\Automate\tests\contact.spec.js:32:37

    attachment #1: screenshot (image/png) ──────────────────────────────────────────────────────────
    ..\test-results\contact-Contact-and-Inform-894d9-t-contact-form-successfully-firefox\test-failed-1.png
    ────────────────────────────────────────────────────────────────────────────────────────────────

    attachment #2: video (video/webm) ──────────────────────────────────────────────────────────────
    ..\test-results\contact-Contact-and-Inform-894d9-t-contact-form-successfully-firefox\video.webm
    ────────────────────────────────────────────────────────────────────────────────────────────────

    Error Context: ..\test-results\contact-Contact-and-Inform-894d9-t-contact-form-successfully-firefox\error-context.md
]]>
</failure>
<system-out>
<![CDATA[
[[ATTACHMENT|test-results\contact-Contact-and-Inform-894d9-t-contact-form-successfully-firefox\test-failed-1.png]]

[[ATTACHMENT|test-results\contact-Contact-and-Inform-894d9-t-contact-form-successfully-firefox\video.webm]]

[[ATTACHMENT|test-results\contact-Contact-and-Inform-894d9-t-contact-form-successfully-firefox\error-context.md]]
]]>
</system-out>
</testcase>
<testcase name="Contact and Information Pages › should validate contact form fields" classname="contact.spec.js" time="30.189">
<failure message="contact.spec.js:44:3 should validate contact form fields" type="FAILURE">
<![CDATA[  [firefox] › contact.spec.js:44:3 › Contact and Information Pages › should validate contact form fields 

    Test timeout of 30000ms exceeded.

    Error: locator.click: Test timeout of 30000ms exceeded.
    Call log:
      - waiting for locator('input[type="submit"]')


      47 |     
      48 |     // Submit empty form
    > 49 |     await page.locator('input[type="submit"]').click();
         |                                                ^
      50 |     
      51 |     // Check for validation errors
      52 |     await expect(page.locator('.field-validation-error')).toHaveCount({ min: 1 });
        at E:\Automate\tests\contact.spec.js:49:48

    attachment #1: screenshot (image/png) ──────────────────────────────────────────────────────────
    ..\test-results\contact-Contact-and-Inform-f5008-alidate-contact-form-fields-firefox\test-failed-1.png
    ────────────────────────────────────────────────────────────────────────────────────────────────

    attachment #2: video (video/webm) ──────────────────────────────────────────────────────────────
    ..\test-results\contact-Contact-and-Inform-f5008-alidate-contact-form-fields-firefox\video.webm
    ────────────────────────────────────────────────────────────────────────────────────────────────

    Error Context: ..\test-results\contact-Contact-and-Inform-f5008-alidate-contact-form-fields-firefox\error-context.md
]]>
</failure>
<system-out>
<![CDATA[
[[ATTACHMENT|test-results\contact-Contact-and-Inform-f5008-alidate-contact-form-fields-firefox\test-failed-1.png]]

[[ATTACHMENT|test-results\contact-Contact-and-Inform-f5008-alidate-contact-form-fields-firefox\video.webm]]

[[ATTACHMENT|test-results\contact-Contact-and-Inform-f5008-alidate-contact-form-fields-firefox\error-context.md]]
]]>
</system-out>
</testcase>
<testcase name="Contact and Information Pages › should validate email format in contact form" classname="contact.spec.js" time="30.289">
<failure message="contact.spec.js:55:3 should validate email format in contact form" type="FAILURE">
<![CDATA[  [firefox] › contact.spec.js:55:3 › Contact and Information Pages › should validate email format in contact form 

    Test timeout of 30000ms exceeded.

    Error: locator.fill: Test timeout of 30000ms exceeded.
    Call log:
      - waiting for locator('#FullName')


      58 |     
      59 |     // Fill form with invalid email
    > 60 |     await page.locator('#FullName').fill(`${testData.newUser.firstName} ${testData.newUser.lastName}`);
         |                                     ^
      61 |     await page.locator('#Email').fill('invalid-email');
      62 |     await page.locator('#Subject').fill('Test Subject');
      63 |     await page.locator('#Enquiry').fill('Test message');
        at E:\Automate\tests\contact.spec.js:60:37

    attachment #1: screenshot (image/png) ──────────────────────────────────────────────────────────
    ..\test-results\contact-Contact-and-Inform-a7af3-mail-format-in-contact-form-firefox\test-failed-1.png
    ────────────────────────────────────────────────────────────────────────────────────────────────

    attachment #2: video (video/webm) ──────────────────────────────────────────────────────────────
    ..\test-results\contact-Contact-and-Inform-a7af3-mail-format-in-contact-form-firefox\video.webm
    ────────────────────────────────────────────────────────────────────────────────────────────────

    Error Context: ..\test-results\contact-Contact-and-Inform-a7af3-mail-format-in-contact-form-firefox\error-context.md
]]>
</failure>
<system-out>
<![CDATA[
[[ATTACHMENT|test-results\contact-Contact-and-Inform-a7af3-mail-format-in-contact-form-firefox\test-failed-1.png]]

[[ATTACHMENT|test-results\contact-Contact-and-Inform-a7af3-mail-format-in-contact-form-firefox\video.webm]]

[[ATTACHMENT|test-results\contact-Contact-and-Inform-a7af3-mail-format-in-contact-form-firefox\error-context.md]]
]]>
</system-out>
</testcase>
<testcase name="Contact and Information Pages › should display about us page" classname="contact.spec.js" time="8.518">
<failure message="contact.spec.js:72:3 should display about us page" type="FAILURE">
<![CDATA[  [firefox] › contact.spec.js:72:3 › Contact and Information Pages › should display about us page ──

    Error: Timed out 5000ms waiting for expect(locator).toContainText(expected)

    Locator: locator('.page-title')
    Expected string: "About us"
    Received: <element(s) not found>
    Call log:
      - Expect "toContainText" with timeout 5000ms
      - waiting for locator('.page-title')


      80 |       // Verify about us page
      81 |       await expect(page).toHaveURL(/.*about-us/);
    > 82 |       await expect(page.locator('.page-title')).toContainText('About us');
         |                                                 ^
      83 |       await expect(page.locator('.page-body')).toBeVisible();
      84 |     }
      85 |   });
        at E:\Automate\tests\contact.spec.js:82:49

    attachment #1: screenshot (image/png) ──────────────────────────────────────────────────────────
    ..\test-results\contact-Contact-and-Inform-6f855-hould-display-about-us-page-firefox\test-failed-1.png
    ────────────────────────────────────────────────────────────────────────────────────────────────

    attachment #2: video (video/webm) ──────────────────────────────────────────────────────────────
    ..\test-results\contact-Contact-and-Inform-6f855-hould-display-about-us-page-firefox\video.webm
    ────────────────────────────────────────────────────────────────────────────────────────────────

    Error Context: ..\test-results\contact-Contact-and-Inform-6f855-hould-display-about-us-page-firefox\error-context.md
]]>
</failure>
<system-out>
<![CDATA[
[[ATTACHMENT|test-results\contact-Contact-and-Inform-6f855-hould-display-about-us-page-firefox\test-failed-1.png]]

[[ATTACHMENT|test-results\contact-Contact-and-Inform-6f855-hould-display-about-us-page-firefox\video.webm]]

[[ATTACHMENT|test-results\contact-Contact-and-Inform-6f855-hould-display-about-us-page-firefox\error-context.md]]
]]>
</system-out>
</testcase>
<testcase name="Contact and Information Pages › should display sitemap page" classname="contact.spec.js" time="8.668">
<failure message="contact.spec.js:87:3 should display sitemap page" type="FAILURE">
<![CDATA[  [firefox] › contact.spec.js:87:3 › Contact and Information Pages › should display sitemap page ───

    Error: Timed out 5000ms waiting for expect(locator).toContainText(expected)

    Locator: locator('.page-title')
    Expected string: "Sitemap"
    Received: <element(s) not found>
    Call log:
      - Expect "toContainText" with timeout 5000ms
      - waiting for locator('.page-title')


       95 |       // Verify sitemap page
       96 |       await expect(page).toHaveURL(/.*sitemap/);
    >  97 |       await expect(page.locator('.page-title')).toContainText('Sitemap');
          |                                                 ^
       98 |       await expect(page.locator('.sitemap')).toBeVisible();
       99 |     }
      100 |   });
        at E:\Automate\tests\contact.spec.js:97:49

    attachment #1: screenshot (image/png) ──────────────────────────────────────────────────────────
    ..\test-results\contact-Contact-and-Inform-563bd-should-display-sitemap-page-firefox\test-failed-1.png
    ────────────────────────────────────────────────────────────────────────────────────────────────

    attachment #2: video (video/webm) ──────────────────────────────────────────────────────────────
    ..\test-results\contact-Contact-and-Inform-563bd-should-display-sitemap-page-firefox\video.webm
    ────────────────────────────────────────────────────────────────────────────────────────────────

    Error Context: ..\test-results\contact-Contact-and-Inform-563bd-should-display-sitemap-page-firefox\error-context.md
]]>
</failure>
<system-out>
<![CDATA[
[[ATTACHMENT|test-results\contact-Contact-and-Inform-563bd-should-display-sitemap-page-firefox\test-failed-1.png]]

[[ATTACHMENT|test-results\contact-Contact-and-Inform-563bd-should-display-sitemap-page-firefox\video.webm]]

[[ATTACHMENT|test-results\contact-Contact-and-Inform-563bd-should-display-sitemap-page-firefox\error-context.md]]
]]>
</system-out>
</testcase>
<testcase name="Contact and Information Pages › should display news page" classname="contact.spec.js" time="4.13">
<failure message="contact.spec.js:102:3 should display news page" type="FAILURE">
<![CDATA[  [firefox] › contact.spec.js:102:3 › Contact and Information Pages › should display news page ─────

    Error: locator.isVisible: Error: strict mode violation: locator('text=News') resolved to 4 elements:
        1) <strong>News</strong> aka locator('#main').getByText('News', { exact: true })
        2) <a href="/news">View News Archive</a> aka getByRole('link', { name: 'View News Archive' })
        3) <a href="/news">News</a> aka getByRole('link', { name: 'News', exact: true })
        4) <strong>Newsletter</strong> aka getByText('Newsletter')

    Call log:
        - checking visibility of locator('text=News')


      103 |     // Navigate to news page
      104 |     const newsLink = page.locator('text=News');
    > 105 |     const newsExists = await newsLink.isVisible();
          |                                       ^
      106 |     
      107 |     if (newsExists) {
      108 |       await newsLink.click();
        at E:\Automate\tests\contact.spec.js:105:39

    attachment #1: screenshot (image/png) ──────────────────────────────────────────────────────────
    ..\test-results\contact-Contact-and-Inform-2662a-es-should-display-news-page-firefox\test-failed-1.png
    ────────────────────────────────────────────────────────────────────────────────────────────────

    attachment #2: video (video/webm) ──────────────────────────────────────────────────────────────
    ..\test-results\contact-Contact-and-Inform-2662a-es-should-display-news-page-firefox\video.webm
    ────────────────────────────────────────────────────────────────────────────────────────────────

    Error Context: ..\test-results\contact-Contact-and-Inform-2662a-es-should-display-news-page-firefox\error-context.md
]]>
</failure>
<system-out>
<![CDATA[
[[ATTACHMENT|test-results\contact-Contact-and-Inform-2662a-es-should-display-news-page-firefox\test-failed-1.png]]

[[ATTACHMENT|test-results\contact-Contact-and-Inform-2662a-es-should-display-news-page-firefox\video.webm]]

[[ATTACHMENT|test-results\contact-Contact-and-Inform-2662a-es-should-display-news-page-firefox\error-context.md]]
]]>
</system-out>
</testcase>
<testcase name="Contact and Information Pages › should display privacy policy page" classname="contact.spec.js" time="10.32">
<failure message="contact.spec.js:117:3 should display privacy policy page" type="FAILURE">
<![CDATA[  [firefox] › contact.spec.js:117:3 › Contact and Information Pages › should display privacy policy page 

    Error: Timed out 5000ms waiting for expect(page).toHaveURL(expected)

    Expected pattern: /.*privacyinfo/
    Received string:  "https://demo.nopcommerce.com/privacy-notice"
    Call log:
      - Expect "toHaveURL" with timeout 5000ms
        2 × unexpected value "https://demo.nopcommerce.com/privacy-notice?__cf_chl_rt_tk=r3V5SRSxb7HhQ94zcR80SpDnhVo11mrp.9q7Xw1JyVU-1752604411-1.0.1.1-tzbgxCa4ilh3M1_CbOJ1rk488NuIKL.wjZPzz_EjAE8"
        6 × unexpected value "https://demo.nopcommerce.com/privacy-notice"


      124 |       
      125 |       // Verify privacy policy page
    > 126 |       await expect(page).toHaveURL(/.*privacyinfo/);
          |                          ^
      127 |       await expect(page.locator('.page-title')).toContainText('Privacy notice');
      128 |       await expect(page.locator('.page-body')).toBeVisible();
      129 |     }
        at E:\Automate\tests\contact.spec.js:126:26

    attachment #1: screenshot (image/png) ──────────────────────────────────────────────────────────
    ..\test-results\contact-Contact-and-Inform-d004c-display-privacy-policy-page-firefox\test-failed-1.png
    ────────────────────────────────────────────────────────────────────────────────────────────────

    attachment #2: video (video/webm) ──────────────────────────────────────────────────────────────
    ..\test-results\contact-Contact-and-Inform-d004c-display-privacy-policy-page-firefox\video.webm
    ────────────────────────────────────────────────────────────────────────────────────────────────

    Error Context: ..\test-results\contact-Contact-and-Inform-d004c-display-privacy-policy-page-firefox\error-context.md
]]>
</failure>
<system-out>
<![CDATA[
[[ATTACHMENT|test-results\contact-Contact-and-Inform-d004c-display-privacy-policy-page-firefox\test-failed-1.png]]

[[ATTACHMENT|test-results\contact-Contact-and-Inform-d004c-display-privacy-policy-page-firefox\video.webm]]

[[ATTACHMENT|test-results\contact-Contact-and-Inform-d004c-display-privacy-policy-page-firefox\error-context.md]]
]]>
</system-out>
</testcase>
<testcase name="Contact and Information Pages › should display terms and conditions page" classname="contact.spec.js" time="10.35">
<failure message="contact.spec.js:132:3 should display terms and conditions page" type="FAILURE">
<![CDATA[  [firefox] › contact.spec.js:132:3 › Contact and Information Pages › should display terms and conditions page 

    Error: Timed out 5000ms waiting for expect(page).toHaveURL(expected)

    Expected pattern: /.*conditionsofuse/
    Received string:  "https://demo.nopcommerce.com/conditions-of-use"
    Call log:
      - Expect "toHaveURL" with timeout 5000ms
        2 × unexpected value "https://demo.nopcommerce.com/conditions-of-use?__cf_chl_rt_tk=UKBb8AGjo_y03wl9gg2dDh2Yb3Jse79RV_VrFi8.Ejk-1752604414-1.0.1.1-Zk2249KFaXvLaciU39DFBZK9P9DnMMEHsKtSw6bRVOE"
        6 × unexpected value "https://demo.nopcommerce.com/conditions-of-use"


      139 |       
      140 |       // Verify terms and conditions page
    > 141 |       await expect(page).toHaveURL(/.*conditionsofuse/);
          |                          ^
      142 |       await expect(page.locator('.page-title')).toContainText('Conditions of Use');
      143 |       await expect(page.locator('.page-body')).toBeVisible();
      144 |     }
        at E:\Automate\tests\contact.spec.js:141:26

    attachment #1: screenshot (image/png) ──────────────────────────────────────────────────────────
    ..\test-results\contact-Contact-and-Inform-f58a9-y-terms-and-conditions-page-firefox\test-failed-1.png
    ────────────────────────────────────────────────────────────────────────────────────────────────

    attachment #2: video (video/webm) ──────────────────────────────────────────────────────────────
    ..\test-results\contact-Contact-and-Inform-f58a9-y-terms-and-conditions-page-firefox\video.webm
    ────────────────────────────────────────────────────────────────────────────────────────────────

    Error Context: ..\test-results\contact-Contact-and-Inform-f58a9-y-terms-and-conditions-page-firefox\error-context.md
]]>
</failure>
<system-out>
<![CDATA[
[[ATTACHMENT|test-results\contact-Contact-and-Inform-f58a9-y-terms-and-conditions-page-firefox\test-failed-1.png]]

[[ATTACHMENT|test-results\contact-Contact-and-Inform-f58a9-y-terms-and-conditions-page-firefox\video.webm]]

[[ATTACHMENT|test-results\contact-Contact-and-Inform-f58a9-y-terms-and-conditions-page-firefox\error-context.md]]
]]>
</system-out>
</testcase>
<testcase name="Contact and Information Pages › should display shipping and returns page" classname="contact.spec.js" time="11.969">
<failure message="contact.spec.js:147:3 should display shipping and returns page" type="FAILURE">
<![CDATA[  [firefox] › contact.spec.js:147:3 › Contact and Information Pages › should display shipping and returns page 

    Error: Timed out 5000ms waiting for expect(page).toHaveURL(expected)

    Expected pattern: /.*shippinginfo/
    Received string:  "https://demo.nopcommerce.com/shipping-returns"
    Call log:
      - Expect "toHaveURL" with timeout 5000ms
        - unexpected value "https://demo.nopcommerce.com/shipping-returns?__cf_chl_rt_tk=H1pNw._qgCJROO4bc8XseDut.0KXwG95NG_CilTRmmE-1752604418-1.0.1.1-OtnIjKJH8tg8VfKGqj3qcUrLsREGipXu2b68OCPaXzk"
        7 × unexpected value "https://demo.nopcommerce.com/shipping-returns"


      154 |       
      155 |       // Verify shipping and returns page
    > 156 |       await expect(page).toHaveURL(/.*shippinginfo/);
          |                          ^
      157 |       await expect(page.locator('.page-title')).toContainText('Shipping & returns');
      158 |       await expect(page.locator('.page-body')).toBeVisible();
      159 |     }
        at E:\Automate\tests\contact.spec.js:156:26

    attachment #1: screenshot (image/png) ──────────────────────────────────────────────────────────
    ..\test-results\contact-Contact-and-Inform-484e9-y-shipping-and-returns-page-firefox\test-failed-1.png
    ────────────────────────────────────────────────────────────────────────────────────────────────

    attachment #2: video (video/webm) ──────────────────────────────────────────────────────────────
    ..\test-results\contact-Contact-and-Inform-484e9-y-shipping-and-returns-page-firefox\video.webm
    ────────────────────────────────────────────────────────────────────────────────────────────────

    Error Context: ..\test-results\contact-Contact-and-Inform-484e9-y-shipping-and-returns-page-firefox\error-context.md
]]>
</failure>
<system-out>
<![CDATA[
[[ATTACHMENT|test-results\contact-Contact-and-Inform-484e9-y-shipping-and-returns-page-firefox\test-failed-1.png]]

[[ATTACHMENT|test-results\contact-Contact-and-Inform-484e9-y-shipping-and-returns-page-firefox\video.webm]]

[[ATTACHMENT|test-results\contact-Contact-and-Inform-484e9-y-shipping-and-returns-page-firefox\error-context.md]]
]]>
</system-out>
</testcase>
<testcase name="Contact and Information Pages › should handle newsletter subscription" classname="contact.spec.js" time="6.551">
</testcase>
<testcase name="Contact and Information Pages › should validate newsletter email format" classname="contact.spec.js" time="22.984">
</testcase>
<testcase name="Contact and Information Pages › should display social media links" classname="contact.spec.js" time="5.781">
</testcase>
<testcase name="Contact and Information Pages › should display company information" classname="contact.spec.js" time="6.023">
</testcase>
<testcase name="Contact and Information Pages › should handle search from information pages" classname="contact.spec.js" time="30.142">
<failure message="contact.spec.js:228:3 should handle search from information pages" type="FAILURE">
<![CDATA[  [firefox] › contact.spec.js:228:3 › Contact and Information Pages › should handle search from information pages 

    Test timeout of 30000ms exceeded.

    Error: locator.fill: Test timeout of 30000ms exceeded.
    Call log:
      - waiting for locator('#small-searchterms')


       at ..\page-objects\HomePage.js:19

      17 |
      18 |   async search(searchTerm) {
    > 19 |     await this.searchBox.fill(searchTerm);
         |                          ^
      20 |     await this.searchButton.click();
      21 |   }
      22 |
        at HomePage.search (E:\Automate\page-objects\HomePage.js:19:26)
        at E:\Automate\tests\contact.spec.js:237:22

    attachment #1: screenshot (image/png) ──────────────────────────────────────────────────────────
    ..\test-results\contact-Contact-and-Inform-3a204-arch-from-information-pages-firefox\test-failed-1.png
    ────────────────────────────────────────────────────────────────────────────────────────────────

    attachment #2: video (video/webm) ──────────────────────────────────────────────────────────────
    ..\test-results\contact-Contact-and-Inform-3a204-arch-from-information-pages-firefox\video.webm
    ────────────────────────────────────────────────────────────────────────────────────────────────

    Error Context: ..\test-results\contact-Contact-and-Inform-3a204-arch-from-information-pages-firefox\error-context.md
]]>
</failure>
<system-out>
<![CDATA[
[[ATTACHMENT|test-results\contact-Contact-and-Inform-3a204-arch-from-information-pages-firefox\test-failed-1.png]]

[[ATTACHMENT|test-results\contact-Contact-and-Inform-3a204-arch-from-information-pages-firefox\video.webm]]

[[ATTACHMENT|test-results\contact-Contact-and-Inform-3a204-arch-from-information-pages-firefox\error-context.md]]
]]>
</system-out>
</testcase>
<testcase name="Contact and Information Pages › should display page loading correctly" classname="contact.spec.js" time="12.698">
<failure message="contact.spec.js:244:3 should display page loading correctly" type="FAILURE">
<![CDATA[  [firefox] › contact.spec.js:244:3 › Contact and Information Pages › should display page loading correctly 

    Error: Timed out 5000ms waiting for expect(locator).toBeVisible()

    Locator: locator('.page-title')
    Expected: visible
    Received: <element(s) not found>
    Call log:
      - Expect "toBeVisible" with timeout 5000ms
      - waiting for locator('.page-title')


      255 |     
      256 |     // Verify page content is visible
    > 257 |     await expect(page.locator('.page-title')).toBeVisible();
          |                                               ^
      258 |   });
      259 |
      260 |   test('should handle breadcrumb navigation on information pages', async ({ page }) => {
        at E:\Automate\tests\contact.spec.js:257:47

    attachment #1: screenshot (image/png) ──────────────────────────────────────────────────────────
    ..\test-results\contact-Contact-and-Inform-9952c-play-page-loading-correctly-firefox\test-failed-1.png
    ────────────────────────────────────────────────────────────────────────────────────────────────

    attachment #2: video (video/webm) ──────────────────────────────────────────────────────────────
    ..\test-results\contact-Contact-and-Inform-9952c-play-page-loading-correctly-firefox\video.webm
    ────────────────────────────────────────────────────────────────────────────────────────────────

    Error Context: ..\test-results\contact-Contact-and-Inform-9952c-play-page-loading-correctly-firefox\error-context.md
]]>
</failure>
<system-out>
<![CDATA[
[[ATTACHMENT|test-results\contact-Contact-and-Inform-9952c-play-page-loading-correctly-firefox\test-failed-1.png]]

[[ATTACHMENT|test-results\contact-Contact-and-Inform-9952c-play-page-loading-correctly-firefox\video.webm]]

[[ATTACHMENT|test-results\contact-Contact-and-Inform-9952c-play-page-loading-correctly-firefox\error-context.md]]
]]>
</system-out>
</testcase>
<testcase name="Contact and Information Pages › should handle breadcrumb navigation on information pages" classname="contact.spec.js" time="7.275">
</testcase>
</testsuite>
<testsuite name="login.spec.js" timestamp="2025-07-15T18:27:52.044Z" hostname="firefox" tests="12" failures="11" skipped="0" time="295.21" errors="0">
<testcase name="Login Functionality › should display login page elements" classname="login.spec.js" time="11.527">
<failure message="login.spec.js:16:3 should display login page elements" type="FAILURE">
<![CDATA[  [firefox] › login.spec.js:16:3 › Login Functionality › should display login page elements ────────

    Error: Timed out 5000ms waiting for expect(page).toHaveTitle(expected)

    Expected pattern: /Login/
    Received string:  "Just a moment..."
    Call log:
      - Expect "toHaveTitle" with timeout 5000ms
        8 × unexpected value "Just a moment..."


      17 |     await loginPage.navigateToLogin();
      18 |     
    > 19 |     await expect(page).toHaveTitle(/Login/);
         |                        ^
      20 |     await expect(loginPage.emailInput).toBeVisible();
      21 |     await expect(loginPage.passwordInput).toBeVisible();
      22 |     await expect(loginPage.loginButton).toBeVisible();
        at E:\Automate\tests\login.spec.js:19:24

    attachment #1: screenshot (image/png) ──────────────────────────────────────────────────────────
    ..\test-results\login-Login-Functionality-should-display-login-page-elements-firefox\test-failed-1.png
    ────────────────────────────────────────────────────────────────────────────────────────────────

    attachment #2: video (video/webm) ──────────────────────────────────────────────────────────────
    ..\test-results\login-Login-Functionality-should-display-login-page-elements-firefox\video.webm
    ────────────────────────────────────────────────────────────────────────────────────────────────

    Error Context: ..\test-results\login-Login-Functionality-should-display-login-page-elements-firefox\error-context.md
]]>
</failure>
<system-out>
<![CDATA[
[[ATTACHMENT|test-results\login-Login-Functionality-should-display-login-page-elements-firefox\test-failed-1.png]]

[[ATTACHMENT|test-results\login-Login-Functionality-should-display-login-page-elements-firefox\video.webm]]

[[ATTACHMENT|test-results\login-Login-Functionality-should-display-login-page-elements-firefox\error-context.md]]
]]>
</system-out>
</testcase>
<testcase name="Login Functionality › should show error for invalid credentials" classname="login.spec.js" time="30.11">
<failure message="login.spec.js:26:3 should show error for invalid credentials" type="FAILURE">
<![CDATA[  [firefox] › login.spec.js:26:3 › Login Functionality › should show error for invalid credentials ─

    Test timeout of 30000ms exceeded.

    Error: locator.fill: Test timeout of 30000ms exceeded.
    Call log:
      - waiting for locator('#Email')


       at ..\page-objects\LoginPage.js:19

      17 |
      18 |   async login(email, password, rememberMe = false) {
    > 19 |     await this.emailInput.fill(email);
         |                           ^
      20 |     await this.passwordInput.fill(password);
      21 |     
      22 |     if (rememberMe) {
        at LoginPage.login (E:\Automate\page-objects\LoginPage.js:19:27)
        at E:\Automate\tests\login.spec.js:28:21

    attachment #1: screenshot (image/png) ──────────────────────────────────────────────────────────
    ..\test-results\login-Login-Functionality--32bbe-ror-for-invalid-credentials-firefox\test-failed-1.png
    ────────────────────────────────────────────────────────────────────────────────────────────────

    attachment #2: video (video/webm) ──────────────────────────────────────────────────────────────
    ..\test-results\login-Login-Functionality--32bbe-ror-for-invalid-credentials-firefox\video.webm
    ────────────────────────────────────────────────────────────────────────────────────────────────

    Error Context: ..\test-results\login-Login-Functionality--32bbe-ror-for-invalid-credentials-firefox\error-context.md
]]>
</failure>
<system-out>
<![CDATA[
[[ATTACHMENT|test-results\login-Login-Functionality--32bbe-ror-for-invalid-credentials-firefox\test-failed-1.png]]

[[ATTACHMENT|test-results\login-Login-Functionality--32bbe-ror-for-invalid-credentials-firefox\video.webm]]

[[ATTACHMENT|test-results\login-Login-Functionality--32bbe-ror-for-invalid-credentials-firefox\error-context.md]]
]]>
</system-out>
</testcase>
<testcase name="Login Functionality › should show error for empty fields" classname="login.spec.js" time="30.142">
<failure message="login.spec.js:34:3 should show error for empty fields" type="FAILURE">
<![CDATA[  [firefox] › login.spec.js:34:3 › Login Functionality › should show error for empty fields ────────

    Test timeout of 30000ms exceeded.

    Error: locator.click: Test timeout of 30000ms exceeded.
    Call log:
      - waiting for locator('button[type="submit"]').filter({ hasText: 'Log in' })


      34 |   test('should show error for empty fields', async ({ page }) => {
      35 |     await loginPage.navigateToLogin();
    > 36 |     await loginPage.loginButton.click();
         |                                 ^
      37 |     
      38 |     // Check for validation messages
      39 |     await expect(page.locator('.field-validation-error')).toHaveCount({ min: 1 });
        at E:\Automate\tests\login.spec.js:36:33

    attachment #1: screenshot (image/png) ──────────────────────────────────────────────────────────
    ..\test-results\login-Login-Functionality-should-show-error-for-empty-fields-firefox\test-failed-1.png
    ────────────────────────────────────────────────────────────────────────────────────────────────

    attachment #2: video (video/webm) ──────────────────────────────────────────────────────────────
    ..\test-results\login-Login-Functionality-should-show-error-for-empty-fields-firefox\video.webm
    ────────────────────────────────────────────────────────────────────────────────────────────────

    Error Context: ..\test-results\login-Login-Functionality-should-show-error-for-empty-fields-firefox\error-context.md
]]>
</failure>
<system-out>
<![CDATA[
[[ATTACHMENT|test-results\login-Login-Functionality-should-show-error-for-empty-fields-firefox\test-failed-1.png]]

[[ATTACHMENT|test-results\login-Login-Functionality-should-show-error-for-empty-fields-firefox\video.webm]]

[[ATTACHMENT|test-results\login-Login-Functionality-should-show-error-for-empty-fields-firefox\error-context.md]]
]]>
</system-out>
</testcase>
<testcase name="Login Functionality › should handle remember me functionality" classname="login.spec.js" time="30.237">
<failure message="login.spec.js:42:3 should handle remember me functionality" type="FAILURE">
<![CDATA[  [firefox] › login.spec.js:42:3 › Login Functionality › should handle remember me functionality ───

    Test timeout of 30000ms exceeded.

    Error: locator.fill: Test timeout of 30000ms exceeded.
    Call log:
      - waiting for locator('#Email')


       at ..\page-objects\LoginPage.js:19

      17 |
      18 |   async login(email, password, rememberMe = false) {
    > 19 |     await this.emailInput.fill(email);
         |                           ^
      20 |     await this.passwordInput.fill(password);
      21 |     
      22 |     if (rememberMe) {
        at LoginPage.login (E:\Automate\page-objects\LoginPage.js:19:27)
        at E:\Automate\tests\login.spec.js:44:21

    attachment #1: screenshot (image/png) ──────────────────────────────────────────────────────────
    ..\test-results\login-Login-Functionality--732b6-e-remember-me-functionality-firefox\test-failed-1.png
    ────────────────────────────────────────────────────────────────────────────────────────────────

    attachment #2: video (video/webm) ──────────────────────────────────────────────────────────────
    ..\test-results\login-Login-Functionality--732b6-e-remember-me-functionality-firefox\video.webm
    ────────────────────────────────────────────────────────────────────────────────────────────────

    Error Context: ..\test-results\login-Login-Functionality--732b6-e-remember-me-functionality-firefox\error-context.md
]]>
</failure>
<system-out>
<![CDATA[
[[ATTACHMENT|test-results\login-Login-Functionality--732b6-e-remember-me-functionality-firefox\test-failed-1.png]]

[[ATTACHMENT|test-results\login-Login-Functionality--732b6-e-remember-me-functionality-firefox\video.webm]]

[[ATTACHMENT|test-results\login-Login-Functionality--732b6-e-remember-me-functionality-firefox\error-context.md]]
]]>
</system-out>
</testcase>
<testcase name="Login Functionality › should navigate to forgot password page" classname="login.spec.js" time="30.16">
<failure message="login.spec.js:50:3 should navigate to forgot password page" type="FAILURE">
<![CDATA[  [firefox] › login.spec.js:50:3 › Login Functionality › should navigate to forgot password page ───

    Test timeout of 30000ms exceeded.

    Error: locator.click: Test timeout of 30000ms exceeded.
    Call log:
      - waiting for locator('text=Forgot password?')


      53 |     // Click forgot password link
      54 |     const forgotPasswordLink = page.locator('text=Forgot password?');
    > 55 |     await forgotPasswordLink.click();
         |                              ^
      56 |     
      57 |     // Verify navigation to forgot password page
      58 |     await expect(page).toHaveURL(/.*passwordrecovery/);
        at E:\Automate\tests\login.spec.js:55:30

    attachment #1: screenshot (image/png) ──────────────────────────────────────────────────────────
    ..\test-results\login-Login-Functionality--89e72-ate-to-forgot-password-page-firefox\test-failed-1.png
    ────────────────────────────────────────────────────────────────────────────────────────────────

    attachment #2: video (video/webm) ──────────────────────────────────────────────────────────────
    ..\test-results\login-Login-Functionality--89e72-ate-to-forgot-password-page-firefox\video.webm
    ────────────────────────────────────────────────────────────────────────────────────────────────

    Error Context: ..\test-results\login-Login-Functionality--89e72-ate-to-forgot-password-page-firefox\error-context.md
]]>
</failure>
<system-out>
<![CDATA[
[[ATTACHMENT|test-results\login-Login-Functionality--89e72-ate-to-forgot-password-page-firefox\test-failed-1.png]]

[[ATTACHMENT|test-results\login-Login-Functionality--89e72-ate-to-forgot-password-page-firefox\video.webm]]

[[ATTACHMENT|test-results\login-Login-Functionality--89e72-ate-to-forgot-password-page-firefox\error-context.md]]
]]>
</system-out>
</testcase>
<testcase name="Login Functionality › should show validation for invalid email format" classname="login.spec.js" time="30.2">
<failure message="login.spec.js:61:3 should show validation for invalid email format" type="FAILURE">
<![CDATA[  [firefox] › login.spec.js:61:3 › Login Functionality › should show validation for invalid email format 

    Test timeout of 30000ms exceeded.

    Error: locator.fill: Test timeout of 30000ms exceeded.
    Call log:
      - waiting for locator('#Email')


       at ..\page-objects\LoginPage.js:19

      17 |
      18 |   async login(email, password, rememberMe = false) {
    > 19 |     await this.emailInput.fill(email);
         |                           ^
      20 |     await this.passwordInput.fill(password);
      21 |     
      22 |     if (rememberMe) {
        at LoginPage.login (E:\Automate\page-objects\LoginPage.js:19:27)
        at E:\Automate\tests\login.spec.js:63:21

    attachment #1: screenshot (image/png) ──────────────────────────────────────────────────────────
    ..\test-results\login-Login-Functionality--9261b-on-for-invalid-email-format-firefox\test-failed-1.png
    ────────────────────────────────────────────────────────────────────────────────────────────────

    attachment #2: video (video/webm) ──────────────────────────────────────────────────────────────
    ..\test-results\login-Login-Functionality--9261b-on-for-invalid-email-format-firefox\video.webm
    ────────────────────────────────────────────────────────────────────────────────────────────────

    Error Context: ..\test-results\login-Login-Functionality--9261b-on-for-invalid-email-format-firefox\error-context.md
]]>
</failure>
<system-out>
<![CDATA[
[[ATTACHMENT|test-results\login-Login-Functionality--9261b-on-for-invalid-email-format-firefox\test-failed-1.png]]

[[ATTACHMENT|test-results\login-Login-Functionality--9261b-on-for-invalid-email-format-firefox\video.webm]]

[[ATTACHMENT|test-results\login-Login-Functionality--9261b-on-for-invalid-email-format-firefox\error-context.md]]
]]>
</system-out>
</testcase>
<testcase name="Login Functionality › should maintain login state after page refresh" classname="login.spec.js" time="7.641">
<failure message="login.spec.js:69:3 should maintain login state after page refresh" type="FAILURE">
<![CDATA[  [firefox] › login.spec.js:69:3 › Login Functionality › should maintain login state after page refresh 

    Error: Timed out 5000ms waiting for expect(locator).toBeVisible()

    Locator: locator('#Email')
    Expected: visible
    Received: <element(s) not found>
    Call log:
      - Expect "toBeVisible" with timeout 5000ms
      - waiting for locator('#Email')


      72 |     // For this test, we would need valid credentials
      73 |     // For demo purposes, we'll test the UI behavior
    > 74 |     await expect(loginPage.emailInput).toBeVisible();
         |                                        ^
      75 |     await expect(loginPage.passwordInput).toBeVisible();
      76 |     
      77 |     // Refresh page
        at E:\Automate\tests\login.spec.js:74:40

    attachment #1: screenshot (image/png) ──────────────────────────────────────────────────────────
    ..\test-results\login-Login-Functionality--aceaa-in-state-after-page-refresh-firefox\test-failed-1.png
    ────────────────────────────────────────────────────────────────────────────────────────────────

    attachment #2: video (video/webm) ──────────────────────────────────────────────────────────────
    ..\test-results\login-Login-Functionality--aceaa-in-state-after-page-refresh-firefox\video.webm
    ────────────────────────────────────────────────────────────────────────────────────────────────

    Error Context: ..\test-results\login-Login-Functionality--aceaa-in-state-after-page-refresh-firefox\error-context.md
]]>
</failure>
<system-out>
<![CDATA[
[[ATTACHMENT|test-results\login-Login-Functionality--aceaa-in-state-after-page-refresh-firefox\test-failed-1.png]]

[[ATTACHMENT|test-results\login-Login-Functionality--aceaa-in-state-after-page-refresh-firefox\video.webm]]

[[ATTACHMENT|test-results\login-Login-Functionality--aceaa-in-state-after-page-refresh-firefox\error-context.md]]
]]>
</system-out>
</testcase>
<testcase name="Login Functionality › should handle SQL injection attempts" classname="login.spec.js" time="30.195">
<failure message="login.spec.js:85:3 should handle SQL injection attempts" type="FAILURE">
<![CDATA[  [firefox] › login.spec.js:85:3 › Login Functionality › should handle SQL injection attempts ──────

    Test timeout of 30000ms exceeded.

    Error: locator.fill: Test timeout of 30000ms exceeded.
    Call log:
      - waiting for locator('#Email')


       at ..\page-objects\LoginPage.js:19

      17 |
      18 |   async login(email, password, rememberMe = false) {
    > 19 |     await this.emailInput.fill(email);
         |                           ^
      20 |     await this.passwordInput.fill(password);
      21 |     
      22 |     if (rememberMe) {
        at LoginPage.login (E:\Automate\page-objects\LoginPage.js:19:27)
        at E:\Automate\tests\login.spec.js:89:21

    attachment #1: screenshot (image/png) ──────────────────────────────────────────────────────────
    ..\test-results\login-Login-Functionality--7769e-ndle-SQL-injection-attempts-firefox\test-failed-1.png
    ────────────────────────────────────────────────────────────────────────────────────────────────

    attachment #2: video (video/webm) ──────────────────────────────────────────────────────────────
    ..\test-results\login-Login-Functionality--7769e-ndle-SQL-injection-attempts-firefox\video.webm
    ────────────────────────────────────────────────────────────────────────────────────────────────

    Error Context: ..\test-results\login-Login-Functionality--7769e-ndle-SQL-injection-attempts-firefox\error-context.md
]]>
</failure>
<system-out>
<![CDATA[
[[ATTACHMENT|test-results\login-Login-Functionality--7769e-ndle-SQL-injection-attempts-firefox\test-failed-1.png]]

[[ATTACHMENT|test-results\login-Login-Functionality--7769e-ndle-SQL-injection-attempts-firefox\video.webm]]

[[ATTACHMENT|test-results\login-Login-Functionality--7769e-ndle-SQL-injection-attempts-firefox\error-context.md]]
]]>
</system-out>
</testcase>
<testcase name="Login Functionality › should handle XSS attempts in login form" classname="login.spec.js" time="30.173">
<failure message="login.spec.js:95:3 should handle XSS attempts in login form" type="FAILURE">
<![CDATA[  [firefox] › login.spec.js:95:3 › Login Functionality › should handle XSS attempts in login form ──

    Test timeout of 30000ms exceeded.

    Error: locator.fill: Test timeout of 30000ms exceeded.
    Call log:
      - waiting for locator('#Email')


       at ..\page-objects\LoginPage.js:19

      17 |
      18 |   async login(email, password, rememberMe = false) {
    > 19 |     await this.emailInput.fill(email);
         |                           ^
      20 |     await this.passwordInput.fill(password);
      21 |     
      22 |     if (rememberMe) {
        at LoginPage.login (E:\Automate\page-objects\LoginPage.js:19:27)
        at E:\Automate\tests\login.spec.js:99:21

    attachment #1: screenshot (image/png) ──────────────────────────────────────────────────────────
    ..\test-results\login-Login-Functionality--448bc--XSS-attempts-in-login-form-firefox\test-failed-1.png
    ────────────────────────────────────────────────────────────────────────────────────────────────

    attachment #2: video (video/webm) ──────────────────────────────────────────────────────────────
    ..\test-results\login-Login-Functionality--448bc--XSS-attempts-in-login-form-firefox\video.webm
    ────────────────────────────────────────────────────────────────────────────────────────────────

    Error Context: ..\test-results\login-Login-Functionality--448bc--XSS-attempts-in-login-form-firefox\error-context.md
]]>
</failure>
<system-out>
<![CDATA[
[[ATTACHMENT|test-results\login-Login-Functionality--448bc--XSS-attempts-in-login-form-firefox\test-failed-1.png]]

[[ATTACHMENT|test-results\login-Login-Functionality--448bc--XSS-attempts-in-login-form-firefox\video.webm]]

[[ATTACHMENT|test-results\login-Login-Functionality--448bc--XSS-attempts-in-login-form-firefox\error-context.md]]
]]>
</system-out>
</testcase>
<testcase name="Login Functionality › should show proper error for non-existent user" classname="login.spec.js" time="30.172">
<failure message="login.spec.js:105:3 should show proper error for non-existent user" type="FAILURE">
<![CDATA[  [firefox] › login.spec.js:105:3 › Login Functionality › should show proper error for non-existent user 

    Test timeout of 30000ms exceeded.

    Error: locator.fill: Test timeout of 30000ms exceeded.
    Call log:
      - waiting for locator('#Email')


       at ..\page-objects\LoginPage.js:19

      17 |
      18 |   async login(email, password, rememberMe = false) {
    > 19 |     await this.emailInput.fill(email);
         |                           ^
      20 |     await this.passwordInput.fill(password);
      21 |     
      22 |     if (rememberMe) {
        at LoginPage.login (E:\Automate\page-objects\LoginPage.js:19:27)
        at E:\Automate\tests\login.spec.js:107:21

    attachment #1: screenshot (image/png) ──────────────────────────────────────────────────────────
    ..\test-results\login-Login-Functionality--0fa46-error-for-non-existent-user-firefox\test-failed-1.png
    ────────────────────────────────────────────────────────────────────────────────────────────────

    attachment #2: video (video/webm) ──────────────────────────────────────────────────────────────
    ..\test-results\login-Login-Functionality--0fa46-error-for-non-existent-user-firefox\video.webm
    ────────────────────────────────────────────────────────────────────────────────────────────────

    Error Context: ..\test-results\login-Login-Functionality--0fa46-error-for-non-existent-user-firefox\error-context.md
]]>
</failure>
<system-out>
<![CDATA[
[[ATTACHMENT|test-results\login-Login-Functionality--0fa46-error-for-non-existent-user-firefox\test-failed-1.png]]

[[ATTACHMENT|test-results\login-Login-Functionality--0fa46-error-for-non-existent-user-firefox\video.webm]]

[[ATTACHMENT|test-results\login-Login-Functionality--0fa46-error-for-non-existent-user-firefox\error-context.md]]
]]>
</system-out>
</testcase>
<testcase name="Login Functionality › should handle multiple login attempts" classname="login.spec.js" time="30.172">
<failure message="login.spec.js:113:3 should handle multiple login attempts" type="FAILURE">
<![CDATA[  [firefox] › login.spec.js:113:3 › Login Functionality › should handle multiple login attempts ────

    Test timeout of 30000ms exceeded.

    Error: locator.fill: Test timeout of 30000ms exceeded.
    Call log:
      - waiting for locator('#Email')


       at ..\page-objects\LoginPage.js:19

      17 |
      18 |   async login(email, password, rememberMe = false) {
    > 19 |     await this.emailInput.fill(email);
         |                           ^
      20 |     await this.passwordInput.fill(password);
      21 |     
      22 |     if (rememberMe) {
        at LoginPage.login (E:\Automate\page-objects\LoginPage.js:19:27)
        at E:\Automate\tests\login.spec.js:118:23

    attachment #1: screenshot (image/png) ──────────────────────────────────────────────────────────
    ..\test-results\login-Login-Functionality--ed6b7-dle-multiple-login-attempts-firefox\test-failed-1.png
    ────────────────────────────────────────────────────────────────────────────────────────────────

    attachment #2: video (video/webm) ──────────────────────────────────────────────────────────────
    ..\test-results\login-Login-Functionality--ed6b7-dle-multiple-login-attempts-firefox\video.webm
    ────────────────────────────────────────────────────────────────────────────────────────────────

    Error Context: ..\test-results\login-Login-Functionality--ed6b7-dle-multiple-login-attempts-firefox\error-context.md
]]>
</failure>
<system-out>
<![CDATA[
[[ATTACHMENT|test-results\login-Login-Functionality--ed6b7-dle-multiple-login-attempts-firefox\test-failed-1.png]]

[[ATTACHMENT|test-results\login-Login-Functionality--ed6b7-dle-multiple-login-attempts-firefox\video.webm]]

[[ATTACHMENT|test-results\login-Login-Functionality--ed6b7-dle-multiple-login-attempts-firefox\error-context.md]]
]]>
</system-out>
</testcase>
<testcase name="Login Functionality › should redirect to intended page after login" classname="login.spec.js" time="4.481">
</testcase>
</testsuite>
<testsuite name="navigation.spec.js" timestamp="2025-07-15T18:27:52.044Z" hostname="firefox" tests="16" failures="9" skipped="0" time="138.184" errors="0">
<testcase name="Navigation and UI Elements › should display all main navigation elements" classname="navigation.spec.js" time="8.514">
<failure message="navigation.spec.js:13:3 should display all main navigation elements" type="FAILURE">
<![CDATA[  [firefox] › navigation.spec.js:13:3 › Navigation and UI Elements › should display all main navigation elements 

    Error: Timed out 5000ms waiting for expect(locator).toBeVisible()

    Locator: locator('.logo')
    Expected: visible
    Received: <element(s) not found>
    Call log:
      - Expect "toBeVisible" with timeout 5000ms
      - waiting for locator('.logo')


      13 |   test('should display all main navigation elements', async ({ page }) => {
      14 |     // Check header elements
    > 15 |     await expect(homePage.logo).toBeVisible();
         |                                 ^
      16 |     await expect(homePage.searchBox).toBeVisible();
      17 |     await expect(homePage.searchButton).toBeVisible();
      18 |     await expect(homePage.registerLink).toBeVisible();
        at E:\Automate\tests\navigation.spec.js:15:33

    attachment #1: screenshot (image/png) ──────────────────────────────────────────────────────────
    ..\test-results\navigation-Navigation-and--070aa-ll-main-navigation-elements-firefox\test-failed-1.png
    ────────────────────────────────────────────────────────────────────────────────────────────────

    attachment #2: video (video/webm) ──────────────────────────────────────────────────────────────
    ..\test-results\navigation-Navigation-and--070aa-ll-main-navigation-elements-firefox\video.webm
    ────────────────────────────────────────────────────────────────────────────────────────────────

    Error Context: ..\test-results\navigation-Navigation-and--070aa-ll-main-navigation-elements-firefox\error-context.md
]]>
</failure>
<system-out>
<![CDATA[
[[ATTACHMENT|test-results\navigation-Navigation-and--070aa-ll-main-navigation-elements-firefox\test-failed-1.png]]

[[ATTACHMENT|test-results\navigation-Navigation-and--070aa-ll-main-navigation-elements-firefox\video.webm]]

[[ATTACHMENT|test-results\navigation-Navigation-and--070aa-ll-main-navigation-elements-firefox\error-context.md]]
]]>
</system-out>
</testcase>
<testcase name="Navigation and UI Elements › should navigate to all main categories" classname="navigation.spec.js" time="7.209">
<failure message="navigation.spec.js:26:3 should navigate to all main categories" type="FAILURE">
<![CDATA[  [firefox] › navigation.spec.js:26:3 › Navigation and UI Elements › should navigate to all main categories 

    Error: Timed out 5000ms waiting for expect(locator).toBeVisible()

    Locator: locator('.category-title, .page-title')
    Expected: visible
    Received: <element(s) not found>
    Call log:
      - Expect "toBeVisible" with timeout 5000ms
      - waiting for locator('.category-title, .page-title')


      32 |       
      33 |       // Verify navigation
    > 34 |       await expect(page.locator('.category-title, .page-title')).toBeVisible();
         |                                                                  ^
      35 |       
      36 |       // Go back to home
      37 |       await homePage.goto();
        at E:\Automate\tests\navigation.spec.js:34:66

    attachment #1: screenshot (image/png) ──────────────────────────────────────────────────────────
    ..\test-results\navigation-Navigation-and--7ef3f-gate-to-all-main-categories-firefox\test-failed-1.png
    ────────────────────────────────────────────────────────────────────────────────────────────────

    attachment #2: video (video/webm) ──────────────────────────────────────────────────────────────
    ..\test-results\navigation-Navigation-and--7ef3f-gate-to-all-main-categories-firefox\video.webm
    ────────────────────────────────────────────────────────────────────────────────────────────────

    Error Context: ..\test-results\navigation-Navigation-and--7ef3f-gate-to-all-main-categories-firefox\error-context.md
]]>
</failure>
<system-out>
<![CDATA[
[[ATTACHMENT|test-results\navigation-Navigation-and--7ef3f-gate-to-all-main-categories-firefox\test-failed-1.png]]

[[ATTACHMENT|test-results\navigation-Navigation-and--7ef3f-gate-to-all-main-categories-firefox\video.webm]]

[[ATTACHMENT|test-results\navigation-Navigation-and--7ef3f-gate-to-all-main-categories-firefox\error-context.md]]
]]>
</system-out>
</testcase>
<testcase name="Navigation and UI Elements › should display footer information" classname="navigation.spec.js" time="3.684">
</testcase>
<testcase name="Navigation and UI Elements › should navigate to information pages" classname="navigation.spec.js" time="2.851">
</testcase>
<testcase name="Navigation and UI Elements › should display currency selector" classname="navigation.spec.js" time="10.738">
<failure message="navigation.spec.js:70:3 should display currency selector" type="FAILURE">
<![CDATA[  [firefox] › navigation.spec.js:70:3 › Navigation and UI Elements › should display currency selector 

    Error: Timed out 5000ms waiting for expect(locator).toBeVisible()

    Locator: locator('.currency-dropdown')
    Expected: visible
    Received: <element(s) not found>
    Call log:
      - Expect "toBeVisible" with timeout 5000ms
      - waiting for locator('.currency-dropdown')


      77 |       // Test currency selection
      78 |       await currencySelector.click();
    > 79 |       await expect(page.locator('.currency-dropdown')).toBeVisible();
         |                                                        ^
      80 |     }
      81 |   });
      82 |
        at E:\Automate\tests\navigation.spec.js:79:56

    attachment #1: screenshot (image/png) ──────────────────────────────────────────────────────────
    ..\test-results\navigation-Navigation-and--7a783-d-display-currency-selector-firefox\test-failed-1.png
    ────────────────────────────────────────────────────────────────────────────────────────────────

    attachment #2: video (video/webm) ──────────────────────────────────────────────────────────────
    ..\test-results\navigation-Navigation-and--7a783-d-display-currency-selector-firefox\video.webm
    ────────────────────────────────────────────────────────────────────────────────────────────────

    Error Context: ..\test-results\navigation-Navigation-and--7a783-d-display-currency-selector-firefox\error-context.md
]]>
</failure>
<system-out>
<![CDATA[
[[ATTACHMENT|test-results\navigation-Navigation-and--7a783-d-display-currency-selector-firefox\test-failed-1.png]]

[[ATTACHMENT|test-results\navigation-Navigation-and--7a783-d-display-currency-selector-firefox\video.webm]]

[[ATTACHMENT|test-results\navigation-Navigation-and--7a783-d-display-currency-selector-firefox\error-context.md]]
]]>
</system-out>
</testcase>
<testcase name="Navigation and UI Elements › should display language selector" classname="navigation.spec.js" time="4.602">
</testcase>
<testcase name="Navigation and UI Elements › should display recently viewed products" classname="navigation.spec.js" time="30.274">
<failure message="navigation.spec.js:92:3 should display recently viewed products" type="FAILURE">
<![CDATA[  [firefox] › navigation.spec.js:92:3 › Navigation and UI Elements › should display recently viewed products 

    Test timeout of 30000ms exceeded.

    Error: locator.click: Test timeout of 30000ms exceeded.
    Call log:
      - waiting for locator('.product-title a').first()


      93 |     // Visit a product page first
      94 |     await homePage.search(testData.products.laptop);
    > 95 |     await page.locator('.product-title a').first().click();
         |                                                    ^
      96 |     await page.waitForLoadState('networkidle');
      97 |     
      98 |     // Go back to home
        at E:\Automate\tests\navigation.spec.js:95:52

    attachment #1: screenshot (image/png) ──────────────────────────────────────────────────────────
    ..\test-results\navigation-Navigation-and--d8305-ay-recently-viewed-products-firefox\test-failed-1.png
    ────────────────────────────────────────────────────────────────────────────────────────────────

    attachment #2: video (video/webm) ──────────────────────────────────────────────────────────────
    ..\test-results\navigation-Navigation-and--d8305-ay-recently-viewed-products-firefox\video.webm
    ────────────────────────────────────────────────────────────────────────────────────────────────

    Error Context: ..\test-results\navigation-Navigation-and--d8305-ay-recently-viewed-products-firefox\error-context.md
]]>
</failure>
<system-out>
<![CDATA[
[[ATTACHMENT|test-results\navigation-Navigation-and--d8305-ay-recently-viewed-products-firefox\test-failed-1.png]]

[[ATTACHMENT|test-results\navigation-Navigation-and--d8305-ay-recently-viewed-products-firefox\video.webm]]

[[ATTACHMENT|test-results\navigation-Navigation-and--d8305-ay-recently-viewed-products-firefox\error-context.md]]
]]>
</system-out>
</testcase>
<testcase name="Navigation and UI Elements › should display featured products on homepage" classname="navigation.spec.js" time="6.083">
<failure message="navigation.spec.js:110:3 should display featured products on homepage" type="FAILURE">
<![CDATA[  [firefox] › navigation.spec.js:110:3 › Navigation and UI Elements › should display featured products on homepage 

    Error: locator._expect: expectedNumber: expected number, got object

      109 |
      110 |   test('should display featured products on homepage', async ({ page }) => {
    > 111 |     await expect(homePage.featuredProducts).toHaveCount({ min: 1 });
          |                                             ^
      112 |     
      113 |     // Check first featured product
      114 |     const firstProduct = homePage.featuredProducts.first();
        at E:\Automate\tests\navigation.spec.js:111:45

    attachment #1: screenshot (image/png) ──────────────────────────────────────────────────────────
    ..\test-results\navigation-Navigation-and--19699-atured-products-on-homepage-firefox\test-failed-1.png
    ────────────────────────────────────────────────────────────────────────────────────────────────

    attachment #2: video (video/webm) ──────────────────────────────────────────────────────────────
    ..\test-results\navigation-Navigation-and--19699-atured-products-on-homepage-firefox\video.webm
    ────────────────────────────────────────────────────────────────────────────────────────────────

    Error Context: ..\test-results\navigation-Navigation-and--19699-atured-products-on-homepage-firefox\error-context.md
]]>
</failure>
<system-out>
<![CDATA[
[[ATTACHMENT|test-results\navigation-Navigation-and--19699-atured-products-on-homepage-firefox\test-failed-1.png]]

[[ATTACHMENT|test-results\navigation-Navigation-and--19699-atured-products-on-homepage-firefox\video.webm]]

[[ATTACHMENT|test-results\navigation-Navigation-and--19699-atured-products-on-homepage-firefox\error-context.md]]
]]>
</system-out>
</testcase>
<testcase name="Navigation and UI Elements › should handle responsive design elements" classname="navigation.spec.js" time="5.279">
</testcase>
<testcase name="Navigation and UI Elements › should display social media links" classname="navigation.spec.js" time="2.86">
</testcase>
<testcase name="Navigation and UI Elements › should display newsletter signup" classname="navigation.spec.js" time="3.138">
</testcase>
<testcase name="Navigation and UI Elements › should handle breadcrumb navigation" classname="navigation.spec.js" time="6.385">
<failure message="navigation.spec.js:157:3 should handle breadcrumb navigation" type="FAILURE">
<![CDATA[  [firefox] › navigation.spec.js:157:3 › Navigation and UI Elements › should handle breadcrumb navigation 

    Error: locator.click: Error: strict mode violation: locator('.top-menu a').filter({ hasText: 'Computers' }) resolved to 2 elements:
        1) <a href="/computers">Computers </a> aka getByRole('link', { name: 'Computers' })
        2) <a href="/computers">Computers </a> aka getByText('Computers').nth(1)

    Call log:
      - waiting for locator('.top-menu a').filter({ hasText: 'Computers' })


       at ..\page-objects\HomePage.js:24

      22 |
      23 |   async clickCategory(categoryName) {
    > 24 |     await this.categories.filter({ hasText: categoryName }).click();
         |                                                             ^
      25 |   }
      26 |
      27 |   async clickFeaturedProduct(index = 0) {
        at HomePage.clickCategory (E:\Automate\page-objects\HomePage.js:24:61)
        at E:\Automate\tests\navigation.spec.js:159:20

    attachment #1: screenshot (image/png) ──────────────────────────────────────────────────────────
    ..\test-results\navigation-Navigation-and--d9c4e-andle-breadcrumb-navigation-firefox\test-failed-1.png
    ────────────────────────────────────────────────────────────────────────────────────────────────

    attachment #2: video (video/webm) ──────────────────────────────────────────────────────────────
    ..\test-results\navigation-Navigation-and--d9c4e-andle-breadcrumb-navigation-firefox\video.webm
    ────────────────────────────────────────────────────────────────────────────────────────────────

    Error Context: ..\test-results\navigation-Navigation-and--d9c4e-andle-breadcrumb-navigation-firefox\error-context.md
]]>
</failure>
<system-out>
<![CDATA[
[[ATTACHMENT|test-results\navigation-Navigation-and--d9c4e-andle-breadcrumb-navigation-firefox\test-failed-1.png]]

[[ATTACHMENT|test-results\navigation-Navigation-and--d9c4e-andle-breadcrumb-navigation-firefox\video.webm]]

[[ATTACHMENT|test-results\navigation-Navigation-and--d9c4e-andle-breadcrumb-navigation-firefox\error-context.md]]
]]>
</system-out>
</testcase>
<testcase name="Navigation and UI Elements › should display page loading indicators" classname="navigation.spec.js" time="3.683">
<failure message="navigation.spec.js:174:3 should display page loading indicators" type="FAILURE">
<![CDATA[  [firefox] › navigation.spec.js:174:3 › Navigation and UI Elements › should display page loading indicators 

    Error: locator.click: Error: strict mode violation: locator('.top-menu a').filter({ hasText: 'Computers' }) resolved to 2 elements:
        1) <a href="/computers">Computers </a> aka getByRole('link', { name: 'Computers' })
        2) <a href="/computers">Computers </a> aka getByText('Computers').nth(1)

    Call log:
      - waiting for locator('.top-menu a').filter({ hasText: 'Computers' })


       at ..\page-objects\HomePage.js:24

      22 |
      23 |   async clickCategory(categoryName) {
    > 24 |     await this.categories.filter({ hasText: categoryName }).click();
         |                                                             ^
      25 |   }
      26 |
      27 |   async clickFeaturedProduct(index = 0) {
        at HomePage.clickCategory (E:\Automate\page-objects\HomePage.js:24:61)
        at E:\Automate\tests\navigation.spec.js:176:20

    attachment #1: screenshot (image/png) ──────────────────────────────────────────────────────────
    ..\test-results\navigation-Navigation-and--8b733-lay-page-loading-indicators-firefox\test-failed-1.png
    ────────────────────────────────────────────────────────────────────────────────────────────────

    attachment #2: video (video/webm) ──────────────────────────────────────────────────────────────
    ..\test-results\navigation-Navigation-and--8b733-lay-page-loading-indicators-firefox\video.webm
    ────────────────────────────────────────────────────────────────────────────────────────────────

    Error Context: ..\test-results\navigation-Navigation-and--8b733-lay-page-loading-indicators-firefox\error-context.md
]]>
</failure>
<system-out>
<![CDATA[
[[ATTACHMENT|test-results\navigation-Navigation-and--8b733-lay-page-loading-indicators-firefox\test-failed-1.png]]

[[ATTACHMENT|test-results\navigation-Navigation-and--8b733-lay-page-loading-indicators-firefox\video.webm]]

[[ATTACHMENT|test-results\navigation-Navigation-and--8b733-lay-page-loading-indicators-firefox\error-context.md]]
]]>
</system-out>
</testcase>
<testcase name="Navigation and UI Elements › should handle search box autocomplete" classname="navigation.spec.js" time="6.394">
</testcase>
<testcase name="Navigation and UI Elements › should display mini shopping cart" classname="navigation.spec.js" time="30.112">
<failure message="navigation.spec.js:203:3 should display mini shopping cart" type="FAILURE">
<![CDATA[  [firefox] › navigation.spec.js:203:3 › Navigation and UI Elements › should display mini shopping cart 

    Test timeout of 30000ms exceeded.

    Error: locator.click: Test timeout of 30000ms exceeded.
    Call log:
      - waiting for locator('.product-title a').first()


      204 |     // Add item to cart first
      205 |     await homePage.search(testData.products.laptop);
    > 206 |     await page.locator('.product-title a').first().click();
          |                                                    ^
      207 |     await page.locator('#add-to-cart-button-27').click();
      208 |     
      209 |     // Check mini cart
        at E:\Automate\tests\navigation.spec.js:206:52

    attachment #1: screenshot (image/png) ──────────────────────────────────────────────────────────
    ..\test-results\navigation-Navigation-and--a9659--display-mini-shopping-cart-firefox\test-failed-1.png
    ────────────────────────────────────────────────────────────────────────────────────────────────

    attachment #2: video (video/webm) ──────────────────────────────────────────────────────────────
    ..\test-results\navigation-Navigation-and--a9659--display-mini-shopping-cart-firefox\video.webm
    ────────────────────────────────────────────────────────────────────────────────────────────────

    Error Context: ..\test-results\navigation-Navigation-and--a9659--display-mini-shopping-cart-firefox\error-context.md
]]>
</failure>
<system-out>
<![CDATA[
[[ATTACHMENT|test-results\navigation-Navigation-and--a9659--display-mini-shopping-cart-firefox\test-failed-1.png]]

[[ATTACHMENT|test-results\navigation-Navigation-and--a9659--display-mini-shopping-cart-firefox\video.webm]]

[[ATTACHMENT|test-results\navigation-Navigation-and--a9659--display-mini-shopping-cart-firefox\error-context.md]]
]]>
</system-out>
</testcase>
<testcase name="Navigation and UI Elements › should display page title correctly" classname="navigation.spec.js" time="6.378">
<failure message="navigation.spec.js:218:3 should display page title correctly" type="FAILURE">
<![CDATA[  [firefox] › navigation.spec.js:218:3 › Navigation and UI Elements › should display page title correctly 

    Error: locator.click: Error: strict mode violation: locator('.top-menu a').filter({ hasText: 'Computers' }) resolved to 2 elements:
        1) <a href="/computers">Computers </a> aka getByRole('link', { name: 'Computers' })
        2) <a href="/computers">Computers </a> aka getByText('Computers').nth(1)

    Call log:
      - waiting for locator('.top-menu a').filter({ hasText: 'Computers' })


       at ..\page-objects\HomePage.js:24

      22 |
      23 |   async clickCategory(categoryName) {
    > 24 |     await this.categories.filter({ hasText: categoryName }).click();
         |                                                             ^
      25 |   }
      26 |
      27 |   async clickFeaturedProduct(index = 0) {
        at HomePage.clickCategory (E:\Automate\page-objects\HomePage.js:24:61)
        at E:\Automate\tests\navigation.spec.js:223:20

    attachment #1: screenshot (image/png) ──────────────────────────────────────────────────────────
    ..\test-results\navigation-Navigation-and--b34ad-isplay-page-title-correctly-firefox\test-failed-1.png
    ────────────────────────────────────────────────────────────────────────────────────────────────

    attachment #2: video (video/webm) ──────────────────────────────────────────────────────────────
    ..\test-results\navigation-Navigation-and--b34ad-isplay-page-title-correctly-firefox\video.webm
    ────────────────────────────────────────────────────────────────────────────────────────────────

    Error Context: ..\test-results\navigation-Navigation-and--b34ad-isplay-page-title-correctly-firefox\error-context.md
]]>
</failure>
<system-out>
<![CDATA[
[[ATTACHMENT|test-results\navigation-Navigation-and--b34ad-isplay-page-title-correctly-firefox\test-failed-1.png]]

[[ATTACHMENT|test-results\navigation-Navigation-and--b34ad-isplay-page-title-correctly-firefox\video.webm]]

[[ATTACHMENT|test-results\navigation-Navigation-and--b34ad-isplay-page-title-correctly-firefox\error-context.md]]
]]>
</system-out>
</testcase>
</testsuite>
<testsuite name="product.spec.js" timestamp="2025-07-15T18:27:52.044Z" hostname="firefox" tests="9" failures="9" skipped="0" time="271.345" errors="0">
<testcase name="Product Management › should display product details correctly" classname="product.spec.js" time="30.112">
<failure message="product.spec.js:19:3 should display product details correctly" type="FAILURE">
<![CDATA[  [firefox] › product.spec.js:19:3 › Product Management › should display product details correctly ─

    Test timeout of 30000ms exceeded.

    Error: locator.click: Test timeout of 30000ms exceeded.
    Call log:
      - waiting for locator('.product-title a').first()


      22 |     
      23 |     // Click on first product
    > 24 |     await page.locator('.product-title a').first().click();
         |                                                    ^
      25 |     
      26 |     // Verify product page elements
      27 |     await expect(productPage.productTitle).toBeVisible();
        at E:\Automate\tests\product.spec.js:24:52

    attachment #1: screenshot (image/png) ──────────────────────────────────────────────────────────
    ..\test-results\product-Product-Management-d14b8-y-product-details-correctly-firefox\test-failed-1.png
    ────────────────────────────────────────────────────────────────────────────────────────────────

    attachment #2: video (video/webm) ──────────────────────────────────────────────────────────────
    ..\test-results\product-Product-Management-d14b8-y-product-details-correctly-firefox\video.webm
    ────────────────────────────────────────────────────────────────────────────────────────────────

    Error Context: ..\test-results\product-Product-Management-d14b8-y-product-details-correctly-firefox\error-context.md
]]>
</failure>
<system-out>
<![CDATA[
[[ATTACHMENT|test-results\product-Product-Management-d14b8-y-product-details-correctly-firefox\test-failed-1.png]]

[[ATTACHMENT|test-results\product-Product-Management-d14b8-y-product-details-correctly-firefox\video.webm]]

[[ATTACHMENT|test-results\product-Product-Management-d14b8-y-product-details-correctly-firefox\error-context.md]]
]]>
</system-out>
</testcase>
<testcase name="Product Management › should add single product to cart" classname="product.spec.js" time="30.109">
<failure message="product.spec.js:34:3 should add single product to cart" type="FAILURE">
<![CDATA[  [firefox] › product.spec.js:34:3 › Product Management › should add single product to cart ────────

    Test timeout of 30000ms exceeded.

    Error: locator.click: Test timeout of 30000ms exceeded.
    Call log:
      - waiting for locator('.product-title a').first()


      34 |   test('should add single product to cart', async ({ page }) => {
      35 |     await homePage.search(testData.products.laptop);
    > 36 |     await page.locator('.product-title a').first().click();
         |                                                    ^
      37 |     
      38 |     await productPage.addToCart();
      39 |     
        at E:\Automate\tests\product.spec.js:36:52

    attachment #1: screenshot (image/png) ──────────────────────────────────────────────────────────
    ..\test-results\product-Product-Management-should-add-single-product-to-cart-firefox\test-failed-1.png
    ────────────────────────────────────────────────────────────────────────────────────────────────

    attachment #2: video (video/webm) ──────────────────────────────────────────────────────────────
    ..\test-results\product-Product-Management-should-add-single-product-to-cart-firefox\video.webm
    ────────────────────────────────────────────────────────────────────────────────────────────────

    Error Context: ..\test-results\product-Product-Management-should-add-single-product-to-cart-firefox\error-context.md
]]>
</failure>
<system-out>
<![CDATA[
[[ATTACHMENT|test-results\product-Product-Management-should-add-single-product-to-cart-firefox\test-failed-1.png]]

[[ATTACHMENT|test-results\product-Product-Management-should-add-single-product-to-cart-firefox\video.webm]]

[[ATTACHMENT|test-results\product-Product-Management-should-add-single-product-to-cart-firefox\error-context.md]]
]]>
</system-out>
</testcase>
<testcase name="Product Management › should add multiple quantities to cart" classname="product.spec.js" time="30.165">
<failure message="product.spec.js:49:3 should add multiple quantities to cart" type="FAILURE">
<![CDATA[  [firefox] › product.spec.js:49:3 › Product Management › should add multiple quantities to cart ───

    Test timeout of 30000ms exceeded.

    Error: locator.click: Test timeout of 30000ms exceeded.
    Call log:
      - waiting for locator('.product-title a').first()


      49 |   test('should add multiple quantities to cart', async ({ page }) => {
      50 |     await homePage.search(testData.products.laptop);
    > 51 |     await page.locator('.product-title a').first().click();
         |                                                    ^
      52 |     
      53 |     await productPage.addToCart(3);
      54 |     
        at E:\Automate\tests\product.spec.js:51:52

    attachment #1: screenshot (image/png) ──────────────────────────────────────────────────────────
    ..\test-results\product-Product-Management-74488-multiple-quantities-to-cart-firefox\test-failed-1.png
    ────────────────────────────────────────────────────────────────────────────────────────────────

    attachment #2: video (video/webm) ──────────────────────────────────────────────────────────────
    ..\test-results\product-Product-Management-74488-multiple-quantities-to-cart-firefox\video.webm
    ────────────────────────────────────────────────────────────────────────────────────────────────

    Error Context: ..\test-results\product-Product-Management-74488-multiple-quantities-to-cart-firefox\error-context.md
]]>
</failure>
<system-out>
<![CDATA[
[[ATTACHMENT|test-results\product-Product-Management-74488-multiple-quantities-to-cart-firefox\test-failed-1.png]]

[[ATTACHMENT|test-results\product-Product-Management-74488-multiple-quantities-to-cart-firefox\video.webm]]

[[ATTACHMENT|test-results\product-Product-Management-74488-multiple-quantities-to-cart-firefox\error-context.md]]
]]>
</system-out>
</testcase>
<testcase name="Product Management › should add product to wishlist" classname="product.spec.js" time="30.224">
<failure message="product.spec.js:63:3 should add product to wishlist" type="FAILURE">
<![CDATA[  [firefox] › product.spec.js:63:3 › Product Management › should add product to wishlist ───────────

    Test timeout of 30000ms exceeded.

    Error: locator.click: Test timeout of 30000ms exceeded.
    Call log:
      - waiting for locator('.product-title a').first()


      63 |   test('should add product to wishlist', async ({ page }) => {
      64 |     await homePage.search(testData.products.laptop);
    > 65 |     await page.locator('.product-title a').first().click();
         |                                                    ^
      66 |     
      67 |     await productPage.addToWishlist();
      68 |     
        at E:\Automate\tests\product.spec.js:65:52

    attachment #1: screenshot (image/png) ──────────────────────────────────────────────────────────
    ..\test-results\product-Product-Management-should-add-product-to-wishlist-firefox\test-failed-1.png
    ────────────────────────────────────────────────────────────────────────────────────────────────

    attachment #2: video (video/webm) ──────────────────────────────────────────────────────────────
    ..\test-results\product-Product-Management-should-add-product-to-wishlist-firefox\video.webm
    ────────────────────────────────────────────────────────────────────────────────────────────────

    Error Context: ..\test-results\product-Product-Management-should-add-product-to-wishlist-firefox\error-context.md
]]>
</failure>
<system-out>
<![CDATA[
[[ATTACHMENT|test-results\product-Product-Management-should-add-product-to-wishlist-firefox\test-failed-1.png]]

[[ATTACHMENT|test-results\product-Product-Management-should-add-product-to-wishlist-firefox\video.webm]]

[[ATTACHMENT|test-results\product-Product-Management-should-add-product-to-wishlist-firefox\error-context.md]]
]]>
</system-out>
</testcase>
<testcase name="Product Management › should add product to compare list" classname="product.spec.js" time="30.134">
<failure message="product.spec.js:74:3 should add product to compare list" type="FAILURE">
<![CDATA[  [firefox] › product.spec.js:74:3 › Product Management › should add product to compare list ───────

    Test timeout of 30000ms exceeded.

    Error: locator.click: Test timeout of 30000ms exceeded.
    Call log:
      - waiting for locator('.product-title a').first()


      74 |   test('should add product to compare list', async ({ page }) => {
      75 |     await homePage.search(testData.products.laptop);
    > 76 |     await page.locator('.product-title a').first().click();
         |                                                    ^
      77 |     
      78 |     await productPage.addToCompare();
      79 |     
        at E:\Automate\tests\product.spec.js:76:52

    attachment #1: screenshot (image/png) ──────────────────────────────────────────────────────────
    ..\test-results\product-Product-Management-2a233-add-product-to-compare-list-firefox\test-failed-1.png
    ────────────────────────────────────────────────────────────────────────────────────────────────

    attachment #2: video (video/webm) ──────────────────────────────────────────────────────────────
    ..\test-results\product-Product-Management-2a233-add-product-to-compare-list-firefox\video.webm
    ────────────────────────────────────────────────────────────────────────────────────────────────

    Error Context: ..\test-results\product-Product-Management-2a233-add-product-to-compare-list-firefox\error-context.md
]]>
</failure>
<system-out>
<![CDATA[
[[ATTACHMENT|test-results\product-Product-Management-2a233-add-product-to-compare-list-firefox\test-failed-1.png]]

[[ATTACHMENT|test-results\product-Product-Management-2a233-add-product-to-compare-list-firefox\video.webm]]

[[ATTACHMENT|test-results\product-Product-Management-2a233-add-product-to-compare-list-firefox\error-context.md]]
]]>
</system-out>
</testcase>
<testcase name="Product Management › should display product reviews section" classname="product.spec.js" time="30.186">
<failure message="product.spec.js:85:3 should display product reviews section" type="FAILURE">
<![CDATA[  [firefox] › product.spec.js:85:3 › Product Management › should display product reviews section ───

    Test timeout of 30000ms exceeded.

    Error: locator.click: Test timeout of 30000ms exceeded.
    Call log:
      - waiting for locator('.product-title a').first()


      85 |   test('should display product reviews section', async ({ page }) => {
      86 |     await homePage.search(testData.products.laptop);
    > 87 |     await page.locator('.product-title a').first().click();
         |                                                    ^
      88 |     
      89 |     await productPage.clickReviewsTab();
      90 |     await expect(productPage.writeReviewButton).toBeVisible();
        at E:\Automate\tests\product.spec.js:87:52

    attachment #1: screenshot (image/png) ──────────────────────────────────────────────────────────
    ..\test-results\product-Product-Management-6d03a-lay-product-reviews-section-firefox\test-failed-1.png
    ────────────────────────────────────────────────────────────────────────────────────────────────

    attachment #2: video (video/webm) ──────────────────────────────────────────────────────────────
    ..\test-results\product-Product-Management-6d03a-lay-product-reviews-section-firefox\video.webm
    ────────────────────────────────────────────────────────────────────────────────────────────────

    Error Context: ..\test-results\product-Product-Management-6d03a-lay-product-reviews-section-firefox\error-context.md
]]>
</failure>
<system-out>
<![CDATA[
[[ATTACHMENT|test-results\product-Product-Management-6d03a-lay-product-reviews-section-firefox\test-failed-1.png]]

[[ATTACHMENT|test-results\product-Product-Management-6d03a-lay-product-reviews-section-firefox\video.webm]]

[[ATTACHMENT|test-results\product-Product-Management-6d03a-lay-product-reviews-section-firefox\error-context.md]]
]]>
</system-out>
</testcase>
<testcase name="Product Management › should handle email to friend functionality" classname="product.spec.js" time="30.169">
<failure message="product.spec.js:93:3 should handle email to friend functionality" type="FAILURE">
<![CDATA[  [firefox] › product.spec.js:93:3 › Product Management › should handle email to friend functionality 

    Test timeout of 30000ms exceeded.

    Error: locator.click: Test timeout of 30000ms exceeded.
    Call log:
      - waiting for locator('.product-title a').first()


      93 |   test('should handle email to friend functionality', async ({ page }) => {
      94 |     await homePage.search(testData.products.laptop);
    > 95 |     await page.locator('.product-title a').first().click();
         |                                                    ^
      96 |     
      97 |     await productPage.emailToFriend();
      98 |     
        at E:\Automate\tests\product.spec.js:95:52

    attachment #1: screenshot (image/png) ──────────────────────────────────────────────────────────
    ..\test-results\product-Product-Management-49f55-ail-to-friend-functionality-firefox\test-failed-1.png
    ────────────────────────────────────────────────────────────────────────────────────────────────

    attachment #2: video (video/webm) ──────────────────────────────────────────────────────────────
    ..\test-results\product-Product-Management-49f55-ail-to-friend-functionality-firefox\video.webm
    ────────────────────────────────────────────────────────────────────────────────────────────────

    Error Context: ..\test-results\product-Product-Management-49f55-ail-to-friend-functionality-firefox\error-context.md
]]>
</failure>
<system-out>
<![CDATA[
[[ATTACHMENT|test-results\product-Product-Management-49f55-ail-to-friend-functionality-firefox\test-failed-1.png]]

[[ATTACHMENT|test-results\product-Product-Management-49f55-ail-to-friend-functionality-firefox\video.webm]]

[[ATTACHMENT|test-results\product-Product-Management-49f55-ail-to-friend-functionality-firefox\error-context.md]]
]]>
</system-out>
</testcase>
<testcase name="Product Management › should display product specifications" classname="product.spec.js" time="30.133">
<failure message="product.spec.js:103:3 should display product specifications" type="FAILURE">
<![CDATA[  [firefox] › product.spec.js:103:3 › Product Management › should display product specifications ───

    Test timeout of 30000ms exceeded.

    Error: locator.click: Test timeout of 30000ms exceeded.
    Call log:
      - waiting for locator('.product-title a').first()


      103 |   test('should display product specifications', async ({ page }) => {
      104 |     await homePage.search(testData.products.laptop);
    > 105 |     await page.locator('.product-title a').first().click();
          |                                                    ^
      106 |     
      107 |     // Check if specifications are available
      108 |     const specsVisible = await productPage.productSpecs.isVisible();
        at E:\Automate\tests\product.spec.js:105:52

    attachment #1: screenshot (image/png) ──────────────────────────────────────────────────────────
    ..\test-results\product-Product-Management-a3f77-play-product-specifications-firefox\test-failed-1.png
    ────────────────────────────────────────────────────────────────────────────────────────────────

    attachment #2: video (video/webm) ──────────────────────────────────────────────────────────────
    ..\test-results\product-Product-Management-a3f77-play-product-specifications-firefox\video.webm
    ────────────────────────────────────────────────────────────────────────────────────────────────

    Error Context: ..\test-results\product-Product-Management-a3f77-play-product-specifications-firefox\error-context.md
]]>
</failure>
<system-out>
<![CDATA[
[[ATTACHMENT|test-results\product-Product-Management-a3f77-play-product-specifications-firefox\test-failed-1.png]]

[[ATTACHMENT|test-results\product-Product-Management-a3f77-play-product-specifications-firefox\video.webm]]

[[ATTACHMENT|test-results\product-Product-Management-a3f77-play-product-specifications-firefox\error-context.md]]
]]>
</system-out>
</testcase>
<testcase name="Product Management › should handle out of stock products" classname="product.spec.js" time="30.113">
<failure message="product.spec.js:114:3 should handle out of stock products" type="FAILURE">
<![CDATA[  [firefox] › product.spec.js:114:3 › Product Management › should handle out of stock products ─────

    Test timeout of 30000ms exceeded.

    Error: locator.click: Test timeout of 30000ms exceeded.
    Call log:
      - waiting for locator('.product-title a').first()


      116 |     // For demo purposes, we'll check if the add to cart button changes
      117 |     await homePage.search('gift card');
    > 118 |     await page.locator('.product-title a').first().click();
          |                                                    ^
      119 |     
      120 |     // Check if add to cart button is available
      121 |     const addToCartVisible = await productPage.isAddToCartButtonVisible();
        at E:\Automate\tests\product.spec.js:118:52

    attachment #1: screenshot (image/png) ──────────────────────────────────────────────────────────
    ..\test-results\product-Product-Management-49a2b-andle-out-of-stock-products-firefox\test-failed-1.png
    ────────────────────────────────────────────────────────────────────────────────────────────────

    attachment #2: video (video/webm) ──────────────────────────────────────────────────────────────
    ..\test-results\product-Product-Management-49a2b-andle-out-of-stock-products-firefox\video.webm
    ────────────────────────────────────────────────────────────────────────────────────────────────

    Error Context: ..\test-results\product-Product-Management-49a2b-andle-out-of-stock-products-firefox\error-context.md
]]>
</failure>
<system-out>
<![CDATA[
[[ATTACHMENT|test-results\product-Product-Management-49a2b-andle-out-of-stock-products-firefox\test-failed-1.png]]

[[ATTACHMENT|test-results\product-Product-Management-49a2b-andle-out-of-stock-products-firefox\video.webm]]

[[ATTACHMENT|test-results\product-Product-Management-49a2b-andle-out-of-stock-products-firefox\error-context.md]]
]]>
</system-out>
</testcase>
</testsuite>
<testsuite name="registration.spec.js" timestamp="2025-07-15T18:27:52.044Z" hostname="firefox" tests="11" failures="9" skipped="0" time="235.337" errors="0">
<testcase name="User Registration › should display registration page elements" classname="registration.spec.js" time="9.729">
<failure message="registration.spec.js:13:3 should display registration page elements" type="FAILURE">
<![CDATA[  [firefox] › registration.spec.js:13:3 › User Registration › should display registration page elements 

    Error: Timed out 5000ms waiting for expect(page).toHaveTitle(expected)

    Expected pattern: /Register/
    Received string:  "Just a moment..."
    Call log:
      - Expect "toHaveTitle" with timeout 5000ms
        8 × unexpected value "Just a moment..."


      14 |     await homePage.navigateToRegister();
      15 |     
    > 16 |     await expect(page).toHaveTitle(/Register/);
         |                        ^
      17 |     await expect(page.locator('#FirstName')).toBeVisible();
      18 |     await expect(page.locator('#LastName')).toBeVisible();
      19 |     await expect(page.locator('#Email')).toBeVisible();
        at E:\Automate\tests\registration.spec.js:16:24

    attachment #1: screenshot (image/png) ──────────────────────────────────────────────────────────
    ..\test-results\registration-User-Registra-16b0d--registration-page-elements-firefox\test-failed-1.png
    ────────────────────────────────────────────────────────────────────────────────────────────────

    attachment #2: video (video/webm) ──────────────────────────────────────────────────────────────
    ..\test-results\registration-User-Registra-16b0d--registration-page-elements-firefox\video.webm
    ────────────────────────────────────────────────────────────────────────────────────────────────

    Error Context: ..\test-results\registration-User-Registra-16b0d--registration-page-elements-firefox\error-context.md
]]>
</failure>
<system-out>
<![CDATA[
[[ATTACHMENT|test-results\registration-User-Registra-16b0d--registration-page-elements-firefox\test-failed-1.png]]

[[ATTACHMENT|test-results\registration-User-Registra-16b0d--registration-page-elements-firefox\video.webm]]

[[ATTACHMENT|test-results\registration-User-Registra-16b0d--registration-page-elements-firefox\error-context.md]]
]]>
</system-out>
</testcase>
<testcase name="User Registration › should show validation errors for empty fields" classname="registration.spec.js" time="30.144">
<failure message="registration.spec.js:25:3 should show validation errors for empty fields" type="FAILURE">
<![CDATA[  [firefox] › registration.spec.js:25:3 › User Registration › should show validation errors for empty fields 

    Test timeout of 30000ms exceeded.

    Error: locator.click: Test timeout of 30000ms exceeded.
    Call log:
      - waiting for locator('#register-button')


      25 |   test('should show validation errors for empty fields', async ({ page }) => {
      26 |     await homePage.navigateToRegister();
    > 27 |     await page.locator('#register-button').click();
         |                                            ^
      28 |     
      29 |     // Check for validation errors
      30 |     await expect(page.locator('.field-validation-error')).toHaveCount({ min: 1 });
        at E:\Automate\tests\registration.spec.js:27:44

    attachment #1: screenshot (image/png) ──────────────────────────────────────────────────────────
    ..\test-results\registration-User-Registra-b47b0-ion-errors-for-empty-fields-firefox\test-failed-1.png
    ────────────────────────────────────────────────────────────────────────────────────────────────

    attachment #2: video (video/webm) ──────────────────────────────────────────────────────────────
    ..\test-results\registration-User-Registra-b47b0-ion-errors-for-empty-fields-firefox\video.webm
    ────────────────────────────────────────────────────────────────────────────────────────────────

    Error Context: ..\test-results\registration-User-Registra-b47b0-ion-errors-for-empty-fields-firefox\error-context.md
]]>
</failure>
<system-out>
<![CDATA[
[[ATTACHMENT|test-results\registration-User-Registra-b47b0-ion-errors-for-empty-fields-firefox\test-failed-1.png]]

[[ATTACHMENT|test-results\registration-User-Registra-b47b0-ion-errors-for-empty-fields-firefox\video.webm]]

[[ATTACHMENT|test-results\registration-User-Registra-b47b0-ion-errors-for-empty-fields-firefox\error-context.md]]
]]>
</system-out>
</testcase>
<testcase name="User Registration › should complete successful registration" classname="registration.spec.js" time="30.13">
<failure message="registration.spec.js:33:3 should complete successful registration" type="FAILURE">
<![CDATA[  [firefox] › registration.spec.js:33:3 › User Registration › should complete successful registration 

    Test timeout of 30000ms exceeded.

    Error: locator.fill: Test timeout of 30000ms exceeded.
    Call log:
      - waiting for locator('#FirstName')


      35 |     
      36 |     // Fill registration form
    > 37 |     await page.locator('#FirstName').fill(testData.newUser.firstName);
         |                                      ^
      38 |     await page.locator('#LastName').fill(testData.newUser.lastName);
      39 |     await page.locator('#Email').fill(testData.newUser.email);
      40 |     await page.locator('#Password').fill(testData.newUser.password);
        at E:\Automate\tests\registration.spec.js:37:38

    attachment #1: screenshot (image/png) ──────────────────────────────────────────────────────────
    ..\test-results\registration-User-Registra-256fb-ete-successful-registration-firefox\test-failed-1.png
    ────────────────────────────────────────────────────────────────────────────────────────────────

    attachment #2: video (video/webm) ──────────────────────────────────────────────────────────────
    ..\test-results\registration-User-Registra-256fb-ete-successful-registration-firefox\video.webm
    ────────────────────────────────────────────────────────────────────────────────────────────────

    Error Context: ..\test-results\registration-User-Registra-256fb-ete-successful-registration-firefox\error-context.md
]]>
</failure>
<system-out>
<![CDATA[
[[ATTACHMENT|test-results\registration-User-Registra-256fb-ete-successful-registration-firefox\test-failed-1.png]]

[[ATTACHMENT|test-results\registration-User-Registra-256fb-ete-successful-registration-firefox\video.webm]]

[[ATTACHMENT|test-results\registration-User-Registra-256fb-ete-successful-registration-firefox\error-context.md]]
]]>
</system-out>
</testcase>
<testcase name="User Registration › should validate password confirmation" classname="registration.spec.js" time="30.17">
<failure message="registration.spec.js:50:3 should validate password confirmation" type="FAILURE">
<![CDATA[  [firefox] › registration.spec.js:50:3 › User Registration › should validate password confirmation 

    Test timeout of 30000ms exceeded.

    Error: locator.fill: Test timeout of 30000ms exceeded.
    Call log:
      - waiting for locator('#FirstName')


      51 |     await homePage.navigateToRegister();
      52 |     
    > 53 |     await page.locator('#FirstName').fill(testData.newUser.firstName);
         |                                      ^
      54 |     await page.locator('#LastName').fill(testData.newUser.lastName);
      55 |     await page.locator('#Email').fill(testData.newUser.email);
      56 |     await page.locator('#Password').fill(testData.newUser.password);
        at E:\Automate\tests\registration.spec.js:53:38

    attachment #1: screenshot (image/png) ──────────────────────────────────────────────────────────
    ..\test-results\registration-User-Registra-4f240-idate-password-confirmation-firefox\test-failed-1.png
    ────────────────────────────────────────────────────────────────────────────────────────────────

    attachment #2: video (video/webm) ──────────────────────────────────────────────────────────────
    ..\test-results\registration-User-Registra-4f240-idate-password-confirmation-firefox\video.webm
    ────────────────────────────────────────────────────────────────────────────────────────────────

    Error Context: ..\test-results\registration-User-Registra-4f240-idate-password-confirmation-firefox\error-context.md
]]>
</failure>
<system-out>
<![CDATA[
[[ATTACHMENT|test-results\registration-User-Registra-4f240-idate-password-confirmation-firefox\test-failed-1.png]]

[[ATTACHMENT|test-results\registration-User-Registra-4f240-idate-password-confirmation-firefox\video.webm]]

[[ATTACHMENT|test-results\registration-User-Registra-4f240-idate-password-confirmation-firefox\error-context.md]]
]]>
</system-out>
</testcase>
<testcase name="User Registration › should validate email format" classname="registration.spec.js" time="30.152">
<failure message="registration.spec.js:65:3 should validate email format" type="FAILURE">
<![CDATA[  [firefox] › registration.spec.js:65:3 › User Registration › should validate email format ─────────

    Test timeout of 30000ms exceeded.

    Error: locator.fill: Test timeout of 30000ms exceeded.
    Call log:
      - waiting for locator('#FirstName')


      66 |     await homePage.navigateToRegister();
      67 |     
    > 68 |     await page.locator('#FirstName').fill(testData.newUser.firstName);
         |                                      ^
      69 |     await page.locator('#LastName').fill(testData.newUser.lastName);
      70 |     await page.locator('#Email').fill('invalid-email');
      71 |     await page.locator('#Password').fill(testData.newUser.password);
        at E:\Automate\tests\registration.spec.js:68:38

    attachment #1: screenshot (image/png) ──────────────────────────────────────────────────────────
    ..\test-results\registration-User-Registration-should-validate-email-format-firefox\test-failed-1.png
    ────────────────────────────────────────────────────────────────────────────────────────────────

    attachment #2: video (video/webm) ──────────────────────────────────────────────────────────────
    ..\test-results\registration-User-Registration-should-validate-email-format-firefox\video.webm
    ────────────────────────────────────────────────────────────────────────────────────────────────

    Error Context: ..\test-results\registration-User-Registration-should-validate-email-format-firefox\error-context.md
]]>
</failure>
<system-out>
<![CDATA[
[[ATTACHMENT|test-results\registration-User-Registration-should-validate-email-format-firefox\test-failed-1.png]]

[[ATTACHMENT|test-results\registration-User-Registration-should-validate-email-format-firefox\video.webm]]

[[ATTACHMENT|test-results\registration-User-Registration-should-validate-email-format-firefox\error-context.md]]
]]>
</system-out>
</testcase>
<testcase name="User Registration › should validate password strength" classname="registration.spec.js" time="30.198">
<failure message="registration.spec.js:80:3 should validate password strength" type="FAILURE">
<![CDATA[  [firefox] › registration.spec.js:80:3 › User Registration › should validate password strength ────

    Test timeout of 30000ms exceeded.

    Error: locator.fill: Test timeout of 30000ms exceeded.
    Call log:
      - waiting for locator('#FirstName')


      81 |     await homePage.navigateToRegister();
      82 |     
    > 83 |     await page.locator('#FirstName').fill(testData.newUser.firstName);
         |                                      ^
      84 |     await page.locator('#LastName').fill(testData.newUser.lastName);
      85 |     await page.locator('#Email').fill(testData.newUser.email);
      86 |     await page.locator('#Password').fill('weak');
        at E:\Automate\tests\registration.spec.js:83:38

    attachment #1: screenshot (image/png) ──────────────────────────────────────────────────────────
    ..\test-results\registration-User-Registra-cd520--validate-password-strength-firefox\test-failed-1.png
    ────────────────────────────────────────────────────────────────────────────────────────────────

    attachment #2: video (video/webm) ──────────────────────────────────────────────────────────────
    ..\test-results\registration-User-Registra-cd520--validate-password-strength-firefox\video.webm
    ────────────────────────────────────────────────────────────────────────────────────────────────

    Error Context: ..\test-results\registration-User-Registra-cd520--validate-password-strength-firefox\error-context.md
]]>
</failure>
<system-out>
<![CDATA[
[[ATTACHMENT|test-results\registration-User-Registra-cd520--validate-password-strength-firefox\test-failed-1.png]]

[[ATTACHMENT|test-results\registration-User-Registra-cd520--validate-password-strength-firefox\video.webm]]

[[ATTACHMENT|test-results\registration-User-Registra-cd520--validate-password-strength-firefox\error-context.md]]
]]>
</system-out>
</testcase>
<testcase name="User Registration › should handle existing email registration" classname="registration.spec.js" time="30.131">
<failure message="registration.spec.js:95:3 should handle existing email registration" type="FAILURE">
<![CDATA[  [firefox] › registration.spec.js:95:3 › User Registration › should handle existing email registration 

    Test timeout of 30000ms exceeded.

    Error: locator.fill: Test timeout of 30000ms exceeded.
    Call log:
      - waiting for locator('#FirstName')


       97 |     
       98 |     // Try to register with existing email
    >  99 |     await page.locator('#FirstName').fill(testData.newUser.firstName);
          |                                      ^
      100 |     await page.locator('#LastName').fill(testData.newUser.lastName);
      101 |     await page.locator('#Email').fill(testData.validUser.email);
      102 |     await page.locator('#Password').fill(testData.newUser.password);
        at E:\Automate\tests\registration.spec.js:99:38

    attachment #1: screenshot (image/png) ──────────────────────────────────────────────────────────
    ..\test-results\registration-User-Registra-68ac2-existing-email-registration-firefox\test-failed-1.png
    ────────────────────────────────────────────────────────────────────────────────────────────────

    attachment #2: video (video/webm) ──────────────────────────────────────────────────────────────
    ..\test-results\registration-User-Registra-68ac2-existing-email-registration-firefox\video.webm
    ────────────────────────────────────────────────────────────────────────────────────────────────

    Error Context: ..\test-results\registration-User-Registra-68ac2-existing-email-registration-firefox\error-context.md
]]>
</failure>
<system-out>
<![CDATA[
[[ATTACHMENT|test-results\registration-User-Registra-68ac2-existing-email-registration-firefox\test-failed-1.png]]

[[ATTACHMENT|test-results\registration-User-Registra-68ac2-existing-email-registration-firefox\video.webm]]

[[ATTACHMENT|test-results\registration-User-Registra-68ac2-existing-email-registration-firefox\error-context.md]]
]]>
</system-out>
</testcase>
<testcase name="User Registration › should handle optional fields" classname="registration.spec.js" time="30.144">
<failure message="registration.spec.js:111:3 should handle optional fields" type="FAILURE">
<![CDATA[  [firefox] › registration.spec.js:111:3 › User Registration › should handle optional fields ───────

    Test timeout of 30000ms exceeded.

    Error: locator.fill: Test timeout of 30000ms exceeded.
    Call log:
      - waiting for locator('#FirstName')


      136 |     
      137 |     // Fill required fields
    > 138 |     await page.locator('#FirstName').fill(testData.newUser.firstName);
          |                                      ^
      139 |     await page.locator('#LastName').fill(testData.newUser.lastName);
      140 |     await page.locator('#Email').fill(testData.newUser.email);
      141 |     await page.locator('#Password').fill(testData.newUser.password);
        at E:\Automate\tests\registration.spec.js:138:38

    attachment #1: screenshot (image/png) ──────────────────────────────────────────────────────────
    ..\test-results\registration-User-Registration-should-handle-optional-fields-firefox\test-failed-1.png
    ────────────────────────────────────────────────────────────────────────────────────────────────

    attachment #2: video (video/webm) ──────────────────────────────────────────────────────────────
    ..\test-results\registration-User-Registration-should-handle-optional-fields-firefox\video.webm
    ────────────────────────────────────────────────────────────────────────────────────────────────

    Error Context: ..\test-results\registration-User-Registration-should-handle-optional-fields-firefox\error-context.md
]]>
</failure>
<system-out>
<![CDATA[
[[ATTACHMENT|test-results\registration-User-Registration-should-handle-optional-fields-firefox\test-failed-1.png]]

[[ATTACHMENT|test-results\registration-User-Registration-should-handle-optional-fields-firefox\video.webm]]

[[ATTACHMENT|test-results\registration-User-Registration-should-handle-optional-fields-firefox\error-context.md]]
]]>
</system-out>
</testcase>
<testcase name="User Registration › should validate required field marking" classname="registration.spec.js" time="7.841">
<failure message="registration.spec.js:150:3 should validate required field marking" type="FAILURE">
<![CDATA[  [firefox] › registration.spec.js:150:3 › User Registration › should validate required field marking 

    Error: Timed out 5000ms waiting for expect(locator).toContainText(expected)

    Locator: locator('label[for="FirstName"]')
    Expected string: "*"
    Received: <element(s) not found>
    Call log:
      - Expect "toContainText" with timeout 5000ms
      - waiting for locator('label[for="FirstName"]')


      152 |     
      153 |     // Check if required fields are marked with asterisk
    > 154 |     await expect(page.locator('label[for="FirstName"]')).toContainText('*');
          |                                                          ^
      155 |     await expect(page.locator('label[for="LastName"]')).toContainText('*');
      156 |     await expect(page.locator('label[for="Email"]')).toContainText('*');
      157 |     await expect(page.locator('label[for="Password"]')).toContainText('*');
        at E:\Automate\tests\registration.spec.js:154:58

    attachment #1: screenshot (image/png) ──────────────────────────────────────────────────────────
    ..\test-results\registration-User-Registra-f8790-date-required-field-marking-firefox\test-failed-1.png
    ────────────────────────────────────────────────────────────────────────────────────────────────

    attachment #2: video (video/webm) ──────────────────────────────────────────────────────────────
    ..\test-results\registration-User-Registra-f8790-date-required-field-marking-firefox\video.webm
    ────────────────────────────────────────────────────────────────────────────────────────────────

    Error Context: ..\test-results\registration-User-Registra-f8790-date-required-field-marking-firefox\error-context.md
]]>
</failure>
<system-out>
<![CDATA[
[[ATTACHMENT|test-results\registration-User-Registra-f8790-date-required-field-marking-firefox\test-failed-1.png]]

[[ATTACHMENT|test-results\registration-User-Registra-f8790-date-required-field-marking-firefox\video.webm]]

[[ATTACHMENT|test-results\registration-User-Registra-f8790-date-required-field-marking-firefox\error-context.md]]
]]>
</system-out>
</testcase>
<testcase name="User Registration › should handle terms and conditions" classname="registration.spec.js" time="3.196">
</testcase>
<testcase name="User Registration › should handle privacy policy link" classname="registration.spec.js" time="3.502">
</testcase>
</testsuite>
<testsuite name="search-enhanced.spec.js" timestamp="2025-07-15T18:27:52.044Z" hostname="firefox" tests="15" failures="8" skipped="0" time="208.522" errors="0">
<testcase name="Enhanced Search Functionality › should search with multiple valid terms" classname="search-enhanced.spec.js" time="22.882">
<failure message="search-enhanced.spec.js:13:3 should search with multiple valid terms" type="FAILURE">
<![CDATA[  [firefox] › search-enhanced.spec.js:13:3 › Enhanced Search Functionality › should search with multiple valid terms 

    Error: Timed out 5000ms waiting for expect(locator).toBeVisible()

    Locator: locator('.search-results')
    Expected: visible
    Received: <element(s) not found>
    Call log:
      - Expect "toBeVisible" with timeout 5000ms
      - waiting for locator('.search-results')


      15 |       await homePage.search(term);
      16 |       await expect(page).toHaveURL(/.*search/);
    > 17 |       await expect(page.locator('.search-results')).toBeVisible();
         |                                                     ^
      18 |       await homePage.goto();
      19 |     }
      20 |   });
        at E:\Automate\tests\search-enhanced.spec.js:17:53

    attachment #1: screenshot (image/png) ──────────────────────────────────────────────────────────
    ..\test-results\search-enhanced-Enhanced-S-c4837-h-with-multiple-valid-terms-firefox\test-failed-1.png
    ────────────────────────────────────────────────────────────────────────────────────────────────

    attachment #2: video (video/webm) ──────────────────────────────────────────────────────────────
    ..\test-results\search-enhanced-Enhanced-S-c4837-h-with-multiple-valid-terms-firefox\video.webm
    ────────────────────────────────────────────────────────────────────────────────────────────────

    Error Context: ..\test-results\search-enhanced-Enhanced-S-c4837-h-with-multiple-valid-terms-firefox\error-context.md
]]>
</failure>
<system-out>
<![CDATA[
[[ATTACHMENT|test-results\search-enhanced-Enhanced-S-c4837-h-with-multiple-valid-terms-firefox\test-failed-1.png]]

[[ATTACHMENT|test-results\search-enhanced-Enhanced-S-c4837-h-with-multiple-valid-terms-firefox\video.webm]]

[[ATTACHMENT|test-results\search-enhanced-Enhanced-S-c4837-h-with-multiple-valid-terms-firefox\error-context.md]]
]]>
</system-out>
</testcase>
<testcase name="Enhanced Search Functionality › should handle case-insensitive search" classname="search-enhanced.spec.js" time="30.189">
<failure message="search-enhanced.spec.js:22:3 should handle case-insensitive search" type="FAILURE">
<![CDATA[  [firefox] › search-enhanced.spec.js:22:3 › Enhanced Search Functionality › should handle case-insensitive search 

    Test timeout of 30000ms exceeded.

    Error: locator.fill: Test timeout of 30000ms exceeded.
    Call log:
      - waiting for locator('#small-searchterms')


       at ..\page-objects\HomePage.js:19

      17 |
      18 |   async search(searchTerm) {
    > 19 |     await this.searchBox.fill(searchTerm);
         |                          ^
      20 |     await this.searchButton.click();
      21 |   }
      22 |
        at HomePage.search (E:\Automate\page-objects\HomePage.js:19:26)
        at E:\Automate\tests\search-enhanced.spec.js:31:20

    attachment #1: screenshot (image/png) ──────────────────────────────────────────────────────────
    ..\test-results\search-enhanced-Enhanced-S-740e5-dle-case-insensitive-search-firefox\test-failed-1.png
    ────────────────────────────────────────────────────────────────────────────────────────────────

    attachment #2: video (video/webm) ──────────────────────────────────────────────────────────────
    ..\test-results\search-enhanced-Enhanced-S-740e5-dle-case-insensitive-search-firefox\video.webm
    ────────────────────────────────────────────────────────────────────────────────────────────────

    Error Context: ..\test-results\search-enhanced-Enhanced-S-740e5-dle-case-insensitive-search-firefox\error-context.md
]]>
</failure>
<system-out>
<![CDATA[
[[ATTACHMENT|test-results\search-enhanced-Enhanced-S-740e5-dle-case-insensitive-search-firefox\test-failed-1.png]]

[[ATTACHMENT|test-results\search-enhanced-Enhanced-S-740e5-dle-case-insensitive-search-firefox\video.webm]]

[[ATTACHMENT|test-results\search-enhanced-Enhanced-S-740e5-dle-case-insensitive-search-firefox\error-context.md]]
]]>
</system-out>
</testcase>
<testcase name="Enhanced Search Functionality › should search with special characters" classname="search-enhanced.spec.js" time="30.163">
<failure message="search-enhanced.spec.js:35:3 should search with special characters" type="FAILURE">
<![CDATA[  [firefox] › search-enhanced.spec.js:35:3 › Enhanced Search Functionality › should search with special characters 

    Test timeout of 30000ms exceeded.

    Error: locator.fill: Test timeout of 30000ms exceeded.
    Call log:
      - waiting for locator('#small-searchterms')


       at ..\page-objects\HomePage.js:19

      17 |
      18 |   async search(searchTerm) {
    > 19 |     await this.searchBox.fill(searchTerm);
         |                          ^
      20 |     await this.searchButton.click();
      21 |   }
      22 |
        at HomePage.search (E:\Automate\page-objects\HomePage.js:19:26)
        at E:\Automate\tests\search-enhanced.spec.js:39:22

    attachment #1: screenshot (image/png) ──────────────────────────────────────────────────────────
    ..\test-results\search-enhanced-Enhanced-S-f1630-rch-with-special-characters-firefox\test-failed-1.png
    ────────────────────────────────────────────────────────────────────────────────────────────────

    attachment #2: video (video/webm) ──────────────────────────────────────────────────────────────
    ..\test-results\search-enhanced-Enhanced-S-f1630-rch-with-special-characters-firefox\video.webm
    ────────────────────────────────────────────────────────────────────────────────────────────────

    Error Context: ..\test-results\search-enhanced-Enhanced-S-f1630-rch-with-special-characters-firefox\error-context.md
]]>
</failure>
<system-out>
<![CDATA[
[[ATTACHMENT|test-results\search-enhanced-Enhanced-S-f1630-rch-with-special-characters-firefox\test-failed-1.png]]

[[ATTACHMENT|test-results\search-enhanced-Enhanced-S-f1630-rch-with-special-characters-firefox\video.webm]]

[[ATTACHMENT|test-results\search-enhanced-Enhanced-S-f1630-rch-with-special-characters-firefox\error-context.md]]
]]>
</system-out>
</testcase>
<testcase name="Enhanced Search Functionality › should handle very long search terms" classname="search-enhanced.spec.js" time="2.001">
</testcase>
<testcase name="Enhanced Search Functionality › should handle search with numbers" classname="search-enhanced.spec.js" time="30.158">
<failure message="search-enhanced.spec.js:51:3 should handle search with numbers" type="FAILURE">
<![CDATA[  [firefox] › search-enhanced.spec.js:51:3 › Enhanced Search Functionality › should handle search with numbers 

    Test timeout of 30000ms exceeded.

    Error: locator.fill: Test timeout of 30000ms exceeded.
    Call log:
      - waiting for locator('#small-searchterms')


       at ..\page-objects\HomePage.js:19

      17 |
      18 |   async search(searchTerm) {
    > 19 |     await this.searchBox.fill(searchTerm);
         |                          ^
      20 |     await this.searchButton.click();
      21 |   }
      22 |
        at HomePage.search (E:\Automate\page-objects\HomePage.js:19:26)
        at E:\Automate\tests\search-enhanced.spec.js:55:22

    attachment #1: screenshot (image/png) ──────────────────────────────────────────────────────────
    ..\test-results\search-enhanced-Enhanced-S-33391--handle-search-with-numbers-firefox\test-failed-1.png
    ────────────────────────────────────────────────────────────────────────────────────────────────

    attachment #2: video (video/webm) ──────────────────────────────────────────────────────────────
    ..\test-results\search-enhanced-Enhanced-S-33391--handle-search-with-numbers-firefox\video.webm
    ────────────────────────────────────────────────────────────────────────────────────────────────

    Error Context: ..\test-results\search-enhanced-Enhanced-S-33391--handle-search-with-numbers-firefox\error-context.md
]]>
</failure>
<system-out>
<![CDATA[
[[ATTACHMENT|test-results\search-enhanced-Enhanced-S-33391--handle-search-with-numbers-firefox\test-failed-1.png]]

[[ATTACHMENT|test-results\search-enhanced-Enhanced-S-33391--handle-search-with-numbers-firefox\video.webm]]

[[ATTACHMENT|test-results\search-enhanced-Enhanced-S-33391--handle-search-with-numbers-firefox\error-context.md]]
]]>
</system-out>
</testcase>
<testcase name="Enhanced Search Functionality › should display search results count" classname="search-enhanced.spec.js" time="9.296">
<failure message="search-enhanced.spec.js:61:3 should display search results count" type="FAILURE">
<![CDATA[  [firefox] › search-enhanced.spec.js:61:3 › Enhanced Search Functionality › should display search results count 

    Error: Timed out 5000ms waiting for expect(locator).toBeVisible()

    Locator: locator('.search-results-info, .pager-info')
    Expected: visible
    Received: <element(s) not found>
    Call log:
      - Expect "toBeVisible" with timeout 5000ms
      - waiting for locator('.search-results-info, .pager-info')


      64 |     // Check if search results count is displayed
      65 |     const resultsInfo = page.locator('.search-results-info, .pager-info');
    > 66 |     await expect(resultsInfo).toBeVisible();
         |                               ^
      67 |   });
      68 |
      69 |   test('should search using Enter key', async ({ page }) => {
        at E:\Automate\tests\search-enhanced.spec.js:66:31

    attachment #1: screenshot (image/png) ──────────────────────────────────────────────────────────
    ..\test-results\search-enhanced-Enhanced-S-ba60d-isplay-search-results-count-firefox\test-failed-1.png
    ────────────────────────────────────────────────────────────────────────────────────────────────

    attachment #2: video (video/webm) ──────────────────────────────────────────────────────────────
    ..\test-results\search-enhanced-Enhanced-S-ba60d-isplay-search-results-count-firefox\video.webm
    ────────────────────────────────────────────────────────────────────────────────────────────────

    Error Context: ..\test-results\search-enhanced-Enhanced-S-ba60d-isplay-search-results-count-firefox\error-context.md
]]>
</failure>
<system-out>
<![CDATA[
[[ATTACHMENT|test-results\search-enhanced-Enhanced-S-ba60d-isplay-search-results-count-firefox\test-failed-1.png]]

[[ATTACHMENT|test-results\search-enhanced-Enhanced-S-ba60d-isplay-search-results-count-firefox\video.webm]]

[[ATTACHMENT|test-results\search-enhanced-Enhanced-S-ba60d-isplay-search-results-count-firefox\error-context.md]]
]]>
</system-out>
</testcase>
<testcase name="Enhanced Search Functionality › should search using Enter key" classname="search-enhanced.spec.js" time="5.02">
</testcase>
<testcase name="Enhanced Search Functionality › should maintain search term in search box after search" classname="search-enhanced.spec.js" time="24.066">
<failure message="search-enhanced.spec.js:76:3 should maintain search term in search box after search" type="FAILURE">
<![CDATA[  [firefox] › search-enhanced.spec.js:76:3 › Enhanced Search Functionality › should maintain search term in search box after search 

    Error: Timed out 5000ms waiting for expect(locator).toHaveValue(expected)

    Locator: locator('#small-searchterms')
    Expected string: "laptop"
    Received: <element(s) not found>
    Call log:
      - Expect "toHaveValue" with timeout 5000ms
      - waiting for locator('#small-searchterms')


      79 |     
      80 |     // Verify search term is still in search box
    > 81 |     await expect(page.locator('#small-searchterms')).toHaveValue(searchTerm);
         |                                                      ^
      82 |   });
      83 |
      84 |   test('should handle empty search gracefully', async ({ page }) => {
        at E:\Automate\tests\search-enhanced.spec.js:81:54

    attachment #1: screenshot (image/png) ──────────────────────────────────────────────────────────
    ..\test-results\search-enhanced-Enhanced-S-8849e--in-search-box-after-search-firefox\test-failed-1.png
    ────────────────────────────────────────────────────────────────────────────────────────────────

    attachment #2: video (video/webm) ──────────────────────────────────────────────────────────────
    ..\test-results\search-enhanced-Enhanced-S-8849e--in-search-box-after-search-firefox\video.webm
    ────────────────────────────────────────────────────────────────────────────────────────────────

    Error Context: ..\test-results\search-enhanced-Enhanced-S-8849e--in-search-box-after-search-firefox\error-context.md
]]>
</failure>
<system-out>
<![CDATA[
[[ATTACHMENT|test-results\search-enhanced-Enhanced-S-8849e--in-search-box-after-search-firefox\test-failed-1.png]]

[[ATTACHMENT|test-results\search-enhanced-Enhanced-S-8849e--in-search-box-after-search-firefox\video.webm]]

[[ATTACHMENT|test-results\search-enhanced-Enhanced-S-8849e--in-search-box-after-search-firefox\error-context.md]]
]]>
</system-out>
</testcase>
<testcase name="Enhanced Search Functionality › should handle empty search gracefully" classname="search-enhanced.spec.js" time="7.609">
<failure message="search-enhanced.spec.js:84:3 should handle empty search gracefully" type="FAILURE">
<![CDATA[  [firefox] › search-enhanced.spec.js:84:3 › Enhanced Search Functionality › should handle empty search gracefully 

    Error: Timed out 5000ms waiting for expect(page).toHaveURL(expected)

    Expected pattern: /.*search/
    Received string:  "https://demo.nopcommerce.com/"
    Call log:
      - Expect "toHaveURL" with timeout 5000ms
        9 × unexpected value "https://demo.nopcommerce.com/"


      86 |     
      87 |     // Should handle empty search appropriately
    > 88 |     await expect(page).toHaveURL(/.*search/);
         |                        ^
      89 |   });
      90 |
      91 |   test('should search from different pages', async ({ page }) => {
        at E:\Automate\tests\search-enhanced.spec.js:88:24

    attachment #1: screenshot (image/png) ──────────────────────────────────────────────────────────
    ..\test-results\search-enhanced-Enhanced-S-7a8bc-dle-empty-search-gracefully-firefox\test-failed-1.png
    ────────────────────────────────────────────────────────────────────────────────────────────────

    attachment #2: video (video/webm) ──────────────────────────────────────────────────────────────
    ..\test-results\search-enhanced-Enhanced-S-7a8bc-dle-empty-search-gracefully-firefox\video.webm
    ────────────────────────────────────────────────────────────────────────────────────────────────

    Error Context: ..\test-results\search-enhanced-Enhanced-S-7a8bc-dle-empty-search-gracefully-firefox\error-context.md
]]>
</failure>
<system-out>
<![CDATA[
[[ATTACHMENT|test-results\search-enhanced-Enhanced-S-7a8bc-dle-empty-search-gracefully-firefox\test-failed-1.png]]

[[ATTACHMENT|test-results\search-enhanced-Enhanced-S-7a8bc-dle-empty-search-gracefully-firefox\video.webm]]

[[ATTACHMENT|test-results\search-enhanced-Enhanced-S-7a8bc-dle-empty-search-gracefully-firefox\error-context.md]]
]]>
</system-out>
</testcase>
<testcase name="Enhanced Search Functionality › should search from different pages" classname="search-enhanced.spec.js" time="30.137">
<failure message="search-enhanced.spec.js:91:3 should search from different pages" type="FAILURE">
<![CDATA[  [firefox] › search-enhanced.spec.js:91:3 › Enhanced Search Functionality › should search from different pages 

    Test timeout of 30000ms exceeded.

    Error: locator.fill: Test timeout of 30000ms exceeded.
    Call log:
      - waiting for locator('#small-searchterms')


       at ..\page-objects\HomePage.js:19

      17 |
      18 |   async search(searchTerm) {
    > 19 |     await this.searchBox.fill(searchTerm);
         |                          ^
      20 |     await this.searchButton.click();
      21 |   }
      22 |
        at HomePage.search (E:\Automate\page-objects\HomePage.js:19:26)
        at E:\Automate\tests\search-enhanced.spec.js:96:20

    attachment #1: screenshot (image/png) ──────────────────────────────────────────────────────────
    ..\test-results\search-enhanced-Enhanced-S-e1be5-search-from-different-pages-firefox\test-failed-1.png
    ────────────────────────────────────────────────────────────────────────────────────────────────

    attachment #2: video (video/webm) ──────────────────────────────────────────────────────────────
    ..\test-results\search-enhanced-Enhanced-S-e1be5-search-from-different-pages-firefox\video.webm
    ────────────────────────────────────────────────────────────────────────────────────────────────

    Error Context: ..\test-results\search-enhanced-Enhanced-S-e1be5-search-from-different-pages-firefox\error-context.md
]]>
</failure>
<system-out>
<![CDATA[
[[ATTACHMENT|test-results\search-enhanced-Enhanced-S-e1be5-search-from-different-pages-firefox\test-failed-1.png]]

[[ATTACHMENT|test-results\search-enhanced-Enhanced-S-e1be5-search-from-different-pages-firefox\video.webm]]

[[ATTACHMENT|test-results\search-enhanced-Enhanced-S-e1be5-search-from-different-pages-firefox\error-context.md]]
]]>
</system-out>
</testcase>
<testcase name="Enhanced Search Functionality › should sort search results" classname="search-enhanced.spec.js" time="3.575">
</testcase>
<testcase name="Enhanced Search Functionality › should filter search results" classname="search-enhanced.spec.js" time="4.041">
</testcase>
<testcase name="Enhanced Search Functionality › should paginate through search results" classname="search-enhanced.spec.js" time="4.444">
</testcase>
<testcase name="Enhanced Search Functionality › should search for products in specific categories" classname="search-enhanced.spec.js" time="2.689">
</testcase>
<testcase name="Enhanced Search Functionality › should handle search suggestions/autocomplete" classname="search-enhanced.spec.js" time="2.252">
</testcase>
</testsuite>
<testsuite name="search.spec.js" timestamp="2025-07-15T18:27:52.044Z" hostname="firefox" tests="3" failures="0" skipped="0" time="8.422" errors="0">
<testcase name="Search Functionality › should display search elements" classname="search.spec.js" time="1.899">
</testcase>
<testcase name="Search Functionality › should search with valid term" classname="search.spec.js" time="4.027">
</testcase>
<testcase name="Search Functionality › should handle search with no results" classname="search.spec.js" time="2.496">
</testcase>
</testsuite>
<testsuite name="cart.spec.js" timestamp="2025-07-15T18:27:52.044Z" hostname="webkit" tests="10" failures="10" skipped="0" time="331.81" errors="0">
<testcase name="Shopping Cart Functionality › should display empty cart message when cart is empty" classname="cart.spec.js" time="14.847">
<failure message="cart.spec.js:19:3 should display empty cart message when cart is empty" type="FAILURE">
<![CDATA[  [webkit] › cart.spec.js:19:3 › Shopping Cart Functionality › should display empty cart message when cart is empty 

    Error: Timed out 5000ms waiting for expect(locator).toBeVisible()

    Locator: locator('.no-data')
    Expected: visible
    Received: <element(s) not found>
    Call log:
      - Expect "toBeVisible" with timeout 5000ms
      - waiting for locator('.no-data')
        - waiting for navigation to finish...


      19 |   test('should display empty cart message when cart is empty', async ({ page }) => {
      20 |     await homePage.navigateToCart();
    > 21 |     await expect(cartPage.emptyCartMessage).toBeVisible();
         |                                             ^
      22 |     await expect(page.locator('.no-data')).toContainText('Your Shopping Cart is empty!');
      23 |   });
      24 |
        at E:\Automate\tests\cart.spec.js:21:45

    attachment #1: screenshot (image/png) ──────────────────────────────────────────────────────────
    ..\test-results\cart-Shopping-Cart-Functio-a66d9--message-when-cart-is-empty-webkit\test-failed-1.png
    ────────────────────────────────────────────────────────────────────────────────────────────────

    attachment #2: video (video/webm) ──────────────────────────────────────────────────────────────
    ..\test-results\cart-Shopping-Cart-Functio-a66d9--message-when-cart-is-empty-webkit\video.webm
    ────────────────────────────────────────────────────────────────────────────────────────────────
]]>
</failure>
<system-out>
<![CDATA[
[[ATTACHMENT|test-results\cart-Shopping-Cart-Functio-a66d9--message-when-cart-is-empty-webkit\test-failed-1.png]]

[[ATTACHMENT|test-results\cart-Shopping-Cart-Functio-a66d9--message-when-cart-is-empty-webkit\video.webm]]
]]>
</system-out>
</testcase>
<testcase name="Shopping Cart Functionality › should add product to cart and display correctly" classname="cart.spec.js" time="35.207">
<failure message="cart.spec.js:25:3 should add product to cart and display correctly" type="FAILURE">
<![CDATA[  [webkit] › cart.spec.js:25:3 › Shopping Cart Functionality › should add product to cart and display correctly 

    Test timeout of 30000ms exceeded.

    attachment #1: screenshot (image/png) ──────────────────────────────────────────────────────────
    ..\test-results\cart-Shopping-Cart-Functio-a2cb6--cart-and-display-correctly-webkit\test-failed-1.png
    ────────────────────────────────────────────────────────────────────────────────────────────────

    attachment #2: video (video/webm) ──────────────────────────────────────────────────────────────
    ..\test-results\cart-Shopping-Cart-Functio-a2cb6--cart-and-display-correctly-webkit\video.webm
    ────────────────────────────────────────────────────────────────────────────────────────────────
]]>
</failure>
<system-out>
<![CDATA[
[[ATTACHMENT|test-results\cart-Shopping-Cart-Functio-a2cb6--cart-and-display-correctly-webkit\test-failed-1.png]]

[[ATTACHMENT|test-results\cart-Shopping-Cart-Functio-a2cb6--cart-and-display-correctly-webkit\video.webm]]
]]>
</system-out>
</testcase>
<testcase name="Shopping Cart Functionality › should update product quantity in cart" classname="cart.spec.js" time="35.199">
<failure message="cart.spec.js:44:3 should update product quantity in cart" type="FAILURE">
<![CDATA[  [webkit] › cart.spec.js:44:3 › Shopping Cart Functionality › should update product quantity in cart 

    Test timeout of 30000ms exceeded.

    attachment #1: screenshot (image/png) ──────────────────────────────────────────────────────────
    ..\test-results\cart-Shopping-Cart-Functio-7feae-te-product-quantity-in-cart-webkit\test-failed-1.png
    ────────────────────────────────────────────────────────────────────────────────────────────────

    attachment #2: video (video/webm) ──────────────────────────────────────────────────────────────
    ..\test-results\cart-Shopping-Cart-Functio-7feae-te-product-quantity-in-cart-webkit\video.webm
    ────────────────────────────────────────────────────────────────────────────────────────────────
]]>
</failure>
<system-out>
<![CDATA[
[[ATTACHMENT|test-results\cart-Shopping-Cart-Functio-7feae-te-product-quantity-in-cart-webkit\test-failed-1.png]]

[[ATTACHMENT|test-results\cart-Shopping-Cart-Functio-7feae-te-product-quantity-in-cart-webkit\video.webm]]
]]>
</system-out>
</testcase>
<testcase name="Shopping Cart Functionality › should remove product from cart" classname="cart.spec.js" time="35.19">
<failure message="cart.spec.js:62:3 should remove product from cart" type="FAILURE">
<![CDATA[  [webkit] › cart.spec.js:62:3 › Shopping Cart Functionality › should remove product from cart ─────

    Test timeout of 30000ms exceeded.

    attachment #1: screenshot (image/png) ──────────────────────────────────────────────────────────
    ..\test-results\cart-Shopping-Cart-Functio-67d61-ld-remove-product-from-cart-webkit\test-failed-1.png
    ────────────────────────────────────────────────────────────────────────────────────────────────

    attachment #2: video (video/webm) ──────────────────────────────────────────────────────────────
    ..\test-results\cart-Shopping-Cart-Functio-67d61-ld-remove-product-from-cart-webkit\video.webm
    ────────────────────────────────────────────────────────────────────────────────────────────────
]]>
</failure>
<system-out>
<![CDATA[
[[ATTACHMENT|test-results\cart-Shopping-Cart-Functio-67d61-ld-remove-product-from-cart-webkit\test-failed-1.png]]

[[ATTACHMENT|test-results\cart-Shopping-Cart-Functio-67d61-ld-remove-product-from-cart-webkit\video.webm]]
]]>
</system-out>
</testcase>
<testcase name="Shopping Cart Functionality › should calculate total correctly with multiple products" classname="cart.spec.js" time="35.215">
<failure message="cart.spec.js:80:3 should calculate total correctly with multiple products" type="FAILURE">
<![CDATA[  [webkit] › cart.spec.js:80:3 › Shopping Cart Functionality › should calculate total correctly with multiple products 

    Test timeout of 30000ms exceeded.

    attachment #1: screenshot (image/png) ──────────────────────────────────────────────────────────
    ..\test-results\cart-Shopping-Cart-Functio-fc71c-ctly-with-multiple-products-webkit\test-failed-1.png
    ────────────────────────────────────────────────────────────────────────────────────────────────

    attachment #2: video (video/webm) ──────────────────────────────────────────────────────────────
    ..\test-results\cart-Shopping-Cart-Functio-fc71c-ctly-with-multiple-products-webkit\video.webm
    ────────────────────────────────────────────────────────────────────────────────────────────────
]]>
</failure>
<system-out>
<![CDATA[
[[ATTACHMENT|test-results\cart-Shopping-Cart-Functio-fc71c-ctly-with-multiple-products-webkit\test-failed-1.png]]

[[ATTACHMENT|test-results\cart-Shopping-Cart-Functio-fc71c-ctly-with-multiple-products-webkit\video.webm]]
]]>
</system-out>
</testcase>
<testcase name="Shopping Cart Functionality › should continue shopping from cart" classname="cart.spec.js" time="35.203">
<failure message="cart.spec.js:103:3 should continue shopping from cart" type="FAILURE">
<![CDATA[  [webkit] › cart.spec.js:103:3 › Shopping Cart Functionality › should continue shopping from cart ─

    Test timeout of 30000ms exceeded.

    attachment #1: screenshot (image/png) ──────────────────────────────────────────────────────────
    ..\test-results\cart-Shopping-Cart-Functio-8602d-continue-shopping-from-cart-webkit\test-failed-1.png
    ────────────────────────────────────────────────────────────────────────────────────────────────

    attachment #2: video (video/webm) ──────────────────────────────────────────────────────────────
    ..\test-results\cart-Shopping-Cart-Functio-8602d-continue-shopping-from-cart-webkit\video.webm
    ────────────────────────────────────────────────────────────────────────────────────────────────
]]>
</failure>
<system-out>
<![CDATA[
[[ATTACHMENT|test-results\cart-Shopping-Cart-Functio-8602d-continue-shopping-from-cart-webkit\test-failed-1.png]]

[[ATTACHMENT|test-results\cart-Shopping-Cart-Functio-8602d-continue-shopping-from-cart-webkit\video.webm]]
]]>
</system-out>
</testcase>
<testcase name="Shopping Cart Functionality › should require terms acceptance for checkout" classname="cart.spec.js" time="35.198">
<failure message="cart.spec.js:120:3 should require terms acceptance for checkout" type="FAILURE">
<![CDATA[  [webkit] › cart.spec.js:120:3 › Shopping Cart Functionality › should require terms acceptance for checkout 

    Test timeout of 30000ms exceeded.

    attachment #1: screenshot (image/png) ──────────────────────────────────────────────────────────
    ..\test-results\cart-Shopping-Cart-Functio-d7ce2-rms-acceptance-for-checkout-webkit\test-failed-1.png
    ────────────────────────────────────────────────────────────────────────────────────────────────

    attachment #2: video (video/webm) ──────────────────────────────────────────────────────────────
    ..\test-results\cart-Shopping-Cart-Functio-d7ce2-rms-acceptance-for-checkout-webkit\video.webm
    ────────────────────────────────────────────────────────────────────────────────────────────────
]]>
</failure>
<system-out>
<![CDATA[
[[ATTACHMENT|test-results\cart-Shopping-Cart-Functio-d7ce2-rms-acceptance-for-checkout-webkit\test-failed-1.png]]

[[ATTACHMENT|test-results\cart-Shopping-Cart-Functio-d7ce2-rms-acceptance-for-checkout-webkit\video.webm]]
]]>
</system-out>
</testcase>
<testcase name="Shopping Cart Functionality › should apply discount code" classname="cart.spec.js" time="35.235">
<failure message="cart.spec.js:137:3 should apply discount code" type="FAILURE">
<![CDATA[  [webkit] › cart.spec.js:137:3 › Shopping Cart Functionality › should apply discount code ─────────

    Test timeout of 30000ms exceeded.

    attachment #1: screenshot (image/png) ──────────────────────────────────────────────────────────
    ..\test-results\cart-Shopping-Cart-Functionality-should-apply-discount-code-webkit\test-failed-1.png
    ────────────────────────────────────────────────────────────────────────────────────────────────

    attachment #2: video (video/webm) ──────────────────────────────────────────────────────────────
    ..\test-results\cart-Shopping-Cart-Functionality-should-apply-discount-code-webkit\video.webm
    ────────────────────────────────────────────────────────────────────────────────────────────────
]]>
</failure>
<system-out>
<![CDATA[
[[ATTACHMENT|test-results\cart-Shopping-Cart-Functionality-should-apply-discount-code-webkit\test-failed-1.png]]

[[ATTACHMENT|test-results\cart-Shopping-Cart-Functionality-should-apply-discount-code-webkit\video.webm]]
]]>
</system-out>
</testcase>
<testcase name="Shopping Cart Functionality › should apply gift card code" classname="cart.spec.js" time="35.313">
<failure message="cart.spec.js:154:3 should apply gift card code" type="FAILURE">
<![CDATA[  [webkit] › cart.spec.js:154:3 › Shopping Cart Functionality › should apply gift card code ────────

    Test timeout of 30000ms exceeded.

    attachment #1: screenshot (image/png) ──────────────────────────────────────────────────────────
    ..\test-results\cart-Shopping-Cart-Functionality-should-apply-gift-card-code-webkit\test-failed-1.png
    ────────────────────────────────────────────────────────────────────────────────────────────────

    attachment #2: video (video/webm) ──────────────────────────────────────────────────────────────
    ..\test-results\cart-Shopping-Cart-Functionality-should-apply-gift-card-code-webkit\video.webm
    ────────────────────────────────────────────────────────────────────────────────────────────────
]]>
</failure>
<system-out>
<![CDATA[
[[ATTACHMENT|test-results\cart-Shopping-Cart-Functionality-should-apply-gift-card-code-webkit\test-failed-1.png]]

[[ATTACHMENT|test-results\cart-Shopping-Cart-Functionality-should-apply-gift-card-code-webkit\video.webm]]
]]>
</system-out>
</testcase>
<testcase name="Shopping Cart Functionality › should select gift wrapping option" classname="cart.spec.js" time="35.203">
<failure message="cart.spec.js:171:3 should select gift wrapping option" type="FAILURE">
<![CDATA[  [webkit] › cart.spec.js:171:3 › Shopping Cart Functionality › should select gift wrapping option ─

    Test timeout of 30000ms exceeded.

    attachment #1: screenshot (image/png) ──────────────────────────────────────────────────────────
    ..\test-results\cart-Shopping-Cart-Functio-3f424-select-gift-wrapping-option-webkit\test-failed-1.png
    ────────────────────────────────────────────────────────────────────────────────────────────────

    attachment #2: video (video/webm) ──────────────────────────────────────────────────────────────
    ..\test-results\cart-Shopping-Cart-Functio-3f424-select-gift-wrapping-option-webkit\video.webm
    ────────────────────────────────────────────────────────────────────────────────────────────────
]]>
</failure>
<system-out>
<![CDATA[
[[ATTACHMENT|test-results\cart-Shopping-Cart-Functio-3f424-select-gift-wrapping-option-webkit\test-failed-1.png]]

[[ATTACHMENT|test-results\cart-Shopping-Cart-Functio-3f424-select-gift-wrapping-option-webkit\video.webm]]
]]>
</system-out>
</testcase>
</testsuite>
<testsuite name="category.spec.js" timestamp="2025-07-15T18:27:52.044Z" hostname="webkit" tests="13" failures="13" skipped="0" time="36.561" errors="0">
<testcase name="Category and Navigation › should navigate to category pages" classname="category.spec.js" time="3.212">
<failure message="category.spec.js:16:3 should navigate to category pages" type="FAILURE">
<![CDATA[  [webkit] › category.spec.js:16:3 › Category and Navigation › should navigate to category pages ───

    Error: locator.click: Error: strict mode violation: locator('.top-menu a').filter({ hasText: 'Computers' }) resolved to 2 elements:
        1) <a href="/computers">Computers </a> aka getByRole('link', { name: 'Computers' })
        2) <a href="/computers">Computers </a> aka getByText('Computers').nth(1)

    Call log:
      - waiting for locator('.top-menu a').filter({ hasText: 'Computers' })


       at ..\page-objects\HomePage.js:24

      22 |
      23 |   async clickCategory(categoryName) {
    > 24 |     await this.categories.filter({ hasText: categoryName }).click();
         |                                                             ^
      25 |   }
      26 |
      27 |   async clickFeaturedProduct(index = 0) {
        at HomePage.clickCategory (E:\Automate\page-objects\HomePage.js:24:61)
        at E:\Automate\tests\category.spec.js:18:22

    attachment #1: screenshot (image/png) ──────────────────────────────────────────────────────────
    ..\test-results\category-Category-and-Navi-3362e--navigate-to-category-pages-webkit\test-failed-1.png
    ────────────────────────────────────────────────────────────────────────────────────────────────

    attachment #2: video (video/webm) ──────────────────────────────────────────────────────────────
    ..\test-results\category-Category-and-Navi-3362e--navigate-to-category-pages-webkit\video.webm
    ────────────────────────────────────────────────────────────────────────────────────────────────

    Error Context: ..\test-results\category-Category-and-Navi-3362e--navigate-to-category-pages-webkit\error-context.md
]]>
</failure>
<system-out>
<![CDATA[
[[ATTACHMENT|test-results\category-Category-and-Navi-3362e--navigate-to-category-pages-webkit\test-failed-1.png]]

[[ATTACHMENT|test-results\category-Category-and-Navi-3362e--navigate-to-category-pages-webkit\video.webm]]

[[ATTACHMENT|test-results\category-Category-and-Navi-3362e--navigate-to-category-pages-webkit\error-context.md]]
]]>
</system-out>
</testcase>
<testcase name="Category and Navigation › should display category products" classname="category.spec.js" time="3.561">
<failure message="category.spec.js:25:3 should display category products" type="FAILURE">
<![CDATA[  [webkit] › category.spec.js:25:3 › Category and Navigation › should display category products ────

    Error: locator.click: Error: strict mode violation: locator('.top-menu a').filter({ hasText: 'Computers' }) resolved to 2 elements:
        1) <a href="/computers">Computers </a> aka getByRole('link', { name: 'Computers' })
        2) <a href="/computers">Computers </a> aka getByText('Computers').nth(1)

    Call log:
      - waiting for locator('.top-menu a').filter({ hasText: 'Computers' })


       at ..\page-objects\HomePage.js:24

      22 |
      23 |   async clickCategory(categoryName) {
    > 24 |     await this.categories.filter({ hasText: categoryName }).click();
         |                                                             ^
      25 |   }
      26 |
      27 |   async clickFeaturedProduct(index = 0) {
        at HomePage.clickCategory (E:\Automate\page-objects\HomePage.js:24:61)
        at E:\Automate\tests\category.spec.js:26:20

    attachment #1: screenshot (image/png) ──────────────────────────────────────────────────────────
    ..\test-results\category-Category-and-Navi-f780c-d-display-category-products-webkit\test-failed-1.png
    ────────────────────────────────────────────────────────────────────────────────────────────────

    attachment #2: video (video/webm) ──────────────────────────────────────────────────────────────
    ..\test-results\category-Category-and-Navi-f780c-d-display-category-products-webkit\video.webm
    ────────────────────────────────────────────────────────────────────────────────────────────────

    Error Context: ..\test-results\category-Category-and-Navi-f780c-d-display-category-products-webkit\error-context.md
]]>
</failure>
<system-out>
<![CDATA[
[[ATTACHMENT|test-results\category-Category-and-Navi-f780c-d-display-category-products-webkit\test-failed-1.png]]

[[ATTACHMENT|test-results\category-Category-and-Navi-f780c-d-display-category-products-webkit\video.webm]]

[[ATTACHMENT|test-results\category-Category-and-Navi-f780c-d-display-category-products-webkit\error-context.md]]
]]>
</system-out>
</testcase>
<testcase name="Category and Navigation › should sort products by different criteria" classname="category.spec.js" time="3.293">
<failure message="category.spec.js:37:3 should sort products by different criteria" type="FAILURE">
<![CDATA[  [webkit] › category.spec.js:37:3 › Category and Navigation › should sort products by different criteria 

    Error: locator.click: Error: strict mode violation: locator('.top-menu a').filter({ hasText: 'Computers' }) resolved to 2 elements:
        1) <a href="/computers">Computers </a> aka getByRole('link', { name: 'Computers' })
        2) <a href="/computers">Computers </a> aka getByText('Computers').nth(1)

    Call log:
      - waiting for locator('.top-menu a').filter({ hasText: 'Computers' })


       at ..\page-objects\HomePage.js:24

      22 |
      23 |   async clickCategory(categoryName) {
    > 24 |     await this.categories.filter({ hasText: categoryName }).click();
         |                                                             ^
      25 |   }
      26 |
      27 |   async clickFeaturedProduct(index = 0) {
        at HomePage.clickCategory (E:\Automate\page-objects\HomePage.js:24:61)
        at E:\Automate\tests\category.spec.js:38:20

    attachment #1: screenshot (image/png) ──────────────────────────────────────────────────────────
    ..\test-results\category-Category-and-Navi-7c936-ducts-by-different-criteria-webkit\test-failed-1.png
    ────────────────────────────────────────────────────────────────────────────────────────────────

    attachment #2: video (video/webm) ──────────────────────────────────────────────────────────────
    ..\test-results\category-Category-and-Navi-7c936-ducts-by-different-criteria-webkit\video.webm
    ────────────────────────────────────────────────────────────────────────────────────────────────

    Error Context: ..\test-results\category-Category-and-Navi-7c936-ducts-by-different-criteria-webkit\error-context.md
]]>
</failure>
<system-out>
<![CDATA[
[[ATTACHMENT|test-results\category-Category-and-Navi-7c936-ducts-by-different-criteria-webkit\test-failed-1.png]]

[[ATTACHMENT|test-results\category-Category-and-Navi-7c936-ducts-by-different-criteria-webkit\video.webm]]

[[ATTACHMENT|test-results\category-Category-and-Navi-7c936-ducts-by-different-criteria-webkit\error-context.md]]
]]>
</system-out>
</testcase>
<testcase name="Category and Navigation › should change products per page display" classname="category.spec.js" time="2.759">
<failure message="category.spec.js:54:3 should change products per page display" type="FAILURE">
<![CDATA[  [webkit] › category.spec.js:54:3 › Category and Navigation › should change products per page display 

    Error: locator.click: Error: strict mode violation: locator('.top-menu a').filter({ hasText: 'Computers' }) resolved to 2 elements:
        1) <a href="/computers">Computers </a> aka getByRole('link', { name: 'Computers' })
        2) <a href="/computers">Computers </a> aka getByText('Computers').nth(1)

    Call log:
      - waiting for locator('.top-menu a').filter({ hasText: 'Computers' })


       at ..\page-objects\HomePage.js:24

      22 |
      23 |   async clickCategory(categoryName) {
    > 24 |     await this.categories.filter({ hasText: categoryName }).click();
         |                                                             ^
      25 |   }
      26 |
      27 |   async clickFeaturedProduct(index = 0) {
        at HomePage.clickCategory (E:\Automate\page-objects\HomePage.js:24:61)
        at E:\Automate\tests\category.spec.js:55:20

    attachment #1: screenshot (image/png) ──────────────────────────────────────────────────────────
    ..\test-results\category-Category-and-Navi-76189-e-products-per-page-display-webkit\test-failed-1.png
    ────────────────────────────────────────────────────────────────────────────────────────────────

    attachment #2: video (video/webm) ──────────────────────────────────────────────────────────────
    ..\test-results\category-Category-and-Navi-76189-e-products-per-page-display-webkit\video.webm
    ────────────────────────────────────────────────────────────────────────────────────────────────

    Error Context: ..\test-results\category-Category-and-Navi-76189-e-products-per-page-display-webkit\error-context.md
]]>
</failure>
<system-out>
<![CDATA[
[[ATTACHMENT|test-results\category-Category-and-Navi-76189-e-products-per-page-display-webkit\test-failed-1.png]]

[[ATTACHMENT|test-results\category-Category-and-Navi-76189-e-products-per-page-display-webkit\video.webm]]

[[ATTACHMENT|test-results\category-Category-and-Navi-76189-e-products-per-page-display-webkit\error-context.md]]
]]>
</system-out>
</testcase>
<testcase name="Category and Navigation › should switch between grid and list view" classname="category.spec.js" time="2.467">
<failure message="category.spec.js:65:3 should switch between grid and list view" type="FAILURE">
<![CDATA[  [webkit] › category.spec.js:65:3 › Category and Navigation › should switch between grid and list view 

    Error: locator.click: Error: strict mode violation: locator('.top-menu a').filter({ hasText: 'Computers' }) resolved to 2 elements:
        1) <a href="/computers">Computers </a> aka getByRole('link', { name: 'Computers' })
        2) <a href="/computers">Computers </a> aka getByText('Computers').nth(1)

    Call log:
      - waiting for locator('.top-menu a').filter({ hasText: 'Computers' })


       at ..\page-objects\HomePage.js:24

      22 |
      23 |   async clickCategory(categoryName) {
    > 24 |     await this.categories.filter({ hasText: categoryName }).click();
         |                                                             ^
      25 |   }
      26 |
      27 |   async clickFeaturedProduct(index = 0) {
        at HomePage.clickCategory (E:\Automate\page-objects\HomePage.js:24:61)
        at E:\Automate\tests\category.spec.js:66:20

    attachment #1: screenshot (image/png) ──────────────────────────────────────────────────────────
    ..\test-results\category-Category-and-Navi-b94fe--between-grid-and-list-view-webkit\test-failed-1.png
    ────────────────────────────────────────────────────────────────────────────────────────────────

    attachment #2: video (video/webm) ──────────────────────────────────────────────────────────────
    ..\test-results\category-Category-and-Navi-b94fe--between-grid-and-list-view-webkit\video.webm
    ────────────────────────────────────────────────────────────────────────────────────────────────

    Error Context: ..\test-results\category-Category-and-Navi-b94fe--between-grid-and-list-view-webkit\error-context.md
]]>
</failure>
<system-out>
<![CDATA[
[[ATTACHMENT|test-results\category-Category-and-Navi-b94fe--between-grid-and-list-view-webkit\test-failed-1.png]]

[[ATTACHMENT|test-results\category-Category-and-Navi-b94fe--between-grid-and-list-view-webkit\video.webm]]

[[ATTACHMENT|test-results\category-Category-and-Navi-b94fe--between-grid-and-list-view-webkit\error-context.md]]
]]>
</system-out>
</testcase>
<testcase name="Category and Navigation › should navigate through pagination" classname="category.spec.js" time="3.131">
<failure message="category.spec.js:82:3 should navigate through pagination" type="FAILURE">
<![CDATA[  [webkit] › category.spec.js:82:3 › Category and Navigation › should navigate through pagination ──

    Error: locator.click: Error: strict mode violation: locator('.top-menu a').filter({ hasText: 'Computers' }) resolved to 2 elements:
        1) <a href="/computers">Computers </a> aka getByRole('link', { name: 'Computers' })
        2) <a href="/computers">Computers </a> aka getByText('Computers').nth(1)

    Call log:
      - waiting for locator('.top-menu a').filter({ hasText: 'Computers' })


       at ..\page-objects\HomePage.js:24

      22 |
      23 |   async clickCategory(categoryName) {
    > 24 |     await this.categories.filter({ hasText: categoryName }).click();
         |                                                             ^
      25 |   }
      26 |
      27 |   async clickFeaturedProduct(index = 0) {
        at HomePage.clickCategory (E:\Automate\page-objects\HomePage.js:24:61)
        at E:\Automate\tests\category.spec.js:83:20

    attachment #1: screenshot (image/png) ──────────────────────────────────────────────────────────
    ..\test-results\category-Category-and-Navi-b1125-navigate-through-pagination-webkit\test-failed-1.png
    ────────────────────────────────────────────────────────────────────────────────────────────────

    attachment #2: video (video/webm) ──────────────────────────────────────────────────────────────
    ..\test-results\category-Category-and-Navi-b1125-navigate-through-pagination-webkit\video.webm
    ────────────────────────────────────────────────────────────────────────────────────────────────

    Error Context: ..\test-results\category-Category-and-Navi-b1125-navigate-through-pagination-webkit\error-context.md
]]>
</failure>
<system-out>
<![CDATA[
[[ATTACHMENT|test-results\category-Category-and-Navi-b1125-navigate-through-pagination-webkit\test-failed-1.png]]

[[ATTACHMENT|test-results\category-Category-and-Navi-b1125-navigate-through-pagination-webkit\video.webm]]

[[ATTACHMENT|test-results\category-Category-and-Navi-b1125-navigate-through-pagination-webkit\error-context.md]]
]]>
</system-out>
</testcase>
<testcase name="Category and Navigation › should display breadcrumb navigation" classname="category.spec.js" time="2.75">
<failure message="category.spec.js:104:3 should display breadcrumb navigation" type="FAILURE">
<![CDATA[  [webkit] › category.spec.js:104:3 › Category and Navigation › should display breadcrumb navigation 

    Error: locator.click: Error: strict mode violation: locator('.top-menu a').filter({ hasText: 'Computers' }) resolved to 2 elements:
        1) <a href="/computers">Computers </a> aka getByRole('link', { name: 'Computers' })
        2) <a href="/computers">Computers </a> aka getByText('Computers').nth(1)

    Call log:
      - waiting for locator('.top-menu a').filter({ hasText: 'Computers' })


       at ..\page-objects\HomePage.js:24

      22 |
      23 |   async clickCategory(categoryName) {
    > 24 |     await this.categories.filter({ hasText: categoryName }).click();
         |                                                             ^
      25 |   }
      26 |
      27 |   async clickFeaturedProduct(index = 0) {
        at HomePage.clickCategory (E:\Automate\page-objects\HomePage.js:24:61)
        at E:\Automate\tests\category.spec.js:105:20

    attachment #1: screenshot (image/png) ──────────────────────────────────────────────────────────
    ..\test-results\category-Category-and-Navi-69479-splay-breadcrumb-navigation-webkit\test-failed-1.png
    ────────────────────────────────────────────────────────────────────────────────────────────────

    attachment #2: video (video/webm) ──────────────────────────────────────────────────────────────
    ..\test-results\category-Category-and-Navi-69479-splay-breadcrumb-navigation-webkit\video.webm
    ────────────────────────────────────────────────────────────────────────────────────────────────

    Error Context: ..\test-results\category-Category-and-Navi-69479-splay-breadcrumb-navigation-webkit\error-context.md
]]>
</failure>
<system-out>
<![CDATA[
[[ATTACHMENT|test-results\category-Category-and-Navi-69479-splay-breadcrumb-navigation-webkit\test-failed-1.png]]

[[ATTACHMENT|test-results\category-Category-and-Navi-69479-splay-breadcrumb-navigation-webkit\video.webm]]

[[ATTACHMENT|test-results\category-Category-and-Navi-69479-splay-breadcrumb-navigation-webkit\error-context.md]]
]]>
</system-out>
</testcase>
<testcase name="Category and Navigation › should add products to cart from category page" classname="category.spec.js" time="2.678">
<failure message="category.spec.js:115:3 should add products to cart from category page" type="FAILURE">
<![CDATA[  [webkit] › category.spec.js:115:3 › Category and Navigation › should add products to cart from category page 

    Error: locator.click: Error: strict mode violation: locator('.top-menu a').filter({ hasText: 'Computers' }) resolved to 2 elements:
        1) <a href="/computers">Computers </a> aka getByRole('link', { name: 'Computers' })
        2) <a href="/computers">Computers </a> aka getByText('Computers').nth(1)

    Call log:
      - waiting for locator('.top-menu a').filter({ hasText: 'Computers' })


       at ..\page-objects\HomePage.js:24

      22 |
      23 |   async clickCategory(categoryName) {
    > 24 |     await this.categories.filter({ hasText: categoryName }).click();
         |                                                             ^
      25 |   }
      26 |
      27 |   async clickFeaturedProduct(index = 0) {
        at HomePage.clickCategory (E:\Automate\page-objects\HomePage.js:24:61)
        at E:\Automate\tests\category.spec.js:116:20

    attachment #1: screenshot (image/png) ──────────────────────────────────────────────────────────
    ..\test-results\category-Category-and-Navi-340bf--to-cart-from-category-page-webkit\test-failed-1.png
    ────────────────────────────────────────────────────────────────────────────────────────────────

    attachment #2: video (video/webm) ──────────────────────────────────────────────────────────────
    ..\test-results\category-Category-and-Navi-340bf--to-cart-from-category-page-webkit\video.webm
    ────────────────────────────────────────────────────────────────────────────────────────────────

    Error Context: ..\test-results\category-Category-and-Navi-340bf--to-cart-from-category-page-webkit\error-context.md
]]>
</failure>
<system-out>
<![CDATA[
[[ATTACHMENT|test-results\category-Category-and-Navi-340bf--to-cart-from-category-page-webkit\test-failed-1.png]]

[[ATTACHMENT|test-results\category-Category-and-Navi-340bf--to-cart-from-category-page-webkit\video.webm]]

[[ATTACHMENT|test-results\category-Category-and-Navi-340bf--to-cart-from-category-page-webkit\error-context.md]]
]]>
</system-out>
</testcase>
<testcase name="Category and Navigation › should add products to wishlist from category page" classname="category.spec.js" time="2.48">
<failure message="category.spec.js:125:3 should add products to wishlist from category page" type="FAILURE">
<![CDATA[  [webkit] › category.spec.js:125:3 › Category and Navigation › should add products to wishlist from category page 

    Error: locator.click: Error: strict mode violation: locator('.top-menu a').filter({ hasText: 'Computers' }) resolved to 2 elements:
        1) <a href="/computers">Computers </a> aka getByRole('link', { name: 'Computers' })
        2) <a href="/computers">Computers </a> aka getByText('Computers').nth(1)

    Call log:
      - waiting for locator('.top-menu a').filter({ hasText: 'Computers' })


       at ..\page-objects\HomePage.js:24

      22 |
      23 |   async clickCategory(categoryName) {
    > 24 |     await this.categories.filter({ hasText: categoryName }).click();
         |                                                             ^
      25 |   }
      26 |
      27 |   async clickFeaturedProduct(index = 0) {
        at HomePage.clickCategory (E:\Automate\page-objects\HomePage.js:24:61)
        at E:\Automate\tests\category.spec.js:126:20

    attachment #1: screenshot (image/png) ──────────────────────────────────────────────────────────
    ..\test-results\category-Category-and-Navi-4fa26-wishlist-from-category-page-webkit\test-failed-1.png
    ────────────────────────────────────────────────────────────────────────────────────────────────

    attachment #2: video (video/webm) ──────────────────────────────────────────────────────────────
    ..\test-results\category-Category-and-Navi-4fa26-wishlist-from-category-page-webkit\video.webm
    ────────────────────────────────────────────────────────────────────────────────────────────────

    Error Context: ..\test-results\category-Category-and-Navi-4fa26-wishlist-from-category-page-webkit\error-context.md
]]>
</failure>
<system-out>
<![CDATA[
[[ATTACHMENT|test-results\category-Category-and-Navi-4fa26-wishlist-from-category-page-webkit\test-failed-1.png]]

[[ATTACHMENT|test-results\category-Category-and-Navi-4fa26-wishlist-from-category-page-webkit\video.webm]]

[[ATTACHMENT|test-results\category-Category-and-Navi-4fa26-wishlist-from-category-page-webkit\error-context.md]]
]]>
</system-out>
</testcase>
<testcase name="Category and Navigation › should add products to compare from category page" classname="category.spec.js" time="2.403">
<failure message="category.spec.js:135:3 should add products to compare from category page" type="FAILURE">
<![CDATA[  [webkit] › category.spec.js:135:3 › Category and Navigation › should add products to compare from category page 

    Error: locator.click: Error: strict mode violation: locator('.top-menu a').filter({ hasText: 'Computers' }) resolved to 2 elements:
        1) <a href="/computers">Computers </a> aka getByRole('link', { name: 'Computers' })
        2) <a href="/computers">Computers </a> aka getByText('Computers').nth(1)

    Call log:
      - waiting for locator('.top-menu a').filter({ hasText: 'Computers' })


       at ..\page-objects\HomePage.js:24

      22 |
      23 |   async clickCategory(categoryName) {
    > 24 |     await this.categories.filter({ hasText: categoryName }).click();
         |                                                             ^
      25 |   }
      26 |
      27 |   async clickFeaturedProduct(index = 0) {
        at HomePage.clickCategory (E:\Automate\page-objects\HomePage.js:24:61)
        at E:\Automate\tests\category.spec.js:136:20

    attachment #1: screenshot (image/png) ──────────────────────────────────────────────────────────
    ..\test-results\category-Category-and-Navi-a85f8--compare-from-category-page-webkit\test-failed-1.png
    ────────────────────────────────────────────────────────────────────────────────────────────────

    attachment #2: video (video/webm) ──────────────────────────────────────────────────────────────
    ..\test-results\category-Category-and-Navi-a85f8--compare-from-category-page-webkit\video.webm
    ────────────────────────────────────────────────────────────────────────────────────────────────

    Error Context: ..\test-results\category-Category-and-Navi-a85f8--compare-from-category-page-webkit\error-context.md
]]>
</failure>
<system-out>
<![CDATA[
[[ATTACHMENT|test-results\category-Category-and-Navi-a85f8--compare-from-category-page-webkit\test-failed-1.png]]

[[ATTACHMENT|test-results\category-Category-and-Navi-a85f8--compare-from-category-page-webkit\video.webm]]

[[ATTACHMENT|test-results\category-Category-and-Navi-a85f8--compare-from-category-page-webkit\error-context.md]]
]]>
</system-out>
</testcase>
<testcase name="Category and Navigation › should navigate to subcategories" classname="category.spec.js" time="2.594">
<failure message="category.spec.js:145:3 should navigate to subcategories" type="FAILURE">
<![CDATA[  [webkit] › category.spec.js:145:3 › Category and Navigation › should navigate to subcategories ───

    Error: locator.click: Error: strict mode violation: locator('.top-menu a').filter({ hasText: 'Computers' }) resolved to 2 elements:
        1) <a href="/computers">Computers </a> aka getByRole('link', { name: 'Computers' })
        2) <a href="/computers">Computers </a> aka getByText('Computers').nth(1)

    Call log:
      - waiting for locator('.top-menu a').filter({ hasText: 'Computers' })


       at ..\page-objects\HomePage.js:24

      22 |
      23 |   async clickCategory(categoryName) {
    > 24 |     await this.categories.filter({ hasText: categoryName }).click();
         |                                                             ^
      25 |   }
      26 |
      27 |   async clickFeaturedProduct(index = 0) {
        at HomePage.clickCategory (E:\Automate\page-objects\HomePage.js:24:61)
        at E:\Automate\tests\category.spec.js:146:20

    attachment #1: screenshot (image/png) ──────────────────────────────────────────────────────────
    ..\test-results\category-Category-and-Navi-d1fa3-d-navigate-to-subcategories-webkit\test-failed-1.png
    ────────────────────────────────────────────────────────────────────────────────────────────────

    attachment #2: video (video/webm) ──────────────────────────────────────────────────────────────
    ..\test-results\category-Category-and-Navi-d1fa3-d-navigate-to-subcategories-webkit\video.webm
    ────────────────────────────────────────────────────────────────────────────────────────────────

    Error Context: ..\test-results\category-Category-and-Navi-d1fa3-d-navigate-to-subcategories-webkit\error-context.md
]]>
</failure>
<system-out>
<![CDATA[
[[ATTACHMENT|test-results\category-Category-and-Navi-d1fa3-d-navigate-to-subcategories-webkit\test-failed-1.png]]

[[ATTACHMENT|test-results\category-Category-and-Navi-d1fa3-d-navigate-to-subcategories-webkit\video.webm]]

[[ATTACHMENT|test-results\category-Category-and-Navi-d1fa3-d-navigate-to-subcategories-webkit\error-context.md]]
]]>
</system-out>
</testcase>
<testcase name="Category and Navigation › should display category description" classname="category.spec.js" time="2.63">
<failure message="category.spec.js:160:3 should display category description" type="FAILURE">
<![CDATA[  [webkit] › category.spec.js:160:3 › Category and Navigation › should display category description 

    Error: locator.click: Error: strict mode violation: locator('.top-menu a').filter({ hasText: 'Computers' }) resolved to 2 elements:
        1) <a href="/computers">Computers </a> aka getByRole('link', { name: 'Computers' })
        2) <a href="/computers">Computers </a> aka getByText('Computers').nth(1)

    Call log:
      - waiting for locator('.top-menu a').filter({ hasText: 'Computers' })


       at ..\page-objects\HomePage.js:24

      22 |
      23 |   async clickCategory(categoryName) {
    > 24 |     await this.categories.filter({ hasText: categoryName }).click();
         |                                                             ^
      25 |   }
      26 |
      27 |   async clickFeaturedProduct(index = 0) {
        at HomePage.clickCategory (E:\Automate\page-objects\HomePage.js:24:61)
        at E:\Automate\tests\category.spec.js:161:20

    attachment #1: screenshot (image/png) ──────────────────────────────────────────────────────────
    ..\test-results\category-Category-and-Navi-4229c-isplay-category-description-webkit\test-failed-1.png
    ────────────────────────────────────────────────────────────────────────────────────────────────

    attachment #2: video (video/webm) ──────────────────────────────────────────────────────────────
    ..\test-results\category-Category-and-Navi-4229c-isplay-category-description-webkit\video.webm
    ────────────────────────────────────────────────────────────────────────────────────────────────

    Error Context: ..\test-results\category-Category-and-Navi-4229c-isplay-category-description-webkit\error-context.md
]]>
</failure>
<system-out>
<![CDATA[
[[ATTACHMENT|test-results\category-Category-and-Navi-4229c-isplay-category-description-webkit\test-failed-1.png]]

[[ATTACHMENT|test-results\category-Category-and-Navi-4229c-isplay-category-description-webkit\video.webm]]

[[ATTACHMENT|test-results\category-Category-and-Navi-4229c-isplay-category-description-webkit\error-context.md]]
]]>
</system-out>
</testcase>
<testcase name="Category and Navigation › should handle empty categories" classname="category.spec.js" time="2.603">
<failure message="category.spec.js:171:3 should handle empty categories" type="FAILURE">
<![CDATA[  [webkit] › category.spec.js:171:3 › Category and Navigation › should handle empty categories ─────

    Error: locator.click: Error: strict mode violation: locator('.top-menu a').filter({ hasText: 'Gift Cards' }) resolved to 2 elements:
        1) <a href="/gift-cards">Gift Cards </a> aka getByRole('link', { name: 'Gift Cards' })
        2) <a href="/gift-cards">Gift Cards </a> aka getByText('Gift Cards').nth(1)

    Call log:
      - waiting for locator('.top-menu a').filter({ hasText: 'Gift Cards' })


       at ..\page-objects\HomePage.js:24

      22 |
      23 |   async clickCategory(categoryName) {
    > 24 |     await this.categories.filter({ hasText: categoryName }).click();
         |                                                             ^
      25 |   }
      26 |
      27 |   async clickFeaturedProduct(index = 0) {
        at HomePage.clickCategory (E:\Automate\page-objects\HomePage.js:24:61)
        at E:\Automate\tests\category.spec.js:174:20

    attachment #1: screenshot (image/png) ──────────────────────────────────────────────────────────
    ..\test-results\category-Category-and-Navi-8629b-uld-handle-empty-categories-webkit\test-failed-1.png
    ────────────────────────────────────────────────────────────────────────────────────────────────

    attachment #2: video (video/webm) ──────────────────────────────────────────────────────────────
    ..\test-results\category-Category-and-Navi-8629b-uld-handle-empty-categories-webkit\video.webm
    ────────────────────────────────────────────────────────────────────────────────────────────────

    Error Context: ..\test-results\category-Category-and-Navi-8629b-uld-handle-empty-categories-webkit\error-context.md
]]>
</failure>
<system-out>
<![CDATA[
[[ATTACHMENT|test-results\category-Category-and-Navi-8629b-uld-handle-empty-categories-webkit\test-failed-1.png]]

[[ATTACHMENT|test-results\category-Category-and-Navi-8629b-uld-handle-empty-categories-webkit\video.webm]]

[[ATTACHMENT|test-results\category-Category-and-Navi-8629b-uld-handle-empty-categories-webkit\error-context.md]]
]]>
</system-out>
</testcase>
</testsuite>
<testsuite name="checkout.spec.js" timestamp="2025-07-15T18:27:52.044Z" hostname="webkit" tests="12" failures="12" skipped="0" time="420.988" errors="0">
<testcase name="Checkout Process › should navigate to checkout from cart" classname="checkout.spec.js" time="35.197">
<failure message="checkout.spec.js:22:3 should navigate to checkout from cart" type="FAILURE">
<![CDATA[  [webkit] › checkout.spec.js:22:3 › Checkout Process › should navigate to checkout from cart ──────

    Test timeout of 30000ms exceeded.

    attachment #1: screenshot (image/png) ──────────────────────────────────────────────────────────
    ..\test-results\checkout-Checkout-Process--5264f-igate-to-checkout-from-cart-webkit\test-failed-1.png
    ────────────────────────────────────────────────────────────────────────────────────────────────

    attachment #2: video (video/webm) ──────────────────────────────────────────────────────────────
    ..\test-results\checkout-Checkout-Process--5264f-igate-to-checkout-from-cart-webkit\video.webm
    ────────────────────────────────────────────────────────────────────────────────────────────────
]]>
</failure>
<system-out>
<![CDATA[
[[ATTACHMENT|test-results\checkout-Checkout-Process--5264f-igate-to-checkout-from-cart-webkit\test-failed-1.png]]

[[ATTACHMENT|test-results\checkout-Checkout-Process--5264f-igate-to-checkout-from-cart-webkit\video.webm]]
]]>
</system-out>
</testcase>
<testcase name="Checkout Process › should require terms acceptance for checkout" classname="checkout.spec.js" time="35.22">
<failure message="checkout.spec.js:40:3 should require terms acceptance for checkout" type="FAILURE">
<![CDATA[  [webkit] › checkout.spec.js:40:3 › Checkout Process › should require terms acceptance for checkout 

    Test timeout of 30000ms exceeded.

    attachment #1: screenshot (image/png) ──────────────────────────────────────────────────────────
    ..\test-results\checkout-Checkout-Process--9c1fa-rms-acceptance-for-checkout-webkit\test-failed-1.png
    ────────────────────────────────────────────────────────────────────────────────────────────────

    attachment #2: video (video/webm) ──────────────────────────────────────────────────────────────
    ..\test-results\checkout-Checkout-Process--9c1fa-rms-acceptance-for-checkout-webkit\video.webm
    ────────────────────────────────────────────────────────────────────────────────────────────────
]]>
</failure>
<system-out>
<![CDATA[
[[ATTACHMENT|test-results\checkout-Checkout-Process--9c1fa-rms-acceptance-for-checkout-webkit\test-failed-1.png]]

[[ATTACHMENT|test-results\checkout-Checkout-Process--9c1fa-rms-acceptance-for-checkout-webkit\video.webm]]
]]>
</system-out>
</testcase>
<testcase name="Checkout Process › should display checkout steps" classname="checkout.spec.js" time="35.209">
<failure message="checkout.spec.js:57:3 should display checkout steps" type="FAILURE">
<![CDATA[  [webkit] › checkout.spec.js:57:3 › Checkout Process › should display checkout steps ──────────────

    Test timeout of 30000ms exceeded.

    attachment #1: screenshot (image/png) ──────────────────────────────────────────────────────────
    ..\test-results\checkout-Checkout-Process-should-display-checkout-steps-webkit\test-failed-1.png
    ────────────────────────────────────────────────────────────────────────────────────────────────

    attachment #2: video (video/webm) ──────────────────────────────────────────────────────────────
    ..\test-results\checkout-Checkout-Process-should-display-checkout-steps-webkit\video.webm
    ────────────────────────────────────────────────────────────────────────────────────────────────
]]>
</failure>
<system-out>
<![CDATA[
[[ATTACHMENT|test-results\checkout-Checkout-Process-should-display-checkout-steps-webkit\test-failed-1.png]]

[[ATTACHMENT|test-results\checkout-Checkout-Process-should-display-checkout-steps-webkit\video.webm]]
]]>
</system-out>
</testcase>
<testcase name="Checkout Process › should handle guest checkout" classname="checkout.spec.js" time="35.217">
<failure message="checkout.spec.js:72:3 should handle guest checkout" type="FAILURE">
<![CDATA[  [webkit] › checkout.spec.js:72:3 › Checkout Process › should handle guest checkout ───────────────

    Test timeout of 30000ms exceeded.

    attachment #1: screenshot (image/png) ──────────────────────────────────────────────────────────
    ..\test-results\checkout-Checkout-Process-should-handle-guest-checkout-webkit\test-failed-1.png
    ────────────────────────────────────────────────────────────────────────────────────────────────

    attachment #2: video (video/webm) ──────────────────────────────────────────────────────────────
    ..\test-results\checkout-Checkout-Process-should-handle-guest-checkout-webkit\video.webm
    ────────────────────────────────────────────────────────────────────────────────────────────────
]]>
</failure>
<system-out>
<![CDATA[
[[ATTACHMENT|test-results\checkout-Checkout-Process-should-handle-guest-checkout-webkit\test-failed-1.png]]

[[ATTACHMENT|test-results\checkout-Checkout-Process-should-handle-guest-checkout-webkit\video.webm]]
]]>
</system-out>
</testcase>
<testcase name="Checkout Process › should fill billing address form" classname="checkout.spec.js" time="35.215">
<failure message="checkout.spec.js:93:3 should fill billing address form" type="FAILURE">
<![CDATA[  [webkit] › checkout.spec.js:93:3 › Checkout Process › should fill billing address form ───────────

    Test timeout of 30000ms exceeded.

    attachment #1: screenshot (image/png) ──────────────────────────────────────────────────────────
    ..\test-results\checkout-Checkout-Process-should-fill-billing-address-form-webkit\test-failed-1.png
    ────────────────────────────────────────────────────────────────────────────────────────────────

    attachment #2: video (video/webm) ──────────────────────────────────────────────────────────────
    ..\test-results\checkout-Checkout-Process-should-fill-billing-address-form-webkit\video.webm
    ────────────────────────────────────────────────────────────────────────────────────────────────
]]>
</failure>
<system-out>
<![CDATA[
[[ATTACHMENT|test-results\checkout-Checkout-Process-should-fill-billing-address-form-webkit\test-failed-1.png]]

[[ATTACHMENT|test-results\checkout-Checkout-Process-should-fill-billing-address-form-webkit\video.webm]]
]]>
</system-out>
</testcase>
<testcase name="Checkout Process › should handle shipping address same as billing" classname="checkout.spec.js" time="35.237">
<failure message="checkout.spec.js:129:3 should handle shipping address same as billing" type="FAILURE">
<![CDATA[  [webkit] › checkout.spec.js:129:3 › Checkout Process › should handle shipping address same as billing 

    Test timeout of 30000ms exceeded.

    attachment #1: screenshot (image/png) ──────────────────────────────────────────────────────────
    ..\test-results\checkout-Checkout-Process--97ae5-ing-address-same-as-billing-webkit\test-failed-1.png
    ────────────────────────────────────────────────────────────────────────────────────────────────

    attachment #2: video (video/webm) ──────────────────────────────────────────────────────────────
    ..\test-results\checkout-Checkout-Process--97ae5-ing-address-same-as-billing-webkit\video.webm
    ────────────────────────────────────────────────────────────────────────────────────────────────
]]>
</failure>
<system-out>
<![CDATA[
[[ATTACHMENT|test-results\checkout-Checkout-Process--97ae5-ing-address-same-as-billing-webkit\test-failed-1.png]]

[[ATTACHMENT|test-results\checkout-Checkout-Process--97ae5-ing-address-same-as-billing-webkit\video.webm]]
]]>
</system-out>
</testcase>
<testcase name="Checkout Process › should select shipping method" classname="checkout.spec.js" time="35.218">
<failure message="checkout.spec.js:154:3 should select shipping method" type="FAILURE">
<![CDATA[  [webkit] › checkout.spec.js:154:3 › Checkout Process › should select shipping method ─────────────

    Test timeout of 30000ms exceeded.

    attachment #1: screenshot (image/png) ──────────────────────────────────────────────────────────
    ..\test-results\checkout-Checkout-Process-should-select-shipping-method-webkit\test-failed-1.png
    ────────────────────────────────────────────────────────────────────────────────────────────────

    attachment #2: video (video/webm) ──────────────────────────────────────────────────────────────
    ..\test-results\checkout-Checkout-Process-should-select-shipping-method-webkit\video.webm
    ────────────────────────────────────────────────────────────────────────────────────────────────
]]>
</failure>
<system-out>
<![CDATA[
[[ATTACHMENT|test-results\checkout-Checkout-Process-should-select-shipping-method-webkit\test-failed-1.png]]

[[ATTACHMENT|test-results\checkout-Checkout-Process-should-select-shipping-method-webkit\video.webm]]
]]>
</system-out>
</testcase>
<testcase name="Checkout Process › should select payment method" classname="checkout.spec.js" time="35.25">
<failure message="checkout.spec.js:176:3 should select payment method" type="FAILURE">
<![CDATA[  [webkit] › checkout.spec.js:176:3 › Checkout Process › should select payment method ──────────────

    Test timeout of 30000ms exceeded.

    attachment #1: screenshot (image/png) ──────────────────────────────────────────────────────────
    ..\test-results\checkout-Checkout-Process-should-select-payment-method-webkit\test-failed-1.png
    ────────────────────────────────────────────────────────────────────────────────────────────────

    attachment #2: video (video/webm) ──────────────────────────────────────────────────────────────
    ..\test-results\checkout-Checkout-Process-should-select-payment-method-webkit\video.webm
    ────────────────────────────────────────────────────────────────────────────────────────────────
]]>
</failure>
<system-out>
<![CDATA[
[[ATTACHMENT|test-results\checkout-Checkout-Process-should-select-payment-method-webkit\test-failed-1.png]]

[[ATTACHMENT|test-results\checkout-Checkout-Process-should-select-payment-method-webkit\video.webm]]
]]>
</system-out>
</testcase>
<testcase name="Checkout Process › should display order summary" classname="checkout.spec.js" time="35.203">
<failure message="checkout.spec.js:195:3 should display order summary" type="FAILURE">
<![CDATA[  [webkit] › checkout.spec.js:195:3 › Checkout Process › should display order summary ──────────────

    Test timeout of 30000ms exceeded.

    attachment #1: screenshot (image/png) ──────────────────────────────────────────────────────────
    ..\test-results\checkout-Checkout-Process-should-display-order-summary-webkit\test-failed-1.png
    ────────────────────────────────────────────────────────────────────────────────────────────────

    attachment #2: video (video/webm) ──────────────────────────────────────────────────────────────
    ..\test-results\checkout-Checkout-Process-should-display-order-summary-webkit\video.webm
    ────────────────────────────────────────────────────────────────────────────────────────────────
]]>
</failure>
<system-out>
<![CDATA[
[[ATTACHMENT|test-results\checkout-Checkout-Process-should-display-order-summary-webkit\test-failed-1.png]]

[[ATTACHMENT|test-results\checkout-Checkout-Process-should-display-order-summary-webkit\video.webm]]
]]>
</system-out>
</testcase>
<testcase name="Checkout Process › should handle checkout validation errors" classname="checkout.spec.js" time="35.226">
<failure message="checkout.spec.js:214:3 should handle checkout validation errors" type="FAILURE">
<![CDATA[  [webkit] › checkout.spec.js:214:3 › Checkout Process › should handle checkout validation errors ──

    Test timeout of 30000ms exceeded.

    attachment #1: screenshot (image/png) ──────────────────────────────────────────────────────────
    ..\test-results\checkout-Checkout-Process--8f556--checkout-validation-errors-webkit\test-failed-1.png
    ────────────────────────────────────────────────────────────────────────────────────────────────

    attachment #2: video (video/webm) ──────────────────────────────────────────────────────────────
    ..\test-results\checkout-Checkout-Process--8f556--checkout-validation-errors-webkit\video.webm
    ────────────────────────────────────────────────────────────────────────────────────────────────
]]>
</failure>
<system-out>
<![CDATA[
[[ATTACHMENT|test-results\checkout-Checkout-Process--8f556--checkout-validation-errors-webkit\test-failed-1.png]]

[[ATTACHMENT|test-results\checkout-Checkout-Process--8f556--checkout-validation-errors-webkit\video.webm]]
]]>
</system-out>
</testcase>
<testcase name="Checkout Process › should handle different country selection" classname="checkout.spec.js" time="33.576">
<failure message="checkout.spec.js:235:3 should handle different country selection" type="FAILURE">
<![CDATA[  [webkit] › checkout.spec.js:235:3 › Checkout Process › should handle different country selection ─

    Test timeout of 30000ms exceeded while running "beforeEach" hook.

      12 |   let checkoutPage;
      13 |
    > 14 |   test.beforeEach(async ({ page }) => {
         |        ^
      15 |     homePage = new HomePage(page);
      16 |     productPage = new ProductPage(page);
      17 |     cartPage = new CartPage(page);
        at E:\Automate\tests\checkout.spec.js:14:8

    attachment #1: screenshot (image/png) ──────────────────────────────────────────────────────────
    ..\test-results\checkout-Checkout-Process--055c3-different-country-selection-webkit\test-failed-1.png
    ────────────────────────────────────────────────────────────────────────────────────────────────

    attachment #2: video (video/webm) ──────────────────────────────────────────────────────────────
    ..\test-results\checkout-Checkout-Process--055c3-different-country-selection-webkit\video.webm
    ────────────────────────────────────────────────────────────────────────────────────────────────

    Error Context: ..\test-results\checkout-Checkout-Process--055c3-different-country-selection-webkit\error-context.md
]]>
</failure>
<system-out>
<![CDATA[
[[ATTACHMENT|test-results\checkout-Checkout-Process--055c3-different-country-selection-webkit\test-failed-1.png]]

[[ATTACHMENT|test-results\checkout-Checkout-Process--055c3-different-country-selection-webkit\video.webm]]

[[ATTACHMENT|test-results\checkout-Checkout-Process--055c3-different-country-selection-webkit\error-context.md]]
]]>
</system-out>
</testcase>
<testcase name="Checkout Process › should calculate tax and shipping costs" classname="checkout.spec.js" time="35.22">
<failure message="checkout.spec.js:260:3 should calculate tax and shipping costs" type="FAILURE">
<![CDATA[  [webkit] › checkout.spec.js:260:3 › Checkout Process › should calculate tax and shipping costs ───

    Test timeout of 30000ms exceeded.

    attachment #1: screenshot (image/png) ──────────────────────────────────────────────────────────
    ..\test-results\checkout-Checkout-Process--eddf6-late-tax-and-shipping-costs-webkit\test-failed-1.png
    ────────────────────────────────────────────────────────────────────────────────────────────────

    attachment #2: video (video/webm) ──────────────────────────────────────────────────────────────
    ..\test-results\checkout-Checkout-Process--eddf6-late-tax-and-shipping-costs-webkit\video.webm
    ────────────────────────────────────────────────────────────────────────────────────────────────
]]>
</failure>
<system-out>
<![CDATA[
[[ATTACHMENT|test-results\checkout-Checkout-Process--eddf6-late-tax-and-shipping-costs-webkit\test-failed-1.png]]

[[ATTACHMENT|test-results\checkout-Checkout-Process--eddf6-late-tax-and-shipping-costs-webkit\video.webm]]
]]>
</system-out>
</testcase>
</testsuite>
<testsuite name="contact.spec.js" timestamp="2025-07-15T18:27:52.044Z" hostname="webkit" tests="17" failures="12" skipped="0" time="267.248" errors="0">
<testcase name="Contact and Information Pages › should display contact us page" classname="contact.spec.js" time="15.181">
<failure message="contact.spec.js:13:3 should display contact us page" type="FAILURE">
<![CDATA[  [webkit] › contact.spec.js:13:3 › Contact and Information Pages › should display contact us page ─

    Error: Timed out 5000ms waiting for expect(locator).toContainText(expected)

    Locator: locator('.page-title')
    Expected string: "Contact us"
    Received: <element(s) not found>
    Call log:
      - Expect "toContainText" with timeout 5000ms
      - waiting for locator('.page-title')
        - waiting for navigation to finish...


      17 |     // Verify contact us page elements
      18 |     await expect(page).toHaveURL(/.*contactus/);
    > 19 |     await expect(page.locator('.page-title')).toContainText('Contact us');
         |                                               ^
      20 |     await expect(page.locator('#FullName')).toBeVisible();
      21 |     await expect(page.locator('#Email')).toBeVisible();
      22 |     await expect(page.locator('#Subject')).toBeVisible();
        at E:\Automate\tests\contact.spec.js:19:47

    attachment #1: screenshot (image/png) ──────────────────────────────────────────────────────────
    ..\test-results\contact-Contact-and-Inform-c169c-uld-display-contact-us-page-webkit\test-failed-1.png
    ────────────────────────────────────────────────────────────────────────────────────────────────

    attachment #2: video (video/webm) ──────────────────────────────────────────────────────────────
    ..\test-results\contact-Contact-and-Inform-c169c-uld-display-contact-us-page-webkit\video.webm
    ────────────────────────────────────────────────────────────────────────────────────────────────
]]>
</failure>
<system-out>
<![CDATA[
[[ATTACHMENT|test-results\contact-Contact-and-Inform-c169c-uld-display-contact-us-page-webkit\test-failed-1.png]]

[[ATTACHMENT|test-results\contact-Contact-and-Inform-c169c-uld-display-contact-us-page-webkit\video.webm]]
]]>
</system-out>
</testcase>
<testcase name="Contact and Information Pages › should submit contact form successfully" classname="contact.spec.js" time="35.232">
<failure message="contact.spec.js:27:3 should submit contact form successfully" type="FAILURE">
<![CDATA[  [webkit] › contact.spec.js:27:3 › Contact and Information Pages › should submit contact form successfully 

    Test timeout of 30000ms exceeded.

    Error: locator.fill: Test timeout of 30000ms exceeded.
    Call log:
      - waiting for locator('#FullName')
        - waiting for navigation to finish...


      30 |     
      31 |     // Fill contact form
    > 32 |     await page.locator('#FullName').fill(`${testData.newUser.firstName} ${testData.newUser.lastName}`);
         |                                     ^
      33 |     await page.locator('#Email').fill(testData.newUser.email);
      34 |     await page.locator('#Subject').fill('Test Subject');
      35 |     await page.locator('#Enquiry').fill('This is a test enquiry message for automated testing.');
        at E:\Automate\tests\contact.spec.js:32:37

    attachment #1: screenshot (image/png) ──────────────────────────────────────────────────────────
    ..\test-results\contact-Contact-and-Inform-894d9-t-contact-form-successfully-webkit\test-failed-1.png
    ────────────────────────────────────────────────────────────────────────────────────────────────

    attachment #2: video (video/webm) ──────────────────────────────────────────────────────────────
    ..\test-results\contact-Contact-and-Inform-894d9-t-contact-form-successfully-webkit\video.webm
    ────────────────────────────────────────────────────────────────────────────────────────────────
]]>
</failure>
<system-out>
<![CDATA[
[[ATTACHMENT|test-results\contact-Contact-and-Inform-894d9-t-contact-form-successfully-webkit\test-failed-1.png]]

[[ATTACHMENT|test-results\contact-Contact-and-Inform-894d9-t-contact-form-successfully-webkit\video.webm]]
]]>
</system-out>
</testcase>
<testcase name="Contact and Information Pages › should validate contact form fields" classname="contact.spec.js" time="35.252">
<failure message="contact.spec.js:44:3 should validate contact form fields" type="FAILURE">
<![CDATA[  [webkit] › contact.spec.js:44:3 › Contact and Information Pages › should validate contact form fields 

    Test timeout of 30000ms exceeded.

    attachment #1: screenshot (image/png) ──────────────────────────────────────────────────────────
    ..\test-results\contact-Contact-and-Inform-f5008-alidate-contact-form-fields-webkit\test-failed-1.png
    ────────────────────────────────────────────────────────────────────────────────────────────────

    attachment #2: video (video/webm) ──────────────────────────────────────────────────────────────
    ..\test-results\contact-Contact-and-Inform-f5008-alidate-contact-form-fields-webkit\video.webm
    ────────────────────────────────────────────────────────────────────────────────────────────────
]]>
</failure>
<system-out>
<![CDATA[
[[ATTACHMENT|test-results\contact-Contact-and-Inform-f5008-alidate-contact-form-fields-webkit\test-failed-1.png]]

[[ATTACHMENT|test-results\contact-Contact-and-Inform-f5008-alidate-contact-form-fields-webkit\video.webm]]
]]>
</system-out>
</testcase>
<testcase name="Contact and Information Pages › should validate email format in contact form" classname="contact.spec.js" time="35.27">
<failure message="contact.spec.js:55:3 should validate email format in contact form" type="FAILURE">
<![CDATA[  [webkit] › contact.spec.js:55:3 › Contact and Information Pages › should validate email format in contact form 

    Test timeout of 30000ms exceeded.

    Error: locator.fill: Test timeout of 30000ms exceeded.
    Call log:
      - waiting for locator('#FullName')
        - waiting for navigation to finish...


      58 |     
      59 |     // Fill form with invalid email
    > 60 |     await page.locator('#FullName').fill(`${testData.newUser.firstName} ${testData.newUser.lastName}`);
         |                                     ^
      61 |     await page.locator('#Email').fill('invalid-email');
      62 |     await page.locator('#Subject').fill('Test Subject');
      63 |     await page.locator('#Enquiry').fill('Test message');
        at E:\Automate\tests\contact.spec.js:60:37

    attachment #1: screenshot (image/png) ──────────────────────────────────────────────────────────
    ..\test-results\contact-Contact-and-Inform-a7af3-mail-format-in-contact-form-webkit\test-failed-1.png
    ────────────────────────────────────────────────────────────────────────────────────────────────

    attachment #2: video (video/webm) ──────────────────────────────────────────────────────────────
    ..\test-results\contact-Contact-and-Inform-a7af3-mail-format-in-contact-form-webkit\video.webm
    ────────────────────────────────────────────────────────────────────────────────────────────────
]]>
</failure>
<system-out>
<![CDATA[
[[ATTACHMENT|test-results\contact-Contact-and-Inform-a7af3-mail-format-in-contact-form-webkit\test-failed-1.png]]

[[ATTACHMENT|test-results\contact-Contact-and-Inform-a7af3-mail-format-in-contact-form-webkit\video.webm]]
]]>
</system-out>
</testcase>
<testcase name="Contact and Information Pages › should display about us page" classname="contact.spec.js" time="12.908">
<failure message="contact.spec.js:72:3 should display about us page" type="FAILURE">
<![CDATA[  [webkit] › contact.spec.js:72:3 › Contact and Information Pages › should display about us page ───

    Error: Timed out 5000ms waiting for expect(locator).toContainText(expected)

    Locator: locator('.page-title')
    Expected string: "About us"
    Received: <element(s) not found>
    Call log:
      - Expect "toContainText" with timeout 5000ms
      - waiting for locator('.page-title')
        - waiting for navigation to finish...


      80 |       // Verify about us page
      81 |       await expect(page).toHaveURL(/.*about-us/);
    > 82 |       await expect(page.locator('.page-title')).toContainText('About us');
         |                                                 ^
      83 |       await expect(page.locator('.page-body')).toBeVisible();
      84 |     }
      85 |   });
        at E:\Automate\tests\contact.spec.js:82:49

    attachment #1: screenshot (image/png) ──────────────────────────────────────────────────────────
    ..\test-results\contact-Contact-and-Inform-6f855-hould-display-about-us-page-webkit\test-failed-1.png
    ────────────────────────────────────────────────────────────────────────────────────────────────

    attachment #2: video (video/webm) ──────────────────────────────────────────────────────────────
    ..\test-results\contact-Contact-and-Inform-6f855-hould-display-about-us-page-webkit\video.webm
    ────────────────────────────────────────────────────────────────────────────────────────────────
]]>
</failure>
<system-out>
<![CDATA[
[[ATTACHMENT|test-results\contact-Contact-and-Inform-6f855-hould-display-about-us-page-webkit\test-failed-1.png]]

[[ATTACHMENT|test-results\contact-Contact-and-Inform-6f855-hould-display-about-us-page-webkit\video.webm]]
]]>
</system-out>
</testcase>
<testcase name="Contact and Information Pages › should display sitemap page" classname="contact.spec.js" time="15.299">
<failure message="contact.spec.js:87:3 should display sitemap page" type="FAILURE">
<![CDATA[  [webkit] › contact.spec.js:87:3 › Contact and Information Pages › should display sitemap page ────

    Error: Timed out 5000ms waiting for expect(locator).toContainText(expected)

    Locator: locator('.page-title')
    Expected string: "Sitemap"
    Received: <element(s) not found>
    Call log:
      - Expect "toContainText" with timeout 5000ms
      - waiting for locator('.page-title')
        - waiting for navigation to finish...


       95 |       // Verify sitemap page
       96 |       await expect(page).toHaveURL(/.*sitemap/);
    >  97 |       await expect(page.locator('.page-title')).toContainText('Sitemap');
          |                                                 ^
       98 |       await expect(page.locator('.sitemap')).toBeVisible();
       99 |     }
      100 |   });
        at E:\Automate\tests\contact.spec.js:97:49

    attachment #1: screenshot (image/png) ──────────────────────────────────────────────────────────
    ..\test-results\contact-Contact-and-Inform-563bd-should-display-sitemap-page-webkit\test-failed-1.png
    ────────────────────────────────────────────────────────────────────────────────────────────────

    attachment #2: video (video/webm) ──────────────────────────────────────────────────────────────
    ..\test-results\contact-Contact-and-Inform-563bd-should-display-sitemap-page-webkit\video.webm
    ────────────────────────────────────────────────────────────────────────────────────────────────
]]>
</failure>
<system-out>
<![CDATA[
[[ATTACHMENT|test-results\contact-Contact-and-Inform-563bd-should-display-sitemap-page-webkit\test-failed-1.png]]

[[ATTACHMENT|test-results\contact-Contact-and-Inform-563bd-should-display-sitemap-page-webkit\video.webm]]
]]>
</system-out>
</testcase>
<testcase name="Contact and Information Pages › should display news page" classname="contact.spec.js" time="2.204">
<failure message="contact.spec.js:102:3 should display news page" type="FAILURE">
<![CDATA[  [webkit] › contact.spec.js:102:3 › Contact and Information Pages › should display news page ──────

    Error: locator.isVisible: Error: strict mode violation: locator('text=News') resolved to 4 elements:
        1) <strong>News</strong> aka locator('#main').getByText('News', { exact: true })
        2) <a href="/news">View News Archive</a> aka getByRole('link', { name: 'View News Archive' })
        3) <a href="/news">News</a> aka getByRole('link', { name: 'News', exact: true })
        4) <strong>Newsletter</strong> aka getByText('Newsletter')

    Call log:
        - checking visibility of locator('text=News')


      103 |     // Navigate to news page
      104 |     const newsLink = page.locator('text=News');
    > 105 |     const newsExists = await newsLink.isVisible();
          |                                       ^
      106 |     
      107 |     if (newsExists) {
      108 |       await newsLink.click();
        at E:\Automate\tests\contact.spec.js:105:39

    attachment #1: screenshot (image/png) ──────────────────────────────────────────────────────────
    ..\test-results\contact-Contact-and-Inform-2662a-es-should-display-news-page-webkit\test-failed-1.png
    ────────────────────────────────────────────────────────────────────────────────────────────────

    attachment #2: video (video/webm) ──────────────────────────────────────────────────────────────
    ..\test-results\contact-Contact-and-Inform-2662a-es-should-display-news-page-webkit\video.webm
    ────────────────────────────────────────────────────────────────────────────────────────────────

    Error Context: ..\test-results\contact-Contact-and-Inform-2662a-es-should-display-news-page-webkit\error-context.md
]]>
</failure>
<system-out>
<![CDATA[
[[ATTACHMENT|test-results\contact-Contact-and-Inform-2662a-es-should-display-news-page-webkit\test-failed-1.png]]

[[ATTACHMENT|test-results\contact-Contact-and-Inform-2662a-es-should-display-news-page-webkit\video.webm]]

[[ATTACHMENT|test-results\contact-Contact-and-Inform-2662a-es-should-display-news-page-webkit\error-context.md]]
]]>
</system-out>
</testcase>
<testcase name="Contact and Information Pages › should display privacy policy page" classname="contact.spec.js" time="16.774">
<failure message="contact.spec.js:117:3 should display privacy policy page" type="FAILURE">
<![CDATA[  [webkit] › contact.spec.js:117:3 › Contact and Information Pages › should display privacy policy page 

    Error: Timed out 5000ms waiting for expect(page).toHaveURL(expected)

    Expected pattern: /.*privacyinfo/
    Received string:  "https://demo.nopcommerce.com/privacy-notice?__cf_chl_rt_tk=ia5JXwDVeGTNB9Fd8HnjaOtE6alBdd_HUgWSAHpe6pk-1752604726-1.0.1.1-ysg64oHySNQDkfDgAKWPKCB9SYclvpXkijy_BUXFnIs"
    Call log:
      - Expect "toHaveURL" with timeout 5000ms
        2 × unexpected value "https://demo.nopcommerce.com/privacy-notice?__cf_chl_rt_tk=ia5JXwDVeGTNB9Fd8HnjaOtE6alBdd_HUgWSAHpe6pk-1752604726-1.0.1.1-ysg64oHySNQDkfDgAKWPKCB9SYclvpXkijy_BUXFnIs"
        - waiting for navigation to finish...


      124 |       
      125 |       // Verify privacy policy page
    > 126 |       await expect(page).toHaveURL(/.*privacyinfo/);
          |                          ^
      127 |       await expect(page.locator('.page-title')).toContainText('Privacy notice');
      128 |       await expect(page.locator('.page-body')).toBeVisible();
      129 |     }
        at E:\Automate\tests\contact.spec.js:126:26

    attachment #1: screenshot (image/png) ──────────────────────────────────────────────────────────
    ..\test-results\contact-Contact-and-Inform-d004c-display-privacy-policy-page-webkit\test-failed-1.png
    ────────────────────────────────────────────────────────────────────────────────────────────────

    attachment #2: video (video/webm) ──────────────────────────────────────────────────────────────
    ..\test-results\contact-Contact-and-Inform-d004c-display-privacy-policy-page-webkit\video.webm
    ────────────────────────────────────────────────────────────────────────────────────────────────
]]>
</failure>
<system-out>
<![CDATA[
[[ATTACHMENT|test-results\contact-Contact-and-Inform-d004c-display-privacy-policy-page-webkit\test-failed-1.png]]

[[ATTACHMENT|test-results\contact-Contact-and-Inform-d004c-display-privacy-policy-page-webkit\video.webm]]
]]>
</system-out>
</testcase>
<testcase name="Contact and Information Pages › should display terms and conditions page" classname="contact.spec.js" time="16.989">
<failure message="contact.spec.js:132:3 should display terms and conditions page" type="FAILURE">
<![CDATA[  [webkit] › contact.spec.js:132:3 › Contact and Information Pages › should display terms and conditions page 

    Error: Timed out 5000ms waiting for expect(page).toHaveURL(expected)

    Expected pattern: /.*conditionsofuse/
    Received string:  "https://demo.nopcommerce.com/conditions-of-use"
    Call log:
      - Expect "toHaveURL" with timeout 5000ms
        2 × unexpected value "https://demo.nopcommerce.com/conditions-of-use?__cf_chl_rt_tk=t8SU4ODYnhUoMUN152k_GRUqwYfTOqQPm1q9t.LilpE-1752604726-1.0.1.1-m_uBkV7ON0GqITnAdk6kBcdT7mveXefa4nEYFk1B9oA"
        - unexpected value "https://demo.nopcommerce.com/conditions-of-use"
        - waiting for navigation to finish...


      139 |       
      140 |       // Verify terms and conditions page
    > 141 |       await expect(page).toHaveURL(/.*conditionsofuse/);
          |                          ^
      142 |       await expect(page.locator('.page-title')).toContainText('Conditions of Use');
      143 |       await expect(page.locator('.page-body')).toBeVisible();
      144 |     }
        at E:\Automate\tests\contact.spec.js:141:26

    attachment #1: screenshot (image/png) ──────────────────────────────────────────────────────────
    ..\test-results\contact-Contact-and-Inform-f58a9-y-terms-and-conditions-page-webkit\test-failed-1.png
    ────────────────────────────────────────────────────────────────────────────────────────────────

    attachment #2: video (video/webm) ──────────────────────────────────────────────────────────────
    ..\test-results\contact-Contact-and-Inform-f58a9-y-terms-and-conditions-page-webkit\video.webm
    ────────────────────────────────────────────────────────────────────────────────────────────────
]]>
</failure>
<system-out>
<![CDATA[
[[ATTACHMENT|test-results\contact-Contact-and-Inform-f58a9-y-terms-and-conditions-page-webkit\test-failed-1.png]]

[[ATTACHMENT|test-results\contact-Contact-and-Inform-f58a9-y-terms-and-conditions-page-webkit\video.webm]]
]]>
</system-out>
</testcase>
<testcase name="Contact and Information Pages › should display shipping and returns page" classname="contact.spec.js" time="16.166">
<failure message="contact.spec.js:147:3 should display shipping and returns page" type="FAILURE">
<![CDATA[  [webkit] › contact.spec.js:147:3 › Contact and Information Pages › should display shipping and returns page 

    Error: Timed out 5000ms waiting for expect(page).toHaveURL(expected)

    Expected pattern: /.*shippinginfo/
    Received string:  "https://demo.nopcommerce.com/shipping-returns"
    Call log:
      - Expect "toHaveURL" with timeout 5000ms
        - unexpected value "https://demo.nopcommerce.com/shipping-returns?__cf_chl_rt_tk=GfbTUVsjVEEg.lWvTVFA1BUKwhUdnAzZHbmzhMNAhgQ-1752604726-1.0.1.1-_liJ3dG_RQ8r64PB.7G2FfBT5Gh21Qz_oAFK4huniy4"
        2 × unexpected value "https://demo.nopcommerce.com/shipping-returns"
        - waiting for navigation to finish...


      154 |       
      155 |       // Verify shipping and returns page
    > 156 |       await expect(page).toHaveURL(/.*shippinginfo/);
          |                          ^
      157 |       await expect(page.locator('.page-title')).toContainText('Shipping & returns');
      158 |       await expect(page.locator('.page-body')).toBeVisible();
      159 |     }
        at E:\Automate\tests\contact.spec.js:156:26

    attachment #1: screenshot (image/png) ──────────────────────────────────────────────────────────
    ..\test-results\contact-Contact-and-Inform-484e9-y-shipping-and-returns-page-webkit\test-failed-1.png
    ────────────────────────────────────────────────────────────────────────────────────────────────

    attachment #2: video (video/webm) ──────────────────────────────────────────────────────────────
    ..\test-results\contact-Contact-and-Inform-484e9-y-shipping-and-returns-page-webkit\video.webm
    ────────────────────────────────────────────────────────────────────────────────────────────────
]]>
</failure>
<system-out>
<![CDATA[
[[ATTACHMENT|test-results\contact-Contact-and-Inform-484e9-y-shipping-and-returns-page-webkit\test-failed-1.png]]

[[ATTACHMENT|test-results\contact-Contact-and-Inform-484e9-y-shipping-and-returns-page-webkit\video.webm]]
]]>
</system-out>
</testcase>
<testcase name="Contact and Information Pages › should handle newsletter subscription" classname="contact.spec.js" time="3.984">
</testcase>
<testcase name="Contact and Information Pages › should validate newsletter email format" classname="contact.spec.js" time="3.548">
</testcase>
<testcase name="Contact and Information Pages › should display social media links" classname="contact.spec.js" time="2.745">
</testcase>
<testcase name="Contact and Information Pages › should display company information" classname="contact.spec.js" time="2.644">
</testcase>
<testcase name="Contact and Information Pages › should handle search from information pages" classname="contact.spec.js" time="35.228">
<failure message="contact.spec.js:228:3 should handle search from information pages" type="FAILURE">
<![CDATA[  [webkit] › contact.spec.js:228:3 › Contact and Information Pages › should handle search from information pages 

    Test timeout of 30000ms exceeded.

    Error: locator.fill: Test timeout of 30000ms exceeded.
    Call log:
      - waiting for locator('#small-searchterms')
        - waiting for navigation to finish...


       at ..\page-objects\HomePage.js:19

      17 |
      18 |   async search(searchTerm) {
    > 19 |     await this.searchBox.fill(searchTerm);
         |                          ^
      20 |     await this.searchButton.click();
      21 |   }
      22 |
        at HomePage.search (E:\Automate\page-objects\HomePage.js:19:26)
        at E:\Automate\tests\contact.spec.js:237:22

    attachment #1: screenshot (image/png) ──────────────────────────────────────────────────────────
    ..\test-results\contact-Contact-and-Inform-3a204-arch-from-information-pages-webkit\test-failed-1.png
    ────────────────────────────────────────────────────────────────────────────────────────────────

    attachment #2: video (video/webm) ──────────────────────────────────────────────────────────────
    ..\test-results\contact-Contact-and-Inform-3a204-arch-from-information-pages-webkit\video.webm
    ────────────────────────────────────────────────────────────────────────────────────────────────
]]>
</failure>
<system-out>
<![CDATA[
[[ATTACHMENT|test-results\contact-Contact-and-Inform-3a204-arch-from-information-pages-webkit\test-failed-1.png]]

[[ATTACHMENT|test-results\contact-Contact-and-Inform-3a204-arch-from-information-pages-webkit\video.webm]]
]]>
</system-out>
</testcase>
<testcase name="Contact and Information Pages › should display page loading correctly" classname="contact.spec.js" time="14.518">
<failure message="contact.spec.js:244:3 should display page loading correctly" type="FAILURE">
<![CDATA[  [webkit] › contact.spec.js:244:3 › Contact and Information Pages › should display page loading correctly 

    Error: Timed out 5000ms waiting for expect(locator).toBeVisible()

    Locator: locator('.page-title')
    Expected: visible
    Received: undefined
    Call log:
      - Expect "toBeVisible" with timeout 5000ms
      - waiting for locator('.page-title')
        - waiting for navigation to finish...


      255 |     
      256 |     // Verify page content is visible
    > 257 |     await expect(page.locator('.page-title')).toBeVisible();
          |                                               ^
      258 |   });
      259 |
      260 |   test('should handle breadcrumb navigation on information pages', async ({ page }) => {
        at E:\Automate\tests\contact.spec.js:257:47

    attachment #1: screenshot (image/png) ──────────────────────────────────────────────────────────
    ..\test-results\contact-Contact-and-Inform-9952c-play-page-loading-correctly-webkit\test-failed-1.png
    ────────────────────────────────────────────────────────────────────────────────────────────────

    attachment #2: video (video/webm) ──────────────────────────────────────────────────────────────
    ..\test-results\contact-Contact-and-Inform-9952c-play-page-loading-correctly-webkit\video.webm
    ────────────────────────────────────────────────────────────────────────────────────────────────
]]>
</failure>
<system-out>
<![CDATA[
[[ATTACHMENT|test-results\contact-Contact-and-Inform-9952c-play-page-loading-correctly-webkit\test-failed-1.png]]

[[ATTACHMENT|test-results\contact-Contact-and-Inform-9952c-play-page-loading-correctly-webkit\video.webm]]
]]>
</system-out>
</testcase>
<testcase name="Contact and Information Pages › should handle breadcrumb navigation on information pages" classname="contact.spec.js" time="3.306">
</testcase>
</testsuite>
<testsuite name="login.spec.js" timestamp="2025-07-15T18:27:52.044Z" hostname="webkit" tests="12" failures="11" skipped="0" time="358.377" errors="0">
<testcase name="Login Functionality › should display login page elements" classname="login.spec.js" time="14.564">
<failure message="login.spec.js:16:3 should display login page elements" type="FAILURE">
<![CDATA[  [webkit] › login.spec.js:16:3 › Login Functionality › should display login page elements ─────────

    Error: Timed out 5000ms waiting for expect(page).toHaveTitle(expected)

    Expected pattern: /Login/
    Received string:  "Just a moment..."
    Call log:
      - Expect "toHaveTitle" with timeout 5000ms
        3 × unexpected value "Just a moment..."
        - waiting for navigation to finish...


      17 |     await loginPage.navigateToLogin();
      18 |     
    > 19 |     await expect(page).toHaveTitle(/Login/);
         |                        ^
      20 |     await expect(loginPage.emailInput).toBeVisible();
      21 |     await expect(loginPage.passwordInput).toBeVisible();
      22 |     await expect(loginPage.loginButton).toBeVisible();
        at E:\Automate\tests\login.spec.js:19:24

    attachment #1: screenshot (image/png) ──────────────────────────────────────────────────────────
    ..\test-results\login-Login-Functionality-should-display-login-page-elements-webkit\test-failed-1.png
    ────────────────────────────────────────────────────────────────────────────────────────────────

    attachment #2: video (video/webm) ──────────────────────────────────────────────────────────────
    ..\test-results\login-Login-Functionality-should-display-login-page-elements-webkit\video.webm
    ────────────────────────────────────────────────────────────────────────────────────────────────
]]>
</failure>
<system-out>
<![CDATA[
[[ATTACHMENT|test-results\login-Login-Functionality-should-display-login-page-elements-webkit\test-failed-1.png]]

[[ATTACHMENT|test-results\login-Login-Functionality-should-display-login-page-elements-webkit\video.webm]]
]]>
</system-out>
</testcase>
<testcase name="Login Functionality › should show error for invalid credentials" classname="login.spec.js" time="35.214">
<failure message="login.spec.js:26:3 should show error for invalid credentials" type="FAILURE">
<![CDATA[  [webkit] › login.spec.js:26:3 › Login Functionality › should show error for invalid credentials ──

    Test timeout of 30000ms exceeded.

    Error: locator.fill: Test timeout of 30000ms exceeded.
    Call log:
      - waiting for locator('#Email')
        - waiting for navigation to finish...


       at ..\page-objects\LoginPage.js:19

      17 |
      18 |   async login(email, password, rememberMe = false) {
    > 19 |     await this.emailInput.fill(email);
         |                           ^
      20 |     await this.passwordInput.fill(password);
      21 |     
      22 |     if (rememberMe) {
        at LoginPage.login (E:\Automate\page-objects\LoginPage.js:19:27)
        at E:\Automate\tests\login.spec.js:28:21

    attachment #1: screenshot (image/png) ──────────────────────────────────────────────────────────
    ..\test-results\login-Login-Functionality--32bbe-ror-for-invalid-credentials-webkit\test-failed-1.png
    ────────────────────────────────────────────────────────────────────────────────────────────────

    attachment #2: video (video/webm) ──────────────────────────────────────────────────────────────
    ..\test-results\login-Login-Functionality--32bbe-ror-for-invalid-credentials-webkit\video.webm
    ────────────────────────────────────────────────────────────────────────────────────────────────
]]>
</failure>
<system-out>
<![CDATA[
[[ATTACHMENT|test-results\login-Login-Functionality--32bbe-ror-for-invalid-credentials-webkit\test-failed-1.png]]

[[ATTACHMENT|test-results\login-Login-Functionality--32bbe-ror-for-invalid-credentials-webkit\video.webm]]
]]>
</system-out>
</testcase>
<testcase name="Login Functionality › should show error for empty fields" classname="login.spec.js" time="35.231">
<failure message="login.spec.js:34:3 should show error for empty fields" type="FAILURE">
<![CDATA[  [webkit] › login.spec.js:34:3 › Login Functionality › should show error for empty fields ─────────

    Test timeout of 30000ms exceeded.

    attachment #1: screenshot (image/png) ──────────────────────────────────────────────────────────
    ..\test-results\login-Login-Functionality-should-show-error-for-empty-fields-webkit\test-failed-1.png
    ────────────────────────────────────────────────────────────────────────────────────────────────

    attachment #2: video (video/webm) ──────────────────────────────────────────────────────────────
    ..\test-results\login-Login-Functionality-should-show-error-for-empty-fields-webkit\video.webm
    ────────────────────────────────────────────────────────────────────────────────────────────────
]]>
</failure>
<system-out>
<![CDATA[
[[ATTACHMENT|test-results\login-Login-Functionality-should-show-error-for-empty-fields-webkit\test-failed-1.png]]

[[ATTACHMENT|test-results\login-Login-Functionality-should-show-error-for-empty-fields-webkit\video.webm]]
]]>
</system-out>
</testcase>
<testcase name="Login Functionality › should handle remember me functionality" classname="login.spec.js" time="35.235">
<failure message="login.spec.js:42:3 should handle remember me functionality" type="FAILURE">
<![CDATA[  [webkit] › login.spec.js:42:3 › Login Functionality › should handle remember me functionality ────

    Test timeout of 30000ms exceeded.

    Error: locator.fill: Test timeout of 30000ms exceeded.
    Call log:
      - waiting for locator('#Email')
        - waiting for navigation to finish...


       at ..\page-objects\LoginPage.js:19

      17 |
      18 |   async login(email, password, rememberMe = false) {
    > 19 |     await this.emailInput.fill(email);
         |                           ^
      20 |     await this.passwordInput.fill(password);
      21 |     
      22 |     if (rememberMe) {
        at LoginPage.login (E:\Automate\page-objects\LoginPage.js:19:27)
        at E:\Automate\tests\login.spec.js:44:21

    attachment #1: screenshot (image/png) ──────────────────────────────────────────────────────────
    ..\test-results\login-Login-Functionality--732b6-e-remember-me-functionality-webkit\test-failed-1.png
    ────────────────────────────────────────────────────────────────────────────────────────────────

    attachment #2: video (video/webm) ──────────────────────────────────────────────────────────────
    ..\test-results\login-Login-Functionality--732b6-e-remember-me-functionality-webkit\video.webm
    ────────────────────────────────────────────────────────────────────────────────────────────────
]]>
</failure>
<system-out>
<![CDATA[
[[ATTACHMENT|test-results\login-Login-Functionality--732b6-e-remember-me-functionality-webkit\test-failed-1.png]]

[[ATTACHMENT|test-results\login-Login-Functionality--732b6-e-remember-me-functionality-webkit\video.webm]]
]]>
</system-out>
</testcase>
<testcase name="Login Functionality › should navigate to forgot password page" classname="login.spec.js" time="35.261">
<failure message="login.spec.js:50:3 should navigate to forgot password page" type="FAILURE">
<![CDATA[  [webkit] › login.spec.js:50:3 › Login Functionality › should navigate to forgot password page ────

    Test timeout of 30000ms exceeded.

    attachment #1: screenshot (image/png) ──────────────────────────────────────────────────────────
    ..\test-results\login-Login-Functionality--89e72-ate-to-forgot-password-page-webkit\test-failed-1.png
    ────────────────────────────────────────────────────────────────────────────────────────────────

    attachment #2: video (video/webm) ──────────────────────────────────────────────────────────────
    ..\test-results\login-Login-Functionality--89e72-ate-to-forgot-password-page-webkit\video.webm
    ────────────────────────────────────────────────────────────────────────────────────────────────
]]>
</failure>
<system-out>
<![CDATA[
[[ATTACHMENT|test-results\login-Login-Functionality--89e72-ate-to-forgot-password-page-webkit\test-failed-1.png]]

[[ATTACHMENT|test-results\login-Login-Functionality--89e72-ate-to-forgot-password-page-webkit\video.webm]]
]]>
</system-out>
</testcase>
<testcase name="Login Functionality › should show validation for invalid email format" classname="login.spec.js" time="35.25">
<failure message="login.spec.js:61:3 should show validation for invalid email format" type="FAILURE">
<![CDATA[  [webkit] › login.spec.js:61:3 › Login Functionality › should show validation for invalid email format 

    Test timeout of 30000ms exceeded.

    Error: locator.fill: Test timeout of 30000ms exceeded.
    Call log:
      - waiting for locator('#Email')
        - waiting for navigation to finish...


       at ..\page-objects\LoginPage.js:19

      17 |
      18 |   async login(email, password, rememberMe = false) {
    > 19 |     await this.emailInput.fill(email);
         |                           ^
      20 |     await this.passwordInput.fill(password);
      21 |     
      22 |     if (rememberMe) {
        at LoginPage.login (E:\Automate\page-objects\LoginPage.js:19:27)
        at E:\Automate\tests\login.spec.js:63:21

    attachment #1: screenshot (image/png) ──────────────────────────────────────────────────────────
    ..\test-results\login-Login-Functionality--9261b-on-for-invalid-email-format-webkit\test-failed-1.png
    ────────────────────────────────────────────────────────────────────────────────────────────────

    attachment #2: video (video/webm) ──────────────────────────────────────────────────────────────
    ..\test-results\login-Login-Functionality--9261b-on-for-invalid-email-format-webkit\video.webm
    ────────────────────────────────────────────────────────────────────────────────────────────────
]]>
</failure>
<system-out>
<![CDATA[
[[ATTACHMENT|test-results\login-Login-Functionality--9261b-on-for-invalid-email-format-webkit\test-failed-1.png]]

[[ATTACHMENT|test-results\login-Login-Functionality--9261b-on-for-invalid-email-format-webkit\video.webm]]
]]>
</system-out>
</testcase>
<testcase name="Login Functionality › should maintain login state after page refresh" classname="login.spec.js" time="23.336">
<failure message="login.spec.js:69:3 should maintain login state after page refresh" type="FAILURE">
<![CDATA[  [webkit] › login.spec.js:69:3 › Login Functionality › should maintain login state after page refresh 

    Error: Timed out 5000ms waiting for expect(locator).toBeVisible()

    Locator: locator('#Email')
    Expected: visible
    Received: <element(s) not found>
    Call log:
      - Expect "toBeVisible" with timeout 5000ms
      - waiting for locator('#Email')
        - waiting for navigation to finish...


      72 |     // For this test, we would need valid credentials
      73 |     // For demo purposes, we'll test the UI behavior
    > 74 |     await expect(loginPage.emailInput).toBeVisible();
         |                                        ^
      75 |     await expect(loginPage.passwordInput).toBeVisible();
      76 |     
      77 |     // Refresh page
        at E:\Automate\tests\login.spec.js:74:40

    attachment #1: screenshot (image/png) ──────────────────────────────────────────────────────────
    ..\test-results\login-Login-Functionality--aceaa-in-state-after-page-refresh-webkit\test-failed-1.png
    ────────────────────────────────────────────────────────────────────────────────────────────────

    attachment #2: video (video/webm) ──────────────────────────────────────────────────────────────
    ..\test-results\login-Login-Functionality--aceaa-in-state-after-page-refresh-webkit\video.webm
    ────────────────────────────────────────────────────────────────────────────────────────────────
]]>
</failure>
<system-out>
<![CDATA[
[[ATTACHMENT|test-results\login-Login-Functionality--aceaa-in-state-after-page-refresh-webkit\test-failed-1.png]]

[[ATTACHMENT|test-results\login-Login-Functionality--aceaa-in-state-after-page-refresh-webkit\video.webm]]
]]>
</system-out>
</testcase>
<testcase name="Login Functionality › should handle SQL injection attempts" classname="login.spec.js" time="35.249">
<failure message="login.spec.js:85:3 should handle SQL injection attempts" type="FAILURE">
<![CDATA[  [webkit] › login.spec.js:85:3 › Login Functionality › should handle SQL injection attempts ───────

    Test timeout of 30000ms exceeded.

    Error: locator.fill: Test timeout of 30000ms exceeded.
    Call log:
      - waiting for locator('#Email')
        - waiting for navigation to finish...


       at ..\page-objects\LoginPage.js:19

      17 |
      18 |   async login(email, password, rememberMe = false) {
    > 19 |     await this.emailInput.fill(email);
         |                           ^
      20 |     await this.passwordInput.fill(password);
      21 |     
      22 |     if (rememberMe) {
        at LoginPage.login (E:\Automate\page-objects\LoginPage.js:19:27)
        at E:\Automate\tests\login.spec.js:89:21

    attachment #1: screenshot (image/png) ──────────────────────────────────────────────────────────
    ..\test-results\login-Login-Functionality--7769e-ndle-SQL-injection-attempts-webkit\test-failed-1.png
    ────────────────────────────────────────────────────────────────────────────────────────────────

    attachment #2: video (video/webm) ──────────────────────────────────────────────────────────────
    ..\test-results\login-Login-Functionality--7769e-ndle-SQL-injection-attempts-webkit\video.webm
    ────────────────────────────────────────────────────────────────────────────────────────────────
]]>
</failure>
<system-out>
<![CDATA[
[[ATTACHMENT|test-results\login-Login-Functionality--7769e-ndle-SQL-injection-attempts-webkit\test-failed-1.png]]

[[ATTACHMENT|test-results\login-Login-Functionality--7769e-ndle-SQL-injection-attempts-webkit\video.webm]]
]]>
</system-out>
</testcase>
<testcase name="Login Functionality › should handle XSS attempts in login form" classname="login.spec.js" time="35.206">
<failure message="login.spec.js:95:3 should handle XSS attempts in login form" type="FAILURE">
<![CDATA[  [webkit] › login.spec.js:95:3 › Login Functionality › should handle XSS attempts in login form ───

    Test timeout of 30000ms exceeded.

    Error: locator.fill: Test timeout of 30000ms exceeded.
    Call log:
      - waiting for locator('#Email')
        - waiting for navigation to finish...


       at ..\page-objects\LoginPage.js:19

      17 |
      18 |   async login(email, password, rememberMe = false) {
    > 19 |     await this.emailInput.fill(email);
         |                           ^
      20 |     await this.passwordInput.fill(password);
      21 |     
      22 |     if (rememberMe) {
        at LoginPage.login (E:\Automate\page-objects\LoginPage.js:19:27)
        at E:\Automate\tests\login.spec.js:99:21

    attachment #1: screenshot (image/png) ──────────────────────────────────────────────────────────
    ..\test-results\login-Login-Functionality--448bc--XSS-attempts-in-login-form-webkit\test-failed-1.png
    ────────────────────────────────────────────────────────────────────────────────────────────────

    attachment #2: video (video/webm) ──────────────────────────────────────────────────────────────
    ..\test-results\login-Login-Functionality--448bc--XSS-attempts-in-login-form-webkit\video.webm
    ────────────────────────────────────────────────────────────────────────────────────────────────
]]>
</failure>
<system-out>
<![CDATA[
[[ATTACHMENT|test-results\login-Login-Functionality--448bc--XSS-attempts-in-login-form-webkit\test-failed-1.png]]

[[ATTACHMENT|test-results\login-Login-Functionality--448bc--XSS-attempts-in-login-form-webkit\video.webm]]
]]>
</system-out>
</testcase>
<testcase name="Login Functionality › should show proper error for non-existent user" classname="login.spec.js" time="35.222">
<failure message="login.spec.js:105:3 should show proper error for non-existent user" type="FAILURE">
<![CDATA[  [webkit] › login.spec.js:105:3 › Login Functionality › should show proper error for non-existent user 

    Test timeout of 30000ms exceeded.

    Error: locator.fill: Test timeout of 30000ms exceeded.
    Call log:
      - waiting for locator('#Email')
        - waiting for navigation to finish...


       at ..\page-objects\LoginPage.js:19

      17 |
      18 |   async login(email, password, rememberMe = false) {
    > 19 |     await this.emailInput.fill(email);
         |                           ^
      20 |     await this.passwordInput.fill(password);
      21 |     
      22 |     if (rememberMe) {
        at LoginPage.login (E:\Automate\page-objects\LoginPage.js:19:27)
        at E:\Automate\tests\login.spec.js:107:21

    attachment #1: screenshot (image/png) ──────────────────────────────────────────────────────────
    ..\test-results\login-Login-Functionality--0fa46-error-for-non-existent-user-webkit\test-failed-1.png
    ────────────────────────────────────────────────────────────────────────────────────────────────

    attachment #2: video (video/webm) ──────────────────────────────────────────────────────────────
    ..\test-results\login-Login-Functionality--0fa46-error-for-non-existent-user-webkit\video.webm
    ────────────────────────────────────────────────────────────────────────────────────────────────
]]>
</failure>
<system-out>
<![CDATA[
[[ATTACHMENT|test-results\login-Login-Functionality--0fa46-error-for-non-existent-user-webkit\test-failed-1.png]]

[[ATTACHMENT|test-results\login-Login-Functionality--0fa46-error-for-non-existent-user-webkit\video.webm]]
]]>
</system-out>
</testcase>
<testcase name="Login Functionality › should handle multiple login attempts" classname="login.spec.js" time="35.197">
<failure message="login.spec.js:113:3 should handle multiple login attempts" type="FAILURE">
<![CDATA[  [webkit] › login.spec.js:113:3 › Login Functionality › should handle multiple login attempts ─────

    Test timeout of 30000ms exceeded.

    Error: locator.fill: Test timeout of 30000ms exceeded.
    Call log:
      - waiting for locator('#Email')
        - waiting for navigation to finish...


       at ..\page-objects\LoginPage.js:19

      17 |
      18 |   async login(email, password, rememberMe = false) {
    > 19 |     await this.emailInput.fill(email);
         |                           ^
      20 |     await this.passwordInput.fill(password);
      21 |     
      22 |     if (rememberMe) {
        at LoginPage.login (E:\Automate\page-objects\LoginPage.js:19:27)
        at E:\Automate\tests\login.spec.js:118:23

    attachment #1: screenshot (image/png) ──────────────────────────────────────────────────────────
    ..\test-results\login-Login-Functionality--ed6b7-dle-multiple-login-attempts-webkit\test-failed-1.png
    ────────────────────────────────────────────────────────────────────────────────────────────────

    attachment #2: video (video/webm) ──────────────────────────────────────────────────────────────
    ..\test-results\login-Login-Functionality--ed6b7-dle-multiple-login-attempts-webkit\video.webm
    ────────────────────────────────────────────────────────────────────────────────────────────────
]]>
</failure>
<system-out>
<![CDATA[
[[ATTACHMENT|test-results\login-Login-Functionality--ed6b7-dle-multiple-login-attempts-webkit\test-failed-1.png]]

[[ATTACHMENT|test-results\login-Login-Functionality--ed6b7-dle-multiple-login-attempts-webkit\video.webm]]
]]>
</system-out>
</testcase>
<testcase name="Login Functionality › should redirect to intended page after login" classname="login.spec.js" time="3.412">
</testcase>
</testsuite>
<testsuite name="navigation.spec.js" timestamp="2025-07-15T18:27:52.044Z" hostname="webkit" tests="16" failures="9" skipped="0" time="125.525" errors="0">
<testcase name="Navigation and UI Elements › should display all main navigation elements" classname="navigation.spec.js" time="6.896">
<failure message="navigation.spec.js:13:3 should display all main navigation elements" type="FAILURE">
<![CDATA[  [webkit] › navigation.spec.js:13:3 › Navigation and UI Elements › should display all main navigation elements 

    Error: Timed out 5000ms waiting for expect(locator).toBeVisible()

    Locator: locator('.logo')
    Expected: visible
    Received: <element(s) not found>
    Call log:
      - Expect "toBeVisible" with timeout 5000ms
      - waiting for locator('.logo')


      13 |   test('should display all main navigation elements', async ({ page }) => {
      14 |     // Check header elements
    > 15 |     await expect(homePage.logo).toBeVisible();
         |                                 ^
      16 |     await expect(homePage.searchBox).toBeVisible();
      17 |     await expect(homePage.searchButton).toBeVisible();
      18 |     await expect(homePage.registerLink).toBeVisible();
        at E:\Automate\tests\navigation.spec.js:15:33

    attachment #1: screenshot (image/png) ──────────────────────────────────────────────────────────
    ..\test-results\navigation-Navigation-and--070aa-ll-main-navigation-elements-webkit\test-failed-1.png
    ────────────────────────────────────────────────────────────────────────────────────────────────

    attachment #2: video (video/webm) ──────────────────────────────────────────────────────────────
    ..\test-results\navigation-Navigation-and--070aa-ll-main-navigation-elements-webkit\video.webm
    ────────────────────────────────────────────────────────────────────────────────────────────────

    Error Context: ..\test-results\navigation-Navigation-and--070aa-ll-main-navigation-elements-webkit\error-context.md
]]>
</failure>
<system-out>
<![CDATA[
[[ATTACHMENT|test-results\navigation-Navigation-and--070aa-ll-main-navigation-elements-webkit\test-failed-1.png]]

[[ATTACHMENT|test-results\navigation-Navigation-and--070aa-ll-main-navigation-elements-webkit\video.webm]]

[[ATTACHMENT|test-results\navigation-Navigation-and--070aa-ll-main-navigation-elements-webkit\error-context.md]]
]]>
</system-out>
</testcase>
<testcase name="Navigation and UI Elements › should navigate to all main categories" classname="navigation.spec.js" time="13.642">
<failure message="navigation.spec.js:26:3 should navigate to all main categories" type="FAILURE">
<![CDATA[  [webkit] › navigation.spec.js:26:3 › Navigation and UI Elements › should navigate to all main categories 

    Error: Timed out 5000ms waiting for expect(locator).toBeVisible()

    Locator: locator('.category-title, .page-title')
    Expected: visible
    Received: <element(s) not found>
    Call log:
      - Expect "toBeVisible" with timeout 5000ms
      - waiting for locator('.category-title, .page-title')
        - waiting for navigation to finish...


      32 |       
      33 |       // Verify navigation
    > 34 |       await expect(page.locator('.category-title, .page-title')).toBeVisible();
         |                                                                  ^
      35 |       
      36 |       // Go back to home
      37 |       await homePage.goto();
        at E:\Automate\tests\navigation.spec.js:34:66

    attachment #1: screenshot (image/png) ──────────────────────────────────────────────────────────
    ..\test-results\navigation-Navigation-and--7ef3f-gate-to-all-main-categories-webkit\test-failed-1.png
    ────────────────────────────────────────────────────────────────────────────────────────────────

    attachment #2: video (video/webm) ──────────────────────────────────────────────────────────────
    ..\test-results\navigation-Navigation-and--7ef3f-gate-to-all-main-categories-webkit\video.webm
    ────────────────────────────────────────────────────────────────────────────────────────────────
]]>
</failure>
<system-out>
<![CDATA[
[[ATTACHMENT|test-results\navigation-Navigation-and--7ef3f-gate-to-all-main-categories-webkit\test-failed-1.png]]

[[ATTACHMENT|test-results\navigation-Navigation-and--7ef3f-gate-to-all-main-categories-webkit\video.webm]]
]]>
</system-out>
</testcase>
<testcase name="Navigation and UI Elements › should display footer information" classname="navigation.spec.js" time="2.954">
</testcase>
<testcase name="Navigation and UI Elements › should navigate to information pages" classname="navigation.spec.js" time="3.339">
</testcase>
<testcase name="Navigation and UI Elements › should display currency selector" classname="navigation.spec.js" time="7.689">
<failure message="navigation.spec.js:70:3 should display currency selector" type="FAILURE">
<![CDATA[  [webkit] › navigation.spec.js:70:3 › Navigation and UI Elements › should display currency selector 

    Error: Timed out 5000ms waiting for expect(locator).toBeVisible()

    Locator: locator('.currency-dropdown')
    Expected: visible
    Received: <element(s) not found>
    Call log:
      - Expect "toBeVisible" with timeout 5000ms
      - waiting for locator('.currency-dropdown')


      77 |       // Test currency selection
      78 |       await currencySelector.click();
    > 79 |       await expect(page.locator('.currency-dropdown')).toBeVisible();
         |                                                        ^
      80 |     }
      81 |   });
      82 |
        at E:\Automate\tests\navigation.spec.js:79:56

    attachment #1: screenshot (image/png) ──────────────────────────────────────────────────────────
    ..\test-results\navigation-Navigation-and--7a783-d-display-currency-selector-webkit\test-failed-1.png
    ────────────────────────────────────────────────────────────────────────────────────────────────

    attachment #2: video (video/webm) ──────────────────────────────────────────────────────────────
    ..\test-results\navigation-Navigation-and--7a783-d-display-currency-selector-webkit\video.webm
    ────────────────────────────────────────────────────────────────────────────────────────────────

    Error Context: ..\test-results\navigation-Navigation-and--7a783-d-display-currency-selector-webkit\error-context.md
]]>
</failure>
<system-out>
<![CDATA[
[[ATTACHMENT|test-results\navigation-Navigation-and--7a783-d-display-currency-selector-webkit\test-failed-1.png]]

[[ATTACHMENT|test-results\navigation-Navigation-and--7a783-d-display-currency-selector-webkit\video.webm]]

[[ATTACHMENT|test-results\navigation-Navigation-and--7a783-d-display-currency-selector-webkit\error-context.md]]
]]>
</system-out>
</testcase>
<testcase name="Navigation and UI Elements › should display language selector" classname="navigation.spec.js" time="1.696">
</testcase>
<testcase name="Navigation and UI Elements › should display recently viewed products" classname="navigation.spec.js" time="35.192">
<failure message="navigation.spec.js:92:3 should display recently viewed products" type="FAILURE">
<![CDATA[  [webkit] › navigation.spec.js:92:3 › Navigation and UI Elements › should display recently viewed products 

    Test timeout of 30000ms exceeded.

    attachment #1: screenshot (image/png) ──────────────────────────────────────────────────────────
    ..\test-results\navigation-Navigation-and--d8305-ay-recently-viewed-products-webkit\test-failed-1.png
    ────────────────────────────────────────────────────────────────────────────────────────────────

    attachment #2: video (video/webm) ──────────────────────────────────────────────────────────────
    ..\test-results\navigation-Navigation-and--d8305-ay-recently-viewed-products-webkit\video.webm
    ────────────────────────────────────────────────────────────────────────────────────────────────
]]>
</failure>
<system-out>
<![CDATA[
[[ATTACHMENT|test-results\navigation-Navigation-and--d8305-ay-recently-viewed-products-webkit\test-failed-1.png]]

[[ATTACHMENT|test-results\navigation-Navigation-and--d8305-ay-recently-viewed-products-webkit\video.webm]]
]]>
</system-out>
</testcase>
<testcase name="Navigation and UI Elements › should display featured products on homepage" classname="navigation.spec.js" time="2.046">
<failure message="navigation.spec.js:110:3 should display featured products on homepage" type="FAILURE">
<![CDATA[  [webkit] › navigation.spec.js:110:3 › Navigation and UI Elements › should display featured products on homepage 

    Error: locator._expect: expectedNumber: expected number, got object

      109 |
      110 |   test('should display featured products on homepage', async ({ page }) => {
    > 111 |     await expect(homePage.featuredProducts).toHaveCount({ min: 1 });
          |                                             ^
      112 |     
      113 |     // Check first featured product
      114 |     const firstProduct = homePage.featuredProducts.first();
        at E:\Automate\tests\navigation.spec.js:111:45

    attachment #1: screenshot (image/png) ──────────────────────────────────────────────────────────
    ..\test-results\navigation-Navigation-and--19699-atured-products-on-homepage-webkit\test-failed-1.png
    ────────────────────────────────────────────────────────────────────────────────────────────────

    attachment #2: video (video/webm) ──────────────────────────────────────────────────────────────
    ..\test-results\navigation-Navigation-and--19699-atured-products-on-homepage-webkit\video.webm
    ────────────────────────────────────────────────────────────────────────────────────────────────

    Error Context: ..\test-results\navigation-Navigation-and--19699-atured-products-on-homepage-webkit\error-context.md
]]>
</failure>
<system-out>
<![CDATA[
[[ATTACHMENT|test-results\navigation-Navigation-and--19699-atured-products-on-homepage-webkit\test-failed-1.png]]

[[ATTACHMENT|test-results\navigation-Navigation-and--19699-atured-products-on-homepage-webkit\video.webm]]

[[ATTACHMENT|test-results\navigation-Navigation-and--19699-atured-products-on-homepage-webkit\error-context.md]]
]]>
</system-out>
</testcase>
<testcase name="Navigation and UI Elements › should handle responsive design elements" classname="navigation.spec.js" time="2.224">
</testcase>
<testcase name="Navigation and UI Elements › should display social media links" classname="navigation.spec.js" time="2.146">
</testcase>
<testcase name="Navigation and UI Elements › should display newsletter signup" classname="navigation.spec.js" time="2.016">
</testcase>
<testcase name="Navigation and UI Elements › should handle breadcrumb navigation" classname="navigation.spec.js" time="2.148">
<failure message="navigation.spec.js:157:3 should handle breadcrumb navigation" type="FAILURE">
<![CDATA[  [webkit] › navigation.spec.js:157:3 › Navigation and UI Elements › should handle breadcrumb navigation 

    Error: locator.click: Error: strict mode violation: locator('.top-menu a').filter({ hasText: 'Computers' }) resolved to 2 elements:
        1) <a href="/computers">Computers </a> aka getByRole('link', { name: 'Computers' })
        2) <a href="/computers">Computers </a> aka getByText('Computers').nth(1)

    Call log:
      - waiting for locator('.top-menu a').filter({ hasText: 'Computers' })


       at ..\page-objects\HomePage.js:24

      22 |
      23 |   async clickCategory(categoryName) {
    > 24 |     await this.categories.filter({ hasText: categoryName }).click();
         |                                                             ^
      25 |   }
      26 |
      27 |   async clickFeaturedProduct(index = 0) {
        at HomePage.clickCategory (E:\Automate\page-objects\HomePage.js:24:61)
        at E:\Automate\tests\navigation.spec.js:159:20

    attachment #1: screenshot (image/png) ──────────────────────────────────────────────────────────
    ..\test-results\navigation-Navigation-and--d9c4e-andle-breadcrumb-navigation-webkit\test-failed-1.png
    ────────────────────────────────────────────────────────────────────────────────────────────────

    attachment #2: video (video/webm) ──────────────────────────────────────────────────────────────
    ..\test-results\navigation-Navigation-and--d9c4e-andle-breadcrumb-navigation-webkit\video.webm
    ────────────────────────────────────────────────────────────────────────────────────────────────

    Error Context: ..\test-results\navigation-Navigation-and--d9c4e-andle-breadcrumb-navigation-webkit\error-context.md
]]>
</failure>
<system-out>
<![CDATA[
[[ATTACHMENT|test-results\navigation-Navigation-and--d9c4e-andle-breadcrumb-navigation-webkit\test-failed-1.png]]

[[ATTACHMENT|test-results\navigation-Navigation-and--d9c4e-andle-breadcrumb-navigation-webkit\video.webm]]

[[ATTACHMENT|test-results\navigation-Navigation-and--d9c4e-andle-breadcrumb-navigation-webkit\error-context.md]]
]]>
</system-out>
</testcase>
<testcase name="Navigation and UI Elements › should display page loading indicators" classname="navigation.spec.js" time="2.377">
<failure message="navigation.spec.js:174:3 should display page loading indicators" type="FAILURE">
<![CDATA[  [webkit] › navigation.spec.js:174:3 › Navigation and UI Elements › should display page loading indicators 

    Error: locator.click: Error: strict mode violation: locator('.top-menu a').filter({ hasText: 'Computers' }) resolved to 2 elements:
        1) <a href="/computers">Computers </a> aka getByRole('link', { name: 'Computers' })
        2) <a href="/computers">Computers </a> aka getByText('Computers').nth(1)

    Call log:
      - waiting for locator('.top-menu a').filter({ hasText: 'Computers' })


       at ..\page-objects\HomePage.js:24

      22 |
      23 |   async clickCategory(categoryName) {
    > 24 |     await this.categories.filter({ hasText: categoryName }).click();
         |                                                             ^
      25 |   }
      26 |
      27 |   async clickFeaturedProduct(index = 0) {
        at HomePage.clickCategory (E:\Automate\page-objects\HomePage.js:24:61)
        at E:\Automate\tests\navigation.spec.js:176:20

    attachment #1: screenshot (image/png) ──────────────────────────────────────────────────────────
    ..\test-results\navigation-Navigation-and--8b733-lay-page-loading-indicators-webkit\test-failed-1.png
    ────────────────────────────────────────────────────────────────────────────────────────────────

    attachment #2: video (video/webm) ──────────────────────────────────────────────────────────────
    ..\test-results\navigation-Navigation-and--8b733-lay-page-loading-indicators-webkit\video.webm
    ────────────────────────────────────────────────────────────────────────────────────────────────

    Error Context: ..\test-results\navigation-Navigation-and--8b733-lay-page-loading-indicators-webkit\error-context.md
]]>
</failure>
<system-out>
<![CDATA[
[[ATTACHMENT|test-results\navigation-Navigation-and--8b733-lay-page-loading-indicators-webkit\test-failed-1.png]]

[[ATTACHMENT|test-results\navigation-Navigation-and--8b733-lay-page-loading-indicators-webkit\video.webm]]

[[ATTACHMENT|test-results\navigation-Navigation-and--8b733-lay-page-loading-indicators-webkit\error-context.md]]
]]>
</system-out>
</testcase>
<testcase name="Navigation and UI Elements › should handle search box autocomplete" classname="navigation.spec.js" time="3.064">
</testcase>
<testcase name="Navigation and UI Elements › should display mini shopping cart" classname="navigation.spec.js" time="35.218">
<failure message="navigation.spec.js:203:3 should display mini shopping cart" type="FAILURE">
<![CDATA[  [webkit] › navigation.spec.js:203:3 › Navigation and UI Elements › should display mini shopping cart 

    Test timeout of 30000ms exceeded.

    attachment #1: screenshot (image/png) ──────────────────────────────────────────────────────────
    ..\test-results\navigation-Navigation-and--a9659--display-mini-shopping-cart-webkit\test-failed-1.png
    ────────────────────────────────────────────────────────────────────────────────────────────────

    attachment #2: video (video/webm) ──────────────────────────────────────────────────────────────
    ..\test-results\navigation-Navigation-and--a9659--display-mini-shopping-cart-webkit\video.webm
    ────────────────────────────────────────────────────────────────────────────────────────────────
]]>
</failure>
<system-out>
<![CDATA[
[[ATTACHMENT|test-results\navigation-Navigation-and--a9659--display-mini-shopping-cart-webkit\test-failed-1.png]]

[[ATTACHMENT|test-results\navigation-Navigation-and--a9659--display-mini-shopping-cart-webkit\video.webm]]
]]>
</system-out>
</testcase>
<testcase name="Navigation and UI Elements › should display page title correctly" classname="navigation.spec.js" time="2.878">
<failure message="navigation.spec.js:218:3 should display page title correctly" type="FAILURE">
<![CDATA[  [webkit] › navigation.spec.js:218:3 › Navigation and UI Elements › should display page title correctly 

    Error: locator.click: Error: strict mode violation: locator('.top-menu a').filter({ hasText: 'Computers' }) resolved to 2 elements:
        1) <a href="/computers">Computers </a> aka getByRole('link', { name: 'Computers' })
        2) <a href="/computers">Computers </a> aka getByText('Computers').nth(1)

    Call log:
      - waiting for locator('.top-menu a').filter({ hasText: 'Computers' })


       at ..\page-objects\HomePage.js:24

      22 |
      23 |   async clickCategory(categoryName) {
    > 24 |     await this.categories.filter({ hasText: categoryName }).click();
         |                                                             ^
      25 |   }
      26 |
      27 |   async clickFeaturedProduct(index = 0) {
        at HomePage.clickCategory (E:\Automate\page-objects\HomePage.js:24:61)
        at E:\Automate\tests\navigation.spec.js:223:20

    attachment #1: screenshot (image/png) ──────────────────────────────────────────────────────────
    ..\test-results\navigation-Navigation-and--b34ad-isplay-page-title-correctly-webkit\test-failed-1.png
    ────────────────────────────────────────────────────────────────────────────────────────────────

    attachment #2: video (video/webm) ──────────────────────────────────────────────────────────────
    ..\test-results\navigation-Navigation-and--b34ad-isplay-page-title-correctly-webkit\video.webm
    ────────────────────────────────────────────────────────────────────────────────────────────────

    Error Context: ..\test-results\navigation-Navigation-and--b34ad-isplay-page-title-correctly-webkit\error-context.md
]]>
</failure>
<system-out>
<![CDATA[
[[ATTACHMENT|test-results\navigation-Navigation-and--b34ad-isplay-page-title-correctly-webkit\test-failed-1.png]]

[[ATTACHMENT|test-results\navigation-Navigation-and--b34ad-isplay-page-title-correctly-webkit\video.webm]]

[[ATTACHMENT|test-results\navigation-Navigation-and--b34ad-isplay-page-title-correctly-webkit\error-context.md]]
]]>
</system-out>
</testcase>
</testsuite>
<testsuite name="product.spec.js" timestamp="2025-07-15T18:27:52.044Z" hostname="webkit" tests="9" failures="9" skipped="0" time="317.065" errors="0">
<testcase name="Product Management › should display product details correctly" classname="product.spec.js" time="35.247">
<failure message="product.spec.js:19:3 should display product details correctly" type="FAILURE">
<![CDATA[  [webkit] › product.spec.js:19:3 › Product Management › should display product details correctly ──

    Test timeout of 30000ms exceeded.

    attachment #1: screenshot (image/png) ──────────────────────────────────────────────────────────
    ..\test-results\product-Product-Management-d14b8-y-product-details-correctly-webkit\test-failed-1.png
    ────────────────────────────────────────────────────────────────────────────────────────────────

    attachment #2: video (video/webm) ──────────────────────────────────────────────────────────────
    ..\test-results\product-Product-Management-d14b8-y-product-details-correctly-webkit\video.webm
    ────────────────────────────────────────────────────────────────────────────────────────────────
]]>
</failure>
<system-out>
<![CDATA[
[[ATTACHMENT|test-results\product-Product-Management-d14b8-y-product-details-correctly-webkit\test-failed-1.png]]

[[ATTACHMENT|test-results\product-Product-Management-d14b8-y-product-details-correctly-webkit\video.webm]]
]]>
</system-out>
</testcase>
<testcase name="Product Management › should add single product to cart" classname="product.spec.js" time="35.225">
<failure message="product.spec.js:34:3 should add single product to cart" type="FAILURE">
<![CDATA[  [webkit] › product.spec.js:34:3 › Product Management › should add single product to cart ─────────

    Test timeout of 30000ms exceeded.

    attachment #1: screenshot (image/png) ──────────────────────────────────────────────────────────
    ..\test-results\product-Product-Management-should-add-single-product-to-cart-webkit\test-failed-1.png
    ────────────────────────────────────────────────────────────────────────────────────────────────

    attachment #2: video (video/webm) ──────────────────────────────────────────────────────────────
    ..\test-results\product-Product-Management-should-add-single-product-to-cart-webkit\video.webm
    ────────────────────────────────────────────────────────────────────────────────────────────────
]]>
</failure>
<system-out>
<![CDATA[
[[ATTACHMENT|test-results\product-Product-Management-should-add-single-product-to-cart-webkit\test-failed-1.png]]

[[ATTACHMENT|test-results\product-Product-Management-should-add-single-product-to-cart-webkit\video.webm]]
]]>
</system-out>
</testcase>
<testcase name="Product Management › should add multiple quantities to cart" classname="product.spec.js" time="35.245">
<failure message="product.spec.js:49:3 should add multiple quantities to cart" type="FAILURE">
<![CDATA[  [webkit] › product.spec.js:49:3 › Product Management › should add multiple quantities to cart ────

    Test timeout of 30000ms exceeded.

    attachment #1: screenshot (image/png) ──────────────────────────────────────────────────────────
    ..\test-results\product-Product-Management-74488-multiple-quantities-to-cart-webkit\test-failed-1.png
    ────────────────────────────────────────────────────────────────────────────────────────────────

    attachment #2: video (video/webm) ──────────────────────────────────────────────────────────────
    ..\test-results\product-Product-Management-74488-multiple-quantities-to-cart-webkit\video.webm
    ────────────────────────────────────────────────────────────────────────────────────────────────
]]>
</failure>
<system-out>
<![CDATA[
[[ATTACHMENT|test-results\product-Product-Management-74488-multiple-quantities-to-cart-webkit\test-failed-1.png]]

[[ATTACHMENT|test-results\product-Product-Management-74488-multiple-quantities-to-cart-webkit\video.webm]]
]]>
</system-out>
</testcase>
<testcase name="Product Management › should add product to wishlist" classname="product.spec.js" time="35.269">
<failure message="product.spec.js:63:3 should add product to wishlist" type="FAILURE">
<![CDATA[  [webkit] › product.spec.js:63:3 › Product Management › should add product to wishlist ────────────

    Test timeout of 30000ms exceeded.

    attachment #1: screenshot (image/png) ──────────────────────────────────────────────────────────
    ..\test-results\product-Product-Management-should-add-product-to-wishlist-webkit\test-failed-1.png
    ────────────────────────────────────────────────────────────────────────────────────────────────

    attachment #2: video (video/webm) ──────────────────────────────────────────────────────────────
    ..\test-results\product-Product-Management-should-add-product-to-wishlist-webkit\video.webm
    ────────────────────────────────────────────────────────────────────────────────────────────────
]]>
</failure>
<system-out>
<![CDATA[
[[ATTACHMENT|test-results\product-Product-Management-should-add-product-to-wishlist-webkit\test-failed-1.png]]

[[ATTACHMENT|test-results\product-Product-Management-should-add-product-to-wishlist-webkit\video.webm]]
]]>
</system-out>
</testcase>
<testcase name="Product Management › should add product to compare list" classname="product.spec.js" time="35.24">
<failure message="product.spec.js:74:3 should add product to compare list" type="FAILURE">
<![CDATA[  [webkit] › product.spec.js:74:3 › Product Management › should add product to compare list ────────

    Test timeout of 30000ms exceeded.

    attachment #1: screenshot (image/png) ──────────────────────────────────────────────────────────
    ..\test-results\product-Product-Management-2a233-add-product-to-compare-list-webkit\test-failed-1.png
    ────────────────────────────────────────────────────────────────────────────────────────────────

    attachment #2: video (video/webm) ──────────────────────────────────────────────────────────────
    ..\test-results\product-Product-Management-2a233-add-product-to-compare-list-webkit\video.webm
    ────────────────────────────────────────────────────────────────────────────────────────────────
]]>
</failure>
<system-out>
<![CDATA[
[[ATTACHMENT|test-results\product-Product-Management-2a233-add-product-to-compare-list-webkit\test-failed-1.png]]

[[ATTACHMENT|test-results\product-Product-Management-2a233-add-product-to-compare-list-webkit\video.webm]]
]]>
</system-out>
</testcase>
<testcase name="Product Management › should display product reviews section" classname="product.spec.js" time="35.198">
<failure message="product.spec.js:85:3 should display product reviews section" type="FAILURE">
<![CDATA[  [webkit] › product.spec.js:85:3 › Product Management › should display product reviews section ────

    Test timeout of 30000ms exceeded.

    attachment #1: screenshot (image/png) ──────────────────────────────────────────────────────────
    ..\test-results\product-Product-Management-6d03a-lay-product-reviews-section-webkit\test-failed-1.png
    ────────────────────────────────────────────────────────────────────────────────────────────────

    attachment #2: video (video/webm) ──────────────────────────────────────────────────────────────
    ..\test-results\product-Product-Management-6d03a-lay-product-reviews-section-webkit\video.webm
    ────────────────────────────────────────────────────────────────────────────────────────────────
]]>
</failure>
<system-out>
<![CDATA[
[[ATTACHMENT|test-results\product-Product-Management-6d03a-lay-product-reviews-section-webkit\test-failed-1.png]]

[[ATTACHMENT|test-results\product-Product-Management-6d03a-lay-product-reviews-section-webkit\video.webm]]
]]>
</system-out>
</testcase>
<testcase name="Product Management › should handle email to friend functionality" classname="product.spec.js" time="35.216">
<failure message="product.spec.js:93:3 should handle email to friend functionality" type="FAILURE">
<![CDATA[  [webkit] › product.spec.js:93:3 › Product Management › should handle email to friend functionality 

    Test timeout of 30000ms exceeded.

    attachment #1: screenshot (image/png) ──────────────────────────────────────────────────────────
    ..\test-results\product-Product-Management-49f55-ail-to-friend-functionality-webkit\test-failed-1.png
    ────────────────────────────────────────────────────────────────────────────────────────────────

    attachment #2: video (video/webm) ──────────────────────────────────────────────────────────────
    ..\test-results\product-Product-Management-49f55-ail-to-friend-functionality-webkit\video.webm
    ────────────────────────────────────────────────────────────────────────────────────────────────
]]>
</failure>
<system-out>
<![CDATA[
[[ATTACHMENT|test-results\product-Product-Management-49f55-ail-to-friend-functionality-webkit\test-failed-1.png]]

[[ATTACHMENT|test-results\product-Product-Management-49f55-ail-to-friend-functionality-webkit\video.webm]]
]]>
</system-out>
</testcase>
<testcase name="Product Management › should display product specifications" classname="product.spec.js" time="35.228">
<failure message="product.spec.js:103:3 should display product specifications" type="FAILURE">
<![CDATA[  [webkit] › product.spec.js:103:3 › Product Management › should display product specifications ────

    Test timeout of 30000ms exceeded.

    attachment #1: screenshot (image/png) ──────────────────────────────────────────────────────────
    ..\test-results\product-Product-Management-a3f77-play-product-specifications-webkit\test-failed-1.png
    ────────────────────────────────────────────────────────────────────────────────────────────────

    attachment #2: video (video/webm) ──────────────────────────────────────────────────────────────
    ..\test-results\product-Product-Management-a3f77-play-product-specifications-webkit\video.webm
    ────────────────────────────────────────────────────────────────────────────────────────────────
]]>
</failure>
<system-out>
<![CDATA[
[[ATTACHMENT|test-results\product-Product-Management-a3f77-play-product-specifications-webkit\test-failed-1.png]]

[[ATTACHMENT|test-results\product-Product-Management-a3f77-play-product-specifications-webkit\video.webm]]
]]>
</system-out>
</testcase>
<testcase name="Product Management › should handle out of stock products" classname="product.spec.js" time="35.197">
<failure message="product.spec.js:114:3 should handle out of stock products" type="FAILURE">
<![CDATA[  [webkit] › product.spec.js:114:3 › Product Management › should handle out of stock products ──────

    Test timeout of 30000ms exceeded.

    attachment #1: screenshot (image/png) ──────────────────────────────────────────────────────────
    ..\test-results\product-Product-Management-49a2b-andle-out-of-stock-products-webkit\test-failed-1.png
    ────────────────────────────────────────────────────────────────────────────────────────────────

    attachment #2: video (video/webm) ──────────────────────────────────────────────────────────────
    ..\test-results\product-Product-Management-49a2b-andle-out-of-stock-products-webkit\video.webm
    ────────────────────────────────────────────────────────────────────────────────────────────────
]]>
</failure>
<system-out>
<![CDATA[
[[ATTACHMENT|test-results\product-Product-Management-49a2b-andle-out-of-stock-products-webkit\test-failed-1.png]]

[[ATTACHMENT|test-results\product-Product-Management-49a2b-andle-out-of-stock-products-webkit\video.webm]]
]]>
</system-out>
</testcase>
</testsuite>
<testsuite name="registration.spec.js" timestamp="2025-07-15T18:27:52.044Z" hostname="webkit" tests="11" failures="9" skipped="0" time="279.53" errors="0">
<testcase name="User Registration › should display registration page elements" classname="registration.spec.js" time="14.179">
<failure message="registration.spec.js:13:3 should display registration page elements" type="FAILURE">
<![CDATA[  [webkit] › registration.spec.js:13:3 › User Registration › should display registration page elements 

    Error: Timed out 5000ms waiting for expect(page).toHaveTitle(expected)

    Expected pattern: /Register/
    Received string:  "Just a moment..."
    Call log:
      - Expect "toHaveTitle" with timeout 5000ms
        3 × unexpected value "Just a moment..."
        - waiting for navigation to finish...


      14 |     await homePage.navigateToRegister();
      15 |     
    > 16 |     await expect(page).toHaveTitle(/Register/);
         |                        ^
      17 |     await expect(page.locator('#FirstName')).toBeVisible();
      18 |     await expect(page.locator('#LastName')).toBeVisible();
      19 |     await expect(page.locator('#Email')).toBeVisible();
        at E:\Automate\tests\registration.spec.js:16:24

    attachment #1: screenshot (image/png) ──────────────────────────────────────────────────────────
    ..\test-results\registration-User-Registra-16b0d--registration-page-elements-webkit\test-failed-1.png
    ────────────────────────────────────────────────────────────────────────────────────────────────

    attachment #2: video (video/webm) ──────────────────────────────────────────────────────────────
    ..\test-results\registration-User-Registra-16b0d--registration-page-elements-webkit\video.webm
    ────────────────────────────────────────────────────────────────────────────────────────────────
]]>
</failure>
<system-out>
<![CDATA[
[[ATTACHMENT|test-results\registration-User-Registra-16b0d--registration-page-elements-webkit\test-failed-1.png]]

[[ATTACHMENT|test-results\registration-User-Registra-16b0d--registration-page-elements-webkit\video.webm]]
]]>
</system-out>
</testcase>
<testcase name="User Registration › should show validation errors for empty fields" classname="registration.spec.js" time="35.195">
<failure message="registration.spec.js:25:3 should show validation errors for empty fields" type="FAILURE">
<![CDATA[  [webkit] › registration.spec.js:25:3 › User Registration › should show validation errors for empty fields 

    Test timeout of 30000ms exceeded.

    attachment #1: screenshot (image/png) ──────────────────────────────────────────────────────────
    ..\test-results\registration-User-Registra-b47b0-ion-errors-for-empty-fields-webkit\test-failed-1.png
    ────────────────────────────────────────────────────────────────────────────────────────────────

    attachment #2: video (video/webm) ──────────────────────────────────────────────────────────────
    ..\test-results\registration-User-Registra-b47b0-ion-errors-for-empty-fields-webkit\video.webm
    ────────────────────────────────────────────────────────────────────────────────────────────────
]]>
</failure>
<system-out>
<![CDATA[
[[ATTACHMENT|test-results\registration-User-Registra-b47b0-ion-errors-for-empty-fields-webkit\test-failed-1.png]]

[[ATTACHMENT|test-results\registration-User-Registra-b47b0-ion-errors-for-empty-fields-webkit\video.webm]]
]]>
</system-out>
</testcase>
<testcase name="User Registration › should complete successful registration" classname="registration.spec.js" time="35.225">
<failure message="registration.spec.js:33:3 should complete successful registration" type="FAILURE">
<![CDATA[  [webkit] › registration.spec.js:33:3 › User Registration › should complete successful registration 

    Test timeout of 30000ms exceeded.

    Error: locator.fill: Test timeout of 30000ms exceeded.
    Call log:
      - waiting for locator('#FirstName')
        - waiting for navigation to finish...


      35 |     
      36 |     // Fill registration form
    > 37 |     await page.locator('#FirstName').fill(testData.newUser.firstName);
         |                                      ^
      38 |     await page.locator('#LastName').fill(testData.newUser.lastName);
      39 |     await page.locator('#Email').fill(testData.newUser.email);
      40 |     await page.locator('#Password').fill(testData.newUser.password);
        at E:\Automate\tests\registration.spec.js:37:38

    attachment #1: screenshot (image/png) ──────────────────────────────────────────────────────────
    ..\test-results\registration-User-Registra-256fb-ete-successful-registration-webkit\test-failed-1.png
    ────────────────────────────────────────────────────────────────────────────────────────────────

    attachment #2: video (video/webm) ──────────────────────────────────────────────────────────────
    ..\test-results\registration-User-Registra-256fb-ete-successful-registration-webkit\video.webm
    ────────────────────────────────────────────────────────────────────────────────────────────────
]]>
</failure>
<system-out>
<![CDATA[
[[ATTACHMENT|test-results\registration-User-Registra-256fb-ete-successful-registration-webkit\test-failed-1.png]]

[[ATTACHMENT|test-results\registration-User-Registra-256fb-ete-successful-registration-webkit\video.webm]]
]]>
</system-out>
</testcase>
<testcase name="User Registration › should validate password confirmation" classname="registration.spec.js" time="35.241">
<failure message="registration.spec.js:50:3 should validate password confirmation" type="FAILURE">
<![CDATA[  [webkit] › registration.spec.js:50:3 › User Registration › should validate password confirmation ─

    Test timeout of 30000ms exceeded.

    Error: locator.fill: Test timeout of 30000ms exceeded.
    Call log:
      - waiting for locator('#FirstName')
        - waiting for navigation to finish...


      51 |     await homePage.navigateToRegister();
      52 |     
    > 53 |     await page.locator('#FirstName').fill(testData.newUser.firstName);
         |                                      ^
      54 |     await page.locator('#LastName').fill(testData.newUser.lastName);
      55 |     await page.locator('#Email').fill(testData.newUser.email);
      56 |     await page.locator('#Password').fill(testData.newUser.password);
        at E:\Automate\tests\registration.spec.js:53:38

    attachment #1: screenshot (image/png) ──────────────────────────────────────────────────────────
    ..\test-results\registration-User-Registra-4f240-idate-password-confirmation-webkit\test-failed-1.png
    ────────────────────────────────────────────────────────────────────────────────────────────────

    attachment #2: video (video/webm) ──────────────────────────────────────────────────────────────
    ..\test-results\registration-User-Registra-4f240-idate-password-confirmation-webkit\video.webm
    ────────────────────────────────────────────────────────────────────────────────────────────────
]]>
</failure>
<system-out>
<![CDATA[
[[ATTACHMENT|test-results\registration-User-Registra-4f240-idate-password-confirmation-webkit\test-failed-1.png]]

[[ATTACHMENT|test-results\registration-User-Registra-4f240-idate-password-confirmation-webkit\video.webm]]
]]>
</system-out>
</testcase>
<testcase name="User Registration › should validate email format" classname="registration.spec.js" time="35.234">
<failure message="registration.spec.js:65:3 should validate email format" type="FAILURE">
<![CDATA[  [webkit] › registration.spec.js:65:3 › User Registration › should validate email format ──────────

    Test timeout of 30000ms exceeded.

    Error: locator.fill: Test timeout of 30000ms exceeded.
    Call log:
      - waiting for locator('#FirstName')
        - waiting for navigation to finish...


      66 |     await homePage.navigateToRegister();
      67 |     
    > 68 |     await page.locator('#FirstName').fill(testData.newUser.firstName);
         |                                      ^
      69 |     await page.locator('#LastName').fill(testData.newUser.lastName);
      70 |     await page.locator('#Email').fill('invalid-email');
      71 |     await page.locator('#Password').fill(testData.newUser.password);
        at E:\Automate\tests\registration.spec.js:68:38

    attachment #1: screenshot (image/png) ──────────────────────────────────────────────────────────
    ..\test-results\registration-User-Registration-should-validate-email-format-webkit\test-failed-1.png
    ────────────────────────────────────────────────────────────────────────────────────────────────

    attachment #2: video (video/webm) ──────────────────────────────────────────────────────────────
    ..\test-results\registration-User-Registration-should-validate-email-format-webkit\video.webm
    ────────────────────────────────────────────────────────────────────────────────────────────────
]]>
</failure>
<system-out>
<![CDATA[
[[ATTACHMENT|test-results\registration-User-Registration-should-validate-email-format-webkit\test-failed-1.png]]

[[ATTACHMENT|test-results\registration-User-Registration-should-validate-email-format-webkit\video.webm]]
]]>
</system-out>
</testcase>
<testcase name="User Registration › should validate password strength" classname="registration.spec.js" time="35.231">
<failure message="registration.spec.js:80:3 should validate password strength" type="FAILURE">
<![CDATA[  [webkit] › registration.spec.js:80:3 › User Registration › should validate password strength ─────

    Test timeout of 30000ms exceeded.

    Error: locator.fill: Test timeout of 30000ms exceeded.
    Call log:
      - waiting for locator('#FirstName')
        - waiting for navigation to finish...


      81 |     await homePage.navigateToRegister();
      82 |     
    > 83 |     await page.locator('#FirstName').fill(testData.newUser.firstName);
         |                                      ^
      84 |     await page.locator('#LastName').fill(testData.newUser.lastName);
      85 |     await page.locator('#Email').fill(testData.newUser.email);
      86 |     await page.locator('#Password').fill('weak');
        at E:\Automate\tests\registration.spec.js:83:38

    attachment #1: screenshot (image/png) ──────────────────────────────────────────────────────────
    ..\test-results\registration-User-Registra-cd520--validate-password-strength-webkit\test-failed-1.png
    ────────────────────────────────────────────────────────────────────────────────────────────────

    attachment #2: video (video/webm) ──────────────────────────────────────────────────────────────
    ..\test-results\registration-User-Registra-cd520--validate-password-strength-webkit\video.webm
    ────────────────────────────────────────────────────────────────────────────────────────────────
]]>
</failure>
<system-out>
<![CDATA[
[[ATTACHMENT|test-results\registration-User-Registra-cd520--validate-password-strength-webkit\test-failed-1.png]]

[[ATTACHMENT|test-results\registration-User-Registra-cd520--validate-password-strength-webkit\video.webm]]
]]>
</system-out>
</testcase>
<testcase name="User Registration › should handle existing email registration" classname="registration.spec.js" time="35.225">
<failure message="registration.spec.js:95:3 should handle existing email registration" type="FAILURE">
<![CDATA[  [webkit] › registration.spec.js:95:3 › User Registration › should handle existing email registration 

    Test timeout of 30000ms exceeded.

    Error: locator.fill: Test timeout of 30000ms exceeded.
    Call log:
      - waiting for locator('#FirstName')
        - waiting for navigation to finish...


       97 |     
       98 |     // Try to register with existing email
    >  99 |     await page.locator('#FirstName').fill(testData.newUser.firstName);
          |                                      ^
      100 |     await page.locator('#LastName').fill(testData.newUser.lastName);
      101 |     await page.locator('#Email').fill(testData.validUser.email);
      102 |     await page.locator('#Password').fill(testData.newUser.password);
        at E:\Automate\tests\registration.spec.js:99:38

    attachment #1: screenshot (image/png) ──────────────────────────────────────────────────────────
    ..\test-results\registration-User-Registra-68ac2-existing-email-registration-webkit\test-failed-1.png
    ────────────────────────────────────────────────────────────────────────────────────────────────

    attachment #2: video (video/webm) ──────────────────────────────────────────────────────────────
    ..\test-results\registration-User-Registra-68ac2-existing-email-registration-webkit\video.webm
    ────────────────────────────────────────────────────────────────────────────────────────────────
]]>
</failure>
<system-out>
<![CDATA[
[[ATTACHMENT|test-results\registration-User-Registra-68ac2-existing-email-registration-webkit\test-failed-1.png]]

[[ATTACHMENT|test-results\registration-User-Registra-68ac2-existing-email-registration-webkit\video.webm]]
]]>
</system-out>
</testcase>
<testcase name="User Registration › should handle optional fields" classname="registration.spec.js" time="35.214">
<failure message="registration.spec.js:111:3 should handle optional fields" type="FAILURE">
<![CDATA[  [webkit] › registration.spec.js:111:3 › User Registration › should handle optional fields ────────

    Test timeout of 30000ms exceeded.

    Error: locator.fill: Test timeout of 30000ms exceeded.
    Call log:
      - waiting for locator('#FirstName')
        - waiting for navigation to finish...


      136 |     
      137 |     // Fill required fields
    > 138 |     await page.locator('#FirstName').fill(testData.newUser.firstName);
          |                                      ^
      139 |     await page.locator('#LastName').fill(testData.newUser.lastName);
      140 |     await page.locator('#Email').fill(testData.newUser.email);
      141 |     await page.locator('#Password').fill(testData.newUser.password);
        at E:\Automate\tests\registration.spec.js:138:38

    attachment #1: screenshot (image/png) ──────────────────────────────────────────────────────────
    ..\test-results\registration-User-Registration-should-handle-optional-fields-webkit\test-failed-1.png
    ────────────────────────────────────────────────────────────────────────────────────────────────

    attachment #2: video (video/webm) ──────────────────────────────────────────────────────────────
    ..\test-results\registration-User-Registration-should-handle-optional-fields-webkit\video.webm
    ────────────────────────────────────────────────────────────────────────────────────────────────
]]>
</failure>
<system-out>
<![CDATA[
[[ATTACHMENT|test-results\registration-User-Registration-should-handle-optional-fields-webkit\test-failed-1.png]]

[[ATTACHMENT|test-results\registration-User-Registration-should-handle-optional-fields-webkit\video.webm]]
]]>
</system-out>
</testcase>
<testcase name="User Registration › should validate required field marking" classname="registration.spec.js" time="13.606">
<failure message="registration.spec.js:150:3 should validate required field marking" type="FAILURE">
<![CDATA[  [webkit] › registration.spec.js:150:3 › User Registration › should validate required field marking 

    Error: Timed out 5000ms waiting for expect(locator).toContainText(expected)

    Locator: locator('label[for="FirstName"]')
    Expected string: "*"
    Received: <element(s) not found>
    Call log:
      - Expect "toContainText" with timeout 5000ms
      - waiting for locator('label[for="FirstName"]')
        - waiting for navigation to finish...


      152 |     
      153 |     // Check if required fields are marked with asterisk
    > 154 |     await expect(page.locator('label[for="FirstName"]')).toContainText('*');
          |                                                          ^
      155 |     await expect(page.locator('label[for="LastName"]')).toContainText('*');
      156 |     await expect(page.locator('label[for="Email"]')).toContainText('*');
      157 |     await expect(page.locator('label[for="Password"]')).toContainText('*');
        at E:\Automate\tests\registration.spec.js:154:58

    attachment #1: screenshot (image/png) ──────────────────────────────────────────────────────────
    ..\test-results\registration-User-Registra-f8790-date-required-field-marking-webkit\test-failed-1.png
    ────────────────────────────────────────────────────────────────────────────────────────────────

    attachment #2: video (video/webm) ──────────────────────────────────────────────────────────────
    ..\test-results\registration-User-Registra-f8790-date-required-field-marking-webkit\video.webm
    ────────────────────────────────────────────────────────────────────────────────────────────────
]]>
</failure>
<system-out>
<![CDATA[
[[ATTACHMENT|test-results\registration-User-Registra-f8790-date-required-field-marking-webkit\test-failed-1.png]]

[[ATTACHMENT|test-results\registration-User-Registra-f8790-date-required-field-marking-webkit\video.webm]]
]]>
</system-out>
</testcase>
<testcase name="User Registration › should handle terms and conditions" classname="registration.spec.js" time="2.46">
</testcase>
<testcase name="User Registration › should handle privacy policy link" classname="registration.spec.js" time="2.72">
</testcase>
</testsuite>
<testsuite name="search-enhanced.spec.js" timestamp="2025-07-15T18:27:52.044Z" hostname="webkit" tests="15" failures="8" skipped="0" time="210.456" errors="0">
<testcase name="Enhanced Search Functionality › should search with multiple valid terms" classname="search-enhanced.spec.js" time="13.933">
<failure message="search-enhanced.spec.js:13:3 should search with multiple valid terms" type="FAILURE">
<![CDATA[  [webkit] › search-enhanced.spec.js:13:3 › Enhanced Search Functionality › should search with multiple valid terms 

    Error: Timed out 5000ms waiting for expect(locator).toBeVisible()

    Locator: locator('.search-results')
    Expected: visible
    Received: <element(s) not found>
    Call log:
      - Expect "toBeVisible" with timeout 5000ms
      - waiting for locator('.search-results')
        - waiting for navigation to finish...


      15 |       await homePage.search(term);
      16 |       await expect(page).toHaveURL(/.*search/);
    > 17 |       await expect(page.locator('.search-results')).toBeVisible();
         |                                                     ^
      18 |       await homePage.goto();
      19 |     }
      20 |   });
        at E:\Automate\tests\search-enhanced.spec.js:17:53

    attachment #1: screenshot (image/png) ──────────────────────────────────────────────────────────
    ..\test-results\search-enhanced-Enhanced-S-c4837-h-with-multiple-valid-terms-webkit\test-failed-1.png
    ────────────────────────────────────────────────────────────────────────────────────────────────

    attachment #2: video (video/webm) ──────────────────────────────────────────────────────────────
    ..\test-results\search-enhanced-Enhanced-S-c4837-h-with-multiple-valid-terms-webkit\video.webm
    ────────────────────────────────────────────────────────────────────────────────────────────────
]]>
</failure>
<system-out>
<![CDATA[
[[ATTACHMENT|test-results\search-enhanced-Enhanced-S-c4837-h-with-multiple-valid-terms-webkit\test-failed-1.png]]

[[ATTACHMENT|test-results\search-enhanced-Enhanced-S-c4837-h-with-multiple-valid-terms-webkit\video.webm]]
]]>
</system-out>
</testcase>
<testcase name="Enhanced Search Functionality › should handle case-insensitive search" classname="search-enhanced.spec.js" time="35.287">
<failure message="search-enhanced.spec.js:22:3 should handle case-insensitive search" type="FAILURE">
<![CDATA[  [webkit] › search-enhanced.spec.js:22:3 › Enhanced Search Functionality › should handle case-insensitive search 

    Test timeout of 30000ms exceeded.

    Error: locator.fill: Test timeout of 30000ms exceeded.
    Call log:
      - waiting for locator('#small-searchterms')
        - waiting for navigation to finish...


       at ..\page-objects\HomePage.js:19

      17 |
      18 |   async search(searchTerm) {
    > 19 |     await this.searchBox.fill(searchTerm);
         |                          ^
      20 |     await this.searchButton.click();
      21 |   }
      22 |
        at HomePage.search (E:\Automate\page-objects\HomePage.js:19:26)
        at E:\Automate\tests\search-enhanced.spec.js:31:20

    attachment #1: screenshot (image/png) ──────────────────────────────────────────────────────────
    ..\test-results\search-enhanced-Enhanced-S-740e5-dle-case-insensitive-search-webkit\test-failed-1.png
    ────────────────────────────────────────────────────────────────────────────────────────────────

    attachment #2: video (video/webm) ──────────────────────────────────────────────────────────────
    ..\test-results\search-enhanced-Enhanced-S-740e5-dle-case-insensitive-search-webkit\video.webm
    ────────────────────────────────────────────────────────────────────────────────────────────────
]]>
</failure>
<system-out>
<![CDATA[
[[ATTACHMENT|test-results\search-enhanced-Enhanced-S-740e5-dle-case-insensitive-search-webkit\test-failed-1.png]]

[[ATTACHMENT|test-results\search-enhanced-Enhanced-S-740e5-dle-case-insensitive-search-webkit\video.webm]]
]]>
</system-out>
</testcase>
<testcase name="Enhanced Search Functionality › should search with special characters" classname="search-enhanced.spec.js" time="35.221">
<failure message="search-enhanced.spec.js:35:3 should search with special characters" type="FAILURE">
<![CDATA[  [webkit] › search-enhanced.spec.js:35:3 › Enhanced Search Functionality › should search with special characters 

    Test timeout of 30000ms exceeded.

    Error: locator.fill: Test timeout of 30000ms exceeded.
    Call log:
      - waiting for locator('#small-searchterms')
        - waiting for navigation to finish...


       at ..\page-objects\HomePage.js:19

      17 |
      18 |   async search(searchTerm) {
    > 19 |     await this.searchBox.fill(searchTerm);
         |                          ^
      20 |     await this.searchButton.click();
      21 |   }
      22 |
        at HomePage.search (E:\Automate\page-objects\HomePage.js:19:26)
        at E:\Automate\tests\search-enhanced.spec.js:39:22

    attachment #1: screenshot (image/png) ──────────────────────────────────────────────────────────
    ..\test-results\search-enhanced-Enhanced-S-f1630-rch-with-special-characters-webkit\test-failed-1.png
    ────────────────────────────────────────────────────────────────────────────────────────────────

    attachment #2: video (video/webm) ──────────────────────────────────────────────────────────────
    ..\test-results\search-enhanced-Enhanced-S-f1630-rch-with-special-characters-webkit\video.webm
    ────────────────────────────────────────────────────────────────────────────────────────────────
]]>
</failure>
<system-out>
<![CDATA[
[[ATTACHMENT|test-results\search-enhanced-Enhanced-S-f1630-rch-with-special-characters-webkit\test-failed-1.png]]

[[ATTACHMENT|test-results\search-enhanced-Enhanced-S-f1630-rch-with-special-characters-webkit\video.webm]]
]]>
</system-out>
</testcase>
<testcase name="Enhanced Search Functionality › should handle very long search terms" classname="search-enhanced.spec.js" time="2.735">
</testcase>
<testcase name="Enhanced Search Functionality › should handle search with numbers" classname="search-enhanced.spec.js" time="35.229">
<failure message="search-enhanced.spec.js:51:3 should handle search with numbers" type="FAILURE">
<![CDATA[  [webkit] › search-enhanced.spec.js:51:3 › Enhanced Search Functionality › should handle search with numbers 

    Test timeout of 30000ms exceeded.

    Error: locator.fill: Test timeout of 30000ms exceeded.
    Call log:
      - waiting for locator('#small-searchterms')
        - waiting for navigation to finish...


       at ..\page-objects\HomePage.js:19

      17 |
      18 |   async search(searchTerm) {
    > 19 |     await this.searchBox.fill(searchTerm);
         |                          ^
      20 |     await this.searchButton.click();
      21 |   }
      22 |
        at HomePage.search (E:\Automate\page-objects\HomePage.js:19:26)
        at E:\Automate\tests\search-enhanced.spec.js:55:22

    attachment #1: screenshot (image/png) ──────────────────────────────────────────────────────────
    ..\test-results\search-enhanced-Enhanced-S-33391--handle-search-with-numbers-webkit\test-failed-1.png
    ────────────────────────────────────────────────────────────────────────────────────────────────

    attachment #2: video (video/webm) ──────────────────────────────────────────────────────────────
    ..\test-results\search-enhanced-Enhanced-S-33391--handle-search-with-numbers-webkit\video.webm
    ────────────────────────────────────────────────────────────────────────────────────────────────
]]>
</failure>
<system-out>
<![CDATA[
[[ATTACHMENT|test-results\search-enhanced-Enhanced-S-33391--handle-search-with-numbers-webkit\test-failed-1.png]]

[[ATTACHMENT|test-results\search-enhanced-Enhanced-S-33391--handle-search-with-numbers-webkit\video.webm]]
]]>
</system-out>
</testcase>
<testcase name="Enhanced Search Functionality › should display search results count" classname="search-enhanced.spec.js" time="14.979">
<failure message="search-enhanced.spec.js:61:3 should display search results count" type="FAILURE">
<![CDATA[  [webkit] › search-enhanced.spec.js:61:3 › Enhanced Search Functionality › should display search results count 

    Error: Timed out 5000ms waiting for expect(locator).toBeVisible()

    Locator: locator('.search-results-info, .pager-info')
    Expected: visible
    Received: <element(s) not found>
    Call log:
      - Expect "toBeVisible" with timeout 5000ms
      - waiting for locator('.search-results-info, .pager-info')
        - waiting for navigation to finish...


      64 |     // Check if search results count is displayed
      65 |     const resultsInfo = page.locator('.search-results-info, .pager-info');
    > 66 |     await expect(resultsInfo).toBeVisible();
         |                               ^
      67 |   });
      68 |
      69 |   test('should search using Enter key', async ({ page }) => {
        at E:\Automate\tests\search-enhanced.spec.js:66:31

    attachment #1: screenshot (image/png) ──────────────────────────────────────────────────────────
    ..\test-results\search-enhanced-Enhanced-S-ba60d-isplay-search-results-count-webkit\test-failed-1.png
    ────────────────────────────────────────────────────────────────────────────────────────────────

    attachment #2: video (video/webm) ──────────────────────────────────────────────────────────────
    ..\test-results\search-enhanced-Enhanced-S-ba60d-isplay-search-results-count-webkit\video.webm
    ────────────────────────────────────────────────────────────────────────────────────────────────
]]>
</failure>
<system-out>
<![CDATA[
[[ATTACHMENT|test-results\search-enhanced-Enhanced-S-ba60d-isplay-search-results-count-webkit\test-failed-1.png]]

[[ATTACHMENT|test-results\search-enhanced-Enhanced-S-ba60d-isplay-search-results-count-webkit\video.webm]]
]]>
</system-out>
</testcase>
<testcase name="Enhanced Search Functionality › should search using Enter key" classname="search-enhanced.spec.js" time="3.243">
</testcase>
<testcase name="Enhanced Search Functionality › should maintain search term in search box after search" classname="search-enhanced.spec.js" time="13.278">
<failure message="search-enhanced.spec.js:76:3 should maintain search term in search box after search" type="FAILURE">
<![CDATA[  [webkit] › search-enhanced.spec.js:76:3 › Enhanced Search Functionality › should maintain search term in search box after search 

    Error: Timed out 5000ms waiting for expect(locator).toHaveValue(expected)

    Locator: locator('#small-searchterms')
    Expected string: "laptop"
    Received: <element(s) not found>
    Call log:
      - Expect "toHaveValue" with timeout 5000ms
      - waiting for locator('#small-searchterms')
        - waiting for navigation to finish...


      79 |     
      80 |     // Verify search term is still in search box
    > 81 |     await expect(page.locator('#small-searchterms')).toHaveValue(searchTerm);
         |                                                      ^
      82 |   });
      83 |
      84 |   test('should handle empty search gracefully', async ({ page }) => {
        at E:\Automate\tests\search-enhanced.spec.js:81:54

    attachment #1: screenshot (image/png) ──────────────────────────────────────────────────────────
    ..\test-results\search-enhanced-Enhanced-S-8849e--in-search-box-after-search-webkit\test-failed-1.png
    ────────────────────────────────────────────────────────────────────────────────────────────────

    attachment #2: video (video/webm) ──────────────────────────────────────────────────────────────
    ..\test-results\search-enhanced-Enhanced-S-8849e--in-search-box-after-search-webkit\video.webm
    ────────────────────────────────────────────────────────────────────────────────────────────────
]]>
</failure>
<system-out>
<![CDATA[
[[ATTACHMENT|test-results\search-enhanced-Enhanced-S-8849e--in-search-box-after-search-webkit\test-failed-1.png]]

[[ATTACHMENT|test-results\search-enhanced-Enhanced-S-8849e--in-search-box-after-search-webkit\video.webm]]
]]>
</system-out>
</testcase>
<testcase name="Enhanced Search Functionality › should handle empty search gracefully" classname="search-enhanced.spec.js" time="7.455">
<failure message="search-enhanced.spec.js:84:3 should handle empty search gracefully" type="FAILURE">
<![CDATA[  [webkit] › search-enhanced.spec.js:84:3 › Enhanced Search Functionality › should handle empty search gracefully 

    Error: Timed out 5000ms waiting for expect(page).toHaveURL(expected)

    Expected pattern: /.*search/
    Received string:  "https://demo.nopcommerce.com/"
    Call log:
      - Expect "toHaveURL" with timeout 5000ms
        9 × unexpected value "https://demo.nopcommerce.com/"


      86 |     
      87 |     // Should handle empty search appropriately
    > 88 |     await expect(page).toHaveURL(/.*search/);
         |                        ^
      89 |   });
      90 |
      91 |   test('should search from different pages', async ({ page }) => {
        at E:\Automate\tests\search-enhanced.spec.js:88:24

    attachment #1: screenshot (image/png) ──────────────────────────────────────────────────────────
    ..\test-results\search-enhanced-Enhanced-S-7a8bc-dle-empty-search-gracefully-webkit\test-failed-1.png
    ────────────────────────────────────────────────────────────────────────────────────────────────

    attachment #2: video (video/webm) ──────────────────────────────────────────────────────────────
    ..\test-results\search-enhanced-Enhanced-S-7a8bc-dle-empty-search-gracefully-webkit\video.webm
    ────────────────────────────────────────────────────────────────────────────────────────────────

    Error Context: ..\test-results\search-enhanced-Enhanced-S-7a8bc-dle-empty-search-gracefully-webkit\error-context.md
]]>
</failure>
<system-out>
<![CDATA[
[[ATTACHMENT|test-results\search-enhanced-Enhanced-S-7a8bc-dle-empty-search-gracefully-webkit\test-failed-1.png]]

[[ATTACHMENT|test-results\search-enhanced-Enhanced-S-7a8bc-dle-empty-search-gracefully-webkit\video.webm]]

[[ATTACHMENT|test-results\search-enhanced-Enhanced-S-7a8bc-dle-empty-search-gracefully-webkit\error-context.md]]
]]>
</system-out>
</testcase>
<testcase name="Enhanced Search Functionality › should search from different pages" classname="search-enhanced.spec.js" time="35.21">
<failure message="search-enhanced.spec.js:91:3 should search from different pages" type="FAILURE">
<![CDATA[  [webkit] › search-enhanced.spec.js:91:3 › Enhanced Search Functionality › should search from different pages 

    Test timeout of 30000ms exceeded.

    Error: locator.fill: Test timeout of 30000ms exceeded.
    Call log:
      - waiting for locator('#small-searchterms')
        - waiting for navigation to finish...


       at ..\page-objects\HomePage.js:19

      17 |
      18 |   async search(searchTerm) {
    > 19 |     await this.searchBox.fill(searchTerm);
         |                          ^
      20 |     await this.searchButton.click();
      21 |   }
      22 |
        at HomePage.search (E:\Automate\page-objects\HomePage.js:19:26)
        at E:\Automate\tests\search-enhanced.spec.js:96:20

    attachment #1: screenshot (image/png) ──────────────────────────────────────────────────────────
    ..\test-results\search-enhanced-Enhanced-S-e1be5-search-from-different-pages-webkit\test-failed-1.png
    ────────────────────────────────────────────────────────────────────────────────────────────────

    attachment #2: video (video/webm) ──────────────────────────────────────────────────────────────
    ..\test-results\search-enhanced-Enhanced-S-e1be5-search-from-different-pages-webkit\video.webm
    ────────────────────────────────────────────────────────────────────────────────────────────────
]]>
</failure>
<system-out>
<![CDATA[
[[ATTACHMENT|test-results\search-enhanced-Enhanced-S-e1be5-search-from-different-pages-webkit\test-failed-1.png]]

[[ATTACHMENT|test-results\search-enhanced-Enhanced-S-e1be5-search-from-different-pages-webkit\video.webm]]
]]>
</system-out>
</testcase>
<testcase name="Enhanced Search Functionality › should sort search results" classname="search-enhanced.spec.js" time="3.104">
</testcase>
<testcase name="Enhanced Search Functionality › should filter search results" classname="search-enhanced.spec.js" time="2.781">
</testcase>
<testcase name="Enhanced Search Functionality › should paginate through search results" classname="search-enhanced.spec.js" time="2.85">
</testcase>
<testcase name="Enhanced Search Functionality › should search for products in specific categories" classname="search-enhanced.spec.js" time="2.961">
</testcase>
<testcase name="Enhanced Search Functionality › should handle search suggestions/autocomplete" classname="search-enhanced.spec.js" time="2.19">
</testcase>
</testsuite>
<testsuite name="search.spec.js" timestamp="2025-07-15T18:27:52.044Z" hostname="webkit" tests="3" failures="0" skipped="0" time="7.799" errors="0">
<testcase name="Search Functionality › should display search elements" classname="search.spec.js" time="2.428">
</testcase>
<testcase name="Search Functionality › should search with valid term" classname="search.spec.js" time="2.578">
</testcase>
<testcase name="Search Functionality › should handle search with no results" classname="search.spec.js" time="2.793">
</testcase>
</testsuite>
<testsuite name="cart.spec.js" timestamp="2025-07-15T18:27:52.044Z" hostname="mobile" tests="10" failures="10" skipped="0" time="330.696" errors="0">
<testcase name="Shopping Cart Functionality › should display empty cart message when cart is empty" classname="cart.spec.js" time="14.22">
<failure message="cart.spec.js:19:3 should display empty cart message when cart is empty" type="FAILURE">
<![CDATA[  [mobile] › cart.spec.js:19:3 › Shopping Cart Functionality › should display empty cart message when cart is empty 

    Error: Timed out 5000ms waiting for expect(locator).toBeVisible()

    Locator: locator('.no-data')
    Expected: visible
    Received: <element(s) not found>
    Call log:
      - Expect "toBeVisible" with timeout 5000ms
      - waiting for locator('.no-data')
        - waiting for navigation to finish...


      19 |   test('should display empty cart message when cart is empty', async ({ page }) => {
      20 |     await homePage.navigateToCart();
    > 21 |     await expect(cartPage.emptyCartMessage).toBeVisible();
         |                                             ^
      22 |     await expect(page.locator('.no-data')).toContainText('Your Shopping Cart is empty!');
      23 |   });
      24 |
        at E:\Automate\tests\cart.spec.js:21:45

    attachment #1: screenshot (image/png) ──────────────────────────────────────────────────────────
    ..\test-results\cart-Shopping-Cart-Functio-a66d9--message-when-cart-is-empty-mobile\test-failed-1.png
    ────────────────────────────────────────────────────────────────────────────────────────────────

    attachment #2: video (video/webm) ──────────────────────────────────────────────────────────────
    ..\test-results\cart-Shopping-Cart-Functio-a66d9--message-when-cart-is-empty-mobile\video.webm
    ────────────────────────────────────────────────────────────────────────────────────────────────
]]>
</failure>
<system-out>
<![CDATA[
[[ATTACHMENT|test-results\cart-Shopping-Cart-Functio-a66d9--message-when-cart-is-empty-mobile\test-failed-1.png]]

[[ATTACHMENT|test-results\cart-Shopping-Cart-Functio-a66d9--message-when-cart-is-empty-mobile\video.webm]]
]]>
</system-out>
</testcase>
<testcase name="Shopping Cart Functionality › should add product to cart and display correctly" classname="cart.spec.js" time="35.129">
<failure message="cart.spec.js:25:3 should add product to cart and display correctly" type="FAILURE">
<![CDATA[  [mobile] › cart.spec.js:25:3 › Shopping Cart Functionality › should add product to cart and display correctly 

    Test timeout of 30000ms exceeded.

    attachment #1: screenshot (image/png) ──────────────────────────────────────────────────────────
    ..\test-results\cart-Shopping-Cart-Functio-a2cb6--cart-and-display-correctly-mobile\test-failed-1.png
    ────────────────────────────────────────────────────────────────────────────────────────────────

    attachment #2: video (video/webm) ──────────────────────────────────────────────────────────────
    ..\test-results\cart-Shopping-Cart-Functio-a2cb6--cart-and-display-correctly-mobile\video.webm
    ────────────────────────────────────────────────────────────────────────────────────────────────
]]>
</failure>
<system-out>
<![CDATA[
[[ATTACHMENT|test-results\cart-Shopping-Cart-Functio-a2cb6--cart-and-display-correctly-mobile\test-failed-1.png]]

[[ATTACHMENT|test-results\cart-Shopping-Cart-Functio-a2cb6--cart-and-display-correctly-mobile\video.webm]]
]]>
</system-out>
</testcase>
<testcase name="Shopping Cart Functionality › should update product quantity in cart" classname="cart.spec.js" time="35.183">
<failure message="cart.spec.js:44:3 should update product quantity in cart" type="FAILURE">
<![CDATA[  [mobile] › cart.spec.js:44:3 › Shopping Cart Functionality › should update product quantity in cart 

    Test timeout of 30000ms exceeded.

    attachment #1: screenshot (image/png) ──────────────────────────────────────────────────────────
    ..\test-results\cart-Shopping-Cart-Functio-7feae-te-product-quantity-in-cart-mobile\test-failed-1.png
    ────────────────────────────────────────────────────────────────────────────────────────────────

    attachment #2: video (video/webm) ──────────────────────────────────────────────────────────────
    ..\test-results\cart-Shopping-Cart-Functio-7feae-te-product-quantity-in-cart-mobile\video.webm
    ────────────────────────────────────────────────────────────────────────────────────────────────
]]>
</failure>
<system-out>
<![CDATA[
[[ATTACHMENT|test-results\cart-Shopping-Cart-Functio-7feae-te-product-quantity-in-cart-mobile\test-failed-1.png]]

[[ATTACHMENT|test-results\cart-Shopping-Cart-Functio-7feae-te-product-quantity-in-cart-mobile\video.webm]]
]]>
</system-out>
</testcase>
<testcase name="Shopping Cart Functionality › should remove product from cart" classname="cart.spec.js" time="35.149">
<failure message="cart.spec.js:62:3 should remove product from cart" type="FAILURE">
<![CDATA[  [mobile] › cart.spec.js:62:3 › Shopping Cart Functionality › should remove product from cart ─────

    Test timeout of 30000ms exceeded.

    attachment #1: screenshot (image/png) ──────────────────────────────────────────────────────────
    ..\test-results\cart-Shopping-Cart-Functio-67d61-ld-remove-product-from-cart-mobile\test-failed-1.png
    ────────────────────────────────────────────────────────────────────────────────────────────────

    attachment #2: video (video/webm) ──────────────────────────────────────────────────────────────
    ..\test-results\cart-Shopping-Cart-Functio-67d61-ld-remove-product-from-cart-mobile\video.webm
    ────────────────────────────────────────────────────────────────────────────────────────────────
]]>
</failure>
<system-out>
<![CDATA[
[[ATTACHMENT|test-results\cart-Shopping-Cart-Functio-67d61-ld-remove-product-from-cart-mobile\test-failed-1.png]]

[[ATTACHMENT|test-results\cart-Shopping-Cart-Functio-67d61-ld-remove-product-from-cart-mobile\video.webm]]
]]>
</system-out>
</testcase>
<testcase name="Shopping Cart Functionality › should calculate total correctly with multiple products" classname="cart.spec.js" time="35.176">
<failure message="cart.spec.js:80:3 should calculate total correctly with multiple products" type="FAILURE">
<![CDATA[  [mobile] › cart.spec.js:80:3 › Shopping Cart Functionality › should calculate total correctly with multiple products 

    Test timeout of 30000ms exceeded.

    attachment #1: screenshot (image/png) ──────────────────────────────────────────────────────────
    ..\test-results\cart-Shopping-Cart-Functio-fc71c-ctly-with-multiple-products-mobile\test-failed-1.png
    ────────────────────────────────────────────────────────────────────────────────────────────────

    attachment #2: video (video/webm) ──────────────────────────────────────────────────────────────
    ..\test-results\cart-Shopping-Cart-Functio-fc71c-ctly-with-multiple-products-mobile\video.webm
    ────────────────────────────────────────────────────────────────────────────────────────────────
]]>
</failure>
<system-out>
<![CDATA[
[[ATTACHMENT|test-results\cart-Shopping-Cart-Functio-fc71c-ctly-with-multiple-products-mobile\test-failed-1.png]]

[[ATTACHMENT|test-results\cart-Shopping-Cart-Functio-fc71c-ctly-with-multiple-products-mobile\video.webm]]
]]>
</system-out>
</testcase>
<testcase name="Shopping Cart Functionality › should continue shopping from cart" classname="cart.spec.js" time="35.18">
<failure message="cart.spec.js:103:3 should continue shopping from cart" type="FAILURE">
<![CDATA[  [mobile] › cart.spec.js:103:3 › Shopping Cart Functionality › should continue shopping from cart ─

    Test timeout of 30000ms exceeded.

    attachment #1: screenshot (image/png) ──────────────────────────────────────────────────────────
    ..\test-results\cart-Shopping-Cart-Functio-8602d-continue-shopping-from-cart-mobile\test-failed-1.png
    ────────────────────────────────────────────────────────────────────────────────────────────────

    attachment #2: video (video/webm) ──────────────────────────────────────────────────────────────
    ..\test-results\cart-Shopping-Cart-Functio-8602d-continue-shopping-from-cart-mobile\video.webm
    ────────────────────────────────────────────────────────────────────────────────────────────────
]]>
</failure>
<system-out>
<![CDATA[
[[ATTACHMENT|test-results\cart-Shopping-Cart-Functio-8602d-continue-shopping-from-cart-mobile\test-failed-1.png]]

[[ATTACHMENT|test-results\cart-Shopping-Cart-Functio-8602d-continue-shopping-from-cart-mobile\video.webm]]
]]>
</system-out>
</testcase>
<testcase name="Shopping Cart Functionality › should require terms acceptance for checkout" classname="cart.spec.js" time="35.175">
<failure message="cart.spec.js:120:3 should require terms acceptance for checkout" type="FAILURE">
<![CDATA[  [mobile] › cart.spec.js:120:3 › Shopping Cart Functionality › should require terms acceptance for checkout 

    Test timeout of 30000ms exceeded.

    attachment #1: screenshot (image/png) ──────────────────────────────────────────────────────────
    ..\test-results\cart-Shopping-Cart-Functio-d7ce2-rms-acceptance-for-checkout-mobile\test-failed-1.png
    ────────────────────────────────────────────────────────────────────────────────────────────────

    attachment #2: video (video/webm) ──────────────────────────────────────────────────────────────
    ..\test-results\cart-Shopping-Cart-Functio-d7ce2-rms-acceptance-for-checkout-mobile\video.webm
    ────────────────────────────────────────────────────────────────────────────────────────────────
]]>
</failure>
<system-out>
<![CDATA[
[[ATTACHMENT|test-results\cart-Shopping-Cart-Functio-d7ce2-rms-acceptance-for-checkout-mobile\test-failed-1.png]]

[[ATTACHMENT|test-results\cart-Shopping-Cart-Functio-d7ce2-rms-acceptance-for-checkout-mobile\video.webm]]
]]>
</system-out>
</testcase>
<testcase name="Shopping Cart Functionality › should apply discount code" classname="cart.spec.js" time="35.174">
<failure message="cart.spec.js:137:3 should apply discount code" type="FAILURE">
<![CDATA[  [mobile] › cart.spec.js:137:3 › Shopping Cart Functionality › should apply discount code ─────────

    Test timeout of 30000ms exceeded.

    attachment #1: screenshot (image/png) ──────────────────────────────────────────────────────────
    ..\test-results\cart-Shopping-Cart-Functionality-should-apply-discount-code-mobile\test-failed-1.png
    ────────────────────────────────────────────────────────────────────────────────────────────────

    attachment #2: video (video/webm) ──────────────────────────────────────────────────────────────
    ..\test-results\cart-Shopping-Cart-Functionality-should-apply-discount-code-mobile\video.webm
    ────────────────────────────────────────────────────────────────────────────────────────────────
]]>
</failure>
<system-out>
<![CDATA[
[[ATTACHMENT|test-results\cart-Shopping-Cart-Functionality-should-apply-discount-code-mobile\test-failed-1.png]]

[[ATTACHMENT|test-results\cart-Shopping-Cart-Functionality-should-apply-discount-code-mobile\video.webm]]
]]>
</system-out>
</testcase>
<testcase name="Shopping Cart Functionality › should apply gift card code" classname="cart.spec.js" time="35.159">
<failure message="cart.spec.js:154:3 should apply gift card code" type="FAILURE">
<![CDATA[  [mobile] › cart.spec.js:154:3 › Shopping Cart Functionality › should apply gift card code ────────

    Test timeout of 30000ms exceeded.

    attachment #1: screenshot (image/png) ──────────────────────────────────────────────────────────
    ..\test-results\cart-Shopping-Cart-Functionality-should-apply-gift-card-code-mobile\test-failed-1.png
    ────────────────────────────────────────────────────────────────────────────────────────────────

    attachment #2: video (video/webm) ──────────────────────────────────────────────────────────────
    ..\test-results\cart-Shopping-Cart-Functionality-should-apply-gift-card-code-mobile\video.webm
    ────────────────────────────────────────────────────────────────────────────────────────────────
]]>
</failure>
<system-out>
<![CDATA[
[[ATTACHMENT|test-results\cart-Shopping-Cart-Functionality-should-apply-gift-card-code-mobile\test-failed-1.png]]

[[ATTACHMENT|test-results\cart-Shopping-Cart-Functionality-should-apply-gift-card-code-mobile\video.webm]]
]]>
</system-out>
</testcase>
<testcase name="Shopping Cart Functionality › should select gift wrapping option" classname="cart.spec.js" time="35.151">
<failure message="cart.spec.js:171:3 should select gift wrapping option" type="FAILURE">
<![CDATA[  [mobile] › cart.spec.js:171:3 › Shopping Cart Functionality › should select gift wrapping option ─

    Test timeout of 30000ms exceeded.

    attachment #1: screenshot (image/png) ──────────────────────────────────────────────────────────
    ..\test-results\cart-Shopping-Cart-Functio-3f424-select-gift-wrapping-option-mobile\test-failed-1.png
    ────────────────────────────────────────────────────────────────────────────────────────────────

    attachment #2: video (video/webm) ──────────────────────────────────────────────────────────────
    ..\test-results\cart-Shopping-Cart-Functio-3f424-select-gift-wrapping-option-mobile\video.webm
    ────────────────────────────────────────────────────────────────────────────────────────────────
]]>
</failure>
<system-out>
<![CDATA[
[[ATTACHMENT|test-results\cart-Shopping-Cart-Functio-3f424-select-gift-wrapping-option-mobile\test-failed-1.png]]

[[ATTACHMENT|test-results\cart-Shopping-Cart-Functio-3f424-select-gift-wrapping-option-mobile\video.webm]]
]]>
</system-out>
</testcase>
</testsuite>
<testsuite name="category.spec.js" timestamp="2025-07-15T18:27:52.044Z" hostname="mobile" tests="13" failures="13" skipped="0" time="89.642" errors="0">
<testcase name="Category and Navigation › should navigate to category pages" classname="category.spec.js" time="2.439">
<failure message="category.spec.js:16:3 should navigate to category pages" type="FAILURE">
<![CDATA[  [mobile] › category.spec.js:16:3 › Category and Navigation › should navigate to category pages ───

    Error: locator.click: Error: strict mode violation: locator('.top-menu a').filter({ hasText: 'Computers' }) resolved to 2 elements:
        1) <a href="/computers">Computers </a> aka getByText('Computers').first()
        2) <a href="/computers">Computers </a> aka getByText('Computers').nth(1)

    Call log:
      - waiting for locator('.top-menu a').filter({ hasText: 'Computers' })


       at ..\page-objects\HomePage.js:24

      22 |
      23 |   async clickCategory(categoryName) {
    > 24 |     await this.categories.filter({ hasText: categoryName }).click();
         |                                                             ^
      25 |   }
      26 |
      27 |   async clickFeaturedProduct(index = 0) {
        at HomePage.clickCategory (E:\Automate\page-objects\HomePage.js:24:61)
        at E:\Automate\tests\category.spec.js:18:22

    attachment #1: screenshot (image/png) ──────────────────────────────────────────────────────────
    ..\test-results\category-Category-and-Navi-3362e--navigate-to-category-pages-mobile\test-failed-1.png
    ────────────────────────────────────────────────────────────────────────────────────────────────

    attachment #2: video (video/webm) ──────────────────────────────────────────────────────────────
    ..\test-results\category-Category-and-Navi-3362e--navigate-to-category-pages-mobile\video.webm
    ────────────────────────────────────────────────────────────────────────────────────────────────

    Error Context: ..\test-results\category-Category-and-Navi-3362e--navigate-to-category-pages-mobile\error-context.md
]]>
</failure>
<system-out>
<![CDATA[
[[ATTACHMENT|test-results\category-Category-and-Navi-3362e--navigate-to-category-pages-mobile\test-failed-1.png]]

[[ATTACHMENT|test-results\category-Category-and-Navi-3362e--navigate-to-category-pages-mobile\video.webm]]

[[ATTACHMENT|test-results\category-Category-and-Navi-3362e--navigate-to-category-pages-mobile\error-context.md]]
]]>
</system-out>
</testcase>
<testcase name="Category and Navigation › should display category products" classname="category.spec.js" time="2.095">
<failure message="category.spec.js:25:3 should display category products" type="FAILURE">
<![CDATA[  [mobile] › category.spec.js:25:3 › Category and Navigation › should display category products ────

    Error: locator.click: Error: strict mode violation: locator('.top-menu a').filter({ hasText: 'Computers' }) resolved to 2 elements:
        1) <a href="/computers">Computers </a> aka getByText('Computers').first()
        2) <a href="/computers">Computers </a> aka getByText('Computers').nth(1)

    Call log:
      - waiting for locator('.top-menu a').filter({ hasText: 'Computers' })


       at ..\page-objects\HomePage.js:24

      22 |
      23 |   async clickCategory(categoryName) {
    > 24 |     await this.categories.filter({ hasText: categoryName }).click();
         |                                                             ^
      25 |   }
      26 |
      27 |   async clickFeaturedProduct(index = 0) {
        at HomePage.clickCategory (E:\Automate\page-objects\HomePage.js:24:61)
        at E:\Automate\tests\category.spec.js:26:20

    attachment #1: screenshot (image/png) ──────────────────────────────────────────────────────────
    ..\test-results\category-Category-and-Navi-f780c-d-display-category-products-mobile\test-failed-1.png
    ────────────────────────────────────────────────────────────────────────────────────────────────

    attachment #2: video (video/webm) ──────────────────────────────────────────────────────────────
    ..\test-results\category-Category-and-Navi-f780c-d-display-category-products-mobile\video.webm
    ────────────────────────────────────────────────────────────────────────────────────────────────

    Error Context: ..\test-results\category-Category-and-Navi-f780c-d-display-category-products-mobile\error-context.md
]]>
</failure>
<system-out>
<![CDATA[
[[ATTACHMENT|test-results\category-Category-and-Navi-f780c-d-display-category-products-mobile\test-failed-1.png]]

[[ATTACHMENT|test-results\category-Category-and-Navi-f780c-d-display-category-products-mobile\video.webm]]

[[ATTACHMENT|test-results\category-Category-and-Navi-f780c-d-display-category-products-mobile\error-context.md]]
]]>
</system-out>
</testcase>
<testcase name="Category and Navigation › should sort products by different criteria" classname="category.spec.js" time="1.847">
<failure message="category.spec.js:37:3 should sort products by different criteria" type="FAILURE">
<![CDATA[  [mobile] › category.spec.js:37:3 › Category and Navigation › should sort products by different criteria 

    Error: locator.click: Error: strict mode violation: locator('.top-menu a').filter({ hasText: 'Computers' }) resolved to 2 elements:
        1) <a href="/computers">Computers </a> aka getByText('Computers').first()
        2) <a href="/computers">Computers </a> aka getByText('Computers').nth(1)

    Call log:
      - waiting for locator('.top-menu a').filter({ hasText: 'Computers' })


       at ..\page-objects\HomePage.js:24

      22 |
      23 |   async clickCategory(categoryName) {
    > 24 |     await this.categories.filter({ hasText: categoryName }).click();
         |                                                             ^
      25 |   }
      26 |
      27 |   async clickFeaturedProduct(index = 0) {
        at HomePage.clickCategory (E:\Automate\page-objects\HomePage.js:24:61)
        at E:\Automate\tests\category.spec.js:38:20

    attachment #1: screenshot (image/png) ──────────────────────────────────────────────────────────
    ..\test-results\category-Category-and-Navi-7c936-ducts-by-different-criteria-mobile\test-failed-1.png
    ────────────────────────────────────────────────────────────────────────────────────────────────

    attachment #2: video (video/webm) ──────────────────────────────────────────────────────────────
    ..\test-results\category-Category-and-Navi-7c936-ducts-by-different-criteria-mobile\video.webm
    ────────────────────────────────────────────────────────────────────────────────────────────────

    Error Context: ..\test-results\category-Category-and-Navi-7c936-ducts-by-different-criteria-mobile\error-context.md
]]>
</failure>
<system-out>
<![CDATA[
[[ATTACHMENT|test-results\category-Category-and-Navi-7c936-ducts-by-different-criteria-mobile\test-failed-1.png]]

[[ATTACHMENT|test-results\category-Category-and-Navi-7c936-ducts-by-different-criteria-mobile\video.webm]]

[[ATTACHMENT|test-results\category-Category-and-Navi-7c936-ducts-by-different-criteria-mobile\error-context.md]]
]]>
</system-out>
</testcase>
<testcase name="Category and Navigation › should change products per page display" classname="category.spec.js" time="1.993">
<failure message="category.spec.js:54:3 should change products per page display" type="FAILURE">
<![CDATA[  [mobile] › category.spec.js:54:3 › Category and Navigation › should change products per page display 

    Error: locator.click: Error: strict mode violation: locator('.top-menu a').filter({ hasText: 'Computers' }) resolved to 2 elements:
        1) <a href="/computers">Computers </a> aka getByText('Computers').first()
        2) <a href="/computers">Computers </a> aka getByText('Computers').nth(1)

    Call log:
      - waiting for locator('.top-menu a').filter({ hasText: 'Computers' })


       at ..\page-objects\HomePage.js:24

      22 |
      23 |   async clickCategory(categoryName) {
    > 24 |     await this.categories.filter({ hasText: categoryName }).click();
         |                                                             ^
      25 |   }
      26 |
      27 |   async clickFeaturedProduct(index = 0) {
        at HomePage.clickCategory (E:\Automate\page-objects\HomePage.js:24:61)
        at E:\Automate\tests\category.spec.js:55:20

    attachment #1: screenshot (image/png) ──────────────────────────────────────────────────────────
    ..\test-results\category-Category-and-Navi-76189-e-products-per-page-display-mobile\test-failed-1.png
    ────────────────────────────────────────────────────────────────────────────────────────────────

    attachment #2: video (video/webm) ──────────────────────────────────────────────────────────────
    ..\test-results\category-Category-and-Navi-76189-e-products-per-page-display-mobile\video.webm
    ────────────────────────────────────────────────────────────────────────────────────────────────

    Error Context: ..\test-results\category-Category-and-Navi-76189-e-products-per-page-display-mobile\error-context.md
]]>
</failure>
<system-out>
<![CDATA[
[[ATTACHMENT|test-results\category-Category-and-Navi-76189-e-products-per-page-display-mobile\test-failed-1.png]]

[[ATTACHMENT|test-results\category-Category-and-Navi-76189-e-products-per-page-display-mobile\video.webm]]

[[ATTACHMENT|test-results\category-Category-and-Navi-76189-e-products-per-page-display-mobile\error-context.md]]
]]>
</system-out>
</testcase>
<testcase name="Category and Navigation › should switch between grid and list view" classname="category.spec.js" time="1.992">
<failure message="category.spec.js:65:3 should switch between grid and list view" type="FAILURE">
<![CDATA[  [mobile] › category.spec.js:65:3 › Category and Navigation › should switch between grid and list view 

    Error: locator.click: Error: strict mode violation: locator('.top-menu a').filter({ hasText: 'Computers' }) resolved to 2 elements:
        1) <a href="/computers">Computers </a> aka getByText('Computers').first()
        2) <a href="/computers">Computers </a> aka getByText('Computers').nth(1)

    Call log:
      - waiting for locator('.top-menu a').filter({ hasText: 'Computers' })


       at ..\page-objects\HomePage.js:24

      22 |
      23 |   async clickCategory(categoryName) {
    > 24 |     await this.categories.filter({ hasText: categoryName }).click();
         |                                                             ^
      25 |   }
      26 |
      27 |   async clickFeaturedProduct(index = 0) {
        at HomePage.clickCategory (E:\Automate\page-objects\HomePage.js:24:61)
        at E:\Automate\tests\category.spec.js:66:20

    attachment #1: screenshot (image/png) ──────────────────────────────────────────────────────────
    ..\test-results\category-Category-and-Navi-b94fe--between-grid-and-list-view-mobile\test-failed-1.png
    ────────────────────────────────────────────────────────────────────────────────────────────────

    attachment #2: video (video/webm) ──────────────────────────────────────────────────────────────
    ..\test-results\category-Category-and-Navi-b94fe--between-grid-and-list-view-mobile\video.webm
    ────────────────────────────────────────────────────────────────────────────────────────────────

    Error Context: ..\test-results\category-Category-and-Navi-b94fe--between-grid-and-list-view-mobile\error-context.md
]]>
</failure>
<system-out>
<![CDATA[
[[ATTACHMENT|test-results\category-Category-and-Navi-b94fe--between-grid-and-list-view-mobile\test-failed-1.png]]

[[ATTACHMENT|test-results\category-Category-and-Navi-b94fe--between-grid-and-list-view-mobile\video.webm]]

[[ATTACHMENT|test-results\category-Category-and-Navi-b94fe--between-grid-and-list-view-mobile\error-context.md]]
]]>
</system-out>
</testcase>
<testcase name="Category and Navigation › should navigate through pagination" classname="category.spec.js" time="2.478">
<failure message="category.spec.js:82:3 should navigate through pagination" type="FAILURE">
<![CDATA[  [mobile] › category.spec.js:82:3 › Category and Navigation › should navigate through pagination ──

    Error: locator.click: Error: strict mode violation: locator('.top-menu a').filter({ hasText: 'Computers' }) resolved to 2 elements:
        1) <a href="/computers">Computers </a> aka getByText('Computers').first()
        2) <a href="/computers">Computers </a> aka getByText('Computers').nth(1)

    Call log:
      - waiting for locator('.top-menu a').filter({ hasText: 'Computers' })


       at ..\page-objects\HomePage.js:24

      22 |
      23 |   async clickCategory(categoryName) {
    > 24 |     await this.categories.filter({ hasText: categoryName }).click();
         |                                                             ^
      25 |   }
      26 |
      27 |   async clickFeaturedProduct(index = 0) {
        at HomePage.clickCategory (E:\Automate\page-objects\HomePage.js:24:61)
        at E:\Automate\tests\category.spec.js:83:20

    attachment #1: screenshot (image/png) ──────────────────────────────────────────────────────────
    ..\test-results\category-Category-and-Navi-b1125-navigate-through-pagination-mobile\test-failed-1.png
    ────────────────────────────────────────────────────────────────────────────────────────────────

    attachment #2: video (video/webm) ──────────────────────────────────────────────────────────────
    ..\test-results\category-Category-and-Navi-b1125-navigate-through-pagination-mobile\video.webm
    ────────────────────────────────────────────────────────────────────────────────────────────────

    Error Context: ..\test-results\category-Category-and-Navi-b1125-navigate-through-pagination-mobile\error-context.md
]]>
</failure>
<system-out>
<![CDATA[
[[ATTACHMENT|test-results\category-Category-and-Navi-b1125-navigate-through-pagination-mobile\test-failed-1.png]]

[[ATTACHMENT|test-results\category-Category-and-Navi-b1125-navigate-through-pagination-mobile\video.webm]]

[[ATTACHMENT|test-results\category-Category-and-Navi-b1125-navigate-through-pagination-mobile\error-context.md]]
]]>
</system-out>
</testcase>
<testcase name="Category and Navigation › should display breadcrumb navigation" classname="category.spec.js" time="2.875">
<failure message="category.spec.js:104:3 should display breadcrumb navigation" type="FAILURE">
<![CDATA[  [mobile] › category.spec.js:104:3 › Category and Navigation › should display breadcrumb navigation 

    Error: locator.click: Error: strict mode violation: locator('.top-menu a').filter({ hasText: 'Computers' }) resolved to 2 elements:
        1) <a href="/computers">Computers </a> aka getByText('Computers').first()
        2) <a href="/computers">Computers </a> aka getByText('Computers').nth(1)

    Call log:
      - waiting for locator('.top-menu a').filter({ hasText: 'Computers' })


       at ..\page-objects\HomePage.js:24

      22 |
      23 |   async clickCategory(categoryName) {
    > 24 |     await this.categories.filter({ hasText: categoryName }).click();
         |                                                             ^
      25 |   }
      26 |
      27 |   async clickFeaturedProduct(index = 0) {
        at HomePage.clickCategory (E:\Automate\page-objects\HomePage.js:24:61)
        at E:\Automate\tests\category.spec.js:105:20

    attachment #1: screenshot (image/png) ──────────────────────────────────────────────────────────
    ..\test-results\category-Category-and-Navi-69479-splay-breadcrumb-navigation-mobile\test-failed-1.png
    ────────────────────────────────────────────────────────────────────────────────────────────────

    attachment #2: video (video/webm) ──────────────────────────────────────────────────────────────
    ..\test-results\category-Category-and-Navi-69479-splay-breadcrumb-navigation-mobile\video.webm
    ────────────────────────────────────────────────────────────────────────────────────────────────

    Error Context: ..\test-results\category-Category-and-Navi-69479-splay-breadcrumb-navigation-mobile\error-context.md
]]>
</failure>
<system-out>
<![CDATA[
[[ATTACHMENT|test-results\category-Category-and-Navi-69479-splay-breadcrumb-navigation-mobile\test-failed-1.png]]

[[ATTACHMENT|test-results\category-Category-and-Navi-69479-splay-breadcrumb-navigation-mobile\video.webm]]

[[ATTACHMENT|test-results\category-Category-and-Navi-69479-splay-breadcrumb-navigation-mobile\error-context.md]]
]]>
</system-out>
</testcase>
<testcase name="Category and Navigation › should add products to cart from category page" classname="category.spec.js" time="2.313">
<failure message="category.spec.js:115:3 should add products to cart from category page" type="FAILURE">
<![CDATA[  [mobile] › category.spec.js:115:3 › Category and Navigation › should add products to cart from category page 

    Error: locator.click: Error: strict mode violation: locator('.top-menu a').filter({ hasText: 'Computers' }) resolved to 2 elements:
        1) <a href="/computers">Computers </a> aka getByText('Computers').first()
        2) <a href="/computers">Computers </a> aka getByText('Computers').nth(1)

    Call log:
      - waiting for locator('.top-menu a').filter({ hasText: 'Computers' })


       at ..\page-objects\HomePage.js:24

      22 |
      23 |   async clickCategory(categoryName) {
    > 24 |     await this.categories.filter({ hasText: categoryName }).click();
         |                                                             ^
      25 |   }
      26 |
      27 |   async clickFeaturedProduct(index = 0) {
        at HomePage.clickCategory (E:\Automate\page-objects\HomePage.js:24:61)
        at E:\Automate\tests\category.spec.js:116:20

    attachment #1: screenshot (image/png) ──────────────────────────────────────────────────────────
    ..\test-results\category-Category-and-Navi-340bf--to-cart-from-category-page-mobile\test-failed-1.png
    ────────────────────────────────────────────────────────────────────────────────────────────────

    attachment #2: video (video/webm) ──────────────────────────────────────────────────────────────
    ..\test-results\category-Category-and-Navi-340bf--to-cart-from-category-page-mobile\video.webm
    ────────────────────────────────────────────────────────────────────────────────────────────────

    Error Context: ..\test-results\category-Category-and-Navi-340bf--to-cart-from-category-page-mobile\error-context.md
]]>
</failure>
<system-out>
<![CDATA[
[[ATTACHMENT|test-results\category-Category-and-Navi-340bf--to-cart-from-category-page-mobile\test-failed-1.png]]

[[ATTACHMENT|test-results\category-Category-and-Navi-340bf--to-cart-from-category-page-mobile\video.webm]]

[[ATTACHMENT|test-results\category-Category-and-Navi-340bf--to-cart-from-category-page-mobile\error-context.md]]
]]>
</system-out>
</testcase>
<testcase name="Category and Navigation › should add products to wishlist from category page" classname="category.spec.js" time="31.596">
<failure message="category.spec.js:125:3 should add products to wishlist from category page" type="FAILURE">
<![CDATA[  [mobile] › category.spec.js:125:3 › Category and Navigation › should add products to wishlist from category page 

    Test timeout of 30000ms exceeded while running "beforeEach" hook.

       8 |   let categoryPage;
       9 |
    > 10 |   test.beforeEach(async ({ page }) => {
         |        ^
      11 |     homePage = new HomePage(page);
      12 |     categoryPage = new CategoryPage(page);
      13 |     await homePage.goto();
        at E:\Automate\tests\category.spec.js:10:8

    attachment #1: screenshot (image/png) ──────────────────────────────────────────────────────────
    ..\test-results\category-Category-and-Navi-4fa26-wishlist-from-category-page-mobile\test-failed-1.png
    ────────────────────────────────────────────────────────────────────────────────────────────────

    attachment #2: video (video/webm) ──────────────────────────────────────────────────────────────
    ..\test-results\category-Category-and-Navi-4fa26-wishlist-from-category-page-mobile\video.webm
    ────────────────────────────────────────────────────────────────────────────────────────────────

    Error Context: ..\test-results\category-Category-and-Navi-4fa26-wishlist-from-category-page-mobile\error-context.md
]]>
</failure>
<system-out>
<![CDATA[
[[ATTACHMENT|test-results\category-Category-and-Navi-4fa26-wishlist-from-category-page-mobile\test-failed-1.png]]

[[ATTACHMENT|test-results\category-Category-and-Navi-4fa26-wishlist-from-category-page-mobile\video.webm]]

[[ATTACHMENT|test-results\category-Category-and-Navi-4fa26-wishlist-from-category-page-mobile\error-context.md]]
]]>
</system-out>
</testcase>
<testcase name="Category and Navigation › should add products to compare from category page" classname="category.spec.js" time="3.73">
<failure message="category.spec.js:135:3 should add products to compare from category page" type="FAILURE">
<![CDATA[  [mobile] › category.spec.js:135:3 › Category and Navigation › should add products to compare from category page 

    Error: locator.click: Error: strict mode violation: locator('.top-menu a').filter({ hasText: 'Computers' }) resolved to 2 elements:
        1) <a href="/computers">Computers </a> aka getByText('Computers').first()
        2) <a href="/computers">Computers </a> aka getByText('Computers').nth(1)

    Call log:
      - waiting for locator('.top-menu a').filter({ hasText: 'Computers' })


       at ..\page-objects\HomePage.js:24

      22 |
      23 |   async clickCategory(categoryName) {
    > 24 |     await this.categories.filter({ hasText: categoryName }).click();
         |                                                             ^
      25 |   }
      26 |
      27 |   async clickFeaturedProduct(index = 0) {
        at HomePage.clickCategory (E:\Automate\page-objects\HomePage.js:24:61)
        at E:\Automate\tests\category.spec.js:136:20

    attachment #1: screenshot (image/png) ──────────────────────────────────────────────────────────
    ..\test-results\category-Category-and-Navi-a85f8--compare-from-category-page-mobile\test-failed-1.png
    ────────────────────────────────────────────────────────────────────────────────────────────────

    attachment #2: video (video/webm) ──────────────────────────────────────────────────────────────
    ..\test-results\category-Category-and-Navi-a85f8--compare-from-category-page-mobile\video.webm
    ────────────────────────────────────────────────────────────────────────────────────────────────

    Error Context: ..\test-results\category-Category-and-Navi-a85f8--compare-from-category-page-mobile\error-context.md
]]>
</failure>
<system-out>
<![CDATA[
[[ATTACHMENT|test-results\category-Category-and-Navi-a85f8--compare-from-category-page-mobile\test-failed-1.png]]

[[ATTACHMENT|test-results\category-Category-and-Navi-a85f8--compare-from-category-page-mobile\video.webm]]

[[ATTACHMENT|test-results\category-Category-and-Navi-a85f8--compare-from-category-page-mobile\error-context.md]]
]]>
</system-out>
</testcase>
<testcase name="Category and Navigation › should navigate to subcategories" classname="category.spec.js" time="30.373">
<failure message="category.spec.js:145:3 should navigate to subcategories" type="FAILURE">
<![CDATA[  [mobile] › category.spec.js:145:3 › Category and Navigation › should navigate to subcategories ───

    Test timeout of 30000ms exceeded while running "beforeEach" hook.

       8 |   let categoryPage;
       9 |
    > 10 |   test.beforeEach(async ({ page }) => {
         |        ^
      11 |     homePage = new HomePage(page);
      12 |     categoryPage = new CategoryPage(page);
      13 |     await homePage.goto();
        at E:\Automate\tests\category.spec.js:10:8

    Error: page.goto: Timeout was reached
    Call log:
      - navigating to "https://demo.nopcommerce.com/", waiting until "load"


       at ..\page-objects\HomePage.js:15

      13 |
      14 |   async goto() {
    > 15 |     await this.page.goto('/');
         |                     ^
      16 |   }
      17 |
      18 |   async search(searchTerm) {
        at HomePage.goto (E:\Automate\page-objects\HomePage.js:15:21)
        at E:\Automate\tests\category.spec.js:13:20

    attachment #1: screenshot (image/png) ──────────────────────────────────────────────────────────
    ..\test-results\category-Category-and-Navi-d1fa3-d-navigate-to-subcategories-mobile\test-failed-1.png
    ────────────────────────────────────────────────────────────────────────────────────────────────

    attachment #2: video (video/webm) ──────────────────────────────────────────────────────────────
    ..\test-results\category-Category-and-Navi-d1fa3-d-navigate-to-subcategories-mobile\video.webm
    ────────────────────────────────────────────────────────────────────────────────────────────────
]]>
</failure>
<system-out>
<![CDATA[
[[ATTACHMENT|test-results\category-Category-and-Navi-d1fa3-d-navigate-to-subcategories-mobile\test-failed-1.png]]

[[ATTACHMENT|test-results\category-Category-and-Navi-d1fa3-d-navigate-to-subcategories-mobile\video.webm]]
]]>
</system-out>
</testcase>
<testcase name="Category and Navigation › should display category description" classname="category.spec.js" time="3.424">
<failure message="category.spec.js:160:3 should display category description" type="FAILURE">
<![CDATA[  [mobile] › category.spec.js:160:3 › Category and Navigation › should display category description 

    Error: locator.click: Error: strict mode violation: locator('.top-menu a').filter({ hasText: 'Computers' }) resolved to 2 elements:
        1) <a href="/computers">Computers </a> aka getByText('Computers').first()
        2) <a href="/computers">Computers </a> aka getByText('Computers').nth(1)

    Call log:
      - waiting for locator('.top-menu a').filter({ hasText: 'Computers' })


       at ..\page-objects\HomePage.js:24

      22 |
      23 |   async clickCategory(categoryName) {
    > 24 |     await this.categories.filter({ hasText: categoryName }).click();
         |                                                             ^
      25 |   }
      26 |
      27 |   async clickFeaturedProduct(index = 0) {
        at HomePage.clickCategory (E:\Automate\page-objects\HomePage.js:24:61)
        at E:\Automate\tests\category.spec.js:161:20

    attachment #1: screenshot (image/png) ──────────────────────────────────────────────────────────
    ..\test-results\category-Category-and-Navi-4229c-isplay-category-description-mobile\test-failed-1.png
    ────────────────────────────────────────────────────────────────────────────────────────────────

    attachment #2: video (video/webm) ──────────────────────────────────────────────────────────────
    ..\test-results\category-Category-and-Navi-4229c-isplay-category-description-mobile\video.webm
    ────────────────────────────────────────────────────────────────────────────────────────────────

    Error Context: ..\test-results\category-Category-and-Navi-4229c-isplay-category-description-mobile\error-context.md
]]>
</failure>
<system-out>
<![CDATA[
[[ATTACHMENT|test-results\category-Category-and-Navi-4229c-isplay-category-description-mobile\test-failed-1.png]]

[[ATTACHMENT|test-results\category-Category-and-Navi-4229c-isplay-category-description-mobile\video.webm]]

[[ATTACHMENT|test-results\category-Category-and-Navi-4229c-isplay-category-description-mobile\error-context.md]]
]]>
</system-out>
</testcase>
<testcase name="Category and Navigation › should handle empty categories" classname="category.spec.js" time="2.487">
<failure message="category.spec.js:171:3 should handle empty categories" type="FAILURE">
<![CDATA[  [mobile] › category.spec.js:171:3 › Category and Navigation › should handle empty categories ─────

    Error: locator.click: Error: strict mode violation: locator('.top-menu a').filter({ hasText: 'Gift Cards' }) resolved to 2 elements:
        1) <a href="/gift-cards">Gift Cards </a> aka getByText('Gift Cards').first()
        2) <a href="/gift-cards">Gift Cards </a> aka getByText('Gift Cards').nth(1)

    Call log:
      - waiting for locator('.top-menu a').filter({ hasText: 'Gift Cards' })


       at ..\page-objects\HomePage.js:24

      22 |
      23 |   async clickCategory(categoryName) {
    > 24 |     await this.categories.filter({ hasText: categoryName }).click();
         |                                                             ^
      25 |   }
      26 |
      27 |   async clickFeaturedProduct(index = 0) {
        at HomePage.clickCategory (E:\Automate\page-objects\HomePage.js:24:61)
        at E:\Automate\tests\category.spec.js:174:20

    attachment #1: screenshot (image/png) ──────────────────────────────────────────────────────────
    ..\test-results\category-Category-and-Navi-8629b-uld-handle-empty-categories-mobile\test-failed-1.png
    ────────────────────────────────────────────────────────────────────────────────────────────────

    attachment #2: video (video/webm) ──────────────────────────────────────────────────────────────
    ..\test-results\category-Category-and-Navi-8629b-uld-handle-empty-categories-mobile\video.webm
    ────────────────────────────────────────────────────────────────────────────────────────────────

    Error Context: ..\test-results\category-Category-and-Navi-8629b-uld-handle-empty-categories-mobile\error-context.md
]]>
</failure>
<system-out>
<![CDATA[
[[ATTACHMENT|test-results\category-Category-and-Navi-8629b-uld-handle-empty-categories-mobile\test-failed-1.png]]

[[ATTACHMENT|test-results\category-Category-and-Navi-8629b-uld-handle-empty-categories-mobile\video.webm]]

[[ATTACHMENT|test-results\category-Category-and-Navi-8629b-uld-handle-empty-categories-mobile\error-context.md]]
]]>
</system-out>
</testcase>
</testsuite>
<testsuite name="checkout.spec.js" timestamp="2025-07-15T18:27:52.044Z" hostname="mobile" tests="12" failures="12" skipped="0" time="421.966" errors="0">
<testcase name="Checkout Process › should navigate to checkout from cart" classname="checkout.spec.js" time="35.177">
<failure message="checkout.spec.js:22:3 should navigate to checkout from cart" type="FAILURE">
<![CDATA[  [mobile] › checkout.spec.js:22:3 › Checkout Process › should navigate to checkout from cart ──────

    Test timeout of 30000ms exceeded.

    attachment #1: screenshot (image/png) ──────────────────────────────────────────────────────────
    ..\test-results\checkout-Checkout-Process--5264f-igate-to-checkout-from-cart-mobile\test-failed-1.png
    ────────────────────────────────────────────────────────────────────────────────────────────────

    attachment #2: video (video/webm) ──────────────────────────────────────────────────────────────
    ..\test-results\checkout-Checkout-Process--5264f-igate-to-checkout-from-cart-mobile\video.webm
    ────────────────────────────────────────────────────────────────────────────────────────────────
]]>
</failure>
<system-out>
<![CDATA[
[[ATTACHMENT|test-results\checkout-Checkout-Process--5264f-igate-to-checkout-from-cart-mobile\test-failed-1.png]]

[[ATTACHMENT|test-results\checkout-Checkout-Process--5264f-igate-to-checkout-from-cart-mobile\video.webm]]
]]>
</system-out>
</testcase>
<testcase name="Checkout Process › should require terms acceptance for checkout" classname="checkout.spec.js" time="35.154">
<failure message="checkout.spec.js:40:3 should require terms acceptance for checkout" type="FAILURE">
<![CDATA[  [mobile] › checkout.spec.js:40:3 › Checkout Process › should require terms acceptance for checkout 

    Test timeout of 30000ms exceeded.

    attachment #1: screenshot (image/png) ──────────────────────────────────────────────────────────
    ..\test-results\checkout-Checkout-Process--9c1fa-rms-acceptance-for-checkout-mobile\test-failed-1.png
    ────────────────────────────────────────────────────────────────────────────────────────────────

    attachment #2: video (video/webm) ──────────────────────────────────────────────────────────────
    ..\test-results\checkout-Checkout-Process--9c1fa-rms-acceptance-for-checkout-mobile\video.webm
    ────────────────────────────────────────────────────────────────────────────────────────────────
]]>
</failure>
<system-out>
<![CDATA[
[[ATTACHMENT|test-results\checkout-Checkout-Process--9c1fa-rms-acceptance-for-checkout-mobile\test-failed-1.png]]

[[ATTACHMENT|test-results\checkout-Checkout-Process--9c1fa-rms-acceptance-for-checkout-mobile\video.webm]]
]]>
</system-out>
</testcase>
<testcase name="Checkout Process › should display checkout steps" classname="checkout.spec.js" time="35.167">
<failure message="checkout.spec.js:57:3 should display checkout steps" type="FAILURE">
<![CDATA[  [mobile] › checkout.spec.js:57:3 › Checkout Process › should display checkout steps ──────────────

    Test timeout of 30000ms exceeded.

    attachment #1: screenshot (image/png) ──────────────────────────────────────────────────────────
    ..\test-results\checkout-Checkout-Process-should-display-checkout-steps-mobile\test-failed-1.png
    ────────────────────────────────────────────────────────────────────────────────────────────────

    attachment #2: video (video/webm) ──────────────────────────────────────────────────────────────
    ..\test-results\checkout-Checkout-Process-should-display-checkout-steps-mobile\video.webm
    ────────────────────────────────────────────────────────────────────────────────────────────────
]]>
</failure>
<system-out>
<![CDATA[
[[ATTACHMENT|test-results\checkout-Checkout-Process-should-display-checkout-steps-mobile\test-failed-1.png]]

[[ATTACHMENT|test-results\checkout-Checkout-Process-should-display-checkout-steps-mobile\video.webm]]
]]>
</system-out>
</testcase>
<testcase name="Checkout Process › should handle guest checkout" classname="checkout.spec.js" time="35.178">
<failure message="checkout.spec.js:72:3 should handle guest checkout" type="FAILURE">
<![CDATA[  [mobile] › checkout.spec.js:72:3 › Checkout Process › should handle guest checkout ───────────────

    Test timeout of 30000ms exceeded.

    attachment #1: screenshot (image/png) ──────────────────────────────────────────────────────────
    ..\test-results\checkout-Checkout-Process-should-handle-guest-checkout-mobile\test-failed-1.png
    ────────────────────────────────────────────────────────────────────────────────────────────────

    attachment #2: video (video/webm) ──────────────────────────────────────────────────────────────
    ..\test-results\checkout-Checkout-Process-should-handle-guest-checkout-mobile\video.webm
    ────────────────────────────────────────────────────────────────────────────────────────────────
]]>
</failure>
<system-out>
<![CDATA[
[[ATTACHMENT|test-results\checkout-Checkout-Process-should-handle-guest-checkout-mobile\test-failed-1.png]]

[[ATTACHMENT|test-results\checkout-Checkout-Process-should-handle-guest-checkout-mobile\video.webm]]
]]>
</system-out>
</testcase>
<testcase name="Checkout Process › should fill billing address form" classname="checkout.spec.js" time="35.151">
<failure message="checkout.spec.js:93:3 should fill billing address form" type="FAILURE">
<![CDATA[  [mobile] › checkout.spec.js:93:3 › Checkout Process › should fill billing address form ───────────

    Test timeout of 30000ms exceeded.

    attachment #1: screenshot (image/png) ──────────────────────────────────────────────────────────
    ..\test-results\checkout-Checkout-Process-should-fill-billing-address-form-mobile\test-failed-1.png
    ────────────────────────────────────────────────────────────────────────────────────────────────

    attachment #2: video (video/webm) ──────────────────────────────────────────────────────────────
    ..\test-results\checkout-Checkout-Process-should-fill-billing-address-form-mobile\video.webm
    ────────────────────────────────────────────────────────────────────────────────────────────────
]]>
</failure>
<system-out>
<![CDATA[
[[ATTACHMENT|test-results\checkout-Checkout-Process-should-fill-billing-address-form-mobile\test-failed-1.png]]

[[ATTACHMENT|test-results\checkout-Checkout-Process-should-fill-billing-address-form-mobile\video.webm]]
]]>
</system-out>
</testcase>
<testcase name="Checkout Process › should handle shipping address same as billing" classname="checkout.spec.js" time="35.147">
<failure message="checkout.spec.js:129:3 should handle shipping address same as billing" type="FAILURE">
<![CDATA[  [mobile] › checkout.spec.js:129:3 › Checkout Process › should handle shipping address same as billing 

    Test timeout of 30000ms exceeded.

    attachment #1: screenshot (image/png) ──────────────────────────────────────────────────────────
    ..\test-results\checkout-Checkout-Process--97ae5-ing-address-same-as-billing-mobile\test-failed-1.png
    ────────────────────────────────────────────────────────────────────────────────────────────────

    attachment #2: video (video/webm) ──────────────────────────────────────────────────────────────
    ..\test-results\checkout-Checkout-Process--97ae5-ing-address-same-as-billing-mobile\video.webm
    ────────────────────────────────────────────────────────────────────────────────────────────────
]]>
</failure>
<system-out>
<![CDATA[
[[ATTACHMENT|test-results\checkout-Checkout-Process--97ae5-ing-address-same-as-billing-mobile\test-failed-1.png]]

[[ATTACHMENT|test-results\checkout-Checkout-Process--97ae5-ing-address-same-as-billing-mobile\video.webm]]
]]>
</system-out>
</testcase>
<testcase name="Checkout Process › should select shipping method" classname="checkout.spec.js" time="35.161">
<failure message="checkout.spec.js:154:3 should select shipping method" type="FAILURE">
<![CDATA[  [mobile] › checkout.spec.js:154:3 › Checkout Process › should select shipping method ─────────────

    Test timeout of 30000ms exceeded.

    attachment #1: screenshot (image/png) ──────────────────────────────────────────────────────────
    ..\test-results\checkout-Checkout-Process-should-select-shipping-method-mobile\test-failed-1.png
    ────────────────────────────────────────────────────────────────────────────────────────────────

    attachment #2: video (video/webm) ──────────────────────────────────────────────────────────────
    ..\test-results\checkout-Checkout-Process-should-select-shipping-method-mobile\video.webm
    ────────────────────────────────────────────────────────────────────────────────────────────────
]]>
</failure>
<system-out>
<![CDATA[
[[ATTACHMENT|test-results\checkout-Checkout-Process-should-select-shipping-method-mobile\test-failed-1.png]]

[[ATTACHMENT|test-results\checkout-Checkout-Process-should-select-shipping-method-mobile\video.webm]]
]]>
</system-out>
</testcase>
<testcase name="Checkout Process › should select payment method" classname="checkout.spec.js" time="35.148">
<failure message="checkout.spec.js:176:3 should select payment method" type="FAILURE">
<![CDATA[  [mobile] › checkout.spec.js:176:3 › Checkout Process › should select payment method ──────────────

    Test timeout of 30000ms exceeded.

    attachment #1: screenshot (image/png) ──────────────────────────────────────────────────────────
    ..\test-results\checkout-Checkout-Process-should-select-payment-method-mobile\test-failed-1.png
    ────────────────────────────────────────────────────────────────────────────────────────────────

    attachment #2: video (video/webm) ──────────────────────────────────────────────────────────────
    ..\test-results\checkout-Checkout-Process-should-select-payment-method-mobile\video.webm
    ────────────────────────────────────────────────────────────────────────────────────────────────
]]>
</failure>
<system-out>
<![CDATA[
[[ATTACHMENT|test-results\checkout-Checkout-Process-should-select-payment-method-mobile\test-failed-1.png]]

[[ATTACHMENT|test-results\checkout-Checkout-Process-should-select-payment-method-mobile\video.webm]]
]]>
</system-out>
</testcase>
<testcase name="Checkout Process › should display order summary" classname="checkout.spec.js" time="35.174">
<failure message="checkout.spec.js:195:3 should display order summary" type="FAILURE">
<![CDATA[  [mobile] › checkout.spec.js:195:3 › Checkout Process › should display order summary ──────────────

    Test timeout of 30000ms exceeded.

    attachment #1: screenshot (image/png) ──────────────────────────────────────────────────────────
    ..\test-results\checkout-Checkout-Process-should-display-order-summary-mobile\test-failed-1.png
    ────────────────────────────────────────────────────────────────────────────────────────────────

    attachment #2: video (video/webm) ──────────────────────────────────────────────────────────────
    ..\test-results\checkout-Checkout-Process-should-display-order-summary-mobile\video.webm
    ────────────────────────────────────────────────────────────────────────────────────────────────
]]>
</failure>
<system-out>
<![CDATA[
[[ATTACHMENT|test-results\checkout-Checkout-Process-should-display-order-summary-mobile\test-failed-1.png]]

[[ATTACHMENT|test-results\checkout-Checkout-Process-should-display-order-summary-mobile\video.webm]]
]]>
</system-out>
</testcase>
<testcase name="Checkout Process › should handle checkout validation errors" classname="checkout.spec.js" time="35.182">
<failure message="checkout.spec.js:214:3 should handle checkout validation errors" type="FAILURE">
<![CDATA[  [mobile] › checkout.spec.js:214:3 › Checkout Process › should handle checkout validation errors ──

    Test timeout of 30000ms exceeded.

    attachment #1: screenshot (image/png) ──────────────────────────────────────────────────────────
    ..\test-results\checkout-Checkout-Process--8f556--checkout-validation-errors-mobile\test-failed-1.png
    ────────────────────────────────────────────────────────────────────────────────────────────────

    attachment #2: video (video/webm) ──────────────────────────────────────────────────────────────
    ..\test-results\checkout-Checkout-Process--8f556--checkout-validation-errors-mobile\video.webm
    ────────────────────────────────────────────────────────────────────────────────────────────────
]]>
</failure>
<system-out>
<![CDATA[
[[ATTACHMENT|test-results\checkout-Checkout-Process--8f556--checkout-validation-errors-mobile\test-failed-1.png]]

[[ATTACHMENT|test-results\checkout-Checkout-Process--8f556--checkout-validation-errors-mobile\video.webm]]
]]>
</system-out>
</testcase>
<testcase name="Checkout Process › should handle different country selection" classname="checkout.spec.js" time="35.16">
<failure message="checkout.spec.js:235:3 should handle different country selection" type="FAILURE">
<![CDATA[  [mobile] › checkout.spec.js:235:3 › Checkout Process › should handle different country selection ─

    Test timeout of 30000ms exceeded.

    attachment #1: screenshot (image/png) ──────────────────────────────────────────────────────────
    ..\test-results\checkout-Checkout-Process--055c3-different-country-selection-mobile\test-failed-1.png
    ────────────────────────────────────────────────────────────────────────────────────────────────

    attachment #2: video (video/webm) ──────────────────────────────────────────────────────────────
    ..\test-results\checkout-Checkout-Process--055c3-different-country-selection-mobile\video.webm
    ────────────────────────────────────────────────────────────────────────────────────────────────
]]>
</failure>
<system-out>
<![CDATA[
[[ATTACHMENT|test-results\checkout-Checkout-Process--055c3-different-country-selection-mobile\test-failed-1.png]]

[[ATTACHMENT|test-results\checkout-Checkout-Process--055c3-different-country-selection-mobile\video.webm]]
]]>
</system-out>
</testcase>
<testcase name="Checkout Process › should calculate tax and shipping costs" classname="checkout.spec.js" time="35.167">
<failure message="checkout.spec.js:260:3 should calculate tax and shipping costs" type="FAILURE">
<![CDATA[  [mobile] › checkout.spec.js:260:3 › Checkout Process › should calculate tax and shipping costs ───

    Test timeout of 30000ms exceeded.

    attachment #1: screenshot (image/png) ──────────────────────────────────────────────────────────
    ..\test-results\checkout-Checkout-Process--eddf6-late-tax-and-shipping-costs-mobile\test-failed-1.png
    ────────────────────────────────────────────────────────────────────────────────────────────────

    attachment #2: video (video/webm) ──────────────────────────────────────────────────────────────
    ..\test-results\checkout-Checkout-Process--eddf6-late-tax-and-shipping-costs-mobile\video.webm
    ────────────────────────────────────────────────────────────────────────────────────────────────
]]>
</failure>
<system-out>
<![CDATA[
[[ATTACHMENT|test-results\checkout-Checkout-Process--eddf6-late-tax-and-shipping-costs-mobile\test-failed-1.png]]

[[ATTACHMENT|test-results\checkout-Checkout-Process--eddf6-late-tax-and-shipping-costs-mobile\video.webm]]
]]>
</system-out>
</testcase>
</testsuite>
<testsuite name="contact.spec.js" timestamp="2025-07-15T18:27:52.044Z" hostname="mobile" tests="17" failures="7" skipped="0" time="214.237" errors="0">
<testcase name="Contact and Information Pages › should display contact us page" classname="contact.spec.js" time="30.354">
<failure message="contact.spec.js:13:3 should display contact us page" type="FAILURE">
<![CDATA[  [mobile] › contact.spec.js:13:3 › Contact and Information Pages › should display contact us page ─

    Test timeout of 30000ms exceeded.

    Error: locator.click: Test timeout of 30000ms exceeded.
    Call log:
      - waiting for locator('text=Contact us')
        - locator resolved to <a href="/contactus">Contact us</a>
      - attempting click action
        2 × waiting for element to be visible, enabled and stable
          - element is not visible
        - retrying click action
        - waiting 20ms
        2 × waiting for element to be visible, enabled and stable
          - element is not visible
        - retrying click action
          - waiting 100ms
        39 × waiting for element to be visible, enabled and stable
           - element is not visible
         - retrying click action
           - waiting 500ms
        - waiting for element to be visible, enabled and stable


      13 |   test('should display contact us page', async ({ page }) => {
      14 |     // Navigate to contact us page
    > 15 |     await page.locator('text=Contact us').click();
         |                                           ^
      16 |     
      17 |     // Verify contact us page elements
      18 |     await expect(page).toHaveURL(/.*contactus/);
        at E:\Automate\tests\contact.spec.js:15:43

    attachment #1: screenshot (image/png) ──────────────────────────────────────────────────────────
    ..\test-results\contact-Contact-and-Inform-c169c-uld-display-contact-us-page-mobile\test-failed-1.png
    ────────────────────────────────────────────────────────────────────────────────────────────────

    attachment #2: video (video/webm) ──────────────────────────────────────────────────────────────
    ..\test-results\contact-Contact-and-Inform-c169c-uld-display-contact-us-page-mobile\video.webm
    ────────────────────────────────────────────────────────────────────────────────────────────────

    Error Context: ..\test-results\contact-Contact-and-Inform-c169c-uld-display-contact-us-page-mobile\error-context.md
]]>
</failure>
<system-out>
<![CDATA[
[[ATTACHMENT|test-results\contact-Contact-and-Inform-c169c-uld-display-contact-us-page-mobile\test-failed-1.png]]

[[ATTACHMENT|test-results\contact-Contact-and-Inform-c169c-uld-display-contact-us-page-mobile\video.webm]]

[[ATTACHMENT|test-results\contact-Contact-and-Inform-c169c-uld-display-contact-us-page-mobile\error-context.md]]
]]>
</system-out>
</testcase>
<testcase name="Contact and Information Pages › should submit contact form successfully" classname="contact.spec.js" time="30.372">
<failure message="contact.spec.js:27:3 should submit contact form successfully" type="FAILURE">
<![CDATA[  [mobile] › contact.spec.js:27:3 › Contact and Information Pages › should submit contact form successfully 

    Test timeout of 30000ms exceeded.

    Error: locator.click: Test timeout of 30000ms exceeded.
    Call log:
      - waiting for locator('text=Contact us')
        - locator resolved to <a href="/contactus">Contact us</a>
      - attempting click action
        2 × waiting for element to be visible, enabled and stable
          - element is not visible
        - retrying click action
        - waiting 20ms
        2 × waiting for element to be visible, enabled and stable
          - element is not visible
        - retrying click action
          - waiting 100ms
        40 × waiting for element to be visible, enabled and stable
           - element is not visible
         - retrying click action
           - waiting 500ms
        - waiting for element to be visible, enabled and stable


      27 |   test('should submit contact form successfully', async ({ page }) => {
      28 |     // Navigate to contact us page
    > 29 |     await page.locator('text=Contact us').click();
         |                                           ^
      30 |     
      31 |     // Fill contact form
      32 |     await page.locator('#FullName').fill(`${testData.newUser.firstName} ${testData.newUser.lastName}`);
        at E:\Automate\tests\contact.spec.js:29:43

    attachment #1: screenshot (image/png) ──────────────────────────────────────────────────────────
    ..\test-results\contact-Contact-and-Inform-894d9-t-contact-form-successfully-mobile\test-failed-1.png
    ────────────────────────────────────────────────────────────────────────────────────────────────

    attachment #2: video (video/webm) ──────────────────────────────────────────────────────────────
    ..\test-results\contact-Contact-and-Inform-894d9-t-contact-form-successfully-mobile\video.webm
    ────────────────────────────────────────────────────────────────────────────────────────────────

    Error Context: ..\test-results\contact-Contact-and-Inform-894d9-t-contact-form-successfully-mobile\error-context.md
]]>
</failure>
<system-out>
<![CDATA[
[[ATTACHMENT|test-results\contact-Contact-and-Inform-894d9-t-contact-form-successfully-mobile\test-failed-1.png]]

[[ATTACHMENT|test-results\contact-Contact-and-Inform-894d9-t-contact-form-successfully-mobile\video.webm]]

[[ATTACHMENT|test-results\contact-Contact-and-Inform-894d9-t-contact-form-successfully-mobile\error-context.md]]
]]>
</system-out>
</testcase>
<testcase name="Contact and Information Pages › should validate contact form fields" classname="contact.spec.js" time="30.274">
<failure message="contact.spec.js:44:3 should validate contact form fields" type="FAILURE">
<![CDATA[  [mobile] › contact.spec.js:44:3 › Contact and Information Pages › should validate contact form fields 

    Test timeout of 30000ms exceeded.

    Error: locator.click: Test timeout of 30000ms exceeded.
    Call log:
      - waiting for locator('text=Contact us')
        - locator resolved to <a href="/contactus">Contact us</a>
      - attempting click action
        2 × waiting for element to be visible, enabled and stable
          - element is not visible
        - retrying click action
        - waiting 20ms
        2 × waiting for element to be visible, enabled and stable
          - element is not visible
        - retrying click action
          - waiting 100ms
        40 × waiting for element to be visible, enabled and stable
           - element is not visible
         - retrying click action
           - waiting 500ms


      44 |   test('should validate contact form fields', async ({ page }) => {
      45 |     // Navigate to contact us page
    > 46 |     await page.locator('text=Contact us').click();
         |                                           ^
      47 |     
      48 |     // Submit empty form
      49 |     await page.locator('input[type="submit"]').click();
        at E:\Automate\tests\contact.spec.js:46:43

    attachment #1: screenshot (image/png) ──────────────────────────────────────────────────────────
    ..\test-results\contact-Contact-and-Inform-f5008-alidate-contact-form-fields-mobile\test-failed-1.png
    ────────────────────────────────────────────────────────────────────────────────────────────────

    attachment #2: video (video/webm) ──────────────────────────────────────────────────────────────
    ..\test-results\contact-Contact-and-Inform-f5008-alidate-contact-form-fields-mobile\video.webm
    ────────────────────────────────────────────────────────────────────────────────────────────────

    Error Context: ..\test-results\contact-Contact-and-Inform-f5008-alidate-contact-form-fields-mobile\error-context.md
]]>
</failure>
<system-out>
<![CDATA[
[[ATTACHMENT|test-results\contact-Contact-and-Inform-f5008-alidate-contact-form-fields-mobile\test-failed-1.png]]

[[ATTACHMENT|test-results\contact-Contact-and-Inform-f5008-alidate-contact-form-fields-mobile\video.webm]]

[[ATTACHMENT|test-results\contact-Contact-and-Inform-f5008-alidate-contact-form-fields-mobile\error-context.md]]
]]>
</system-out>
</testcase>
<testcase name="Contact and Information Pages › should validate email format in contact form" classname="contact.spec.js" time="30.259">
<failure message="contact.spec.js:55:3 should validate email format in contact form" type="FAILURE">
<![CDATA[  [mobile] › contact.spec.js:55:3 › Contact and Information Pages › should validate email format in contact form 

    Test timeout of 30000ms exceeded.

    Error: locator.click: Test timeout of 30000ms exceeded.
    Call log:
      - waiting for locator('text=Contact us')
        - locator resolved to <a href="/contactus">Contact us</a>
      - attempting click action
        2 × waiting for element to be visible, enabled and stable
          - element is not visible
        - retrying click action
        - waiting 20ms
        2 × waiting for element to be visible, enabled and stable
          - element is not visible
        - retrying click action
          - waiting 100ms
        39 × waiting for element to be visible, enabled and stable
           - element is not visible
         - retrying click action
           - waiting 500ms
        - waiting for element to be visible, enabled and stable


      55 |   test('should validate email format in contact form', async ({ page }) => {
      56 |     // Navigate to contact us page
    > 57 |     await page.locator('text=Contact us').click();
         |                                           ^
      58 |     
      59 |     // Fill form with invalid email
      60 |     await page.locator('#FullName').fill(`${testData.newUser.firstName} ${testData.newUser.lastName}`);
        at E:\Automate\tests\contact.spec.js:57:43

    attachment #1: screenshot (image/png) ──────────────────────────────────────────────────────────
    ..\test-results\contact-Contact-and-Inform-a7af3-mail-format-in-contact-form-mobile\test-failed-1.png
    ────────────────────────────────────────────────────────────────────────────────────────────────

    attachment #2: video (video/webm) ──────────────────────────────────────────────────────────────
    ..\test-results\contact-Contact-and-Inform-a7af3-mail-format-in-contact-form-mobile\video.webm
    ────────────────────────────────────────────────────────────────────────────────────────────────

    Error Context: ..\test-results\contact-Contact-and-Inform-a7af3-mail-format-in-contact-form-mobile\error-context.md
]]>
</failure>
<system-out>
<![CDATA[
[[ATTACHMENT|test-results\contact-Contact-and-Inform-a7af3-mail-format-in-contact-form-mobile\test-failed-1.png]]

[[ATTACHMENT|test-results\contact-Contact-and-Inform-a7af3-mail-format-in-contact-form-mobile\video.webm]]

[[ATTACHMENT|test-results\contact-Contact-and-Inform-a7af3-mail-format-in-contact-form-mobile\error-context.md]]
]]>
</system-out>
</testcase>
<testcase name="Contact and Information Pages › should display about us page" classname="contact.spec.js" time="1.895">
</testcase>
<testcase name="Contact and Information Pages › should display sitemap page" classname="contact.spec.js" time="3.16">
</testcase>
<testcase name="Contact and Information Pages › should display news page" classname="contact.spec.js" time="2.438">
<failure message="contact.spec.js:102:3 should display news page" type="FAILURE">
<![CDATA[  [mobile] › contact.spec.js:102:3 › Contact and Information Pages › should display news page ──────

    Error: locator.isVisible: Error: strict mode violation: locator('text=News') resolved to 4 elements:
        1) <strong>News</strong> aka locator('#main').getByText('News', { exact: true })
        2) <a href="/news">View News Archive</a> aka getByRole('link', { name: 'View News Archive' })
        3) <a href="/news">News</a> aka locator('a').filter({ hasText: /^News$/ })
        4) <strong>Newsletter</strong> aka getByText('Newsletter')

    Call log:
        - checking visibility of locator('text=News')


      103 |     // Navigate to news page
      104 |     const newsLink = page.locator('text=News');
    > 105 |     const newsExists = await newsLink.isVisible();
          |                                       ^
      106 |     
      107 |     if (newsExists) {
      108 |       await newsLink.click();
        at E:\Automate\tests\contact.spec.js:105:39

    attachment #1: screenshot (image/png) ──────────────────────────────────────────────────────────
    ..\test-results\contact-Contact-and-Inform-2662a-es-should-display-news-page-mobile\test-failed-1.png
    ────────────────────────────────────────────────────────────────────────────────────────────────

    attachment #2: video (video/webm) ──────────────────────────────────────────────────────────────
    ..\test-results\contact-Contact-and-Inform-2662a-es-should-display-news-page-mobile\video.webm
    ────────────────────────────────────────────────────────────────────────────────────────────────

    Error Context: ..\test-results\contact-Contact-and-Inform-2662a-es-should-display-news-page-mobile\error-context.md
]]>
</failure>
<system-out>
<![CDATA[
[[ATTACHMENT|test-results\contact-Contact-and-Inform-2662a-es-should-display-news-page-mobile\test-failed-1.png]]

[[ATTACHMENT|test-results\contact-Contact-and-Inform-2662a-es-should-display-news-page-mobile\video.webm]]

[[ATTACHMENT|test-results\contact-Contact-and-Inform-2662a-es-should-display-news-page-mobile\error-context.md]]
]]>
</system-out>
</testcase>
<testcase name="Contact and Information Pages › should display privacy policy page" classname="contact.spec.js" time="2.556">
</testcase>
<testcase name="Contact and Information Pages › should display terms and conditions page" classname="contact.spec.js" time="2.303">
</testcase>
<testcase name="Contact and Information Pages › should display shipping and returns page" classname="contact.spec.js" time="1.912">
</testcase>
<testcase name="Contact and Information Pages › should handle newsletter subscription" classname="contact.spec.js" time="4.067">
</testcase>
<testcase name="Contact and Information Pages › should validate newsletter email format" classname="contact.spec.js" time="4.048">
</testcase>
<testcase name="Contact and Information Pages › should display social media links" classname="contact.spec.js" time="3.319">
</testcase>
<testcase name="Contact and Information Pages › should display company information" classname="contact.spec.js" time="2.329">
</testcase>
<testcase name="Contact and Information Pages › should handle search from information pages" classname="contact.spec.js" time="4.221">
</testcase>
<testcase name="Contact and Information Pages › should display page loading correctly" classname="contact.spec.js" time="30.425">
<failure message="contact.spec.js:244:3 should display page loading correctly" type="FAILURE">
<![CDATA[  [mobile] › contact.spec.js:244:3 › Contact and Information Pages › should display page loading correctly 

    Test timeout of 30000ms exceeded while running "beforeEach" hook.

       6 |   let homePage;
       7 |
    >  8 |   test.beforeEach(async ({ page }) => {
         |        ^
       9 |     homePage = new HomePage(page);
      10 |     await homePage.goto();
      11 |   });
        at E:\Automate\tests\contact.spec.js:8:8

    Error: page.goto: Timeout was reached
    Call log:
      - navigating to "https://demo.nopcommerce.com/", waiting until "load"


       at ..\page-objects\HomePage.js:15

      13 |
      14 |   async goto() {
    > 15 |     await this.page.goto('/');
         |                     ^
      16 |   }
      17 |
      18 |   async search(searchTerm) {
        at HomePage.goto (E:\Automate\page-objects\HomePage.js:15:21)
        at E:\Automate\tests\contact.spec.js:10:20

    attachment #1: screenshot (image/png) ──────────────────────────────────────────────────────────
    ..\test-results\contact-Contact-and-Inform-9952c-play-page-loading-correctly-mobile\test-failed-1.png
    ────────────────────────────────────────────────────────────────────────────────────────────────

    attachment #2: video (video/webm) ──────────────────────────────────────────────────────────────
    ..\test-results\contact-Contact-and-Inform-9952c-play-page-loading-correctly-mobile\video.webm
    ────────────────────────────────────────────────────────────────────────────────────────────────
]]>
</failure>
<system-out>
<![CDATA[
[[ATTACHMENT|test-results\contact-Contact-and-Inform-9952c-play-page-loading-correctly-mobile\test-failed-1.png]]

[[ATTACHMENT|test-results\contact-Contact-and-Inform-9952c-play-page-loading-correctly-mobile\video.webm]]
]]>
</system-out>
</testcase>
<testcase name="Contact and Information Pages › should handle breadcrumb navigation on information pages" classname="contact.spec.js" time="30.305">
<failure message="contact.spec.js:260:3 should handle breadcrumb navigation on information pages" type="FAILURE">
<![CDATA[  [mobile] › contact.spec.js:260:3 › Contact and Information Pages › should handle breadcrumb navigation on information pages 

    Test timeout of 30000ms exceeded.

    Error: locator.click: Test timeout of 30000ms exceeded.
    Call log:
      - waiting for locator('text=Contact us')
        - locator resolved to <a href="/contactus">Contact us</a>
      - attempting click action
        2 × waiting for element to be visible, enabled and stable
          - element is not visible
        - retrying click action
        - waiting 20ms
        2 × waiting for element to be visible, enabled and stable
          - element is not visible
        - retrying click action
          - waiting 100ms
        37 × waiting for element to be visible, enabled and stable
           - element is not visible
         - retrying click action
           - waiting 500ms


      260 |   test('should handle breadcrumb navigation on information pages', async ({ page }) => {
      261 |     // Navigate to contact us page
    > 262 |     await page.locator('text=Contact us').click();
          |                                           ^
      263 |     
      264 |     // Check for breadcrumb navigation
      265 |     const breadcrumb = page.locator('.breadcrumb');
        at E:\Automate\tests\contact.spec.js:262:43

    attachment #1: screenshot (image/png) ──────────────────────────────────────────────────────────
    ..\test-results\contact-Contact-and-Inform-40d8b-gation-on-information-pages-mobile\test-failed-1.png
    ────────────────────────────────────────────────────────────────────────────────────────────────

    attachment #2: video (video/webm) ──────────────────────────────────────────────────────────────
    ..\test-results\contact-Contact-and-Inform-40d8b-gation-on-information-pages-mobile\video.webm
    ────────────────────────────────────────────────────────────────────────────────────────────────

    Error Context: ..\test-results\contact-Contact-and-Inform-40d8b-gation-on-information-pages-mobile\error-context.md
]]>
</failure>
<system-out>
<![CDATA[
[[ATTACHMENT|test-results\contact-Contact-and-Inform-40d8b-gation-on-information-pages-mobile\test-failed-1.png]]

[[ATTACHMENT|test-results\contact-Contact-and-Inform-40d8b-gation-on-information-pages-mobile\video.webm]]

[[ATTACHMENT|test-results\contact-Contact-and-Inform-40d8b-gation-on-information-pages-mobile\error-context.md]]
]]>
</system-out>
</testcase>
</testsuite>
<testsuite name="login.spec.js" timestamp="2025-07-15T18:27:52.044Z" hostname="mobile" tests="12" failures="11" skipped="0" time="326.485" errors="0">
<testcase name="Login Functionality › should display login page elements" classname="login.spec.js" time="16.409">
<failure message="login.spec.js:16:3 should display login page elements" type="FAILURE">
<![CDATA[  [mobile] › login.spec.js:16:3 › Login Functionality › should display login page elements ─────────

    Error: Timed out 5000ms waiting for expect(page).toHaveTitle(expected)

    Expected pattern: /Login/
    Received string:  "Just a moment..."
    Call log:
      - Expect "toHaveTitle" with timeout 5000ms
        3 × unexpected value "Just a moment..."
        - waiting for navigation to finish...


      17 |     await loginPage.navigateToLogin();
      18 |     
    > 19 |     await expect(page).toHaveTitle(/Login/);
         |                        ^
      20 |     await expect(loginPage.emailInput).toBeVisible();
      21 |     await expect(loginPage.passwordInput).toBeVisible();
      22 |     await expect(loginPage.loginButton).toBeVisible();
        at E:\Automate\tests\login.spec.js:19:24

    attachment #1: screenshot (image/png) ──────────────────────────────────────────────────────────
    ..\test-results\login-Login-Functionality-should-display-login-page-elements-mobile\test-failed-1.png
    ────────────────────────────────────────────────────────────────────────────────────────────────

    attachment #2: video (video/webm) ──────────────────────────────────────────────────────────────
    ..\test-results\login-Login-Functionality-should-display-login-page-elements-mobile\video.webm
    ────────────────────────────────────────────────────────────────────────────────────────────────
]]>
</failure>
<system-out>
<![CDATA[
[[ATTACHMENT|test-results\login-Login-Functionality-should-display-login-page-elements-mobile\test-failed-1.png]]

[[ATTACHMENT|test-results\login-Login-Functionality-should-display-login-page-elements-mobile\video.webm]]
]]>
</system-out>
</testcase>
<testcase name="Login Functionality › should show error for invalid credentials" classname="login.spec.js" time="16.186">
<failure message="login.spec.js:26:3 should show error for invalid credentials" type="FAILURE">
<![CDATA[  [mobile] › login.spec.js:26:3 › Login Functionality › should show error for invalid credentials ──

    Error: Timed out 5000ms waiting for expect(locator).toBeVisible()

    Locator: locator('.validation-summary-errors')
    Expected: visible
    Received: <element(s) not found>
    Call log:
      - Expect "toBeVisible" with timeout 5000ms
      - waiting for locator('.validation-summary-errors')
        - waiting for navigation to finish...


      29 |     
      30 |     // Check for error message
    > 31 |     await expect(loginPage.errorMessage).toBeVisible();
         |                                          ^
      32 |   });
      33 |
      34 |   test('should show error for empty fields', async ({ page }) => {
        at E:\Automate\tests\login.spec.js:31:42

    attachment #1: screenshot (image/png) ──────────────────────────────────────────────────────────
    ..\test-results\login-Login-Functionality--32bbe-ror-for-invalid-credentials-mobile\test-failed-1.png
    ────────────────────────────────────────────────────────────────────────────────────────────────

    attachment #2: video (video/webm) ──────────────────────────────────────────────────────────────
    ..\test-results\login-Login-Functionality--32bbe-ror-for-invalid-credentials-mobile\video.webm
    ────────────────────────────────────────────────────────────────────────────────────────────────
]]>
</failure>
<system-out>
<![CDATA[
[[ATTACHMENT|test-results\login-Login-Functionality--32bbe-ror-for-invalid-credentials-mobile\test-failed-1.png]]

[[ATTACHMENT|test-results\login-Login-Functionality--32bbe-ror-for-invalid-credentials-mobile\video.webm]]
]]>
</system-out>
</testcase>
<testcase name="Login Functionality › should show error for empty fields" classname="login.spec.js" time="35.191">
<failure message="login.spec.js:34:3 should show error for empty fields" type="FAILURE">
<![CDATA[  [mobile] › login.spec.js:34:3 › Login Functionality › should show error for empty fields ─────────

    Test timeout of 30000ms exceeded.

    attachment #1: screenshot (image/png) ──────────────────────────────────────────────────────────
    ..\test-results\login-Login-Functionality-should-show-error-for-empty-fields-mobile\test-failed-1.png
    ────────────────────────────────────────────────────────────────────────────────────────────────

    attachment #2: video (video/webm) ──────────────────────────────────────────────────────────────
    ..\test-results\login-Login-Functionality-should-show-error-for-empty-fields-mobile\video.webm
    ────────────────────────────────────────────────────────────────────────────────────────────────
]]>
</failure>
<system-out>
<![CDATA[
[[ATTACHMENT|test-results\login-Login-Functionality-should-show-error-for-empty-fields-mobile\test-failed-1.png]]

[[ATTACHMENT|test-results\login-Login-Functionality-should-show-error-for-empty-fields-mobile\video.webm]]
]]>
</system-out>
</testcase>
<testcase name="Login Functionality › should handle remember me functionality" classname="login.spec.js" time="35.172">
<failure message="login.spec.js:42:3 should handle remember me functionality" type="FAILURE">
<![CDATA[  [mobile] › login.spec.js:42:3 › Login Functionality › should handle remember me functionality ────

    Test timeout of 30000ms exceeded.

    Error: locator.fill: Test timeout of 30000ms exceeded.
    Call log:
      - waiting for locator('#Email')
        - waiting for navigation to finish...


       at ..\page-objects\LoginPage.js:19

      17 |
      18 |   async login(email, password, rememberMe = false) {
    > 19 |     await this.emailInput.fill(email);
         |                           ^
      20 |     await this.passwordInput.fill(password);
      21 |     
      22 |     if (rememberMe) {
        at LoginPage.login (E:\Automate\page-objects\LoginPage.js:19:27)
        at E:\Automate\tests\login.spec.js:44:21

    attachment #1: screenshot (image/png) ──────────────────────────────────────────────────────────
    ..\test-results\login-Login-Functionality--732b6-e-remember-me-functionality-mobile\test-failed-1.png
    ────────────────────────────────────────────────────────────────────────────────────────────────

    attachment #2: video (video/webm) ──────────────────────────────────────────────────────────────
    ..\test-results\login-Login-Functionality--732b6-e-remember-me-functionality-mobile\video.webm
    ────────────────────────────────────────────────────────────────────────────────────────────────
]]>
</failure>
<system-out>
<![CDATA[
[[ATTACHMENT|test-results\login-Login-Functionality--732b6-e-remember-me-functionality-mobile\test-failed-1.png]]

[[ATTACHMENT|test-results\login-Login-Functionality--732b6-e-remember-me-functionality-mobile\video.webm]]
]]>
</system-out>
</testcase>
<testcase name="Login Functionality › should navigate to forgot password page" classname="login.spec.js" time="31.607">
<failure message="login.spec.js:50:3 should navigate to forgot password page" type="FAILURE">
<![CDATA[  [mobile] › login.spec.js:50:3 › Login Functionality › should navigate to forgot password page ────

    Test timeout of 30000ms exceeded while running "beforeEach" hook.

       8 |   let homePage;
       9 |
    > 10 |   test.beforeEach(async ({ page }) => {
         |        ^
      11 |     loginPage = new LoginPage(page);
      12 |     homePage = new HomePage(page);
      13 |     await homePage.goto();
        at E:\Automate\tests\login.spec.js:10:8

    attachment #1: screenshot (image/png) ──────────────────────────────────────────────────────────
    ..\test-results\login-Login-Functionality--89e72-ate-to-forgot-password-page-mobile\test-failed-1.png
    ────────────────────────────────────────────────────────────────────────────────────────────────

    attachment #2: video (video/webm) ──────────────────────────────────────────────────────────────
    ..\test-results\login-Login-Functionality--89e72-ate-to-forgot-password-page-mobile\video.webm
    ────────────────────────────────────────────────────────────────────────────────────────────────

    Error Context: ..\test-results\login-Login-Functionality--89e72-ate-to-forgot-password-page-mobile\error-context.md
]]>
</failure>
<system-out>
<![CDATA[
[[ATTACHMENT|test-results\login-Login-Functionality--89e72-ate-to-forgot-password-page-mobile\test-failed-1.png]]

[[ATTACHMENT|test-results\login-Login-Functionality--89e72-ate-to-forgot-password-page-mobile\video.webm]]

[[ATTACHMENT|test-results\login-Login-Functionality--89e72-ate-to-forgot-password-page-mobile\error-context.md]]
]]>
</system-out>
</testcase>
<testcase name="Login Functionality › should show validation for invalid email format" classname="login.spec.js" time="35.159">
<failure message="login.spec.js:61:3 should show validation for invalid email format" type="FAILURE">
<![CDATA[  [mobile] › login.spec.js:61:3 › Login Functionality › should show validation for invalid email format 

    Test timeout of 30000ms exceeded.

    Error: locator.fill: Test timeout of 30000ms exceeded.
    Call log:
      - waiting for locator('#Email')
        - waiting for navigation to finish...


       at ..\page-objects\LoginPage.js:19

      17 |
      18 |   async login(email, password, rememberMe = false) {
    > 19 |     await this.emailInput.fill(email);
         |                           ^
      20 |     await this.passwordInput.fill(password);
      21 |     
      22 |     if (rememberMe) {
        at LoginPage.login (E:\Automate\page-objects\LoginPage.js:19:27)
        at E:\Automate\tests\login.spec.js:63:21

    attachment #1: screenshot (image/png) ──────────────────────────────────────────────────────────
    ..\test-results\login-Login-Functionality--9261b-on-for-invalid-email-format-mobile\test-failed-1.png
    ────────────────────────────────────────────────────────────────────────────────────────────────

    attachment #2: video (video/webm) ──────────────────────────────────────────────────────────────
    ..\test-results\login-Login-Functionality--9261b-on-for-invalid-email-format-mobile\video.webm
    ────────────────────────────────────────────────────────────────────────────────────────────────
]]>
</failure>
<system-out>
<![CDATA[
[[ATTACHMENT|test-results\login-Login-Functionality--9261b-on-for-invalid-email-format-mobile\test-failed-1.png]]

[[ATTACHMENT|test-results\login-Login-Functionality--9261b-on-for-invalid-email-format-mobile\video.webm]]
]]>
</system-out>
</testcase>
<testcase name="Login Functionality › should maintain login state after page refresh" classname="login.spec.js" time="13.759">
<failure message="login.spec.js:69:3 should maintain login state after page refresh" type="FAILURE">
<![CDATA[  [mobile] › login.spec.js:69:3 › Login Functionality › should maintain login state after page refresh 

    Error: Timed out 5000ms waiting for expect(locator).toBeVisible()

    Locator: locator('#Email')
    Expected: visible
    Received: <element(s) not found>
    Call log:
      - Expect "toBeVisible" with timeout 5000ms
      - waiting for locator('#Email')
        - waiting for navigation to finish...


      72 |     // For this test, we would need valid credentials
      73 |     // For demo purposes, we'll test the UI behavior
    > 74 |     await expect(loginPage.emailInput).toBeVisible();
         |                                        ^
      75 |     await expect(loginPage.passwordInput).toBeVisible();
      76 |     
      77 |     // Refresh page
        at E:\Automate\tests\login.spec.js:74:40

    attachment #1: screenshot (image/png) ──────────────────────────────────────────────────────────
    ..\test-results\login-Login-Functionality--aceaa-in-state-after-page-refresh-mobile\test-failed-1.png
    ────────────────────────────────────────────────────────────────────────────────────────────────

    attachment #2: video (video/webm) ──────────────────────────────────────────────────────────────
    ..\test-results\login-Login-Functionality--aceaa-in-state-after-page-refresh-mobile\video.webm
    ────────────────────────────────────────────────────────────────────────────────────────────────
]]>
</failure>
<system-out>
<![CDATA[
[[ATTACHMENT|test-results\login-Login-Functionality--aceaa-in-state-after-page-refresh-mobile\test-failed-1.png]]

[[ATTACHMENT|test-results\login-Login-Functionality--aceaa-in-state-after-page-refresh-mobile\video.webm]]
]]>
</system-out>
</testcase>
<testcase name="Login Functionality › should handle SQL injection attempts" classname="login.spec.js" time="35.169">
<failure message="login.spec.js:85:3 should handle SQL injection attempts" type="FAILURE">
<![CDATA[  [mobile] › login.spec.js:85:3 › Login Functionality › should handle SQL injection attempts ───────

    Test timeout of 30000ms exceeded.

    Error: locator.fill: Test timeout of 30000ms exceeded.
    Call log:
      - waiting for locator('#Email')
        - waiting for navigation to finish...


       at ..\page-objects\LoginPage.js:19

      17 |
      18 |   async login(email, password, rememberMe = false) {
    > 19 |     await this.emailInput.fill(email);
         |                           ^
      20 |     await this.passwordInput.fill(password);
      21 |     
      22 |     if (rememberMe) {
        at LoginPage.login (E:\Automate\page-objects\LoginPage.js:19:27)
        at E:\Automate\tests\login.spec.js:89:21

    attachment #1: screenshot (image/png) ──────────────────────────────────────────────────────────
    ..\test-results\login-Login-Functionality--7769e-ndle-SQL-injection-attempts-mobile\test-failed-1.png
    ────────────────────────────────────────────────────────────────────────────────────────────────

    attachment #2: video (video/webm) ──────────────────────────────────────────────────────────────
    ..\test-results\login-Login-Functionality--7769e-ndle-SQL-injection-attempts-mobile\video.webm
    ────────────────────────────────────────────────────────────────────────────────────────────────
]]>
</failure>
<system-out>
<![CDATA[
[[ATTACHMENT|test-results\login-Login-Functionality--7769e-ndle-SQL-injection-attempts-mobile\test-failed-1.png]]

[[ATTACHMENT|test-results\login-Login-Functionality--7769e-ndle-SQL-injection-attempts-mobile\video.webm]]
]]>
</system-out>
</testcase>
<testcase name="Login Functionality › should handle XSS attempts in login form" classname="login.spec.js" time="35.226">
<failure message="login.spec.js:95:3 should handle XSS attempts in login form" type="FAILURE">
<![CDATA[  [mobile] › login.spec.js:95:3 › Login Functionality › should handle XSS attempts in login form ───

    Test timeout of 30000ms exceeded.

    Error: locator.fill: Test timeout of 30000ms exceeded.
    Call log:
      - waiting for locator('#Email')
        - waiting for navigation to finish...


       at ..\page-objects\LoginPage.js:19

      17 |
      18 |   async login(email, password, rememberMe = false) {
    > 19 |     await this.emailInput.fill(email);
         |                           ^
      20 |     await this.passwordInput.fill(password);
      21 |     
      22 |     if (rememberMe) {
        at LoginPage.login (E:\Automate\page-objects\LoginPage.js:19:27)
        at E:\Automate\tests\login.spec.js:99:21

    attachment #1: screenshot (image/png) ──────────────────────────────────────────────────────────
    ..\test-results\login-Login-Functionality--448bc--XSS-attempts-in-login-form-mobile\test-failed-1.png
    ────────────────────────────────────────────────────────────────────────────────────────────────

    attachment #2: video (video/webm) ──────────────────────────────────────────────────────────────
    ..\test-results\login-Login-Functionality--448bc--XSS-attempts-in-login-form-mobile\video.webm
    ────────────────────────────────────────────────────────────────────────────────────────────────
]]>
</failure>
<system-out>
<![CDATA[
[[ATTACHMENT|test-results\login-Login-Functionality--448bc--XSS-attempts-in-login-form-mobile\test-failed-1.png]]

[[ATTACHMENT|test-results\login-Login-Functionality--448bc--XSS-attempts-in-login-form-mobile\video.webm]]
]]>
</system-out>
</testcase>
<testcase name="Login Functionality › should show proper error for non-existent user" classname="login.spec.js" time="35.204">
<failure message="login.spec.js:105:3 should show proper error for non-existent user" type="FAILURE">
<![CDATA[  [mobile] › login.spec.js:105:3 › Login Functionality › should show proper error for non-existent user 

    Test timeout of 30000ms exceeded.

    Error: locator.fill: Test timeout of 30000ms exceeded.
    Call log:
      - waiting for locator('#Email')
        - waiting for navigation to finish...


       at ..\page-objects\LoginPage.js:19

      17 |
      18 |   async login(email, password, rememberMe = false) {
    > 19 |     await this.emailInput.fill(email);
         |                           ^
      20 |     await this.passwordInput.fill(password);
      21 |     
      22 |     if (rememberMe) {
        at LoginPage.login (E:\Automate\page-objects\LoginPage.js:19:27)
        at E:\Automate\tests\login.spec.js:107:21

    attachment #1: screenshot (image/png) ──────────────────────────────────────────────────────────
    ..\test-results\login-Login-Functionality--0fa46-error-for-non-existent-user-mobile\test-failed-1.png
    ────────────────────────────────────────────────────────────────────────────────────────────────

    attachment #2: video (video/webm) ──────────────────────────────────────────────────────────────
    ..\test-results\login-Login-Functionality--0fa46-error-for-non-existent-user-mobile\video.webm
    ────────────────────────────────────────────────────────────────────────────────────────────────
]]>
</failure>
<system-out>
<![CDATA[
[[ATTACHMENT|test-results\login-Login-Functionality--0fa46-error-for-non-existent-user-mobile\test-failed-1.png]]

[[ATTACHMENT|test-results\login-Login-Functionality--0fa46-error-for-non-existent-user-mobile\video.webm]]
]]>
</system-out>
</testcase>
<testcase name="Login Functionality › should handle multiple login attempts" classname="login.spec.js" time="35.174">
<failure message="login.spec.js:113:3 should handle multiple login attempts" type="FAILURE">
<![CDATA[  [mobile] › login.spec.js:113:3 › Login Functionality › should handle multiple login attempts ─────

    Test timeout of 30000ms exceeded.

    Error: locator.fill: Test timeout of 30000ms exceeded.
    Call log:
      - waiting for locator('#Email')
        - waiting for navigation to finish...


       at ..\page-objects\LoginPage.js:19

      17 |
      18 |   async login(email, password, rememberMe = false) {
    > 19 |     await this.emailInput.fill(email);
         |                           ^
      20 |     await this.passwordInput.fill(password);
      21 |     
      22 |     if (rememberMe) {
        at LoginPage.login (E:\Automate\page-objects\LoginPage.js:19:27)
        at E:\Automate\tests\login.spec.js:118:23

    attachment #1: screenshot (image/png) ──────────────────────────────────────────────────────────
    ..\test-results\login-Login-Functionality--ed6b7-dle-multiple-login-attempts-mobile\test-failed-1.png
    ────────────────────────────────────────────────────────────────────────────────────────────────

    attachment #2: video (video/webm) ──────────────────────────────────────────────────────────────
    ..\test-results\login-Login-Functionality--ed6b7-dle-multiple-login-attempts-mobile\video.webm
    ────────────────────────────────────────────────────────────────────────────────────────────────
]]>
</failure>
<system-out>
<![CDATA[
[[ATTACHMENT|test-results\login-Login-Functionality--ed6b7-dle-multiple-login-attempts-mobile\test-failed-1.png]]

[[ATTACHMENT|test-results\login-Login-Functionality--ed6b7-dle-multiple-login-attempts-mobile\video.webm]]
]]>
</system-out>
</testcase>
<testcase name="Login Functionality › should redirect to intended page after login" classname="login.spec.js" time="2.229">
</testcase>
</testsuite>
<testsuite name="navigation.spec.js" timestamp="2025-07-15T18:27:52.044Z" hostname="mobile" tests="16" failures="10" skipped="0" time="139.281" errors="0">
<testcase name="Navigation and UI Elements › should display all main navigation elements" classname="navigation.spec.js" time="6.466">
<failure message="navigation.spec.js:13:3 should display all main navigation elements" type="FAILURE">
<![CDATA[  [mobile] › navigation.spec.js:13:3 › Navigation and UI Elements › should display all main navigation elements 

    Error: Timed out 5000ms waiting for expect(locator).toBeVisible()

    Locator: locator('.logo')
    Expected: visible
    Received: <element(s) not found>
    Call log:
      - Expect "toBeVisible" with timeout 5000ms
      - waiting for locator('.logo')


      13 |   test('should display all main navigation elements', async ({ page }) => {
      14 |     // Check header elements
    > 15 |     await expect(homePage.logo).toBeVisible();
         |                                 ^
      16 |     await expect(homePage.searchBox).toBeVisible();
      17 |     await expect(homePage.searchButton).toBeVisible();
      18 |     await expect(homePage.registerLink).toBeVisible();
        at E:\Automate\tests\navigation.spec.js:15:33

    attachment #1: screenshot (image/png) ──────────────────────────────────────────────────────────
    ..\test-results\navigation-Navigation-and--070aa-ll-main-navigation-elements-mobile\test-failed-1.png
    ────────────────────────────────────────────────────────────────────────────────────────────────

    attachment #2: video (video/webm) ──────────────────────────────────────────────────────────────
    ..\test-results\navigation-Navigation-and--070aa-ll-main-navigation-elements-mobile\video.webm
    ────────────────────────────────────────────────────────────────────────────────────────────────

    Error Context: ..\test-results\navigation-Navigation-and--070aa-ll-main-navigation-elements-mobile\error-context.md
]]>
</failure>
<system-out>
<![CDATA[
[[ATTACHMENT|test-results\navigation-Navigation-and--070aa-ll-main-navigation-elements-mobile\test-failed-1.png]]

[[ATTACHMENT|test-results\navigation-Navigation-and--070aa-ll-main-navigation-elements-mobile\video.webm]]

[[ATTACHMENT|test-results\navigation-Navigation-and--070aa-ll-main-navigation-elements-mobile\error-context.md]]
]]>
</system-out>
</testcase>
<testcase name="Navigation and UI Elements › should navigate to all main categories" classname="navigation.spec.js" time="30.307">
<failure message="navigation.spec.js:26:3 should navigate to all main categories" type="FAILURE">
<![CDATA[  [mobile] › navigation.spec.js:26:3 › Navigation and UI Elements › should navigate to all main categories 

    Test timeout of 30000ms exceeded.

    Error: locator.click: Test timeout of 30000ms exceeded.
    Call log:
      - waiting for locator('.top-menu a').first()
        - locator resolved to <a href="/computers">Computers </a>
      - attempting click action
        2 × waiting for element to be visible, enabled and stable
          - element is not visible
        - retrying click action
        - waiting 20ms
        2 × waiting for element to be visible, enabled and stable
          - element is not visible
        - retrying click action
          - waiting 100ms
        40 × waiting for element to be visible, enabled and stable
           - element is not visible
         - retrying click action
           - waiting 500ms
        - waiting for element to be visible, enabled and stable


      29 |     for (let i = 0; i < Math.min(categoryElements.length, 7); i++) {
      30 |       const categoryText = await categoryElements[i].textContent();
    > 31 |       await categoryElements[i].click();
         |                                 ^
      32 |       
      33 |       // Verify navigation
      34 |       await expect(page.locator('.category-title, .page-title')).toBeVisible();
        at E:\Automate\tests\navigation.spec.js:31:33

    attachment #1: screenshot (image/png) ──────────────────────────────────────────────────────────
    ..\test-results\navigation-Navigation-and--7ef3f-gate-to-all-main-categories-mobile\test-failed-1.png
    ────────────────────────────────────────────────────────────────────────────────────────────────

    attachment #2: video (video/webm) ──────────────────────────────────────────────────────────────
    ..\test-results\navigation-Navigation-and--7ef3f-gate-to-all-main-categories-mobile\video.webm
    ────────────────────────────────────────────────────────────────────────────────────────────────

    Error Context: ..\test-results\navigation-Navigation-and--7ef3f-gate-to-all-main-categories-mobile\error-context.md
]]>
</failure>
<system-out>
<![CDATA[
[[ATTACHMENT|test-results\navigation-Navigation-and--7ef3f-gate-to-all-main-categories-mobile\test-failed-1.png]]

[[ATTACHMENT|test-results\navigation-Navigation-and--7ef3f-gate-to-all-main-categories-mobile\video.webm]]

[[ATTACHMENT|test-results\navigation-Navigation-and--7ef3f-gate-to-all-main-categories-mobile\error-context.md]]
]]>
</system-out>
</testcase>
<testcase name="Navigation and UI Elements › should display footer information" classname="navigation.spec.js" time="2.491">
</testcase>
<testcase name="Navigation and UI Elements › should navigate to information pages" classname="navigation.spec.js" time="1.916">
<failure message="navigation.spec.js:50:3 should navigate to information pages" type="FAILURE">
<![CDATA[  [mobile] › navigation.spec.js:50:3 › Navigation and UI Elements › should navigate to information pages 

    Error: locator.isVisible: Error: strict mode violation: locator('text=News') resolved to 4 elements:
        1) <strong>News</strong> aka locator('#main').getByText('News', { exact: true })
        2) <a href="/news">View News Archive</a> aka getByRole('link', { name: 'View News Archive' })
        3) <a href="/news">News</a> aka locator('a').filter({ hasText: /^News$/ })
        4) <strong>Newsletter</strong> aka getByText('Newsletter')

    Call log:
        - checking visibility of locator('text=News')


      58 |     for (const link of infoLinks) {
      59 |       const linkElement = page.locator(link.selector);
    > 60 |       const linkExists = await linkElement.isVisible();
         |                                            ^
      61 |       
      62 |       if (linkExists) {
      63 |         await linkElement.click();
        at E:\Automate\tests\navigation.spec.js:60:44

    attachment #1: screenshot (image/png) ──────────────────────────────────────────────────────────
    ..\test-results\navigation-Navigation-and--f605b-vigate-to-information-pages-mobile\test-failed-1.png
    ────────────────────────────────────────────────────────────────────────────────────────────────

    attachment #2: video (video/webm) ──────────────────────────────────────────────────────────────
    ..\test-results\navigation-Navigation-and--f605b-vigate-to-information-pages-mobile\video.webm
    ────────────────────────────────────────────────────────────────────────────────────────────────

    Error Context: ..\test-results\navigation-Navigation-and--f605b-vigate-to-information-pages-mobile\error-context.md
]]>
</failure>
<system-out>
<![CDATA[
[[ATTACHMENT|test-results\navigation-Navigation-and--f605b-vigate-to-information-pages-mobile\test-failed-1.png]]

[[ATTACHMENT|test-results\navigation-Navigation-and--f605b-vigate-to-information-pages-mobile\video.webm]]

[[ATTACHMENT|test-results\navigation-Navigation-and--f605b-vigate-to-information-pages-mobile\error-context.md]]
]]>
</system-out>
</testcase>
<testcase name="Navigation and UI Elements › should display currency selector" classname="navigation.spec.js" time="7.588">
<failure message="navigation.spec.js:70:3 should display currency selector" type="FAILURE">
<![CDATA[  [mobile] › navigation.spec.js:70:3 › Navigation and UI Elements › should display currency selector 

    Error: Timed out 5000ms waiting for expect(locator).toBeVisible()

    Locator: locator('.currency-dropdown')
    Expected: visible
    Received: <element(s) not found>
    Call log:
      - Expect "toBeVisible" with timeout 5000ms
      - waiting for locator('.currency-dropdown')


      77 |       // Test currency selection
      78 |       await currencySelector.click();
    > 79 |       await expect(page.locator('.currency-dropdown')).toBeVisible();
         |                                                        ^
      80 |     }
      81 |   });
      82 |
        at E:\Automate\tests\navigation.spec.js:79:56

    attachment #1: screenshot (image/png) ──────────────────────────────────────────────────────────
    ..\test-results\navigation-Navigation-and--7a783-d-display-currency-selector-mobile\test-failed-1.png
    ────────────────────────────────────────────────────────────────────────────────────────────────

    attachment #2: video (video/webm) ──────────────────────────────────────────────────────────────
    ..\test-results\navigation-Navigation-and--7a783-d-display-currency-selector-mobile\video.webm
    ────────────────────────────────────────────────────────────────────────────────────────────────

    Error Context: ..\test-results\navigation-Navigation-and--7a783-d-display-currency-selector-mobile\error-context.md
]]>
</failure>
<system-out>
<![CDATA[
[[ATTACHMENT|test-results\navigation-Navigation-and--7a783-d-display-currency-selector-mobile\test-failed-1.png]]

[[ATTACHMENT|test-results\navigation-Navigation-and--7a783-d-display-currency-selector-mobile\video.webm]]

[[ATTACHMENT|test-results\navigation-Navigation-and--7a783-d-display-currency-selector-mobile\error-context.md]]
]]>
</system-out>
</testcase>
<testcase name="Navigation and UI Elements › should display language selector" classname="navigation.spec.js" time="2.51">
</testcase>
<testcase name="Navigation and UI Elements › should display recently viewed products" classname="navigation.spec.js" time="35.147">
<failure message="navigation.spec.js:92:3 should display recently viewed products" type="FAILURE">
<![CDATA[  [mobile] › navigation.spec.js:92:3 › Navigation and UI Elements › should display recently viewed products 

    Test timeout of 30000ms exceeded.

    attachment #1: screenshot (image/png) ──────────────────────────────────────────────────────────
    ..\test-results\navigation-Navigation-and--d8305-ay-recently-viewed-products-mobile\test-failed-1.png
    ────────────────────────────────────────────────────────────────────────────────────────────────

    attachment #2: video (video/webm) ──────────────────────────────────────────────────────────────
    ..\test-results\navigation-Navigation-and--d8305-ay-recently-viewed-products-mobile\video.webm
    ────────────────────────────────────────────────────────────────────────────────────────────────
]]>
</failure>
<system-out>
<![CDATA[
[[ATTACHMENT|test-results\navigation-Navigation-and--d8305-ay-recently-viewed-products-mobile\test-failed-1.png]]

[[ATTACHMENT|test-results\navigation-Navigation-and--d8305-ay-recently-viewed-products-mobile\video.webm]]
]]>
</system-out>
</testcase>
<testcase name="Navigation and UI Elements › should display featured products on homepage" classname="navigation.spec.js" time="2.012">
<failure message="navigation.spec.js:110:3 should display featured products on homepage" type="FAILURE">
<![CDATA[  [mobile] › navigation.spec.js:110:3 › Navigation and UI Elements › should display featured products on homepage 

    Error: locator._expect: expectedNumber: expected number, got object

      109 |
      110 |   test('should display featured products on homepage', async ({ page }) => {
    > 111 |     await expect(homePage.featuredProducts).toHaveCount({ min: 1 });
          |                                             ^
      112 |     
      113 |     // Check first featured product
      114 |     const firstProduct = homePage.featuredProducts.first();
        at E:\Automate\tests\navigation.spec.js:111:45

    attachment #1: screenshot (image/png) ──────────────────────────────────────────────────────────
    ..\test-results\navigation-Navigation-and--19699-atured-products-on-homepage-mobile\test-failed-1.png
    ────────────────────────────────────────────────────────────────────────────────────────────────

    attachment #2: video (video/webm) ──────────────────────────────────────────────────────────────
    ..\test-results\navigation-Navigation-and--19699-atured-products-on-homepage-mobile\video.webm
    ────────────────────────────────────────────────────────────────────────────────────────────────

    Error Context: ..\test-results\navigation-Navigation-and--19699-atured-products-on-homepage-mobile\error-context.md
]]>
</failure>
<system-out>
<![CDATA[
[[ATTACHMENT|test-results\navigation-Navigation-and--19699-atured-products-on-homepage-mobile\test-failed-1.png]]

[[ATTACHMENT|test-results\navigation-Navigation-and--19699-atured-products-on-homepage-mobile\video.webm]]

[[ATTACHMENT|test-results\navigation-Navigation-and--19699-atured-products-on-homepage-mobile\error-context.md]]
]]>
</system-out>
</testcase>
<testcase name="Navigation and UI Elements › should handle responsive design elements" classname="navigation.spec.js" time="1.823">
</testcase>
<testcase name="Navigation and UI Elements › should display social media links" classname="navigation.spec.js" time="2.208">
</testcase>
<testcase name="Navigation and UI Elements › should display newsletter signup" classname="navigation.spec.js" time="2.029">
</testcase>
<testcase name="Navigation and UI Elements › should handle breadcrumb navigation" classname="navigation.spec.js" time="2.125">
<failure message="navigation.spec.js:157:3 should handle breadcrumb navigation" type="FAILURE">
<![CDATA[  [mobile] › navigation.spec.js:157:3 › Navigation and UI Elements › should handle breadcrumb navigation 

    Error: locator.click: Error: strict mode violation: locator('.top-menu a').filter({ hasText: 'Computers' }) resolved to 2 elements:
        1) <a href="/computers">Computers </a> aka getByText('Computers').first()
        2) <a href="/computers">Computers </a> aka getByText('Computers').nth(1)

    Call log:
      - waiting for locator('.top-menu a').filter({ hasText: 'Computers' })


       at ..\page-objects\HomePage.js:24

      22 |
      23 |   async clickCategory(categoryName) {
    > 24 |     await this.categories.filter({ hasText: categoryName }).click();
         |                                                             ^
      25 |   }
      26 |
      27 |   async clickFeaturedProduct(index = 0) {
        at HomePage.clickCategory (E:\Automate\page-objects\HomePage.js:24:61)
        at E:\Automate\tests\navigation.spec.js:159:20

    attachment #1: screenshot (image/png) ──────────────────────────────────────────────────────────
    ..\test-results\navigation-Navigation-and--d9c4e-andle-breadcrumb-navigation-mobile\test-failed-1.png
    ────────────────────────────────────────────────────────────────────────────────────────────────

    attachment #2: video (video/webm) ──────────────────────────────────────────────────────────────
    ..\test-results\navigation-Navigation-and--d9c4e-andle-breadcrumb-navigation-mobile\video.webm
    ────────────────────────────────────────────────────────────────────────────────────────────────

    Error Context: ..\test-results\navigation-Navigation-and--d9c4e-andle-breadcrumb-navigation-mobile\error-context.md
]]>
</failure>
<system-out>
<![CDATA[
[[ATTACHMENT|test-results\navigation-Navigation-and--d9c4e-andle-breadcrumb-navigation-mobile\test-failed-1.png]]

[[ATTACHMENT|test-results\navigation-Navigation-and--d9c4e-andle-breadcrumb-navigation-mobile\video.webm]]

[[ATTACHMENT|test-results\navigation-Navigation-and--d9c4e-andle-breadcrumb-navigation-mobile\error-context.md]]
]]>
</system-out>
</testcase>
<testcase name="Navigation and UI Elements › should display page loading indicators" classname="navigation.spec.js" time="2.091">
<failure message="navigation.spec.js:174:3 should display page loading indicators" type="FAILURE">
<![CDATA[  [mobile] › navigation.spec.js:174:3 › Navigation and UI Elements › should display page loading indicators 

    Error: locator.click: Error: strict mode violation: locator('.top-menu a').filter({ hasText: 'Computers' }) resolved to 2 elements:
        1) <a href="/computers">Computers </a> aka getByText('Computers').first()
        2) <a href="/computers">Computers </a> aka getByText('Computers').nth(1)

    Call log:
      - waiting for locator('.top-menu a').filter({ hasText: 'Computers' })


       at ..\page-objects\HomePage.js:24

      22 |
      23 |   async clickCategory(categoryName) {
    > 24 |     await this.categories.filter({ hasText: categoryName }).click();
         |                                                             ^
      25 |   }
      26 |
      27 |   async clickFeaturedProduct(index = 0) {
        at HomePage.clickCategory (E:\Automate\page-objects\HomePage.js:24:61)
        at E:\Automate\tests\navigation.spec.js:176:20

    attachment #1: screenshot (image/png) ──────────────────────────────────────────────────────────
    ..\test-results\navigation-Navigation-and--8b733-lay-page-loading-indicators-mobile\test-failed-1.png
    ────────────────────────────────────────────────────────────────────────────────────────────────

    attachment #2: video (video/webm) ──────────────────────────────────────────────────────────────
    ..\test-results\navigation-Navigation-and--8b733-lay-page-loading-indicators-mobile\video.webm
    ────────────────────────────────────────────────────────────────────────────────────────────────

    Error Context: ..\test-results\navigation-Navigation-and--8b733-lay-page-loading-indicators-mobile\error-context.md
]]>
</failure>
<system-out>
<![CDATA[
[[ATTACHMENT|test-results\navigation-Navigation-and--8b733-lay-page-loading-indicators-mobile\test-failed-1.png]]

[[ATTACHMENT|test-results\navigation-Navigation-and--8b733-lay-page-loading-indicators-mobile\video.webm]]

[[ATTACHMENT|test-results\navigation-Navigation-and--8b733-lay-page-loading-indicators-mobile\error-context.md]]
]]>
</system-out>
</testcase>
<testcase name="Navigation and UI Elements › should handle search box autocomplete" classname="navigation.spec.js" time="3.335">
</testcase>
<testcase name="Navigation and UI Elements › should display mini shopping cart" classname="navigation.spec.js" time="35.15">
<failure message="navigation.spec.js:203:3 should display mini shopping cart" type="FAILURE">
<![CDATA[  [mobile] › navigation.spec.js:203:3 › Navigation and UI Elements › should display mini shopping cart 

    Test timeout of 30000ms exceeded.

    attachment #1: screenshot (image/png) ──────────────────────────────────────────────────────────
    ..\test-results\navigation-Navigation-and--a9659--display-mini-shopping-cart-mobile\test-failed-1.png
    ────────────────────────────────────────────────────────────────────────────────────────────────

    attachment #2: video (video/webm) ──────────────────────────────────────────────────────────────
    ..\test-results\navigation-Navigation-and--a9659--display-mini-shopping-cart-mobile\video.webm
    ────────────────────────────────────────────────────────────────────────────────────────────────
]]>
</failure>
<system-out>
<![CDATA[
[[ATTACHMENT|test-results\navigation-Navigation-and--a9659--display-mini-shopping-cart-mobile\test-failed-1.png]]

[[ATTACHMENT|test-results\navigation-Navigation-and--a9659--display-mini-shopping-cart-mobile\video.webm]]
]]>
</system-out>
</testcase>
<testcase name="Navigation and UI Elements › should display page title correctly" classname="navigation.spec.js" time="2.083">
<failure message="navigation.spec.js:218:3 should display page title correctly" type="FAILURE">
<![CDATA[  [mobile] › navigation.spec.js:218:3 › Navigation and UI Elements › should display page title correctly 

    Error: locator.click: Error: strict mode violation: locator('.top-menu a').filter({ hasText: 'Computers' }) resolved to 2 elements:
        1) <a href="/computers">Computers </a> aka getByText('Computers').first()
        2) <a href="/computers">Computers </a> aka getByText('Computers').nth(1)

    Call log:
      - waiting for locator('.top-menu a').filter({ hasText: 'Computers' })


       at ..\page-objects\HomePage.js:24

      22 |
      23 |   async clickCategory(categoryName) {
    > 24 |     await this.categories.filter({ hasText: categoryName }).click();
         |                                                             ^
      25 |   }
      26 |
      27 |   async clickFeaturedProduct(index = 0) {
        at HomePage.clickCategory (E:\Automate\page-objects\HomePage.js:24:61)
        at E:\Automate\tests\navigation.spec.js:223:20

    attachment #1: screenshot (image/png) ──────────────────────────────────────────────────────────
    ..\test-results\navigation-Navigation-and--b34ad-isplay-page-title-correctly-mobile\test-failed-1.png
    ────────────────────────────────────────────────────────────────────────────────────────────────

    attachment #2: video (video/webm) ──────────────────────────────────────────────────────────────
    ..\test-results\navigation-Navigation-and--b34ad-isplay-page-title-correctly-mobile\video.webm
    ────────────────────────────────────────────────────────────────────────────────────────────────

    Error Context: ..\test-results\navigation-Navigation-and--b34ad-isplay-page-title-correctly-mobile\error-context.md
]]>
</failure>
<system-out>
<![CDATA[
[[ATTACHMENT|test-results\navigation-Navigation-and--b34ad-isplay-page-title-correctly-mobile\test-failed-1.png]]

[[ATTACHMENT|test-results\navigation-Navigation-and--b34ad-isplay-page-title-correctly-mobile\video.webm]]

[[ATTACHMENT|test-results\navigation-Navigation-and--b34ad-isplay-page-title-correctly-mobile\error-context.md]]
]]>
</system-out>
</testcase>
</testsuite>
<testsuite name="product.spec.js" timestamp="2025-07-15T18:27:52.044Z" hostname="mobile" tests="9" failures="9" skipped="0" time="316.496" errors="0">
<testcase name="Product Management › should display product details correctly" classname="product.spec.js" time="35.158">
<failure message="product.spec.js:19:3 should display product details correctly" type="FAILURE">
<![CDATA[  [mobile] › product.spec.js:19:3 › Product Management › should display product details correctly ──

    Test timeout of 30000ms exceeded.

    attachment #1: screenshot (image/png) ──────────────────────────────────────────────────────────
    ..\test-results\product-Product-Management-d14b8-y-product-details-correctly-mobile\test-failed-1.png
    ────────────────────────────────────────────────────────────────────────────────────────────────

    attachment #2: video (video/webm) ──────────────────────────────────────────────────────────────
    ..\test-results\product-Product-Management-d14b8-y-product-details-correctly-mobile\video.webm
    ────────────────────────────────────────────────────────────────────────────────────────────────
]]>
</failure>
<system-out>
<![CDATA[
[[ATTACHMENT|test-results\product-Product-Management-d14b8-y-product-details-correctly-mobile\test-failed-1.png]]

[[ATTACHMENT|test-results\product-Product-Management-d14b8-y-product-details-correctly-mobile\video.webm]]
]]>
</system-out>
</testcase>
<testcase name="Product Management › should add single product to cart" classname="product.spec.js" time="35.144">
<failure message="product.spec.js:34:3 should add single product to cart" type="FAILURE">
<![CDATA[  [mobile] › product.spec.js:34:3 › Product Management › should add single product to cart ─────────

    Test timeout of 30000ms exceeded.

    attachment #1: screenshot (image/png) ──────────────────────────────────────────────────────────
    ..\test-results\product-Product-Management-should-add-single-product-to-cart-mobile\test-failed-1.png
    ────────────────────────────────────────────────────────────────────────────────────────────────

    attachment #2: video (video/webm) ──────────────────────────────────────────────────────────────
    ..\test-results\product-Product-Management-should-add-single-product-to-cart-mobile\video.webm
    ────────────────────────────────────────────────────────────────────────────────────────────────
]]>
</failure>
<system-out>
<![CDATA[
[[ATTACHMENT|test-results\product-Product-Management-should-add-single-product-to-cart-mobile\test-failed-1.png]]

[[ATTACHMENT|test-results\product-Product-Management-should-add-single-product-to-cart-mobile\video.webm]]
]]>
</system-out>
</testcase>
<testcase name="Product Management › should add multiple quantities to cart" classname="product.spec.js" time="35.158">
<failure message="product.spec.js:49:3 should add multiple quantities to cart" type="FAILURE">
<![CDATA[  [mobile] › product.spec.js:49:3 › Product Management › should add multiple quantities to cart ────

    Test timeout of 30000ms exceeded.

    attachment #1: screenshot (image/png) ──────────────────────────────────────────────────────────
    ..\test-results\product-Product-Management-74488-multiple-quantities-to-cart-mobile\test-failed-1.png
    ────────────────────────────────────────────────────────────────────────────────────────────────

    attachment #2: video (video/webm) ──────────────────────────────────────────────────────────────
    ..\test-results\product-Product-Management-74488-multiple-quantities-to-cart-mobile\video.webm
    ────────────────────────────────────────────────────────────────────────────────────────────────
]]>
</failure>
<system-out>
<![CDATA[
[[ATTACHMENT|test-results\product-Product-Management-74488-multiple-quantities-to-cart-mobile\test-failed-1.png]]

[[ATTACHMENT|test-results\product-Product-Management-74488-multiple-quantities-to-cart-mobile\video.webm]]
]]>
</system-out>
</testcase>
<testcase name="Product Management › should add product to wishlist" classname="product.spec.js" time="35.159">
<failure message="product.spec.js:63:3 should add product to wishlist" type="FAILURE">
<![CDATA[  [mobile] › product.spec.js:63:3 › Product Management › should add product to wishlist ────────────

    Test timeout of 30000ms exceeded.

    attachment #1: screenshot (image/png) ──────────────────────────────────────────────────────────
    ..\test-results\product-Product-Management-should-add-product-to-wishlist-mobile\test-failed-1.png
    ────────────────────────────────────────────────────────────────────────────────────────────────

    attachment #2: video (video/webm) ──────────────────────────────────────────────────────────────
    ..\test-results\product-Product-Management-should-add-product-to-wishlist-mobile\video.webm
    ────────────────────────────────────────────────────────────────────────────────────────────────
]]>
</failure>
<system-out>
<![CDATA[
[[ATTACHMENT|test-results\product-Product-Management-should-add-product-to-wishlist-mobile\test-failed-1.png]]

[[ATTACHMENT|test-results\product-Product-Management-should-add-product-to-wishlist-mobile\video.webm]]
]]>
</system-out>
</testcase>
<testcase name="Product Management › should add product to compare list" classname="product.spec.js" time="35.197">
<failure message="product.spec.js:74:3 should add product to compare list" type="FAILURE">
<![CDATA[  [mobile] › product.spec.js:74:3 › Product Management › should add product to compare list ────────

    Test timeout of 30000ms exceeded.

    attachment #1: screenshot (image/png) ──────────────────────────────────────────────────────────
    ..\test-results\product-Product-Management-2a233-add-product-to-compare-list-mobile\test-failed-1.png
    ────────────────────────────────────────────────────────────────────────────────────────────────

    attachment #2: video (video/webm) ──────────────────────────────────────────────────────────────
    ..\test-results\product-Product-Management-2a233-add-product-to-compare-list-mobile\video.webm
    ────────────────────────────────────────────────────────────────────────────────────────────────
]]>
</failure>
<system-out>
<![CDATA[
[[ATTACHMENT|test-results\product-Product-Management-2a233-add-product-to-compare-list-mobile\test-failed-1.png]]

[[ATTACHMENT|test-results\product-Product-Management-2a233-add-product-to-compare-list-mobile\video.webm]]
]]>
</system-out>
</testcase>
<testcase name="Product Management › should display product reviews section" classname="product.spec.js" time="35.18">
<failure message="product.spec.js:85:3 should display product reviews section" type="FAILURE">
<![CDATA[  [mobile] › product.spec.js:85:3 › Product Management › should display product reviews section ────

    Test timeout of 30000ms exceeded.

    attachment #1: screenshot (image/png) ──────────────────────────────────────────────────────────
    ..\test-results\product-Product-Management-6d03a-lay-product-reviews-section-mobile\test-failed-1.png
    ────────────────────────────────────────────────────────────────────────────────────────────────

    attachment #2: video (video/webm) ──────────────────────────────────────────────────────────────
    ..\test-results\product-Product-Management-6d03a-lay-product-reviews-section-mobile\video.webm
    ────────────────────────────────────────────────────────────────────────────────────────────────
]]>
</failure>
<system-out>
<![CDATA[
[[ATTACHMENT|test-results\product-Product-Management-6d03a-lay-product-reviews-section-mobile\test-failed-1.png]]

[[ATTACHMENT|test-results\product-Product-Management-6d03a-lay-product-reviews-section-mobile\video.webm]]
]]>
</system-out>
</testcase>
<testcase name="Product Management › should handle email to friend functionality" classname="product.spec.js" time="35.155">
<failure message="product.spec.js:93:3 should handle email to friend functionality" type="FAILURE">
<![CDATA[  [mobile] › product.spec.js:93:3 › Product Management › should handle email to friend functionality 

    Test timeout of 30000ms exceeded.

    attachment #1: screenshot (image/png) ──────────────────────────────────────────────────────────
    ..\test-results\product-Product-Management-49f55-ail-to-friend-functionality-mobile\test-failed-1.png
    ────────────────────────────────────────────────────────────────────────────────────────────────

    attachment #2: video (video/webm) ──────────────────────────────────────────────────────────────
    ..\test-results\product-Product-Management-49f55-ail-to-friend-functionality-mobile\video.webm
    ────────────────────────────────────────────────────────────────────────────────────────────────
]]>
</failure>
<system-out>
<![CDATA[
[[ATTACHMENT|test-results\product-Product-Management-49f55-ail-to-friend-functionality-mobile\test-failed-1.png]]

[[ATTACHMENT|test-results\product-Product-Management-49f55-ail-to-friend-functionality-mobile\video.webm]]
]]>
</system-out>
</testcase>
<testcase name="Product Management › should display product specifications" classname="product.spec.js" time="35.177">
<failure message="product.spec.js:103:3 should display product specifications" type="FAILURE">
<![CDATA[  [mobile] › product.spec.js:103:3 › Product Management › should display product specifications ────

    Test timeout of 30000ms exceeded.

    attachment #1: screenshot (image/png) ──────────────────────────────────────────────────────────
    ..\test-results\product-Product-Management-a3f77-play-product-specifications-mobile\test-failed-1.png
    ────────────────────────────────────────────────────────────────────────────────────────────────

    attachment #2: video (video/webm) ──────────────────────────────────────────────────────────────
    ..\test-results\product-Product-Management-a3f77-play-product-specifications-mobile\video.webm
    ────────────────────────────────────────────────────────────────────────────────────────────────
]]>
</failure>
<system-out>
<![CDATA[
[[ATTACHMENT|test-results\product-Product-Management-a3f77-play-product-specifications-mobile\test-failed-1.png]]

[[ATTACHMENT|test-results\product-Product-Management-a3f77-play-product-specifications-mobile\video.webm]]
]]>
</system-out>
</testcase>
<testcase name="Product Management › should handle out of stock products" classname="product.spec.js" time="35.168">
<failure message="product.spec.js:114:3 should handle out of stock products" type="FAILURE">
<![CDATA[  [mobile] › product.spec.js:114:3 › Product Management › should handle out of stock products ──────

    Test timeout of 30000ms exceeded.

    attachment #1: screenshot (image/png) ──────────────────────────────────────────────────────────
    ..\test-results\product-Product-Management-49a2b-andle-out-of-stock-products-mobile\test-failed-1.png
    ────────────────────────────────────────────────────────────────────────────────────────────────

    attachment #2: video (video/webm) ──────────────────────────────────────────────────────────────
    ..\test-results\product-Product-Management-49a2b-andle-out-of-stock-products-mobile\video.webm
    ────────────────────────────────────────────────────────────────────────────────────────────────
]]>
</failure>
<system-out>
<![CDATA[
[[ATTACHMENT|test-results\product-Product-Management-49a2b-andle-out-of-stock-products-mobile\test-failed-1.png]]

[[ATTACHMENT|test-results\product-Product-Management-49a2b-andle-out-of-stock-products-mobile\video.webm]]
]]>
</system-out>
</testcase>
</testsuite>
<testsuite name="registration.spec.js" timestamp="2025-07-15T18:27:52.044Z" hostname="mobile" tests="11" failures="9" skipped="0" time="277.678" errors="0">
<testcase name="User Registration › should display registration page elements" classname="registration.spec.js" time="14.269">
<failure message="registration.spec.js:13:3 should display registration page elements" type="FAILURE">
<![CDATA[  [mobile] › registration.spec.js:13:3 › User Registration › should display registration page elements 

    Error: Timed out 5000ms waiting for expect(page).toHaveTitle(expected)

    Expected pattern: /Register/
    Received string:  "Just a moment..."
    Call log:
      - Expect "toHaveTitle" with timeout 5000ms
        3 × unexpected value "Just a moment..."
        - waiting for navigation to finish...


      14 |     await homePage.navigateToRegister();
      15 |     
    > 16 |     await expect(page).toHaveTitle(/Register/);
         |                        ^
      17 |     await expect(page.locator('#FirstName')).toBeVisible();
      18 |     await expect(page.locator('#LastName')).toBeVisible();
      19 |     await expect(page.locator('#Email')).toBeVisible();
        at E:\Automate\tests\registration.spec.js:16:24

    attachment #1: screenshot (image/png) ──────────────────────────────────────────────────────────
    ..\test-results\registration-User-Registra-16b0d--registration-page-elements-mobile\test-failed-1.png
    ────────────────────────────────────────────────────────────────────────────────────────────────

    attachment #2: video (video/webm) ──────────────────────────────────────────────────────────────
    ..\test-results\registration-User-Registra-16b0d--registration-page-elements-mobile\video.webm
    ────────────────────────────────────────────────────────────────────────────────────────────────
]]>
</failure>
<system-out>
<![CDATA[
[[ATTACHMENT|test-results\registration-User-Registra-16b0d--registration-page-elements-mobile\test-failed-1.png]]

[[ATTACHMENT|test-results\registration-User-Registra-16b0d--registration-page-elements-mobile\video.webm]]
]]>
</system-out>
</testcase>
<testcase name="User Registration › should show validation errors for empty fields" classname="registration.spec.js" time="35.174">
<failure message="registration.spec.js:25:3 should show validation errors for empty fields" type="FAILURE">
<![CDATA[  [mobile] › registration.spec.js:25:3 › User Registration › should show validation errors for empty fields 

    Test timeout of 30000ms exceeded.

    attachment #1: screenshot (image/png) ──────────────────────────────────────────────────────────
    ..\test-results\registration-User-Registra-b47b0-ion-errors-for-empty-fields-mobile\test-failed-1.png
    ────────────────────────────────────────────────────────────────────────────────────────────────

    attachment #2: video (video/webm) ──────────────────────────────────────────────────────────────
    ..\test-results\registration-User-Registra-b47b0-ion-errors-for-empty-fields-mobile\video.webm
    ────────────────────────────────────────────────────────────────────────────────────────────────
]]>
</failure>
<system-out>
<![CDATA[
[[ATTACHMENT|test-results\registration-User-Registra-b47b0-ion-errors-for-empty-fields-mobile\test-failed-1.png]]

[[ATTACHMENT|test-results\registration-User-Registra-b47b0-ion-errors-for-empty-fields-mobile\video.webm]]
]]>
</system-out>
</testcase>
<testcase name="User Registration › should complete successful registration" classname="registration.spec.js" time="35.169">
<failure message="registration.spec.js:33:3 should complete successful registration" type="FAILURE">
<![CDATA[  [mobile] › registration.spec.js:33:3 › User Registration › should complete successful registration 

    Test timeout of 30000ms exceeded.

    Error: locator.fill: Test timeout of 30000ms exceeded.
    Call log:
      - waiting for locator('#FirstName')
        - waiting for navigation to finish...


      35 |     
      36 |     // Fill registration form
    > 37 |     await page.locator('#FirstName').fill(testData.newUser.firstName);
         |                                      ^
      38 |     await page.locator('#LastName').fill(testData.newUser.lastName);
      39 |     await page.locator('#Email').fill(testData.newUser.email);
      40 |     await page.locator('#Password').fill(testData.newUser.password);
        at E:\Automate\tests\registration.spec.js:37:38

    attachment #1: screenshot (image/png) ──────────────────────────────────────────────────────────
    ..\test-results\registration-User-Registra-256fb-ete-successful-registration-mobile\test-failed-1.png
    ────────────────────────────────────────────────────────────────────────────────────────────────

    attachment #2: video (video/webm) ──────────────────────────────────────────────────────────────
    ..\test-results\registration-User-Registra-256fb-ete-successful-registration-mobile\video.webm
    ────────────────────────────────────────────────────────────────────────────────────────────────
]]>
</failure>
<system-out>
<![CDATA[
[[ATTACHMENT|test-results\registration-User-Registra-256fb-ete-successful-registration-mobile\test-failed-1.png]]

[[ATTACHMENT|test-results\registration-User-Registra-256fb-ete-successful-registration-mobile\video.webm]]
]]>
</system-out>
</testcase>
<testcase name="User Registration › should validate password confirmation" classname="registration.spec.js" time="35.18">
<failure message="registration.spec.js:50:3 should validate password confirmation" type="FAILURE">
<![CDATA[  [mobile] › registration.spec.js:50:3 › User Registration › should validate password confirmation ─

    Test timeout of 30000ms exceeded.

    Error: locator.fill: Test timeout of 30000ms exceeded.
    Call log:
      - waiting for locator('#FirstName')
        - waiting for navigation to finish...


      51 |     await homePage.navigateToRegister();
      52 |     
    > 53 |     await page.locator('#FirstName').fill(testData.newUser.firstName);
         |                                      ^
      54 |     await page.locator('#LastName').fill(testData.newUser.lastName);
      55 |     await page.locator('#Email').fill(testData.newUser.email);
      56 |     await page.locator('#Password').fill(testData.newUser.password);
        at E:\Automate\tests\registration.spec.js:53:38

    attachment #1: screenshot (image/png) ──────────────────────────────────────────────────────────
    ..\test-results\registration-User-Registra-4f240-idate-password-confirmation-mobile\test-failed-1.png
    ────────────────────────────────────────────────────────────────────────────────────────────────

    attachment #2: video (video/webm) ──────────────────────────────────────────────────────────────
    ..\test-results\registration-User-Registra-4f240-idate-password-confirmation-mobile\video.webm
    ────────────────────────────────────────────────────────────────────────────────────────────────
]]>
</failure>
<system-out>
<![CDATA[
[[ATTACHMENT|test-results\registration-User-Registra-4f240-idate-password-confirmation-mobile\test-failed-1.png]]

[[ATTACHMENT|test-results\registration-User-Registra-4f240-idate-password-confirmation-mobile\video.webm]]
]]>
</system-out>
</testcase>
<testcase name="User Registration › should validate email format" classname="registration.spec.js" time="35.182">
<failure message="registration.spec.js:65:3 should validate email format" type="FAILURE">
<![CDATA[  [mobile] › registration.spec.js:65:3 › User Registration › should validate email format ──────────

    Test timeout of 30000ms exceeded.

    Error: locator.fill: Test timeout of 30000ms exceeded.
    Call log:
      - waiting for locator('#FirstName')
        - waiting for navigation to finish...


      66 |     await homePage.navigateToRegister();
      67 |     
    > 68 |     await page.locator('#FirstName').fill(testData.newUser.firstName);
         |                                      ^
      69 |     await page.locator('#LastName').fill(testData.newUser.lastName);
      70 |     await page.locator('#Email').fill('invalid-email');
      71 |     await page.locator('#Password').fill(testData.newUser.password);
        at E:\Automate\tests\registration.spec.js:68:38

    attachment #1: screenshot (image/png) ──────────────────────────────────────────────────────────
    ..\test-results\registration-User-Registration-should-validate-email-format-mobile\test-failed-1.png
    ────────────────────────────────────────────────────────────────────────────────────────────────

    attachment #2: video (video/webm) ──────────────────────────────────────────────────────────────
    ..\test-results\registration-User-Registration-should-validate-email-format-mobile\video.webm
    ────────────────────────────────────────────────────────────────────────────────────────────────
]]>
</failure>
<system-out>
<![CDATA[
[[ATTACHMENT|test-results\registration-User-Registration-should-validate-email-format-mobile\test-failed-1.png]]

[[ATTACHMENT|test-results\registration-User-Registration-should-validate-email-format-mobile\video.webm]]
]]>
</system-out>
</testcase>
<testcase name="User Registration › should validate password strength" classname="registration.spec.js" time="35.212">
<failure message="registration.spec.js:80:3 should validate password strength" type="FAILURE">
<![CDATA[  [mobile] › registration.spec.js:80:3 › User Registration › should validate password strength ─────

    Test timeout of 30000ms exceeded.

    Error: locator.fill: Test timeout of 30000ms exceeded.
    Call log:
      - waiting for locator('#FirstName')
        - waiting for navigation to finish...


      81 |     await homePage.navigateToRegister();
      82 |     
    > 83 |     await page.locator('#FirstName').fill(testData.newUser.firstName);
         |                                      ^
      84 |     await page.locator('#LastName').fill(testData.newUser.lastName);
      85 |     await page.locator('#Email').fill(testData.newUser.email);
      86 |     await page.locator('#Password').fill('weak');
        at E:\Automate\tests\registration.spec.js:83:38

    attachment #1: screenshot (image/png) ──────────────────────────────────────────────────────────
    ..\test-results\registration-User-Registra-cd520--validate-password-strength-mobile\test-failed-1.png
    ────────────────────────────────────────────────────────────────────────────────────────────────

    attachment #2: video (video/webm) ──────────────────────────────────────────────────────────────
    ..\test-results\registration-User-Registra-cd520--validate-password-strength-mobile\video.webm
    ────────────────────────────────────────────────────────────────────────────────────────────────
]]>
</failure>
<system-out>
<![CDATA[
[[ATTACHMENT|test-results\registration-User-Registra-cd520--validate-password-strength-mobile\test-failed-1.png]]

[[ATTACHMENT|test-results\registration-User-Registra-cd520--validate-password-strength-mobile\video.webm]]
]]>
</system-out>
</testcase>
<testcase name="User Registration › should handle existing email registration" classname="registration.spec.js" time="35.182">
<failure message="registration.spec.js:95:3 should handle existing email registration" type="FAILURE">
<![CDATA[  [mobile] › registration.spec.js:95:3 › User Registration › should handle existing email registration 

    Test timeout of 30000ms exceeded.

    Error: locator.fill: Test timeout of 30000ms exceeded.
    Call log:
      - waiting for locator('#FirstName')
        - waiting for navigation to finish...


       97 |     
       98 |     // Try to register with existing email
    >  99 |     await page.locator('#FirstName').fill(testData.newUser.firstName);
          |                                      ^
      100 |     await page.locator('#LastName').fill(testData.newUser.lastName);
      101 |     await page.locator('#Email').fill(testData.validUser.email);
      102 |     await page.locator('#Password').fill(testData.newUser.password);
        at E:\Automate\tests\registration.spec.js:99:38

    attachment #1: screenshot (image/png) ──────────────────────────────────────────────────────────
    ..\test-results\registration-User-Registra-68ac2-existing-email-registration-mobile\test-failed-1.png
    ────────────────────────────────────────────────────────────────────────────────────────────────

    attachment #2: video (video/webm) ──────────────────────────────────────────────────────────────
    ..\test-results\registration-User-Registra-68ac2-existing-email-registration-mobile\video.webm
    ────────────────────────────────────────────────────────────────────────────────────────────────
]]>
</failure>
<system-out>
<![CDATA[
[[ATTACHMENT|test-results\registration-User-Registra-68ac2-existing-email-registration-mobile\test-failed-1.png]]

[[ATTACHMENT|test-results\registration-User-Registra-68ac2-existing-email-registration-mobile\video.webm]]
]]>
</system-out>
</testcase>
<testcase name="User Registration › should handle optional fields" classname="registration.spec.js" time="35.179">
<failure message="registration.spec.js:111:3 should handle optional fields" type="FAILURE">
<![CDATA[  [mobile] › registration.spec.js:111:3 › User Registration › should handle optional fields ────────

    Test timeout of 30000ms exceeded.

    Error: locator.fill: Test timeout of 30000ms exceeded.
    Call log:
      - waiting for locator('#FirstName')
        - waiting for navigation to finish...


      136 |     
      137 |     // Fill required fields
    > 138 |     await page.locator('#FirstName').fill(testData.newUser.firstName);
          |                                      ^
      139 |     await page.locator('#LastName').fill(testData.newUser.lastName);
      140 |     await page.locator('#Email').fill(testData.newUser.email);
      141 |     await page.locator('#Password').fill(testData.newUser.password);
        at E:\Automate\tests\registration.spec.js:138:38

    attachment #1: screenshot (image/png) ──────────────────────────────────────────────────────────
    ..\test-results\registration-User-Registration-should-handle-optional-fields-mobile\test-failed-1.png
    ────────────────────────────────────────────────────────────────────────────────────────────────

    attachment #2: video (video/webm) ──────────────────────────────────────────────────────────────
    ..\test-results\registration-User-Registration-should-handle-optional-fields-mobile\video.webm
    ────────────────────────────────────────────────────────────────────────────────────────────────
]]>
</failure>
<system-out>
<![CDATA[
[[ATTACHMENT|test-results\registration-User-Registration-should-handle-optional-fields-mobile\test-failed-1.png]]

[[ATTACHMENT|test-results\registration-User-Registration-should-handle-optional-fields-mobile\video.webm]]
]]>
</system-out>
</testcase>
<testcase name="User Registration › should validate required field marking" classname="registration.spec.js" time="12.196">
<failure message="registration.spec.js:150:3 should validate required field marking" type="FAILURE">
<![CDATA[  [mobile] › registration.spec.js:150:3 › User Registration › should validate required field marking 

    Error: Timed out 5000ms waiting for expect(locator).toContainText(expected)

    Locator: locator('label[for="FirstName"]')
    Expected string: "*"
    Received: <element(s) not found>
    Call log:
      - Expect "toContainText" with timeout 5000ms
      - waiting for locator('label[for="FirstName"]')
        - waiting for navigation to finish...


      152 |     
      153 |     // Check if required fields are marked with asterisk
    > 154 |     await expect(page.locator('label[for="FirstName"]')).toContainText('*');
          |                                                          ^
      155 |     await expect(page.locator('label[for="LastName"]')).toContainText('*');
      156 |     await expect(page.locator('label[for="Email"]')).toContainText('*');
      157 |     await expect(page.locator('label[for="Password"]')).toContainText('*');
        at E:\Automate\tests\registration.spec.js:154:58

    attachment #1: screenshot (image/png) ──────────────────────────────────────────────────────────
    ..\test-results\registration-User-Registra-f8790-date-required-field-marking-mobile\test-failed-1.png
    ────────────────────────────────────────────────────────────────────────────────────────────────

    attachment #2: video (video/webm) ──────────────────────────────────────────────────────────────
    ..\test-results\registration-User-Registra-f8790-date-required-field-marking-mobile\video.webm
    ────────────────────────────────────────────────────────────────────────────────────────────────
]]>
</failure>
<system-out>
<![CDATA[
[[ATTACHMENT|test-results\registration-User-Registra-f8790-date-required-field-marking-mobile\test-failed-1.png]]

[[ATTACHMENT|test-results\registration-User-Registra-f8790-date-required-field-marking-mobile\video.webm]]
]]>
</system-out>
</testcase>
<testcase name="User Registration › should handle terms and conditions" classname="registration.spec.js" time="2.599">
</testcase>
<testcase name="User Registration › should handle privacy policy link" classname="registration.spec.js" time="2.336">
</testcase>
</testsuite>
<testsuite name="search-enhanced.spec.js" timestamp="2025-07-15T18:27:52.044Z" hostname="mobile" tests="15" failures="8" skipped="0" time="204.892" errors="0">
<testcase name="Enhanced Search Functionality › should search with multiple valid terms" classname="search-enhanced.spec.js" time="13.889">
<failure message="search-enhanced.spec.js:13:3 should search with multiple valid terms" type="FAILURE">
<![CDATA[  [mobile] › search-enhanced.spec.js:13:3 › Enhanced Search Functionality › should search with multiple valid terms 

    Error: Timed out 5000ms waiting for expect(locator).toBeVisible()

    Locator: locator('.search-results')
    Expected: visible
    Received: <element(s) not found>
    Call log:
      - Expect "toBeVisible" with timeout 5000ms
      - waiting for locator('.search-results')
        - waiting for navigation to finish...


      15 |       await homePage.search(term);
      16 |       await expect(page).toHaveURL(/.*search/);
    > 17 |       await expect(page.locator('.search-results')).toBeVisible();
         |                                                     ^
      18 |       await homePage.goto();
      19 |     }
      20 |   });
        at E:\Automate\tests\search-enhanced.spec.js:17:53

    attachment #1: screenshot (image/png) ──────────────────────────────────────────────────────────
    ..\test-results\search-enhanced-Enhanced-S-c4837-h-with-multiple-valid-terms-mobile\test-failed-1.png
    ────────────────────────────────────────────────────────────────────────────────────────────────

    attachment #2: video (video/webm) ──────────────────────────────────────────────────────────────
    ..\test-results\search-enhanced-Enhanced-S-c4837-h-with-multiple-valid-terms-mobile\video.webm
    ────────────────────────────────────────────────────────────────────────────────────────────────
]]>
</failure>
<system-out>
<![CDATA[
[[ATTACHMENT|test-results\search-enhanced-Enhanced-S-c4837-h-with-multiple-valid-terms-mobile\test-failed-1.png]]

[[ATTACHMENT|test-results\search-enhanced-Enhanced-S-c4837-h-with-multiple-valid-terms-mobile\video.webm]]
]]>
</system-out>
</testcase>
<testcase name="Enhanced Search Functionality › should handle case-insensitive search" classname="search-enhanced.spec.js" time="35.143">
<failure message="search-enhanced.spec.js:22:3 should handle case-insensitive search" type="FAILURE">
<![CDATA[  [mobile] › search-enhanced.spec.js:22:3 › Enhanced Search Functionality › should handle case-insensitive search 

    Test timeout of 30000ms exceeded.

    Error: locator.fill: Test timeout of 30000ms exceeded.
    Call log:
      - waiting for locator('#small-searchterms')
        - waiting for navigation to finish...


       at ..\page-objects\HomePage.js:19

      17 |
      18 |   async search(searchTerm) {
    > 19 |     await this.searchBox.fill(searchTerm);
         |                          ^
      20 |     await this.searchButton.click();
      21 |   }
      22 |
        at HomePage.search (E:\Automate\page-objects\HomePage.js:19:26)
        at E:\Automate\tests\search-enhanced.spec.js:31:20

    attachment #1: screenshot (image/png) ──────────────────────────────────────────────────────────
    ..\test-results\search-enhanced-Enhanced-S-740e5-dle-case-insensitive-search-mobile\test-failed-1.png
    ────────────────────────────────────────────────────────────────────────────────────────────────

    attachment #2: video (video/webm) ──────────────────────────────────────────────────────────────
    ..\test-results\search-enhanced-Enhanced-S-740e5-dle-case-insensitive-search-mobile\video.webm
    ────────────────────────────────────────────────────────────────────────────────────────────────
]]>
</failure>
<system-out>
<![CDATA[
[[ATTACHMENT|test-results\search-enhanced-Enhanced-S-740e5-dle-case-insensitive-search-mobile\test-failed-1.png]]

[[ATTACHMENT|test-results\search-enhanced-Enhanced-S-740e5-dle-case-insensitive-search-mobile\video.webm]]
]]>
</system-out>
</testcase>
<testcase name="Enhanced Search Functionality › should search with special characters" classname="search-enhanced.spec.js" time="35.159">
<failure message="search-enhanced.spec.js:35:3 should search with special characters" type="FAILURE">
<![CDATA[  [mobile] › search-enhanced.spec.js:35:3 › Enhanced Search Functionality › should search with special characters 

    Test timeout of 30000ms exceeded.

    Error: locator.fill: Test timeout of 30000ms exceeded.
    Call log:
      - waiting for locator('#small-searchterms')
        - waiting for navigation to finish...


       at ..\page-objects\HomePage.js:19

      17 |
      18 |   async search(searchTerm) {
    > 19 |     await this.searchBox.fill(searchTerm);
         |                          ^
      20 |     await this.searchButton.click();
      21 |   }
      22 |
        at HomePage.search (E:\Automate\page-objects\HomePage.js:19:26)
        at E:\Automate\tests\search-enhanced.spec.js:39:22

    attachment #1: screenshot (image/png) ──────────────────────────────────────────────────────────
    ..\test-results\search-enhanced-Enhanced-S-f1630-rch-with-special-characters-mobile\test-failed-1.png
    ────────────────────────────────────────────────────────────────────────────────────────────────

    attachment #2: video (video/webm) ──────────────────────────────────────────────────────────────
    ..\test-results\search-enhanced-Enhanced-S-f1630-rch-with-special-characters-mobile\video.webm
    ────────────────────────────────────────────────────────────────────────────────────────────────
]]>
</failure>
<system-out>
<![CDATA[
[[ATTACHMENT|test-results\search-enhanced-Enhanced-S-f1630-rch-with-special-characters-mobile\test-failed-1.png]]

[[ATTACHMENT|test-results\search-enhanced-Enhanced-S-f1630-rch-with-special-characters-mobile\video.webm]]
]]>
</system-out>
</testcase>
<testcase name="Enhanced Search Functionality › should handle very long search terms" classname="search-enhanced.spec.js" time="2.627">
</testcase>
<testcase name="Enhanced Search Functionality › should handle search with numbers" classname="search-enhanced.spec.js" time="35.13">
<failure message="search-enhanced.spec.js:51:3 should handle search with numbers" type="FAILURE">
<![CDATA[  [mobile] › search-enhanced.spec.js:51:3 › Enhanced Search Functionality › should handle search with numbers 

    Test timeout of 30000ms exceeded.

    Error: locator.fill: Test timeout of 30000ms exceeded.
    Call log:
      - waiting for locator('#small-searchterms')
        - waiting for navigation to finish...


       at ..\page-objects\HomePage.js:19

      17 |
      18 |   async search(searchTerm) {
    > 19 |     await this.searchBox.fill(searchTerm);
         |                          ^
      20 |     await this.searchButton.click();
      21 |   }
      22 |
        at HomePage.search (E:\Automate\page-objects\HomePage.js:19:26)
        at E:\Automate\tests\search-enhanced.spec.js:55:22

    attachment #1: screenshot (image/png) ──────────────────────────────────────────────────────────
    ..\test-results\search-enhanced-Enhanced-S-33391--handle-search-with-numbers-mobile\test-failed-1.png
    ────────────────────────────────────────────────────────────────────────────────────────────────

    attachment #2: video (video/webm) ──────────────────────────────────────────────────────────────
    ..\test-results\search-enhanced-Enhanced-S-33391--handle-search-with-numbers-mobile\video.webm
    ────────────────────────────────────────────────────────────────────────────────────────────────
]]>
</failure>
<system-out>
<![CDATA[
[[ATTACHMENT|test-results\search-enhanced-Enhanced-S-33391--handle-search-with-numbers-mobile\test-failed-1.png]]

[[ATTACHMENT|test-results\search-enhanced-Enhanced-S-33391--handle-search-with-numbers-mobile\video.webm]]
]]>
</system-out>
</testcase>
<testcase name="Enhanced Search Functionality › should display search results count" classname="search-enhanced.spec.js" time="12.734">
<failure message="search-enhanced.spec.js:61:3 should display search results count" type="FAILURE">
<![CDATA[  [mobile] › search-enhanced.spec.js:61:3 › Enhanced Search Functionality › should display search results count 

    Error: Timed out 5000ms waiting for expect(locator).toBeVisible()

    Locator: locator('.search-results-info, .pager-info')
    Expected: visible
    Received: <element(s) not found>
    Call log:
      - Expect "toBeVisible" with timeout 5000ms
      - waiting for locator('.search-results-info, .pager-info')
        - waiting for navigation to finish...


      64 |     // Check if search results count is displayed
      65 |     const resultsInfo = page.locator('.search-results-info, .pager-info');
    > 66 |     await expect(resultsInfo).toBeVisible();
         |                               ^
      67 |   });
      68 |
      69 |   test('should search using Enter key', async ({ page }) => {
        at E:\Automate\tests\search-enhanced.spec.js:66:31

    attachment #1: screenshot (image/png) ──────────────────────────────────────────────────────────
    ..\test-results\search-enhanced-Enhanced-S-ba60d-isplay-search-results-count-mobile\test-failed-1.png
    ────────────────────────────────────────────────────────────────────────────────────────────────

    attachment #2: video (video/webm) ──────────────────────────────────────────────────────────────
    ..\test-results\search-enhanced-Enhanced-S-ba60d-isplay-search-results-count-mobile\video.webm
    ────────────────────────────────────────────────────────────────────────────────────────────────
]]>
</failure>
<system-out>
<![CDATA[
[[ATTACHMENT|test-results\search-enhanced-Enhanced-S-ba60d-isplay-search-results-count-mobile\test-failed-1.png]]

[[ATTACHMENT|test-results\search-enhanced-Enhanced-S-ba60d-isplay-search-results-count-mobile\video.webm]]
]]>
</system-out>
</testcase>
<testcase name="Enhanced Search Functionality › should search using Enter key" classname="search-enhanced.spec.js" time="2.705">
</testcase>
<testcase name="Enhanced Search Functionality › should maintain search term in search box after search" classname="search-enhanced.spec.js" time="12.121">
<failure message="search-enhanced.spec.js:76:3 should maintain search term in search box after search" type="FAILURE">
<![CDATA[  [mobile] › search-enhanced.spec.js:76:3 › Enhanced Search Functionality › should maintain search term in search box after search 

    Error: Timed out 5000ms waiting for expect(locator).toHaveValue(expected)

    Locator: locator('#small-searchterms')
    Expected string: "laptop"
    Received: <element(s) not found>
    Call log:
      - Expect "toHaveValue" with timeout 5000ms
      - waiting for locator('#small-searchterms')
        - waiting for navigation to finish...


      79 |     
      80 |     // Verify search term is still in search box
    > 81 |     await expect(page.locator('#small-searchterms')).toHaveValue(searchTerm);
         |                                                      ^
      82 |   });
      83 |
      84 |   test('should handle empty search gracefully', async ({ page }) => {
        at E:\Automate\tests\search-enhanced.spec.js:81:54

    attachment #1: screenshot (image/png) ──────────────────────────────────────────────────────────
    ..\test-results\search-enhanced-Enhanced-S-8849e--in-search-box-after-search-mobile\test-failed-1.png
    ────────────────────────────────────────────────────────────────────────────────────────────────

    attachment #2: video (video/webm) ──────────────────────────────────────────────────────────────
    ..\test-results\search-enhanced-Enhanced-S-8849e--in-search-box-after-search-mobile\video.webm
    ────────────────────────────────────────────────────────────────────────────────────────────────
]]>
</failure>
<system-out>
<![CDATA[
[[ATTACHMENT|test-results\search-enhanced-Enhanced-S-8849e--in-search-box-after-search-mobile\test-failed-1.png]]

[[ATTACHMENT|test-results\search-enhanced-Enhanced-S-8849e--in-search-box-after-search-mobile\video.webm]]
]]>
</system-out>
</testcase>
<testcase name="Enhanced Search Functionality › should handle empty search gracefully" classname="search-enhanced.spec.js" time="7.648">
<failure message="search-enhanced.spec.js:84:3 should handle empty search gracefully" type="FAILURE">
<![CDATA[  [mobile] › search-enhanced.spec.js:84:3 › Enhanced Search Functionality › should handle empty search gracefully 

    Error: Timed out 5000ms waiting for expect(page).toHaveURL(expected)

    Expected pattern: /.*search/
    Received string:  "https://demo.nopcommerce.com/"
    Call log:
      - Expect "toHaveURL" with timeout 5000ms
        9 × unexpected value "https://demo.nopcommerce.com/"


      86 |     
      87 |     // Should handle empty search appropriately
    > 88 |     await expect(page).toHaveURL(/.*search/);
         |                        ^
      89 |   });
      90 |
      91 |   test('should search from different pages', async ({ page }) => {
        at E:\Automate\tests\search-enhanced.spec.js:88:24

    attachment #1: screenshot (image/png) ──────────────────────────────────────────────────────────
    ..\test-results\search-enhanced-Enhanced-S-7a8bc-dle-empty-search-gracefully-mobile\test-failed-1.png
    ────────────────────────────────────────────────────────────────────────────────────────────────

    attachment #2: video (video/webm) ──────────────────────────────────────────────────────────────
    ..\test-results\search-enhanced-Enhanced-S-7a8bc-dle-empty-search-gracefully-mobile\video.webm
    ────────────────────────────────────────────────────────────────────────────────────────────────

    Error Context: ..\test-results\search-enhanced-Enhanced-S-7a8bc-dle-empty-search-gracefully-mobile\error-context.md
]]>
</failure>
<system-out>
<![CDATA[
[[ATTACHMENT|test-results\search-enhanced-Enhanced-S-7a8bc-dle-empty-search-gracefully-mobile\test-failed-1.png]]

[[ATTACHMENT|test-results\search-enhanced-Enhanced-S-7a8bc-dle-empty-search-gracefully-mobile\video.webm]]

[[ATTACHMENT|test-results\search-enhanced-Enhanced-S-7a8bc-dle-empty-search-gracefully-mobile\error-context.md]]
]]>
</system-out>
</testcase>
<testcase name="Enhanced Search Functionality › should search from different pages" classname="search-enhanced.spec.js" time="35.148">
<failure message="search-enhanced.spec.js:91:3 should search from different pages" type="FAILURE">
<![CDATA[  [mobile] › search-enhanced.spec.js:91:3 › Enhanced Search Functionality › should search from different pages 

    Test timeout of 30000ms exceeded.

    Error: locator.fill: Test timeout of 30000ms exceeded.
    Call log:
      - waiting for locator('#small-searchterms')
        - waiting for navigation to finish...


       at ..\page-objects\HomePage.js:19

      17 |
      18 |   async search(searchTerm) {
    > 19 |     await this.searchBox.fill(searchTerm);
         |                          ^
      20 |     await this.searchButton.click();
      21 |   }
      22 |
        at HomePage.search (E:\Automate\page-objects\HomePage.js:19:26)
        at E:\Automate\tests\search-enhanced.spec.js:96:20

    attachment #1: screenshot (image/png) ──────────────────────────────────────────────────────────
    ..\test-results\search-enhanced-Enhanced-S-e1be5-search-from-different-pages-mobile\test-failed-1.png
    ────────────────────────────────────────────────────────────────────────────────────────────────

    attachment #2: video (video/webm) ──────────────────────────────────────────────────────────────
    ..\test-results\search-enhanced-Enhanced-S-e1be5-search-from-different-pages-mobile\video.webm
    ────────────────────────────────────────────────────────────────────────────────────────────────
]]>
</failure>
<system-out>
<![CDATA[
[[ATTACHMENT|test-results\search-enhanced-Enhanced-S-e1be5-search-from-different-pages-mobile\test-failed-1.png]]

[[ATTACHMENT|test-results\search-enhanced-Enhanced-S-e1be5-search-from-different-pages-mobile\video.webm]]
]]>
</system-out>
</testcase>
<testcase name="Enhanced Search Functionality › should sort search results" classname="search-enhanced.spec.js" time="2.513">
</testcase>
<testcase name="Enhanced Search Functionality › should filter search results" classname="search-enhanced.spec.js" time="2.523">
</testcase>
<testcase name="Enhanced Search Functionality › should paginate through search results" classname="search-enhanced.spec.js" time="2.759">
</testcase>
<testcase name="Enhanced Search Functionality › should search for products in specific categories" classname="search-enhanced.spec.js" time="2.794">
</testcase>
<testcase name="Enhanced Search Functionality › should handle search suggestions/autocomplete" classname="search-enhanced.spec.js" time="1.999">
</testcase>
</testsuite>
<testsuite name="search.spec.js" timestamp="2025-07-15T18:27:52.044Z" hostname="mobile" tests="3" failures="0" skipped="0" time="6.831" errors="0">
<testcase name="Search Functionality › should display search elements" classname="search.spec.js" time="1.971">
</testcase>
<testcase name="Search Functionality › should search with valid term" classname="search.spec.js" time="2.387">
</testcase>
<testcase name="Search Functionality › should handle search with no results" classname="search.spec.js" time="2.473">
</testcase>
</testsuite>
</testsuites>